2025-02-17 10:38:01,873 - __main__ - INFO - Logging system initialized successfully
2025-02-17 10:38:01,873 - __main__ - INFO - Log file created at: D:\DATA\FOR_DL\objectdetection\magang2025\logs\object_detection_20250217_103801.log
2025-02-17 10:38:01,874 - __main__ - INFO - Direktori berhasil dibuat: D:\DATA\FOR_DL\objectdetection\magang2025\captured_photos
2025-02-17 10:38:01,874 - __main__ - INFO - Direktori berhasil dibuat: D:\DATA\FOR_DL\objectdetection\magang2025
2025-02-17 10:38:01,875 - __main__ - INFO - Direktori berhasil dibuat: D:\DATA\FOR_DL\objectdetection\magang2025\reports
2025-02-17 10:38:01,875 - __main__ - INFO - Direktori berhasil dibuat: D:\DATA\FOR_DL\objectdetection\magang2025
2025-02-17 10:38:01,911 - __main__ - INFO - Model berhasil dimuat dari D:\DATA\FOR_DL\objectdetection\magang2025\trained3object_yolov8n.pt
2025-02-17 10:38:05,937 - __main__ - INFO - Video capture berhasil diinisialisasi
2025-02-17 10:38:05,949 - __main__ - INFO - Database SQLite berhasil diinisialisasi
2025-02-17 10:38:07,498 - __main__ - ERROR - Error di detection thread: 'AdvancedObjectDetectionSystem' object has no attribute 'photo_label'
2025-02-17 10:38:07,509 - __main__ - ERROR - Error di detection thread: 'AdvancedObjectDetectionSystem' object has no attribute 'photo_label'
2025-02-17 10:38:07,520 - __main__ - ERROR - Error di detection thread: 'AdvancedObjectDetectionSystem' object has no attribute 'photo_label'
2025-02-17 10:38:07,530 - __main__ - ERROR - Error di detection thread: 'AdvancedObjectDetectionSystem' object has no attribute 'photo_label'
2025-02-17 10:38:07,541 - __main__ - ERROR - Error di detection thread: 'AdvancedObjectDetectionSystem' object has no attribute 'photo_label'
2025-02-17 10:38:07,552 - __main__ - ERROR - Error di detection thread: 'AdvancedObjectDetectionSystem' object has no attribute 'photo_label'
2025-02-17 10:38:07,564 - __main__ - ERROR - Error di detection thread: 'AdvancedObjectDetectionSystem' object has no attribute 'photo_label'
2025-02-17 10:38:07,575 - __main__ - ERROR - Error di detection thread: 'AdvancedObjectDetectionSystem' object has no attribute 'photo_label'
2025-02-17 10:38:07,587 - __main__ - ERROR - Error di detection thread: 'AdvancedObjectDetectionSystem' object has no attribute 'photo_label'
2025-02-17 10:38:07,603 - __main__ - ERROR - Error di detection thread: 'AdvancedObjectDetectionSystem' object has no attribute 'photo_label'
2025-02-17 10:38:07,614 - __main__ - ERROR - Error di detection thread: 'AdvancedObjectDetectionSystem' object has no attribute 'photo_label'
2025-02-17 10:38:07,626 - __main__ - ERROR - Error di detection thread: 'AdvancedObjectDetectionSystem' object has no attribute 'photo_label'
2025-02-17 10:38:07,639 - __main__ - ERROR - Error di detection thread: 'AdvancedObjectDetectionSystem' object has no attribute 'photo_label'
2025-02-17 10:38:07,649 - __main__ - ERROR - Error di detection thread: 'AdvancedObjectDetectionSystem' object has no attribute 'photo_label'
2025-02-17 10:38:07,661 - __main__ - ERROR - Error di detection thread: 'AdvancedObjectDetectionSystem' object has no attribute 'photo_label'
2025-02-17 10:38:07,672 - __main__ - ERROR - Error di detection thread: 'AdvancedObjectDetectionSystem' object has no attribute 'photo_label'
2025-02-17 10:38:07,684 - __main__ - ERROR - Error di detection thread: 'AdvancedObjectDetectionSystem' object has no attribute 'photo_label'
2025-02-17 10:38:07,695 - __main__ - ERROR - Error di detection thread: 'AdvancedObjectDetectionSystem' object has no attribute 'photo_label'
2025-02-17 10:38:07,711 - __main__ - ERROR - Error di detection thread: 'AdvancedObjectDetectionSystem' object has no attribute 'photo_label'
2025-02-17 10:38:07,723 - __main__ - ERROR - Error di detection thread: 'AdvancedObjectDetectionSystem' object has no attribute 'photo_label'
2025-02-17 10:38:07,738 - __main__ - ERROR - Error di detection thread: 'AdvancedObjectDetectionSystem' object has no attribute 'photo_label'
2025-02-17 10:38:07,750 - __main__ - ERROR - Error di detection thread: 'AdvancedObjectDetectionSystem' object has no attribute 'photo_label'
2025-02-17 10:38:07,762 - __main__ - ERROR - Error di detection thread: 'AdvancedObjectDetectionSystem' object has no attribute 'photo_label'
2025-02-17 10:38:07,773 - __main__ - ERROR - Error di detection thread: 'AdvancedObjectDetectionSystem' object has no attribute 'photo_label'
2025-02-17 10:38:07,785 - __main__ - ERROR - Error di detection thread: 'AdvancedObjectDetectionSystem' object has no attribute 'photo_label'
2025-02-17 10:38:07,798 - __main__ - ERROR - Error di detection thread: 'AdvancedObjectDetectionSystem' object has no attribute 'photo_label'
2025-02-17 10:38:07,809 - __main__ - ERROR - Error di detection thread: 'AdvancedObjectDetectionSystem' object has no attribute 'photo_label'
2025-02-17 10:38:07,824 - __main__ - ERROR - Error di detection thread: 'AdvancedObjectDetectionSystem' object has no attribute 'photo_label'
2025-02-17 10:38:07,836 - __main__ - ERROR - Error di detection thread: 'AdvancedObjectDetectionSystem' object has no attribute 'photo_label'
2025-02-17 10:38:07,848 - __main__ - ERROR - Error di detection thread: 'AdvancedObjectDetectionSystem' object has no attribute 'photo_label'
2025-02-17 10:38:07,864 - __main__ - ERROR - Error di detection thread: 'AdvancedObjectDetectionSystem' object has no attribute 'photo_label'
2025-02-17 10:38:07,880 - __main__ - ERROR - Error di detection thread: 'AdvancedObjectDetectionSystem' object has no attribute 'photo_label'
2025-02-17 10:38:07,892 - __main__ - ERROR - Error di detection thread: 'AdvancedObjectDetectionSystem' object has no attribute 'photo_label'
2025-02-17 10:38:07,904 - __main__ - ERROR - Error di detection thread: 'AdvancedObjectDetectionSystem' object has no attribute 'photo_label'
2025-02-17 10:38:07,915 - __main__ - ERROR - Error di detection thread: 'AdvancedObjectDetectionSystem' object has no attribute 'photo_label'
2025-02-17 10:38:07,927 - __main__ - ERROR - Error di detection thread: 'AdvancedObjectDetectionSystem' object has no attribute 'photo_label'
2025-02-17 10:38:07,938 - __main__ - ERROR - Error di detection thread: 'AdvancedObjectDetectionSystem' object has no attribute 'photo_label'
2025-02-17 10:38:07,949 - __main__ - ERROR - Error di detection thread: 'AdvancedObjectDetectionSystem' object has no attribute 'photo_label'
2025-02-17 10:38:07,960 - __main__ - ERROR - Error di detection thread: 'AdvancedObjectDetectionSystem' object has no attribute 'photo_label'
2025-02-17 10:38:07,971 - __main__ - ERROR - Error di detection thread: 'AdvancedObjectDetectionSystem' object has no attribute 'photo_label'
2025-02-17 10:38:07,982 - __main__ - ERROR - Error di detection thread: 'AdvancedObjectDetectionSystem' object has no attribute 'photo_label'
2025-02-17 10:38:07,995 - __main__ - ERROR - Error di detection thread: 'AdvancedObjectDetectionSystem' object has no attribute 'photo_label'
2025-02-17 10:38:08,007 - __main__ - ERROR - Error di detection thread: 'AdvancedObjectDetectionSystem' object has no attribute 'photo_label'
2025-02-17 10:38:08,018 - __main__ - ERROR - Error di detection thread: 'AdvancedObjectDetectionSystem' object has no attribute 'photo_label'
2025-02-17 10:38:08,029 - __main__ - ERROR - Error di detection thread: 'AdvancedObjectDetectionSystem' object has no attribute 'photo_label'
2025-02-17 10:38:08,040 - __main__ - ERROR - Error di detection thread: 'AdvancedObjectDetectionSystem' object has no attribute 'photo_label'
2025-02-17 10:38:08,051 - __main__ - ERROR - Error di detection thread: 'AdvancedObjectDetectionSystem' object has no attribute 'photo_label'
2025-02-17 10:38:08,064 - __main__ - ERROR - Error di detection thread: 'AdvancedObjectDetectionSystem' object has no attribute 'photo_label'
2025-02-17 10:38:08,075 - __main__ - ERROR - Error di detection thread: 'AdvancedObjectDetectionSystem' object has no attribute 'photo_label'
2025-02-17 10:38:08,087 - __main__ - ERROR - Error di detection thread: 'AdvancedObjectDetectionSystem' object has no attribute 'photo_label'
2025-02-17 10:38:08,098 - __main__ - ERROR - Error di detection thread: 'AdvancedObjectDetectionSystem' object has no attribute 'photo_label'
2025-02-17 10:38:08,109 - __main__ - ERROR - Error di detection thread: 'AdvancedObjectDetectionSystem' object has no attribute 'photo_label'
2025-02-17 10:38:08,123 - __main__ - ERROR - Error di detection thread: 'AdvancedObjectDetectionSystem' object has no attribute 'photo_label'
2025-02-17 10:38:08,135 - __main__ - ERROR - Error di detection thread: 'AdvancedObjectDetectionSystem' object has no attribute 'photo_label'
2025-02-17 10:38:08,147 - __main__ - ERROR - Error di detection thread: 'AdvancedObjectDetectionSystem' object has no attribute 'photo_label'
2025-02-17 10:38:08,158 - __main__ - ERROR - Error di detection thread: 'AdvancedObjectDetectionSystem' object has no attribute 'photo_label'
2025-02-17 10:38:08,169 - __main__ - ERROR - Error di detection thread: 'AdvancedObjectDetectionSystem' object has no attribute 'photo_label'
2025-02-17 10:38:08,181 - __main__ - ERROR - Error di detection thread: 'AdvancedObjectDetectionSystem' object has no attribute 'photo_label'
2025-02-17 10:38:08,192 - __main__ - ERROR - Error di detection thread: 'AdvancedObjectDetectionSystem' object has no attribute 'photo_label'
2025-02-17 10:38:08,214 - __main__ - ERROR - Error di detection thread: 'AdvancedObjectDetectionSystem' object has no attribute 'photo_label'
2025-02-17 10:38:08,241 - __main__ - ERROR - Error di detection thread: 'AdvancedObjectDetectionSystem' object has no attribute 'photo_label'
2025-02-17 10:38:08,273 - __main__ - ERROR - Error di detection thread: 'AdvancedObjectDetectionSystem' object has no attribute 'photo_label'
2025-02-17 10:38:08,308 - __main__ - ERROR - Error di detection thread: 'AdvancedObjectDetectionSystem' object has no attribute 'photo_label'
2025-02-17 10:38:08,339 - __main__ - ERROR - Error di detection thread: 'AdvancedObjectDetectionSystem' object has no attribute 'photo_label'
2025-02-17 10:38:08,369 - __main__ - ERROR - Error di detection thread: 'AdvancedObjectDetectionSystem' object has no attribute 'photo_label'
2025-02-17 10:38:08,402 - __main__ - ERROR - Error di detection thread: 'AdvancedObjectDetectionSystem' object has no attribute 'photo_label'
2025-02-17 10:38:08,434 - __main__ - ERROR - Error di detection thread: 'AdvancedObjectDetectionSystem' object has no attribute 'photo_label'
2025-02-17 10:38:08,481 - __main__ - ERROR - Error di detection thread: 'AdvancedObjectDetectionSystem' object has no attribute 'photo_label'
2025-02-17 10:38:08,512 - __main__ - ERROR - Error di detection thread: 'AdvancedObjectDetectionSystem' object has no attribute 'photo_label'
2025-02-17 10:38:08,545 - __main__ - ERROR - Error di detection thread: 'AdvancedObjectDetectionSystem' object has no attribute 'photo_label'
2025-02-17 10:38:08,576 - __main__ - ERROR - Error di detection thread: 'AdvancedObjectDetectionSystem' object has no attribute 'photo_label'
2025-02-17 10:38:08,608 - __main__ - ERROR - Error di detection thread: 'AdvancedObjectDetectionSystem' object has no attribute 'photo_label'
2025-02-17 10:38:08,644 - __main__ - ERROR - Error di detection thread: 'AdvancedObjectDetectionSystem' object has no attribute 'photo_label'
2025-02-17 10:38:08,672 - __main__ - ERROR - Error di detection thread: 'AdvancedObjectDetectionSystem' object has no attribute 'photo_label'
2025-02-17 10:38:08,708 - __main__ - ERROR - Error di detection thread: 'AdvancedObjectDetectionSystem' object has no attribute 'photo_label'
2025-02-17 10:38:08,736 - __main__ - ERROR - Error di detection thread: 'AdvancedObjectDetectionSystem' object has no attribute 'photo_label'
2025-02-17 10:38:08,769 - __main__ - ERROR - Error di detection thread: 'AdvancedObjectDetectionSystem' object has no attribute 'photo_label'
2025-02-17 10:38:08,800 - __main__ - ERROR - Error di detection thread: 'AdvancedObjectDetectionSystem' object has no attribute 'photo_label'
2025-02-17 10:38:08,837 - __main__ - ERROR - Error di detection thread: 'AdvancedObjectDetectionSystem' object has no attribute 'photo_label'
2025-02-17 10:38:08,882 - __main__ - ERROR - Error di detection thread: 'AdvancedObjectDetectionSystem' object has no attribute 'photo_label'
2025-02-17 10:38:08,912 - __main__ - ERROR - Error di detection thread: 'AdvancedObjectDetectionSystem' object has no attribute 'photo_label'
2025-02-17 10:38:08,948 - __main__ - ERROR - Error di detection thread: 'AdvancedObjectDetectionSystem' object has no attribute 'photo_label'
2025-02-17 10:38:08,976 - __main__ - ERROR - Error di detection thread: 'AdvancedObjectDetectionSystem' object has no attribute 'photo_label'
2025-02-17 10:38:09,011 - __main__ - ERROR - Error di detection thread: 'AdvancedObjectDetectionSystem' object has no attribute 'photo_label'
2025-02-17 10:38:09,043 - __main__ - ERROR - Error di detection thread: 'AdvancedObjectDetectionSystem' object has no attribute 'photo_label'
2025-02-17 10:38:09,072 - __main__ - ERROR - Error di detection thread: 'AdvancedObjectDetectionSystem' object has no attribute 'photo_label'
2025-02-17 10:38:09,105 - __main__ - ERROR - Error di detection thread: 'AdvancedObjectDetectionSystem' object has no attribute 'photo_label'
2025-02-17 10:38:09,136 - __main__ - ERROR - Error di detection thread: 'AdvancedObjectDetectionSystem' object has no attribute 'photo_label'
2025-02-17 10:38:09,169 - __main__ - ERROR - Error di detection thread: 'AdvancedObjectDetectionSystem' object has no attribute 'photo_label'
2025-02-17 10:38:09,200 - __main__ - ERROR - Error di detection thread: 'AdvancedObjectDetectionSystem' object has no attribute 'photo_label'
2025-02-17 10:38:09,233 - __main__ - ERROR - Error di detection thread: 'AdvancedObjectDetectionSystem' object has no attribute 'photo_label'
2025-02-17 10:38:09,282 - __main__ - ERROR - Error di detection thread: 'AdvancedObjectDetectionSystem' object has no attribute 'photo_label'
2025-02-17 10:38:09,312 - __main__ - ERROR - Error di detection thread: 'AdvancedObjectDetectionSystem' object has no attribute 'photo_label'
2025-02-17 10:38:09,347 - __main__ - ERROR - Error di detection thread: 'AdvancedObjectDetectionSystem' object has no attribute 'photo_label'
2025-02-17 10:38:09,379 - __main__ - ERROR - Error di detection thread: 'AdvancedObjectDetectionSystem' object has no attribute 'photo_label'
2025-02-17 10:38:09,413 - __main__ - ERROR - Error di detection thread: 'AdvancedObjectDetectionSystem' object has no attribute 'photo_label'
2025-02-17 10:38:09,441 - __main__ - ERROR - Error di detection thread: 'AdvancedObjectDetectionSystem' object has no attribute 'photo_label'
2025-02-17 10:38:09,474 - __main__ - ERROR - Error di detection thread: 'AdvancedObjectDetectionSystem' object has no attribute 'photo_label'
2025-02-17 10:38:09,507 - __main__ - ERROR - Error di detection thread: 'AdvancedObjectDetectionSystem' object has no attribute 'photo_label'
2025-02-17 10:38:09,536 - __main__ - ERROR - Error di detection thread: 'AdvancedObjectDetectionSystem' object has no attribute 'photo_label'
2025-02-17 10:38:09,572 - __main__ - ERROR - Error di detection thread: 'AdvancedObjectDetectionSystem' object has no attribute 'photo_label'
2025-02-17 10:38:09,600 - __main__ - ERROR - Error di detection thread: 'AdvancedObjectDetectionSystem' object has no attribute 'photo_label'
2025-02-17 10:38:09,632 - __main__ - ERROR - Error di detection thread: 'AdvancedObjectDetectionSystem' object has no attribute 'photo_label'
2025-02-17 10:38:09,685 - __main__ - ERROR - Error di detection thread: 'AdvancedObjectDetectionSystem' object has no attribute 'photo_label'
2025-02-17 10:38:09,711 - __main__ - ERROR - Error di detection thread: 'AdvancedObjectDetectionSystem' object has no attribute 'photo_label'
2025-02-17 10:38:09,746 - __main__ - ERROR - Error di detection thread: 'AdvancedObjectDetectionSystem' object has no attribute 'photo_label'
2025-02-17 10:38:09,776 - __main__ - ERROR - Error di detection thread: 'AdvancedObjectDetectionSystem' object has no attribute 'photo_label'
2025-02-17 10:38:09,809 - __main__ - ERROR - Error di detection thread: 'AdvancedObjectDetectionSystem' object has no attribute 'photo_label'
2025-02-17 10:38:09,841 - __main__ - ERROR - Error di detection thread: 'AdvancedObjectDetectionSystem' object has no attribute 'photo_label'
2025-02-17 10:38:09,872 - __main__ - ERROR - Error di detection thread: 'AdvancedObjectDetectionSystem' object has no attribute 'photo_label'
2025-02-17 10:38:09,908 - __main__ - ERROR - Error di detection thread: 'AdvancedObjectDetectionSystem' object has no attribute 'photo_label'
2025-02-17 10:38:09,935 - __main__ - ERROR - Error di detection thread: 'AdvancedObjectDetectionSystem' object has no attribute 'photo_label'
2025-02-17 10:38:09,968 - __main__ - ERROR - Error di detection thread: 'AdvancedObjectDetectionSystem' object has no attribute 'photo_label'
2025-02-17 10:38:10,001 - __main__ - ERROR - Error di detection thread: 'AdvancedObjectDetectionSystem' object has no attribute 'photo_label'
2025-02-17 10:38:10,032 - __main__ - ERROR - Error di detection thread: 'AdvancedObjectDetectionSystem' object has no attribute 'photo_label'
2025-02-17 10:38:10,084 - __main__ - ERROR - Error di detection thread: 'AdvancedObjectDetectionSystem' object has no attribute 'photo_label'
2025-02-17 10:38:10,112 - __main__ - ERROR - Error di detection thread: 'AdvancedObjectDetectionSystem' object has no attribute 'photo_label'
2025-02-17 10:38:10,147 - __main__ - ERROR - Error di detection thread: 'AdvancedObjectDetectionSystem' object has no attribute 'photo_label'
2025-02-17 10:38:10,181 - __main__ - ERROR - Error di detection thread: 'AdvancedObjectDetectionSystem' object has no attribute 'photo_label'
2025-02-17 10:38:10,211 - __main__ - ERROR - Error di detection thread: 'AdvancedObjectDetectionSystem' object has no attribute 'photo_label'
2025-02-17 10:38:10,248 - __main__ - ERROR - Error di detection thread: 'AdvancedObjectDetectionSystem' object has no attribute 'photo_label'
2025-02-17 10:38:10,272 - __main__ - ERROR - Error di detection thread: 'AdvancedObjectDetectionSystem' object has no attribute 'photo_label'
2025-02-17 10:38:10,306 - __main__ - ERROR - Error di detection thread: 'AdvancedObjectDetectionSystem' object has no attribute 'photo_label'
2025-02-17 10:38:10,322 - __main__ - INFO - Data deteksi objek disimpan ke database: Arduino
2025-02-17 10:38:10,325 - __main__ - INFO - Data deteksi objek disimpan ke database: Camera
2025-02-17 10:38:10,328 - __main__ - INFO - Data deteksi objek disimpan ke database: Remote
2025-02-17 10:38:10,328 - __main__ - INFO - Foto disimpan di D:\DATA\FOR_DL\objectdetection\magang2025\captured_photos\photo_20250217_103810.jpg
2025-02-17 10:38:10,338 - __main__ - ERROR - Error di detection thread: 'AdvancedObjectDetectionSystem' object has no attribute 'photo_label'
2025-02-17 10:38:10,368 - __main__ - ERROR - Error di detection thread: 'AdvancedObjectDetectionSystem' object has no attribute 'photo_label'
2025-02-17 10:38:10,404 - __main__ - ERROR - Error di detection thread: 'AdvancedObjectDetectionSystem' object has no attribute 'photo_label'
2025-02-17 10:38:10,432 - __main__ - ERROR - Error di detection thread: 'AdvancedObjectDetectionSystem' object has no attribute 'photo_label'
2025-02-17 10:38:10,480 - __main__ - ERROR - Error di detection thread: 'AdvancedObjectDetectionSystem' object has no attribute 'photo_label'
2025-02-17 10:38:10,513 - __main__ - ERROR - Error di detection thread: 'AdvancedObjectDetectionSystem' object has no attribute 'photo_label'
2025-02-17 10:38:10,545 - __main__ - ERROR - Error di detection thread: 'AdvancedObjectDetectionSystem' object has no attribute 'photo_label'
2025-02-17 10:38:10,576 - __main__ - ERROR - Error di detection thread: 'AdvancedObjectDetectionSystem' object has no attribute 'photo_label'
2025-02-17 10:38:10,607 - __main__ - ERROR - Error di detection thread: 'AdvancedObjectDetectionSystem' object has no attribute 'photo_label'
2025-02-17 10:38:10,641 - __main__ - ERROR - Error di detection thread: 'AdvancedObjectDetectionSystem' object has no attribute 'photo_label'
2025-02-17 10:38:10,672 - __main__ - ERROR - Error di detection thread: 'AdvancedObjectDetectionSystem' object has no attribute 'photo_label'
2025-02-17 10:38:10,705 - __main__ - ERROR - Error di detection thread: 'AdvancedObjectDetectionSystem' object has no attribute 'photo_label'
2025-02-17 10:38:10,735 - __main__ - ERROR - Error di detection thread: 'AdvancedObjectDetectionSystem' object has no attribute 'photo_label'
2025-02-17 10:38:10,768 - __main__ - ERROR - Error di detection thread: 'AdvancedObjectDetectionSystem' object has no attribute 'photo_label'
2025-02-17 10:38:10,802 - __main__ - ERROR - Error di detection thread: 'AdvancedObjectDetectionSystem' object has no attribute 'photo_label'
2025-02-17 10:38:10,832 - __main__ - ERROR - Error di detection thread: 'AdvancedObjectDetectionSystem' object has no attribute 'photo_label'
2025-02-17 10:38:10,849 - __main__ - INFO - Data deteksi objek disimpan ke database: Arduino
2025-02-17 10:38:10,851 - __main__ - INFO - Data deteksi objek disimpan ke database: Camera
2025-02-17 10:38:10,855 - __main__ - INFO - Data deteksi objek disimpan ke database: Remote
2025-02-17 10:38:10,855 - __main__ - INFO - Foto disimpan di D:\DATA\FOR_DL\objectdetection\magang2025\captured_photos\photo_20250217_103810.jpg
2025-02-17 10:38:10,880 - __main__ - ERROR - Error di detection thread: 'AdvancedObjectDetectionSystem' object has no attribute 'photo_label'
2025-02-17 10:38:10,912 - __main__ - ERROR - Error di detection thread: 'AdvancedObjectDetectionSystem' object has no attribute 'photo_label'
2025-02-17 10:38:10,945 - __main__ - ERROR - Error di detection thread: 'AdvancedObjectDetectionSystem' object has no attribute 'photo_label'
2025-02-17 10:38:10,977 - __main__ - ERROR - Error di detection thread: 'AdvancedObjectDetectionSystem' object has no attribute 'photo_label'
2025-02-17 10:38:11,014 - __main__ - ERROR - Error di detection thread: 'AdvancedObjectDetectionSystem' object has no attribute 'photo_label'
2025-02-17 10:38:11,041 - __main__ - ERROR - Error di detection thread: 'AdvancedObjectDetectionSystem' object has no attribute 'photo_label'
2025-02-17 10:38:11,072 - __main__ - ERROR - Error di detection thread: 'AdvancedObjectDetectionSystem' object has no attribute 'photo_label'
2025-02-17 10:38:11,105 - __main__ - ERROR - Error di detection thread: 'AdvancedObjectDetectionSystem' object has no attribute 'photo_label'
2025-02-17 10:38:11,137 - __main__ - ERROR - Error di detection thread: 'AdvancedObjectDetectionSystem' object has no attribute 'photo_label'
2025-02-17 10:38:11,169 - __main__ - ERROR - Error di detection thread: 'AdvancedObjectDetectionSystem' object has no attribute 'photo_label'
2025-02-17 10:38:11,202 - __main__ - ERROR - Error di detection thread: 'AdvancedObjectDetectionSystem' object has no attribute 'photo_label'
2025-02-17 10:38:11,232 - __main__ - ERROR - Error di detection thread: 'AdvancedObjectDetectionSystem' object has no attribute 'photo_label'
2025-02-17 10:38:11,281 - __main__ - ERROR - Error di detection thread: 'AdvancedObjectDetectionSystem' object has no attribute 'photo_label'
2025-02-17 10:38:11,311 - __main__ - ERROR - Error di detection thread: 'AdvancedObjectDetectionSystem' object has no attribute 'photo_label'
2025-02-17 10:38:11,345 - __main__ - ERROR - Error di detection thread: 'AdvancedObjectDetectionSystem' object has no attribute 'photo_label'
2025-02-17 10:38:11,373 - __main__ - INFO - Data deteksi objek disimpan ke database: Arduino
2025-02-17 10:38:11,379 - __main__ - INFO - Data deteksi objek disimpan ke database: Camera
2025-02-17 10:38:11,382 - __main__ - INFO - Data deteksi objek disimpan ke database: Remote
2025-02-17 10:38:11,382 - __main__ - INFO - Foto disimpan di D:\DATA\FOR_DL\objectdetection\magang2025\captured_photos\photo_20250217_103811.jpg
2025-02-17 10:38:11,388 - __main__ - ERROR - Error di detection thread: 'AdvancedObjectDetectionSystem' object has no attribute 'photo_label'
2025-02-17 10:38:11,409 - __main__ - ERROR - Error di detection thread: 'AdvancedObjectDetectionSystem' object has no attribute 'photo_label'
2025-02-17 10:38:11,445 - __main__ - ERROR - Error di detection thread: 'AdvancedObjectDetectionSystem' object has no attribute 'photo_label'
2025-02-17 10:38:11,472 - __main__ - ERROR - Error di detection thread: 'AdvancedObjectDetectionSystem' object has no attribute 'photo_label'
2025-02-17 10:38:11,505 - __main__ - ERROR - Error di detection thread: 'AdvancedObjectDetectionSystem' object has no attribute 'photo_label'
2025-02-17 10:38:11,539 - __main__ - ERROR - Error di detection thread: 'AdvancedObjectDetectionSystem' object has no attribute 'photo_label'
2025-02-17 10:38:11,569 - __main__ - ERROR - Error di detection thread: 'AdvancedObjectDetectionSystem' object has no attribute 'photo_label'
2025-02-17 10:38:11,603 - __main__ - ERROR - Error di detection thread: 'AdvancedObjectDetectionSystem' object has no attribute 'photo_label'
2025-02-17 10:38:11,634 - __main__ - ERROR - Error di detection thread: 'AdvancedObjectDetectionSystem' object has no attribute 'photo_label'
2025-02-17 10:38:11,681 - __main__ - ERROR - Error di detection thread: 'AdvancedObjectDetectionSystem' object has no attribute 'photo_label'
2025-02-17 10:38:11,712 - __main__ - ERROR - Error di detection thread: 'AdvancedObjectDetectionSystem' object has no attribute 'photo_label'
2025-02-17 10:38:11,747 - __main__ - ERROR - Error di detection thread: 'AdvancedObjectDetectionSystem' object has no attribute 'photo_label'
2025-02-17 10:38:11,777 - __main__ - ERROR - Error di detection thread: 'AdvancedObjectDetectionSystem' object has no attribute 'photo_label'
2025-02-17 10:38:11,813 - __main__ - ERROR - Error di detection thread: 'AdvancedObjectDetectionSystem' object has no attribute 'photo_label'
2025-02-17 10:38:11,841 - __main__ - ERROR - Error di detection thread: 'AdvancedObjectDetectionSystem' object has no attribute 'photo_label'
2025-02-17 10:38:11,872 - __main__ - ERROR - Error di detection thread: 'AdvancedObjectDetectionSystem' object has no attribute 'photo_label'
2025-02-17 10:38:11,905 - __main__ - ERROR - Error di detection thread: 'AdvancedObjectDetectionSystem' object has no attribute 'photo_label'
2025-02-17 10:38:11,935 - __main__ - ERROR - Error di detection thread: 'AdvancedObjectDetectionSystem' object has no attribute 'photo_label'
2025-02-17 10:38:11,968 - __main__ - ERROR - Error di detection thread: 'AdvancedObjectDetectionSystem' object has no attribute 'photo_label'
2025-02-17 10:38:12,000 - __main__ - ERROR - Error di detection thread: 'AdvancedObjectDetectionSystem' object has no attribute 'photo_label'
2025-02-17 10:38:12,033 - __main__ - ERROR - Error di detection thread: 'AdvancedObjectDetectionSystem' object has no attribute 'photo_label'
2025-02-17 10:38:12,081 - __main__ - ERROR - Error di detection thread: 'AdvancedObjectDetectionSystem' object has no attribute 'photo_label'
2025-02-17 10:38:12,112 - __main__ - ERROR - Error di detection thread: 'AdvancedObjectDetectionSystem' object has no attribute 'photo_label'
2025-02-17 10:38:12,146 - __main__ - ERROR - Error di detection thread: 'AdvancedObjectDetectionSystem' object has no attribute 'photo_label'
2025-02-17 10:38:12,176 - __main__ - ERROR - Error di detection thread: 'AdvancedObjectDetectionSystem' object has no attribute 'photo_label'
2025-02-17 10:38:12,208 - __main__ - ERROR - Error di detection thread: 'AdvancedObjectDetectionSystem' object has no attribute 'photo_label'
2025-02-17 10:38:12,241 - __main__ - ERROR - Error di detection thread: 'AdvancedObjectDetectionSystem' object has no attribute 'photo_label'
2025-02-17 10:38:12,272 - __main__ - ERROR - Error di detection thread: 'AdvancedObjectDetectionSystem' object has no attribute 'photo_label'
2025-02-17 10:38:12,305 - __main__ - ERROR - Error di detection thread: 'AdvancedObjectDetectionSystem' object has no attribute 'photo_label'
2025-02-17 10:38:12,343 - __main__ - ERROR - Error di detection thread: 'AdvancedObjectDetectionSystem' object has no attribute 'photo_label'
2025-02-17 10:38:12,370 - __main__ - ERROR - Error di detection thread: 'AdvancedObjectDetectionSystem' object has no attribute 'photo_label'
2025-02-17 10:38:12,402 - __main__ - ERROR - Error di detection thread: 'AdvancedObjectDetectionSystem' object has no attribute 'photo_label'
2025-02-17 10:38:12,431 - __main__ - ERROR - Error di detection thread: 'AdvancedObjectDetectionSystem' object has no attribute 'photo_label'
2025-02-17 10:38:12,482 - __main__ - ERROR - Error di detection thread: 'AdvancedObjectDetectionSystem' object has no attribute 'photo_label'
2025-02-17 10:38:12,513 - __main__ - ERROR - Error di detection thread: 'AdvancedObjectDetectionSystem' object has no attribute 'photo_label'
2025-02-17 10:38:12,546 - __main__ - ERROR - Error di detection thread: 'AdvancedObjectDetectionSystem' object has no attribute 'photo_label'
2025-02-17 10:38:12,577 - __main__ - ERROR - Error di detection thread: 'AdvancedObjectDetectionSystem' object has no attribute 'photo_label'
2025-02-17 10:38:12,618 - __main__ - ERROR - Error di detection thread: 'AdvancedObjectDetectionSystem' object has no attribute 'photo_label'
2025-02-17 10:38:12,642 - __main__ - ERROR - Error di detection thread: 'AdvancedObjectDetectionSystem' object has no attribute 'photo_label'
2025-02-17 10:38:12,672 - __main__ - ERROR - Error di detection thread: 'AdvancedObjectDetectionSystem' object has no attribute 'photo_label'
2025-02-17 10:38:12,709 - __main__ - ERROR - Error di detection thread: 'AdvancedObjectDetectionSystem' object has no attribute 'photo_label'
2025-02-17 10:38:12,737 - __main__ - ERROR - Error di detection thread: 'AdvancedObjectDetectionSystem' object has no attribute 'photo_label'
2025-02-17 10:38:12,769 - __main__ - ERROR - Error di detection thread: 'AdvancedObjectDetectionSystem' object has no attribute 'photo_label'
2025-02-17 10:38:12,802 - __main__ - ERROR - Error di detection thread: 'AdvancedObjectDetectionSystem' object has no attribute 'photo_label'
2025-02-17 10:38:12,832 - __main__ - ERROR - Error di detection thread: 'AdvancedObjectDetectionSystem' object has no attribute 'photo_label'
2025-02-17 10:38:12,881 - __main__ - ERROR - Error di detection thread: 'AdvancedObjectDetectionSystem' object has no attribute 'photo_label'
2025-02-17 10:38:12,913 - __main__ - ERROR - Error di detection thread: 'AdvancedObjectDetectionSystem' object has no attribute 'photo_label'
2025-02-17 10:38:12,946 - __main__ - ERROR - Error di detection thread: 'AdvancedObjectDetectionSystem' object has no attribute 'photo_label'
2025-02-17 10:38:12,980 - __main__ - ERROR - Error di detection thread: 'AdvancedObjectDetectionSystem' object has no attribute 'photo_label'
2025-02-17 10:38:13,010 - __main__ - ERROR - Error di detection thread: 'AdvancedObjectDetectionSystem' object has no attribute 'photo_label'
2025-02-17 10:38:13,042 - __main__ - ERROR - Error di detection thread: 'AdvancedObjectDetectionSystem' object has no attribute 'photo_label'
2025-02-17 10:38:13,073 - __main__ - ERROR - Error di detection thread: 'AdvancedObjectDetectionSystem' object has no attribute 'photo_label'
2025-02-17 10:38:13,105 - __main__ - ERROR - Error di detection thread: 'AdvancedObjectDetectionSystem' object has no attribute 'photo_label'
2025-02-17 10:38:13,137 - __main__ - ERROR - Error di detection thread: 'AdvancedObjectDetectionSystem' object has no attribute 'photo_label'
2025-02-17 10:38:13,170 - __main__ - ERROR - Error di detection thread: 'AdvancedObjectDetectionSystem' object has no attribute 'photo_label'
2025-02-17 10:38:13,203 - __main__ - ERROR - Error di detection thread: 'AdvancedObjectDetectionSystem' object has no attribute 'photo_label'
2025-02-17 10:38:13,233 - __main__ - ERROR - Error di detection thread: 'AdvancedObjectDetectionSystem' object has no attribute 'photo_label'
2025-02-17 10:38:13,282 - __main__ - ERROR - Error di detection thread: 'AdvancedObjectDetectionSystem' object has no attribute 'photo_label'
2025-02-17 10:38:13,316 - __main__ - ERROR - Error di detection thread: 'AdvancedObjectDetectionSystem' object has no attribute 'photo_label'
2025-02-17 10:38:13,348 - __main__ - ERROR - Error di detection thread: 'AdvancedObjectDetectionSystem' object has no attribute 'photo_label'
2025-02-17 10:38:13,383 - __main__ - ERROR - Error di detection thread: 'AdvancedObjectDetectionSystem' object has no attribute 'photo_label'
2025-02-17 10:38:13,413 - __main__ - ERROR - Error di detection thread: 'AdvancedObjectDetectionSystem' object has no attribute 'photo_label'
2025-02-17 10:38:13,445 - __main__ - ERROR - Error di detection thread: 'AdvancedObjectDetectionSystem' object has no attribute 'photo_label'
2025-02-17 10:38:13,474 - __main__ - ERROR - Error di detection thread: 'AdvancedObjectDetectionSystem' object has no attribute 'photo_label'
2025-02-17 10:38:13,508 - __main__ - ERROR - Error di detection thread: 'AdvancedObjectDetectionSystem' object has no attribute 'photo_label'
2025-02-17 10:38:13,542 - __main__ - ERROR - Error di detection thread: 'AdvancedObjectDetectionSystem' object has no attribute 'photo_label'
2025-02-17 10:38:13,572 - __main__ - ERROR - Error di detection thread: 'AdvancedObjectDetectionSystem' object has no attribute 'photo_label'
2025-02-17 10:38:13,602 - __main__ - ERROR - Error di detection thread: 'AdvancedObjectDetectionSystem' object has no attribute 'photo_label'
2025-02-17 10:38:13,633 - __main__ - ERROR - Error di detection thread: 'AdvancedObjectDetectionSystem' object has no attribute 'photo_label'
2025-02-17 10:38:13,685 - __main__ - ERROR - Error di detection thread: 'AdvancedObjectDetectionSystem' object has no attribute 'photo_label'
2025-02-17 10:38:13,714 - __main__ - ERROR - Error di detection thread: 'AdvancedObjectDetectionSystem' object has no attribute 'photo_label'
2025-02-17 10:38:13,748 - __main__ - ERROR - Error di detection thread: 'AdvancedObjectDetectionSystem' object has no attribute 'photo_label'
2025-02-17 10:38:13,778 - __main__ - ERROR - Error di detection thread: 'AdvancedObjectDetectionSystem' object has no attribute 'photo_label'
2025-02-17 10:38:13,815 - __main__ - ERROR - Error di detection thread: 'AdvancedObjectDetectionSystem' object has no attribute 'photo_label'
2025-02-17 10:38:13,843 - __main__ - ERROR - Error di detection thread: 'AdvancedObjectDetectionSystem' object has no attribute 'photo_label'
2025-02-17 10:38:13,874 - __main__ - ERROR - Error di detection thread: 'AdvancedObjectDetectionSystem' object has no attribute 'photo_label'
2025-02-17 10:38:13,908 - __main__ - ERROR - Error di detection thread: 'AdvancedObjectDetectionSystem' object has no attribute 'photo_label'
2025-02-17 10:38:13,938 - __main__ - ERROR - Error di detection thread: 'AdvancedObjectDetectionSystem' object has no attribute 'photo_label'
2025-02-17 10:38:13,970 - __main__ - ERROR - Error di detection thread: 'AdvancedObjectDetectionSystem' object has no attribute 'photo_label'
2025-02-17 10:38:14,005 - __main__ - ERROR - Error di detection thread: 'AdvancedObjectDetectionSystem' object has no attribute 'photo_label'
2025-02-17 10:38:14,035 - __main__ - ERROR - Error di detection thread: 'AdvancedObjectDetectionSystem' object has no attribute 'photo_label'
2025-02-17 10:38:14,085 - __main__ - ERROR - Error di detection thread: 'AdvancedObjectDetectionSystem' object has no attribute 'photo_label'
2025-02-17 10:38:14,114 - __main__ - ERROR - Error di detection thread: 'AdvancedObjectDetectionSystem' object has no attribute 'photo_label'
2025-02-17 10:38:14,149 - __main__ - ERROR - Error di detection thread: 'AdvancedObjectDetectionSystem' object has no attribute 'photo_label'
2025-02-17 10:38:14,180 - __main__ - ERROR - Error di detection thread: 'AdvancedObjectDetectionSystem' object has no attribute 'photo_label'
2025-02-17 10:38:14,212 - __main__ - ERROR - Error di detection thread: 'AdvancedObjectDetectionSystem' object has no attribute 'photo_label'
2025-02-17 10:38:14,246 - __main__ - ERROR - Error di detection thread: 'AdvancedObjectDetectionSystem' object has no attribute 'photo_label'
2025-02-17 10:38:14,274 - __main__ - ERROR - Error di detection thread: 'AdvancedObjectDetectionSystem' object has no attribute 'photo_label'
2025-02-17 10:38:14,307 - __main__ - ERROR - Error di detection thread: 'AdvancedObjectDetectionSystem' object has no attribute 'photo_label'
2025-02-17 10:38:14,340 - __main__ - ERROR - Error di detection thread: 'AdvancedObjectDetectionSystem' object has no attribute 'photo_label'
2025-02-17 10:38:14,371 - __main__ - ERROR - Error di detection thread: 'AdvancedObjectDetectionSystem' object has no attribute 'photo_label'
2025-02-17 10:38:14,405 - __main__ - ERROR - Error di detection thread: 'AdvancedObjectDetectionSystem' object has no attribute 'photo_label'
2025-02-17 10:38:14,435 - __main__ - ERROR - Error di detection thread: 'AdvancedObjectDetectionSystem' object has no attribute 'photo_label'
2025-02-17 10:38:14,485 - __main__ - ERROR - Error di detection thread: 'AdvancedObjectDetectionSystem' object has no attribute 'photo_label'
2025-02-17 10:38:14,514 - __main__ - ERROR - Error di detection thread: 'AdvancedObjectDetectionSystem' object has no attribute 'photo_label'
2025-02-17 10:38:14,548 - __main__ - ERROR - Error di detection thread: 'AdvancedObjectDetectionSystem' object has no attribute 'photo_label'
2025-02-17 10:38:14,580 - __main__ - ERROR - Error di detection thread: 'AdvancedObjectDetectionSystem' object has no attribute 'photo_label'
2025-02-17 10:38:14,612 - __main__ - ERROR - Error di detection thread: 'AdvancedObjectDetectionSystem' object has no attribute 'photo_label'
2025-02-17 10:38:14,646 - __main__ - ERROR - Error di detection thread: 'AdvancedObjectDetectionSystem' object has no attribute 'photo_label'
2025-02-17 10:38:14,675 - __main__ - ERROR - Error di detection thread: 'AdvancedObjectDetectionSystem' object has no attribute 'photo_label'
2025-02-17 10:38:14,710 - __main__ - ERROR - Error di detection thread: 'AdvancedObjectDetectionSystem' object has no attribute 'photo_label'
2025-02-17 10:38:14,740 - __main__ - ERROR - Error di detection thread: 'AdvancedObjectDetectionSystem' object has no attribute 'photo_label'
2025-02-17 10:38:14,772 - __main__ - ERROR - Error di detection thread: 'AdvancedObjectDetectionSystem' object has no attribute 'photo_label'
2025-02-17 10:38:14,808 - __main__ - ERROR - Error di detection thread: 'AdvancedObjectDetectionSystem' object has no attribute 'photo_label'
2025-02-17 10:38:14,835 - __main__ - ERROR - Error di detection thread: 'AdvancedObjectDetectionSystem' object has no attribute 'photo_label'
2025-02-17 10:38:14,885 - __main__ - ERROR - Error di detection thread: 'AdvancedObjectDetectionSystem' object has no attribute 'photo_label'
2025-02-17 10:38:14,915 - __main__ - ERROR - Error di detection thread: 'AdvancedObjectDetectionSystem' object has no attribute 'photo_label'
2025-02-17 10:38:14,950 - __main__ - ERROR - Error di detection thread: 'AdvancedObjectDetectionSystem' object has no attribute 'photo_label'
2025-02-17 10:38:14,982 - __main__ - ERROR - Error di detection thread: 'AdvancedObjectDetectionSystem' object has no attribute 'photo_label'
2025-02-17 10:38:15,012 - __main__ - ERROR - Error di detection thread: 'AdvancedObjectDetectionSystem' object has no attribute 'photo_label'
2025-02-17 10:38:15,046 - __main__ - ERROR - Error di detection thread: 'AdvancedObjectDetectionSystem' object has no attribute 'photo_label'
2025-02-17 10:38:15,076 - __main__ - ERROR - Error di detection thread: 'AdvancedObjectDetectionSystem' object has no attribute 'photo_label'
2025-02-17 10:38:15,110 - __main__ - ERROR - Error di detection thread: 'AdvancedObjectDetectionSystem' object has no attribute 'photo_label'
2025-02-17 10:38:15,141 - __main__ - ERROR - Error di detection thread: 'AdvancedObjectDetectionSystem' object has no attribute 'photo_label'
2025-02-17 10:38:15,173 - __main__ - ERROR - Error di detection thread: 'AdvancedObjectDetectionSystem' object has no attribute 'photo_label'
2025-02-17 10:38:15,206 - __main__ - ERROR - Error di detection thread: 'AdvancedObjectDetectionSystem' object has no attribute 'photo_label'
2025-02-17 10:38:15,236 - __main__ - ERROR - Error di detection thread: 'AdvancedObjectDetectionSystem' object has no attribute 'photo_label'
2025-02-17 10:38:15,286 - __main__ - ERROR - Error di detection thread: 'AdvancedObjectDetectionSystem' object has no attribute 'photo_label'
2025-02-17 10:38:15,319 - __main__ - ERROR - Error di detection thread: 'AdvancedObjectDetectionSystem' object has no attribute 'photo_label'
2025-02-17 10:38:15,351 - __main__ - ERROR - Error di detection thread: 'AdvancedObjectDetectionSystem' object has no attribute 'photo_label'
2025-02-17 10:38:15,383 - __main__ - ERROR - Error di detection thread: 'AdvancedObjectDetectionSystem' object has no attribute 'photo_label'
2025-02-17 10:38:15,413 - __main__ - ERROR - Error di detection thread: 'AdvancedObjectDetectionSystem' object has no attribute 'photo_label'
2025-02-17 10:38:15,447 - __main__ - ERROR - Error di detection thread: 'AdvancedObjectDetectionSystem' object has no attribute 'photo_label'
2025-02-17 10:38:15,476 - __main__ - ERROR - Error di detection thread: 'AdvancedObjectDetectionSystem' object has no attribute 'photo_label'
2025-02-17 10:38:15,510 - __main__ - ERROR - Error di detection thread: 'AdvancedObjectDetectionSystem' object has no attribute 'photo_label'
2025-02-17 10:38:15,541 - __main__ - ERROR - Error di detection thread: 'AdvancedObjectDetectionSystem' object has no attribute 'photo_label'
2025-02-17 10:38:15,573 - __main__ - ERROR - Error di detection thread: 'AdvancedObjectDetectionSystem' object has no attribute 'photo_label'
2025-02-17 10:38:15,607 - __main__ - ERROR - Error di detection thread: 'AdvancedObjectDetectionSystem' object has no attribute 'photo_label'
2025-02-17 10:38:15,636 - __main__ - ERROR - Error di detection thread: 'AdvancedObjectDetectionSystem' object has no attribute 'photo_label'
2025-02-17 10:38:15,688 - __main__ - ERROR - Error di detection thread: 'AdvancedObjectDetectionSystem' object has no attribute 'photo_label'
2025-02-17 10:38:15,717 - __main__ - ERROR - Error di detection thread: 'AdvancedObjectDetectionSystem' object has no attribute 'photo_label'
2025-02-17 10:38:15,751 - __main__ - ERROR - Error di detection thread: 'AdvancedObjectDetectionSystem' object has no attribute 'photo_label'
2025-02-17 10:38:15,900 - __main__ - ERROR - Error di detection thread: 'AdvancedObjectDetectionSystem' object has no attribute 'photo_label'
2025-02-17 10:38:15,916 - __main__ - ERROR - Error di detection thread: 'AdvancedObjectDetectionSystem' object has no attribute 'photo_label'
2025-02-17 10:38:15,933 - __main__ - ERROR - Error di detection thread: 'AdvancedObjectDetectionSystem' object has no attribute 'photo_label'
2025-02-17 10:38:15,953 - __main__ - ERROR - Error di detection thread: 'AdvancedObjectDetectionSystem' object has no attribute 'photo_label'
