2025-02-21 10:55:30,375 - __main__ - INFO - Logging system initialized successfully
2025-02-21 10:55:30,375 - __main__ - INFO - Log file created at: D:\DATA\FOR_DL\objectdetection\magang2025\logs\object_detection_20250221_105530.log
2025-02-21 10:55:30,388 - __main__ - INFO - Direktori berhasil dibuat: D:\DATA\FOR_DL\objectdetection\magang2025\clarinet_captured_photos
2025-02-21 10:55:30,389 - __main__ - INFO - Direktori berhasil dibuat: D:\DATA\FOR_DL\objectdetection\magang2025
2025-02-21 10:55:30,389 - __main__ - INFO - Direktori berhasil dibuat: D:\DATA\FOR_DL\objectdetection\magang2025\reports
2025-02-21 10:55:30,390 - __main__ - INFO - Direktori berhasil dibuat: D:\DATA\FOR_DL\objectdetection\magang2025
2025-02-21 10:55:30,482 - __main__ - INFO - Model berhasil dimuat dari D:\DATA\FOR_DL\objectdetection\magang2025\trainedclarinettes_yolov8n.pt
2025-02-21 10:55:34,460 - __main__ - INFO - Video capture berhasil diinisialisasi
2025-02-21 10:55:43,644 - __main__ - INFO - Data berhasil dicatat di D:\DATA\FOR_DL\objectdetection\magang2025\clarinet_detection_log.csv
2025-02-21 10:55:43,675 - __main__ - INFO - Data berhasil dicatat di D:\DATA\FOR_DL\objectdetection\magang2025\clarinet_detection_log.csv
2025-02-21 10:55:43,707 - __main__ - INFO - Data berhasil dicatat di D:\DATA\FOR_DL\objectdetection\magang2025\clarinet_detection_log.csv
2025-02-21 10:55:43,738 - __main__ - INFO - Data berhasil dicatat di D:\DATA\FOR_DL\objectdetection\magang2025\clarinet_detection_log.csv
2025-02-21 10:55:43,772 - __main__ - INFO - Data berhasil dicatat di D:\DATA\FOR_DL\objectdetection\magang2025\clarinet_detection_log.csv
2025-02-21 10:55:43,803 - __main__ - INFO - Data berhasil dicatat di D:\DATA\FOR_DL\objectdetection\magang2025\clarinet_detection_log.csv
2025-02-21 10:55:43,839 - __main__ - INFO - Data berhasil dicatat di D:\DATA\FOR_DL\objectdetection\magang2025\clarinet_detection_log.csv
2025-02-21 10:55:43,867 - __main__ - INFO - Data berhasil dicatat di D:\DATA\FOR_DL\objectdetection\magang2025\clarinet_detection_log.csv
2025-02-21 10:55:43,900 - __main__ - INFO - Data berhasil dicatat di D:\DATA\FOR_DL\objectdetection\magang2025\clarinet_detection_log.csv
2025-02-21 10:55:43,930 - __main__ - INFO - Data berhasil dicatat di D:\DATA\FOR_DL\objectdetection\magang2025\clarinet_detection_log.csv
2025-02-21 10:55:43,964 - __main__ - INFO - Data berhasil dicatat di D:\DATA\FOR_DL\objectdetection\magang2025\clarinet_detection_log.csv
2025-02-21 10:55:44,016 - __main__ - INFO - Data berhasil dicatat di D:\DATA\FOR_DL\objectdetection\magang2025\clarinet_detection_log.csv
2025-02-21 10:55:44,046 - __main__ - INFO - Data berhasil dicatat di D:\DATA\FOR_DL\objectdetection\magang2025\clarinet_detection_log.csv
2025-02-21 10:55:44,076 - __main__ - INFO - Data berhasil dicatat di D:\DATA\FOR_DL\objectdetection\magang2025\clarinet_detection_log.csv
2025-02-21 10:55:44,111 - __main__ - INFO - Data berhasil dicatat di D:\DATA\FOR_DL\objectdetection\magang2025\clarinet_detection_log.csv
2025-02-21 10:55:44,141 - __main__ - INFO - Data berhasil dicatat di D:\DATA\FOR_DL\objectdetection\magang2025\clarinet_detection_log.csv
2025-02-21 10:55:44,172 - __main__ - INFO - Data berhasil dicatat di D:\DATA\FOR_DL\objectdetection\magang2025\clarinet_detection_log.csv
2025-02-21 10:55:44,207 - __main__ - INFO - Data berhasil dicatat di D:\DATA\FOR_DL\objectdetection\magang2025\clarinet_detection_log.csv
2025-02-21 10:55:44,237 - __main__ - INFO - Data berhasil dicatat di D:\DATA\FOR_DL\objectdetection\magang2025\clarinet_detection_log.csv
2025-02-21 10:55:44,271 - __main__ - INFO - Data berhasil dicatat di D:\DATA\FOR_DL\objectdetection\magang2025\clarinet_detection_log.csv
2025-02-21 10:55:44,301 - __main__ - INFO - Data berhasil dicatat di D:\DATA\FOR_DL\objectdetection\magang2025\clarinet_detection_log.csv
2025-02-21 10:55:44,333 - __main__ - INFO - Data berhasil dicatat di D:\DATA\FOR_DL\objectdetection\magang2025\clarinet_detection_log.csv
2025-02-21 10:55:44,365 - __main__ - INFO - Data berhasil dicatat di D:\DATA\FOR_DL\objectdetection\magang2025\clarinet_detection_log.csv
2025-02-21 10:55:44,415 - __main__ - INFO - Data berhasil dicatat di D:\DATA\FOR_DL\objectdetection\magang2025\clarinet_detection_log.csv
2025-02-21 10:55:44,447 - __main__ - INFO - Data berhasil dicatat di D:\DATA\FOR_DL\objectdetection\magang2025\clarinet_detection_log.csv
2025-02-21 10:55:44,481 - __main__ - INFO - Data berhasil dicatat di D:\DATA\FOR_DL\objectdetection\magang2025\clarinet_detection_log.csv
2025-02-21 10:55:44,512 - __main__ - INFO - Data berhasil dicatat di D:\DATA\FOR_DL\objectdetection\magang2025\clarinet_detection_log.csv
2025-02-21 10:55:44,541 - __main__ - INFO - Data berhasil dicatat di D:\DATA\FOR_DL\objectdetection\magang2025\clarinet_detection_log.csv
2025-02-21 10:55:44,572 - __main__ - INFO - Data berhasil dicatat di D:\DATA\FOR_DL\objectdetection\magang2025\clarinet_detection_log.csv
2025-02-21 10:55:44,606 - __main__ - INFO - Data berhasil dicatat di D:\DATA\FOR_DL\objectdetection\magang2025\clarinet_detection_log.csv
2025-02-21 10:55:44,636 - __main__ - INFO - Data berhasil dicatat di D:\DATA\FOR_DL\objectdetection\magang2025\clarinet_detection_log.csv
2025-02-21 10:55:44,670 - __main__ - INFO - Data berhasil dicatat di D:\DATA\FOR_DL\objectdetection\magang2025\clarinet_detection_log.csv
2025-02-21 10:55:44,700 - __main__ - INFO - Data berhasil dicatat di D:\DATA\FOR_DL\objectdetection\magang2025\clarinet_detection_log.csv
2025-02-21 10:55:44,732 - __main__ - INFO - Data berhasil dicatat di D:\DATA\FOR_DL\objectdetection\magang2025\clarinet_detection_log.csv
2025-02-21 10:55:44,766 - __main__ - INFO - Data berhasil dicatat di D:\DATA\FOR_DL\objectdetection\magang2025\clarinet_detection_log.csv
2025-02-21 10:55:44,815 - __main__ - INFO - Data berhasil dicatat di D:\DATA\FOR_DL\objectdetection\magang2025\clarinet_detection_log.csv
2025-02-21 10:55:44,846 - __main__ - INFO - Data berhasil dicatat di D:\DATA\FOR_DL\objectdetection\magang2025\clarinet_detection_log.csv
2025-02-21 10:55:44,877 - __main__ - INFO - Data berhasil dicatat di D:\DATA\FOR_DL\objectdetection\magang2025\clarinet_detection_log.csv
2025-02-21 10:55:44,910 - __main__ - INFO - Data berhasil dicatat di D:\DATA\FOR_DL\objectdetection\magang2025\clarinet_detection_log.csv
2025-02-21 10:55:44,941 - __main__ - INFO - Data berhasil dicatat di D:\DATA\FOR_DL\objectdetection\magang2025\clarinet_detection_log.csv
2025-02-21 10:55:44,973 - __main__ - INFO - Data berhasil dicatat di D:\DATA\FOR_DL\objectdetection\magang2025\clarinet_detection_log.csv
2025-02-21 10:55:45,010 - __main__ - INFO - Data berhasil dicatat di D:\DATA\FOR_DL\objectdetection\magang2025\clarinet_detection_log.csv
2025-02-21 10:55:45,037 - __main__ - INFO - Data berhasil dicatat di D:\DATA\FOR_DL\objectdetection\magang2025\clarinet_detection_log.csv
2025-02-21 10:55:45,070 - __main__ - INFO - Data berhasil dicatat di D:\DATA\FOR_DL\objectdetection\magang2025\clarinet_detection_log.csv
2025-02-21 10:55:45,090 - __main__ - INFO - Confidence threshold updated to 0.20
2025-02-21 10:55:45,103 - __main__ - INFO - Data berhasil dicatat di D:\DATA\FOR_DL\objectdetection\magang2025\clarinet_detection_log.csv
2025-02-21 10:55:45,133 - __main__ - INFO - Confidence threshold updated to 0.20
2025-02-21 10:55:45,134 - __main__ - INFO - Data berhasil dicatat di D:\DATA\FOR_DL\objectdetection\magang2025\clarinet_detection_log.csv
2025-02-21 10:55:45,161 - __main__ - INFO - Confidence threshold updated to 0.20
2025-02-21 10:55:45,175 - __main__ - INFO - Data berhasil dicatat di D:\DATA\FOR_DL\objectdetection\magang2025\clarinet_detection_log.csv
2025-02-21 10:55:45,180 - __main__ - INFO - Confidence threshold updated to 0.20
2025-02-21 10:55:45,204 - __main__ - INFO - Confidence threshold updated to 0.20
2025-02-21 10:55:45,216 - __main__ - INFO - Data berhasil dicatat di D:\DATA\FOR_DL\objectdetection\magang2025\clarinet_detection_log.csv
2025-02-21 10:55:45,238 - __main__ - INFO - Confidence threshold updated to 0.20
2025-02-21 10:55:45,248 - __main__ - INFO - Data berhasil dicatat di D:\DATA\FOR_DL\objectdetection\magang2025\clarinet_detection_log.csv
2025-02-21 10:55:45,257 - __main__ - INFO - Confidence threshold updated to 0.20
2025-02-21 10:55:45,271 - __main__ - INFO - Confidence threshold updated to 0.20
2025-02-21 10:55:45,279 - __main__ - INFO - Data berhasil dicatat di D:\DATA\FOR_DL\objectdetection\magang2025\clarinet_detection_log.csv
2025-02-21 10:55:45,287 - __main__ - INFO - Confidence threshold updated to 0.20
2025-02-21 10:55:45,303 - __main__ - INFO - Confidence threshold updated to 0.20
2025-02-21 10:55:45,310 - __main__ - INFO - Data berhasil dicatat di D:\DATA\FOR_DL\objectdetection\magang2025\clarinet_detection_log.csv
2025-02-21 10:55:45,312 - __main__ - INFO - Confidence threshold updated to 0.20
2025-02-21 10:55:45,324 - __main__ - INFO - Confidence threshold updated to 0.20
2025-02-21 10:55:45,343 - __main__ - INFO - Data berhasil dicatat di D:\DATA\FOR_DL\objectdetection\magang2025\clarinet_detection_log.csv
2025-02-21 10:55:45,349 - __main__ - INFO - Confidence threshold updated to 0.15
2025-02-21 10:55:45,375 - __main__ - INFO - Data berhasil dicatat di D:\DATA\FOR_DL\objectdetection\magang2025\clarinet_detection_log.csv
2025-02-21 10:55:45,408 - __main__ - INFO - Data berhasil dicatat di D:\DATA\FOR_DL\objectdetection\magang2025\clarinet_detection_log.csv
2025-02-21 10:55:45,438 - __main__ - INFO - Data berhasil dicatat di D:\DATA\FOR_DL\objectdetection\magang2025\clarinet_detection_log.csv
2025-02-21 10:55:45,471 - __main__ - INFO - Data berhasil dicatat di D:\DATA\FOR_DL\objectdetection\magang2025\clarinet_detection_log.csv
2025-02-21 10:55:45,503 - __main__ - INFO - Data berhasil dicatat di D:\DATA\FOR_DL\objectdetection\magang2025\clarinet_detection_log.csv
2025-02-21 10:55:45,536 - __main__ - INFO - Data berhasil dicatat di D:\DATA\FOR_DL\objectdetection\magang2025\clarinet_detection_log.csv
2025-02-21 10:55:45,569 - __main__ - INFO - Data berhasil dicatat di D:\DATA\FOR_DL\objectdetection\magang2025\clarinet_detection_log.csv
2025-02-21 10:55:45,614 - __main__ - INFO - Data berhasil dicatat di D:\DATA\FOR_DL\objectdetection\magang2025\clarinet_detection_log.csv
2025-02-21 10:55:45,649 - __main__ - INFO - Data berhasil dicatat di D:\DATA\FOR_DL\objectdetection\magang2025\clarinet_detection_log.csv
2025-02-21 10:55:45,678 - __main__ - INFO - Data berhasil dicatat di D:\DATA\FOR_DL\objectdetection\magang2025\clarinet_detection_log.csv
2025-02-21 10:55:45,711 - __main__ - INFO - Data berhasil dicatat di D:\DATA\FOR_DL\objectdetection\magang2025\clarinet_detection_log.csv
2025-02-21 10:55:45,743 - __main__ - INFO - Data berhasil dicatat di D:\DATA\FOR_DL\objectdetection\magang2025\clarinet_detection_log.csv
2025-02-21 10:55:45,774 - __main__ - INFO - Data berhasil dicatat di D:\DATA\FOR_DL\objectdetection\magang2025\clarinet_detection_log.csv
2025-02-21 10:55:45,809 - __main__ - INFO - Data berhasil dicatat di D:\DATA\FOR_DL\objectdetection\magang2025\clarinet_detection_log.csv
2025-02-21 10:55:45,838 - __main__ - INFO - Data berhasil dicatat di D:\DATA\FOR_DL\objectdetection\magang2025\clarinet_detection_log.csv
2025-02-21 10:55:47,930 - __main__ - INFO - Confidence threshold updated to 0.20
2025-02-21 10:55:48,009 - __main__ - INFO - Confidence threshold updated to 0.20
2025-02-21 10:55:48,031 - __main__ - INFO - Confidence threshold updated to 0.20
2025-02-21 10:55:48,039 - __main__ - INFO - Confidence threshold updated to 0.20
2025-02-21 10:55:48,046 - __main__ - INFO - Confidence threshold updated to 0.20
2025-02-21 10:55:48,055 - __main__ - INFO - Confidence threshold updated to 0.20
2025-02-21 10:55:48,077 - __main__ - INFO - Confidence threshold updated to 0.20
2025-02-21 10:55:48,086 - __main__ - INFO - Confidence threshold updated to 0.20
2025-02-21 10:55:48,093 - __main__ - INFO - Confidence threshold updated to 0.20
2025-02-21 10:55:48,105 - __main__ - INFO - Confidence threshold updated to 0.20
2025-02-21 10:55:48,114 - __main__ - INFO - Confidence threshold updated to 0.20
2025-02-21 10:55:48,127 - __main__ - INFO - Confidence threshold updated to 0.20
2025-02-21 10:55:48,136 - __main__ - INFO - Confidence threshold updated to 0.20
2025-02-21 10:55:48,483 - __main__ - INFO - Confidence threshold updated to 0.20
2025-02-21 10:55:48,523 - __main__ - INFO - Confidence threshold updated to 0.20
2025-02-21 10:55:48,539 - __main__ - INFO - Confidence threshold updated to 0.20
2025-02-21 10:55:48,547 - __main__ - INFO - Confidence threshold updated to 0.25
2025-02-21 10:55:48,569 - __main__ - INFO - Confidence threshold updated to 0.25
2025-02-21 10:55:48,578 - __main__ - INFO - Confidence threshold updated to 0.25
2025-02-21 10:55:48,585 - __main__ - INFO - Confidence threshold updated to 0.25
2025-02-21 10:55:48,605 - __main__ - INFO - Confidence threshold updated to 0.25
2025-02-21 10:55:48,647 - __main__ - INFO - Confidence threshold updated to 0.25
2025-02-21 10:55:50,594 - __main__ - INFO - Confidence threshold updated to 0.30
2025-02-21 10:55:50,715 - __main__ - INFO - Confidence threshold updated to 0.30
2025-02-21 10:55:50,727 - __main__ - INFO - Confidence threshold updated to 0.30
2025-02-21 10:55:50,737 - __main__ - INFO - Confidence threshold updated to 0.30
2025-02-21 10:55:50,745 - __main__ - INFO - Confidence threshold updated to 0.30
2025-02-21 10:55:50,753 - __main__ - INFO - Confidence threshold updated to 0.30
2025-02-21 10:55:50,761 - __main__ - INFO - Confidence threshold updated to 0.30
2025-02-21 10:55:50,770 - __main__ - INFO - Confidence threshold updated to 0.30
2025-02-21 10:55:50,777 - __main__ - INFO - Confidence threshold updated to 0.35
2025-02-21 10:55:50,787 - __main__ - INFO - Confidence threshold updated to 0.35
2025-02-21 10:55:50,795 - __main__ - INFO - Confidence threshold updated to 0.35
2025-02-21 10:55:50,803 - __main__ - INFO - Confidence threshold updated to 0.35
2025-02-21 10:55:50,827 - __main__ - INFO - Confidence threshold updated to 0.35
2025-02-21 10:55:52,248 - __main__ - INFO - Confidence threshold updated to 0.35
2025-02-21 10:55:52,339 - __main__ - INFO - Confidence threshold updated to 0.35
2025-02-21 10:55:52,347 - __main__ - INFO - Confidence threshold updated to 0.35
2025-02-21 10:55:52,365 - __main__ - INFO - Confidence threshold updated to 0.30
2025-02-21 10:55:52,378 - __main__ - INFO - Confidence threshold updated to 0.30
2025-02-21 10:55:52,385 - __main__ - INFO - Confidence threshold updated to 0.30
2025-02-21 10:55:52,395 - __main__ - INFO - Confidence threshold updated to 0.30
2025-02-21 10:55:52,403 - __main__ - INFO - Confidence threshold updated to 0.30
2025-02-21 10:55:52,411 - __main__ - INFO - Confidence threshold updated to 0.30
2025-02-21 10:55:52,419 - __main__ - INFO - Confidence threshold updated to 0.30
2025-02-21 10:55:52,427 - __main__ - INFO - Confidence threshold updated to 0.30
2025-02-21 10:55:52,437 - __main__ - INFO - Confidence threshold updated to 0.30
2025-02-21 10:55:52,445 - __main__ - INFO - Confidence threshold updated to 0.30
2025-02-21 10:55:52,453 - __main__ - INFO - Confidence threshold updated to 0.25
2025-02-21 10:55:52,470 - __main__ - INFO - Confidence threshold updated to 0.25
2025-02-21 10:55:52,488 - __main__ - INFO - Confidence threshold updated to 0.25
2025-02-21 10:55:52,499 - __main__ - INFO - Confidence threshold updated to 0.25
2025-02-21 10:55:52,511 - __main__ - INFO - Confidence threshold updated to 0.25
2025-02-21 10:55:52,521 - __main__ - INFO - Confidence threshold updated to 0.25
2025-02-21 10:55:52,541 - __main__ - INFO - Confidence threshold updated to 0.25
2025-02-21 10:55:52,554 - __main__ - INFO - Confidence threshold updated to 0.25
2025-02-21 10:55:52,563 - __main__ - INFO - Confidence threshold updated to 0.25
2025-02-21 10:55:52,575 - __main__ - INFO - Confidence threshold updated to 0.20
2025-02-21 10:55:52,588 - __main__ - INFO - Confidence threshold updated to 0.20
2025-02-21 10:55:52,647 - __main__ - INFO - Confidence threshold updated to 0.20
2025-02-21 10:55:52,669 - __main__ - INFO - Confidence threshold updated to 0.20
2025-02-21 10:55:52,685 - __main__ - INFO - Confidence threshold updated to 0.20
2025-02-21 10:55:52,694 - __main__ - INFO - Confidence threshold updated to 0.20
2025-02-21 10:55:53,216 - __main__ - INFO - Confidence threshold updated to 0.20
2025-02-21 10:55:53,357 - __main__ - INFO - Confidence threshold updated to 0.20
2025-02-21 10:55:53,366 - __main__ - INFO - Confidence threshold updated to 0.20
2025-02-21 10:55:53,374 - __main__ - INFO - Confidence threshold updated to 0.20
2025-02-21 10:55:53,381 - __main__ - INFO - Confidence threshold updated to 0.15
2025-02-21 10:55:53,389 - __main__ - INFO - Confidence threshold updated to 0.15
2025-02-21 10:55:53,398 - __main__ - INFO - Confidence threshold updated to 0.15
2025-02-21 10:55:53,408 - __main__ - INFO - Confidence threshold updated to 0.15
2025-02-21 10:55:53,415 - __main__ - INFO - Confidence threshold updated to 0.15
2025-02-21 10:55:53,428 - __main__ - INFO - Confidence threshold updated to 0.15
2025-02-21 10:55:53,446 - __main__ - INFO - Confidence threshold updated to 0.15
2025-02-21 10:55:53,465 - __main__ - INFO - Confidence threshold updated to 0.15
