2025-02-21 08:41:55,457 - __main__ - INFO - Logging system initialized successfully
2025-02-21 08:41:55,457 - __main__ - INFO - Log file created at: D:\DATA\FOR_DL\objectdetection\magang2025\logs\object_detection_20250221_084155.log
2025-02-21 08:41:55,468 - __main__ - INFO - Direktori berhasil dibuat: D:\DATA\FOR_DL\objectdetection\magang2025\clarinet_captured_photos
2025-02-21 08:41:55,469 - __main__ - INFO - Direktori berhasil dibuat: D:\DATA\FOR_DL\objectdetection\magang2025
2025-02-21 08:41:55,469 - __main__ - INFO - Direktori berhasil dibuat: D:\DATA\FOR_DL\objectdetection\magang2025\reports
2025-02-21 08:41:55,470 - __main__ - INFO - Direktori berhasil dibuat: D:\DATA\FOR_DL\objectdetection\magang2025
2025-02-21 08:41:55,575 - __main__ - INFO - Model berhasil dimuat dari D:\DATA\FOR_DL\objectdetection\magang2025\trainedclarinettes_yolov8n.pt
2025-02-21 08:41:59,589 - __main__ - INFO - Video capture berhasil diinisialisasi
2025-02-21 08:42:10,743 - __main__ - INFO - Confidence threshold updated to 0.40
2025-02-21 08:42:11,361 - __main__ - INFO - Confidence threshold updated to 0.35
2025-02-21 08:42:11,797 - __main__ - INFO - Confidence threshold updated to 0.30
2025-02-21 08:42:12,201 - __main__ - INFO - Confidence threshold updated to 0.45
2025-02-21 08:42:12,560 - __main__ - INFO - Confidence threshold updated to 0.55
2025-02-21 08:42:13,001 - __main__ - INFO - Confidence threshold updated to 0.30
2025-02-21 08:42:13,446 - __main__ - INFO - Confidence threshold updated to 0.40
2025-02-21 08:42:13,831 - __main__ - INFO - Confidence threshold updated to 0.50
2025-02-21 08:42:14,234 - __main__ - INFO - Confidence threshold updated to 0.55
2025-02-21 08:42:14,681 - __main__ - INFO - Confidence threshold updated to 0.60
2025-02-21 08:42:14,753 - __main__ - INFO - Confidence threshold updated to 0.60
2025-02-21 08:42:14,760 - __main__ - INFO - Confidence threshold updated to 0.55
