2025-02-17 15:52:56,696 - __main__ - INFO - Logging system initialized successfully
2025-02-17 15:52:56,696 - __main__ - INFO - Log file created at: D:\DATA\FOR_DL\objectdetection\magang2025\logs\object_detection_20250217_155256.log
2025-02-17 15:52:56,697 - __main__ - INFO - Direktori berhasil dibuat: D:\DATA\FOR_DL\objectdetection\magang2025\captured_photos
2025-02-17 15:52:56,698 - __main__ - INFO - Direktori berhasil dibuat: D:\DATA\FOR_DL\objectdetection\magang2025
2025-02-17 15:52:56,698 - __main__ - INFO - Direktori berhasil dibuat: D:\DATA\FOR_DL\objectdetection\magang2025\reports
2025-02-17 15:52:56,698 - __main__ - INFO - Direktori berhasil dibuat: D:\DATA\FOR_DL\objectdetection\magang2025
2025-02-17 15:52:56,699 - __main__ - INFO - File CSV baru dibuat: D:\DATA\FOR_DL\objectdetection\magang2025\detection_log.csv
2025-02-17 15:52:56,789 - __main__ - INFO - Model berhasil dimuat dari D:\DATA\FOR_DL\objectdetection\magang2025\trained3object_yolov8n.pt
2025-02-17 15:53:00,820 - __main__ - INFO - Video capture berhasil diinisialisasi
2025-02-17 15:53:14,260 - __main__ - INFO - Data berhasil dicatat di D:\DATA\FOR_DL\objectdetection\magang2025\detection_log.csv
2025-02-17 15:53:15,718 - __main__ - INFO - Foto berhasil disimpan: D:\DATA\FOR_DL\objectdetection\magang2025\captured_photos\detected_20250217_155314.jpg
2025-02-17 15:53:18,150 - __main__ - INFO - File CSV dibuka: D:\DATA\FOR_DL\objectdetection\magang2025\detection_log.csv
2025-02-17 15:53:21,744 - __main__ - INFO - Data berhasil dicatat di D:\DATA\FOR_DL\objectdetection\magang2025\detection_log.csv
2025-02-17 15:53:22,988 - __main__ - INFO - Foto berhasil disimpan: D:\DATA\FOR_DL\objectdetection\magang2025\captured_photos\detected_20250217_155321.jpg
2025-02-17 15:53:24,024 - __main__ - INFO - Data berhasil dicatat di D:\DATA\FOR_DL\objectdetection\magang2025\detection_log.csv
2025-02-17 15:53:25,143 - __main__ - INFO - Foto berhasil disimpan: D:\DATA\FOR_DL\objectdetection\magang2025\captured_photos\detected_20250217_155324.jpg
2025-02-17 15:53:25,746 - __main__ - INFO - Data berhasil dicatat di D:\DATA\FOR_DL\objectdetection\magang2025\detection_log.csv
2025-02-17 15:53:26,733 - __main__ - INFO - Foto berhasil disimpan: D:\DATA\FOR_DL\objectdetection\magang2025\captured_photos\detected_20250217_155325.jpg
2025-02-17 15:53:28,081 - __main__ - INFO - File CSV dibuka: D:\DATA\FOR_DL\objectdetection\magang2025\detection_log.csv
2025-02-17 15:53:35,971 - __main__ - INFO - Data berhasil dicatat di D:\DATA\FOR_DL\objectdetection\magang2025\detection_log.csv
2025-02-17 15:53:37,185 - __main__ - INFO - Foto berhasil disimpan: D:\DATA\FOR_DL\objectdetection\magang2025\captured_photos\detected_20250217_155335.jpg
2025-02-17 15:53:38,737 - __main__ - INFO - File CSV dibuka: D:\DATA\FOR_DL\objectdetection\magang2025\detection_log.csv
2025-02-17 15:54:01,350 - __main__ - INFO - Data berhasil dicatat di D:\DATA\FOR_DL\objectdetection\magang2025\detection_log.csv
2025-02-17 15:54:02,588 - __main__ - INFO - Foto berhasil disimpan: D:\DATA\FOR_DL\objectdetection\magang2025\captured_photos\detected_20250217_155401.jpg
2025-02-17 15:54:03,987 - __main__ - INFO - File CSV dibuka: D:\DATA\FOR_DL\objectdetection\magang2025\detection_log.csv
2025-02-17 15:54:09,346 - __main__ - WARNING - Objek belum lengkap. Kurang: Arduino
2025-02-17 15:54:11,301 - __main__ - WARNING - Objek belum lengkap. Kurang: Arduino
2025-02-17 15:54:13,338 - __main__ - WARNING - Objek belum lengkap. Kurang: Arduino
2025-02-17 15:58:00,029 - __main__ - INFO - Object tracking enabled
2025-02-17 15:58:00,544 - __main__ - INFO - Object tracking disabled
2025-02-17 15:58:01,455 - __main__ - INFO - Object tracking enabled
2025-02-17 15:58:01,766 - __main__ - INFO - Object tracking disabled
