2025-02-17 13:08:19,110 - __main__ - INFO - Logging system initialized successfully
2025-02-17 13:08:19,111 - __main__ - INFO - Log file created at: D:\DATA\FOR_DL\objectdetection\magang2025\logs\object_detection_20250217_130819.log
2025-02-17 13:08:19,112 - __main__ - INFO - Directory created: D:\DATA\FOR_DL\objectdetection\magang2025\captured_photos
2025-02-17 13:08:19,112 - __main__ - INFO - Directory created: D:\DATA\FOR_DL\objectdetection\magang2025
2025-02-17 13:08:19,113 - __main__ - INFO - Directory created: D:\DATA\FOR_DL\objectdetection\magang2025\reports
2025-02-17 13:08:19,113 - __main__ - INFO - Directory created: D:\DATA\FOR_DL\objectdetection\magang2025
2025-02-17 13:08:19,196 - __main__ - INFO - Model loaded from D:\DATA\FOR_DL\objectdetection\magang2025\trained3object_yolov8n.pt
2025-02-17 13:08:23,212 - __main__ - INFO - Video capture initialized successfully
2025-02-17 13:08:24,749 - __main__ - ERROR - Error in detection thread: 'AdvancedObjectDetectionSystem' object has no attribute 'update_detection_status'
2025-02-17 13:08:24,758 - __main__ - ERROR - Error in detection thread: 'AdvancedObjectDetectionSystem' object has no attribute 'update_detection_status'
2025-02-17 13:08:24,769 - __main__ - ERROR - Error in detection thread: 'AdvancedObjectDetectionSystem' object has no attribute 'update_detection_status'
2025-02-17 13:08:24,777 - __main__ - ERROR - Error in detection thread: 'AdvancedObjectDetectionSystem' object has no attribute 'update_detection_status'
2025-02-17 13:08:24,788 - __main__ - ERROR - Error in detection thread: 'AdvancedObjectDetectionSystem' object has no attribute 'update_detection_status'
2025-02-17 13:08:24,801 - __main__ - ERROR - Error in detection thread: 'AdvancedObjectDetectionSystem' object has no attribute 'update_detection_status'
2025-02-17 13:08:24,810 - __main__ - ERROR - Error in detection thread: 'AdvancedObjectDetectionSystem' object has no attribute 'update_detection_status'
2025-02-17 13:08:24,820 - __main__ - ERROR - Error in detection thread: 'AdvancedObjectDetectionSystem' object has no attribute 'update_detection_status'
2025-02-17 13:08:24,834 - __main__ - ERROR - Error in detection thread: 'AdvancedObjectDetectionSystem' object has no attribute 'update_detection_status'
2025-02-17 13:08:24,843 - __main__ - ERROR - Error in detection thread: 'AdvancedObjectDetectionSystem' object has no attribute 'update_detection_status'
2025-02-17 13:08:24,853 - __main__ - ERROR - Error in detection thread: 'AdvancedObjectDetectionSystem' object has no attribute 'update_detection_status'
2025-02-17 13:08:24,866 - __main__ - ERROR - Error in detection thread: 'AdvancedObjectDetectionSystem' object has no attribute 'update_detection_status'
2025-02-17 13:08:24,875 - __main__ - ERROR - Error in detection thread: 'AdvancedObjectDetectionSystem' object has no attribute 'update_detection_status'
2025-02-17 13:08:24,884 - __main__ - ERROR - Error in detection thread: 'AdvancedObjectDetectionSystem' object has no attribute 'update_detection_status'
2025-02-17 13:08:24,893 - __main__ - ERROR - Error in detection thread: 'AdvancedObjectDetectionSystem' object has no attribute 'update_detection_status'
2025-02-17 13:08:24,901 - __main__ - ERROR - Error in detection thread: 'AdvancedObjectDetectionSystem' object has no attribute 'update_detection_status'
2025-02-17 13:08:24,910 - __main__ - ERROR - Error in detection thread: 'AdvancedObjectDetectionSystem' object has no attribute 'update_detection_status'
2025-02-17 13:08:24,919 - __main__ - ERROR - Error in detection thread: 'AdvancedObjectDetectionSystem' object has no attribute 'update_detection_status'
2025-02-17 13:08:24,929 - __main__ - ERROR - Error in detection thread: 'AdvancedObjectDetectionSystem' object has no attribute 'update_detection_status'
2025-02-17 13:08:24,938 - __main__ - ERROR - Error in detection thread: 'AdvancedObjectDetectionSystem' object has no attribute 'update_detection_status'
2025-02-17 13:08:24,947 - __main__ - ERROR - Error in detection thread: 'AdvancedObjectDetectionSystem' object has no attribute 'update_detection_status'
2025-02-17 13:08:24,957 - __main__ - ERROR - Error in detection thread: 'AdvancedObjectDetectionSystem' object has no attribute 'update_detection_status'
2025-02-17 13:08:24,966 - __main__ - ERROR - Error in detection thread: 'AdvancedObjectDetectionSystem' object has no attribute 'update_detection_status'
2025-02-17 13:08:24,975 - __main__ - ERROR - Error in detection thread: 'AdvancedObjectDetectionSystem' object has no attribute 'update_detection_status'
2025-02-17 13:08:24,984 - __main__ - ERROR - Error in detection thread: 'AdvancedObjectDetectionSystem' object has no attribute 'update_detection_status'
2025-02-17 13:08:24,993 - __main__ - ERROR - Error in detection thread: 'AdvancedObjectDetectionSystem' object has no attribute 'update_detection_status'
2025-02-17 13:08:25,001 - __main__ - ERROR - Error in detection thread: 'AdvancedObjectDetectionSystem' object has no attribute 'update_detection_status'
2025-02-17 13:08:25,011 - __main__ - ERROR - Error in detection thread: 'AdvancedObjectDetectionSystem' object has no attribute 'update_detection_status'
2025-02-17 13:08:25,019 - __main__ - ERROR - Error in detection thread: 'AdvancedObjectDetectionSystem' object has no attribute 'update_detection_status'
2025-02-17 13:08:25,028 - __main__ - ERROR - Error in detection thread: 'AdvancedObjectDetectionSystem' object has no attribute 'update_detection_status'
2025-02-17 13:08:25,036 - __main__ - ERROR - Error in detection thread: 'AdvancedObjectDetectionSystem' object has no attribute 'update_detection_status'
2025-02-17 13:08:25,046 - __main__ - ERROR - Error in detection thread: 'AdvancedObjectDetectionSystem' object has no attribute 'update_detection_status'
2025-02-17 13:08:25,055 - __main__ - ERROR - Error in detection thread: 'AdvancedObjectDetectionSystem' object has no attribute 'update_detection_status'
2025-02-17 13:08:25,064 - __main__ - ERROR - Error in detection thread: 'AdvancedObjectDetectionSystem' object has no attribute 'update_detection_status'
2025-02-17 13:08:25,074 - __main__ - ERROR - Error in detection thread: 'AdvancedObjectDetectionSystem' object has no attribute 'update_detection_status'
2025-02-17 13:08:25,083 - __main__ - ERROR - Error in detection thread: 'AdvancedObjectDetectionSystem' object has no attribute 'update_detection_status'
2025-02-17 13:08:25,093 - __main__ - ERROR - Error in detection thread: 'AdvancedObjectDetectionSystem' object has no attribute 'update_detection_status'
2025-02-17 13:08:25,102 - __main__ - ERROR - Error in detection thread: 'AdvancedObjectDetectionSystem' object has no attribute 'update_detection_status'
2025-02-17 13:08:25,112 - __main__ - ERROR - Error in detection thread: 'AdvancedObjectDetectionSystem' object has no attribute 'update_detection_status'
2025-02-17 13:08:25,121 - __main__ - ERROR - Error in detection thread: 'AdvancedObjectDetectionSystem' object has no attribute 'update_detection_status'
2025-02-17 13:08:25,131 - __main__ - ERROR - Error in detection thread: 'AdvancedObjectDetectionSystem' object has no attribute 'update_detection_status'
2025-02-17 13:08:25,140 - __main__ - ERROR - Error in detection thread: 'AdvancedObjectDetectionSystem' object has no attribute 'update_detection_status'
2025-02-17 13:08:25,150 - __main__ - ERROR - Error in detection thread: 'AdvancedObjectDetectionSystem' object has no attribute 'update_detection_status'
2025-02-17 13:08:25,159 - __main__ - ERROR - Error in detection thread: 'AdvancedObjectDetectionSystem' object has no attribute 'update_detection_status'
2025-02-17 13:08:25,170 - __main__ - ERROR - Error in detection thread: 'AdvancedObjectDetectionSystem' object has no attribute 'update_detection_status'
2025-02-17 13:08:25,179 - __main__ - ERROR - Error in detection thread: 'AdvancedObjectDetectionSystem' object has no attribute 'update_detection_status'
2025-02-17 13:08:25,188 - __main__ - ERROR - Error in detection thread: 'AdvancedObjectDetectionSystem' object has no attribute 'update_detection_status'
2025-02-17 13:08:25,197 - __main__ - ERROR - Error in detection thread: 'AdvancedObjectDetectionSystem' object has no attribute 'update_detection_status'
2025-02-17 13:08:25,206 - __main__ - ERROR - Error in detection thread: 'AdvancedObjectDetectionSystem' object has no attribute 'update_detection_status'
2025-02-17 13:08:25,215 - __main__ - ERROR - Error in detection thread: 'AdvancedObjectDetectionSystem' object has no attribute 'update_detection_status'
2025-02-17 13:08:25,227 - __main__ - ERROR - Error in detection thread: 'AdvancedObjectDetectionSystem' object has no attribute 'update_detection_status'
2025-02-17 13:08:25,236 - __main__ - ERROR - Error in detection thread: 'AdvancedObjectDetectionSystem' object has no attribute 'update_detection_status'
2025-02-17 13:08:25,245 - __main__ - ERROR - Error in detection thread: 'AdvancedObjectDetectionSystem' object has no attribute 'update_detection_status'
2025-02-17 13:08:25,274 - __main__ - ERROR - Error in detection thread: 'AdvancedObjectDetectionSystem' object has no attribute 'update_detection_status'
2025-02-17 13:08:25,322 - __main__ - ERROR - Error in detection thread: 'AdvancedObjectDetectionSystem' object has no attribute 'update_detection_status'
2025-02-17 13:08:25,356 - __main__ - ERROR - Error in detection thread: 'AdvancedObjectDetectionSystem' object has no attribute 'update_detection_status'
2025-02-17 13:08:25,387 - __main__ - ERROR - Error in detection thread: 'AdvancedObjectDetectionSystem' object has no attribute 'update_detection_status'
2025-02-17 13:08:25,417 - __main__ - ERROR - Error in detection thread: 'AdvancedObjectDetectionSystem' object has no attribute 'update_detection_status'
2025-02-17 13:08:25,449 - __main__ - ERROR - Error in detection thread: 'AdvancedObjectDetectionSystem' object has no attribute 'update_detection_status'
2025-02-17 13:08:25,481 - __main__ - ERROR - Error in detection thread: 'AdvancedObjectDetectionSystem' object has no attribute 'update_detection_status'
2025-02-17 13:08:25,513 - __main__ - ERROR - Error in detection thread: 'AdvancedObjectDetectionSystem' object has no attribute 'update_detection_status'
2025-02-17 13:08:25,545 - __main__ - ERROR - Error in detection thread: 'AdvancedObjectDetectionSystem' object has no attribute 'update_detection_status'
2025-02-17 13:08:25,577 - __main__ - ERROR - Error in detection thread: 'AdvancedObjectDetectionSystem' object has no attribute 'update_detection_status'
2025-02-17 13:08:25,610 - __main__ - ERROR - Error in detection thread: 'AdvancedObjectDetectionSystem' object has no attribute 'update_detection_status'
2025-02-17 13:08:25,642 - __main__ - ERROR - Error in detection thread: 'AdvancedObjectDetectionSystem' object has no attribute 'update_detection_status'
2025-02-17 13:08:25,674 - __main__ - ERROR - Error in detection thread: 'AdvancedObjectDetectionSystem' object has no attribute 'update_detection_status'
2025-02-17 13:08:25,720 - __main__ - ERROR - Error in detection thread: 'AdvancedObjectDetectionSystem' object has no attribute 'update_detection_status'
2025-02-17 13:08:25,754 - __main__ - ERROR - Error in detection thread: 'AdvancedObjectDetectionSystem' object has no attribute 'update_detection_status'
2025-02-17 13:08:25,785 - __main__ - ERROR - Error in detection thread: 'AdvancedObjectDetectionSystem' object has no attribute 'update_detection_status'
2025-02-17 13:08:25,817 - __main__ - ERROR - Error in detection thread: 'AdvancedObjectDetectionSystem' object has no attribute 'update_detection_status'
2025-02-17 13:08:25,849 - __main__ - ERROR - Error in detection thread: 'AdvancedObjectDetectionSystem' object has no attribute 'update_detection_status'
2025-02-17 13:08:25,880 - __main__ - ERROR - Error in detection thread: 'AdvancedObjectDetectionSystem' object has no attribute 'update_detection_status'
2025-02-17 13:08:25,913 - __main__ - ERROR - Error in detection thread: 'AdvancedObjectDetectionSystem' object has no attribute 'update_detection_status'
2025-02-17 13:08:25,950 - __main__ - ERROR - Error in detection thread: 'AdvancedObjectDetectionSystem' object has no attribute 'update_detection_status'
2025-02-17 13:08:25,977 - __main__ - ERROR - Error in detection thread: 'AdvancedObjectDetectionSystem' object has no attribute 'update_detection_status'
2025-02-17 13:08:26,010 - __main__ - ERROR - Error in detection thread: 'AdvancedObjectDetectionSystem' object has no attribute 'update_detection_status'
2025-02-17 13:08:26,041 - __main__ - ERROR - Error in detection thread: 'AdvancedObjectDetectionSystem' object has no attribute 'update_detection_status'
2025-02-17 13:08:26,073 - __main__ - ERROR - Error in detection thread: 'AdvancedObjectDetectionSystem' object has no attribute 'update_detection_status'
2025-02-17 13:08:26,121 - __main__ - ERROR - Error in detection thread: 'AdvancedObjectDetectionSystem' object has no attribute 'update_detection_status'
2025-02-17 13:08:26,154 - __main__ - ERROR - Error in detection thread: 'AdvancedObjectDetectionSystem' object has no attribute 'update_detection_status'
2025-02-17 13:08:26,186 - __main__ - ERROR - Error in detection thread: 'AdvancedObjectDetectionSystem' object has no attribute 'update_detection_status'
2025-02-17 13:08:26,218 - __main__ - ERROR - Error in detection thread: 'AdvancedObjectDetectionSystem' object has no attribute 'update_detection_status'
2025-02-17 13:08:26,250 - __main__ - ERROR - Error in detection thread: 'AdvancedObjectDetectionSystem' object has no attribute 'update_detection_status'
2025-02-17 13:08:26,281 - __main__ - ERROR - Error in detection thread: 'AdvancedObjectDetectionSystem' object has no attribute 'update_detection_status'
2025-02-17 13:08:26,313 - __main__ - ERROR - Error in detection thread: 'AdvancedObjectDetectionSystem' object has no attribute 'update_detection_status'
2025-02-17 13:08:26,345 - __main__ - ERROR - Error in detection thread: 'AdvancedObjectDetectionSystem' object has no attribute 'update_detection_status'
2025-02-17 13:08:26,377 - __main__ - ERROR - Error in detection thread: 'AdvancedObjectDetectionSystem' object has no attribute 'update_detection_status'
2025-02-17 13:08:26,403 - __main__ - INFO - Detection started.
2025-02-17 13:08:26,411 - __main__ - ERROR - Error in detection thread: 'AdvancedObjectDetectionSystem' object has no attribute 'update_detection_status'
2025-02-17 13:08:26,441 - __main__ - ERROR - Error in detection thread: 'AdvancedObjectDetectionSystem' object has no attribute 'update_detection_status'
2025-02-17 13:08:26,474 - __main__ - ERROR - Error in detection thread: 'AdvancedObjectDetectionSystem' object has no attribute 'update_detection_status'
2025-02-17 13:08:26,521 - __main__ - ERROR - Error in detection thread: 'AdvancedObjectDetectionSystem' object has no attribute 'update_detection_status'
2025-02-17 13:08:26,555 - __main__ - ERROR - Error in detection thread: 'AdvancedObjectDetectionSystem' object has no attribute 'update_detection_status'
2025-02-17 13:08:26,586 - __main__ - ERROR - Error in detection thread: 'AdvancedObjectDetectionSystem' object has no attribute 'update_detection_status'
2025-02-17 13:08:26,617 - __main__ - ERROR - Error in detection thread: 'AdvancedObjectDetectionSystem' object has no attribute 'update_detection_status'
2025-02-17 13:08:26,651 - __main__ - ERROR - Error in detection thread: 'AdvancedObjectDetectionSystem' object has no attribute 'update_detection_status'
2025-02-17 13:08:26,681 - __main__ - ERROR - Error in detection thread: 'AdvancedObjectDetectionSystem' object has no attribute 'update_detection_status'
2025-02-17 13:08:26,713 - __main__ - ERROR - Error in detection thread: 'AdvancedObjectDetectionSystem' object has no attribute 'update_detection_status'
2025-02-17 13:08:26,745 - __main__ - ERROR - Error in detection thread: 'AdvancedObjectDetectionSystem' object has no attribute 'update_detection_status'
2025-02-17 13:08:26,777 - __main__ - ERROR - Error in detection thread: 'AdvancedObjectDetectionSystem' object has no attribute 'update_detection_status'
2025-02-17 13:08:26,809 - __main__ - ERROR - Error in detection thread: 'AdvancedObjectDetectionSystem' object has no attribute 'update_detection_status'
2025-02-17 13:08:26,841 - __main__ - ERROR - Error in detection thread: 'AdvancedObjectDetectionSystem' object has no attribute 'update_detection_status'
2025-02-17 13:08:26,872 - __main__ - ERROR - Error in detection thread: 'AdvancedObjectDetectionSystem' object has no attribute 'update_detection_status'
2025-02-17 13:08:26,920 - __main__ - ERROR - Error in detection thread: 'AdvancedObjectDetectionSystem' object has no attribute 'update_detection_status'
2025-02-17 13:08:26,955 - __main__ - ERROR - Error in detection thread: 'AdvancedObjectDetectionSystem' object has no attribute 'update_detection_status'
2025-02-17 13:08:26,985 - __main__ - ERROR - Error in detection thread: 'AdvancedObjectDetectionSystem' object has no attribute 'update_detection_status'
2025-02-17 13:08:27,017 - __main__ - ERROR - Error in detection thread: 'AdvancedObjectDetectionSystem' object has no attribute 'update_detection_status'
2025-02-17 13:08:27,050 - __main__ - ERROR - Error in detection thread: 'AdvancedObjectDetectionSystem' object has no attribute 'update_detection_status'
2025-02-17 13:08:27,080 - __main__ - ERROR - Error in detection thread: 'AdvancedObjectDetectionSystem' object has no attribute 'update_detection_status'
2025-02-17 13:08:27,113 - __main__ - ERROR - Error in detection thread: 'AdvancedObjectDetectionSystem' object has no attribute 'update_detection_status'
2025-02-17 13:08:27,145 - __main__ - ERROR - Error in detection thread: 'AdvancedObjectDetectionSystem' object has no attribute 'update_detection_status'
2025-02-17 13:08:27,177 - __main__ - ERROR - Error in detection thread: 'AdvancedObjectDetectionSystem' object has no attribute 'update_detection_status'
2025-02-17 13:08:27,210 - __main__ - ERROR - Error in detection thread: 'AdvancedObjectDetectionSystem' object has no attribute 'update_detection_status'
2025-02-17 13:08:27,240 - __main__ - ERROR - Error in detection thread: 'AdvancedObjectDetectionSystem' object has no attribute 'update_detection_status'
2025-02-17 13:08:27,273 - __main__ - ERROR - Error in detection thread: 'AdvancedObjectDetectionSystem' object has no attribute 'update_detection_status'
2025-02-17 13:08:27,320 - __main__ - ERROR - Error in detection thread: 'AdvancedObjectDetectionSystem' object has no attribute 'update_detection_status'
2025-02-17 13:08:27,354 - __main__ - ERROR - Error in detection thread: 'AdvancedObjectDetectionSystem' object has no attribute 'update_detection_status'
2025-02-17 13:08:27,388 - __main__ - ERROR - Error in detection thread: 'AdvancedObjectDetectionSystem' object has no attribute 'update_detection_status'
2025-02-17 13:08:27,419 - __main__ - ERROR - Error in detection thread: 'AdvancedObjectDetectionSystem' object has no attribute 'update_detection_status'
2025-02-17 13:08:27,449 - __main__ - ERROR - Error in detection thread: 'AdvancedObjectDetectionSystem' object has no attribute 'update_detection_status'
2025-02-17 13:08:27,480 - __main__ - ERROR - Error in detection thread: 'AdvancedObjectDetectionSystem' object has no attribute 'update_detection_status'
2025-02-17 13:08:27,515 - __main__ - ERROR - Error in detection thread: 'AdvancedObjectDetectionSystem' object has no attribute 'update_detection_status'
2025-02-17 13:08:27,548 - __main__ - ERROR - Error in detection thread: 'AdvancedObjectDetectionSystem' object has no attribute 'update_detection_status'
2025-02-17 13:08:27,580 - __main__ - ERROR - Error in detection thread: 'AdvancedObjectDetectionSystem' object has no attribute 'update_detection_status'
2025-02-17 13:08:27,610 - __main__ - ERROR - Error in detection thread: 'AdvancedObjectDetectionSystem' object has no attribute 'update_detection_status'
2025-02-17 13:08:27,640 - __main__ - ERROR - Error in detection thread: 'AdvancedObjectDetectionSystem' object has no attribute 'update_detection_status'
2025-02-17 13:08:27,673 - __main__ - ERROR - Error in detection thread: 'AdvancedObjectDetectionSystem' object has no attribute 'update_detection_status'
2025-02-17 13:08:27,721 - __main__ - ERROR - Error in detection thread: 'AdvancedObjectDetectionSystem' object has no attribute 'update_detection_status'
2025-02-17 13:08:27,754 - __main__ - ERROR - Error in detection thread: 'AdvancedObjectDetectionSystem' object has no attribute 'update_detection_status'
2025-02-17 13:08:27,786 - __main__ - ERROR - Error in detection thread: 'AdvancedObjectDetectionSystem' object has no attribute 'update_detection_status'
2025-02-17 13:08:27,817 - __main__ - ERROR - Error in detection thread: 'AdvancedObjectDetectionSystem' object has no attribute 'update_detection_status'
2025-02-17 13:08:27,850 - __main__ - ERROR - Error in detection thread: 'AdvancedObjectDetectionSystem' object has no attribute 'update_detection_status'
2025-02-17 13:08:27,881 - __main__ - ERROR - Error in detection thread: 'AdvancedObjectDetectionSystem' object has no attribute 'update_detection_status'
2025-02-17 13:08:27,912 - __main__ - ERROR - Error in detection thread: 'AdvancedObjectDetectionSystem' object has no attribute 'update_detection_status'
2025-02-17 13:08:27,952 - __main__ - ERROR - Error in detection thread: 'AdvancedObjectDetectionSystem' object has no attribute 'update_detection_status'
2025-02-17 13:08:27,976 - __main__ - ERROR - Error in detection thread: 'AdvancedObjectDetectionSystem' object has no attribute 'update_detection_status'
2025-02-17 13:08:28,013 - __main__ - ERROR - Error in detection thread: 'AdvancedObjectDetectionSystem' object has no attribute 'update_detection_status'
2025-02-17 13:08:28,040 - __main__ - ERROR - Error in detection thread: 'AdvancedObjectDetectionSystem' object has no attribute 'update_detection_status'
2025-02-17 13:08:28,073 - __main__ - ERROR - Error in detection thread: 'AdvancedObjectDetectionSystem' object has no attribute 'update_detection_status'
2025-02-17 13:08:28,125 - __main__ - ERROR - Error in detection thread: 'AdvancedObjectDetectionSystem' object has no attribute 'update_detection_status'
2025-02-17 13:08:28,153 - __main__ - ERROR - Error in detection thread: 'AdvancedObjectDetectionSystem' object has no attribute 'update_detection_status'
2025-02-17 13:08:28,185 - __main__ - ERROR - Error in detection thread: 'AdvancedObjectDetectionSystem' object has no attribute 'update_detection_status'
2025-02-17 13:08:28,219 - __main__ - ERROR - Error in detection thread: 'AdvancedObjectDetectionSystem' object has no attribute 'update_detection_status'
2025-02-17 13:08:28,249 - __main__ - ERROR - Error in detection thread: 'AdvancedObjectDetectionSystem' object has no attribute 'update_detection_status'
2025-02-17 13:08:28,281 - __main__ - ERROR - Error in detection thread: 'AdvancedObjectDetectionSystem' object has no attribute 'update_detection_status'
2025-02-17 13:08:28,315 - __main__ - ERROR - Error in detection thread: 'AdvancedObjectDetectionSystem' object has no attribute 'update_detection_status'
2025-02-17 13:08:28,345 - __main__ - ERROR - Error in detection thread: 'AdvancedObjectDetectionSystem' object has no attribute 'update_detection_status'
2025-02-17 13:08:28,376 - __main__ - ERROR - Error in detection thread: 'AdvancedObjectDetectionSystem' object has no attribute 'update_detection_status'
2025-02-17 13:08:28,410 - __main__ - ERROR - Error in detection thread: 'AdvancedObjectDetectionSystem' object has no attribute 'update_detection_status'
2025-02-17 13:08:28,442 - __main__ - ERROR - Error in detection thread: 'AdvancedObjectDetectionSystem' object has no attribute 'update_detection_status'
2025-02-17 13:08:28,473 - __main__ - ERROR - Error in detection thread: 'AdvancedObjectDetectionSystem' object has no attribute 'update_detection_status'
2025-02-17 13:08:28,521 - __main__ - ERROR - Error in detection thread: 'AdvancedObjectDetectionSystem' object has no attribute 'update_detection_status'
2025-02-17 13:08:28,555 - __main__ - ERROR - Error in detection thread: 'AdvancedObjectDetectionSystem' object has no attribute 'update_detection_status'
2025-02-17 13:08:28,588 - __main__ - ERROR - Error in detection thread: 'AdvancedObjectDetectionSystem' object has no attribute 'update_detection_status'
2025-02-17 13:08:28,616 - __main__ - ERROR - Error in detection thread: 'AdvancedObjectDetectionSystem' object has no attribute 'update_detection_status'
2025-02-17 13:08:28,649 - __main__ - ERROR - Error in detection thread: 'AdvancedObjectDetectionSystem' object has no attribute 'update_detection_status'
2025-02-17 13:08:28,685 - __main__ - ERROR - Error in detection thread: 'AdvancedObjectDetectionSystem' object has no attribute 'update_detection_status'
2025-02-17 13:08:28,714 - __main__ - ERROR - Error in detection thread: 'AdvancedObjectDetectionSystem' object has no attribute 'update_detection_status'
2025-02-17 13:08:28,745 - __main__ - ERROR - Error in detection thread: 'AdvancedObjectDetectionSystem' object has no attribute 'update_detection_status'
2025-02-17 13:08:28,776 - __main__ - ERROR - Error in detection thread: 'AdvancedObjectDetectionSystem' object has no attribute 'update_detection_status'
2025-02-17 13:08:28,813 - __main__ - ERROR - Error in detection thread: 'AdvancedObjectDetectionSystem' object has no attribute 'update_detection_status'
2025-02-17 13:08:28,844 - __main__ - ERROR - Error in detection thread: 'AdvancedObjectDetectionSystem' object has no attribute 'update_detection_status'
2025-02-17 13:08:28,873 - __main__ - ERROR - Error in detection thread: 'AdvancedObjectDetectionSystem' object has no attribute 'update_detection_status'
2025-02-17 13:08:28,922 - __main__ - ERROR - Error in detection thread: 'AdvancedObjectDetectionSystem' object has no attribute 'update_detection_status'
2025-02-17 13:08:28,958 - __main__ - ERROR - Error in detection thread: 'AdvancedObjectDetectionSystem' object has no attribute 'update_detection_status'
2025-02-17 13:08:28,985 - __main__ - ERROR - Error in detection thread: 'AdvancedObjectDetectionSystem' object has no attribute 'update_detection_status'
2025-02-17 13:08:29,021 - __main__ - ERROR - Error in detection thread: 'AdvancedObjectDetectionSystem' object has no attribute 'update_detection_status'
2025-02-17 13:08:29,050 - __main__ - ERROR - Error in detection thread: 'AdvancedObjectDetectionSystem' object has no attribute 'update_detection_status'
2025-02-17 13:08:29,080 - __main__ - ERROR - Error in detection thread: 'AdvancedObjectDetectionSystem' object has no attribute 'update_detection_status'
2025-02-17 13:08:29,111 - __main__ - ERROR - Error in detection thread: 'AdvancedObjectDetectionSystem' object has no attribute 'update_detection_status'
2025-02-17 13:08:29,144 - __main__ - ERROR - Error in detection thread: 'AdvancedObjectDetectionSystem' object has no attribute 'update_detection_status'
2025-02-17 13:08:29,176 - __main__ - ERROR - Error in detection thread: 'AdvancedObjectDetectionSystem' object has no attribute 'update_detection_status'
2025-02-17 13:08:29,210 - __main__ - ERROR - Error in detection thread: 'AdvancedObjectDetectionSystem' object has no attribute 'update_detection_status'
2025-02-17 13:08:29,240 - __main__ - ERROR - Error in detection thread: 'AdvancedObjectDetectionSystem' object has no attribute 'update_detection_status'
2025-02-17 13:08:29,273 - __main__ - ERROR - Error in detection thread: 'AdvancedObjectDetectionSystem' object has no attribute 'update_detection_status'
2025-02-17 13:08:29,320 - __main__ - ERROR - Error in detection thread: 'AdvancedObjectDetectionSystem' object has no attribute 'update_detection_status'
2025-02-17 13:08:29,353 - __main__ - ERROR - Error in detection thread: 'AdvancedObjectDetectionSystem' object has no attribute 'update_detection_status'
2025-02-17 13:08:29,385 - __main__ - ERROR - Error in detection thread: 'AdvancedObjectDetectionSystem' object has no attribute 'update_detection_status'
2025-02-17 13:08:29,417 - __main__ - ERROR - Error in detection thread: 'AdvancedObjectDetectionSystem' object has no attribute 'update_detection_status'
2025-02-17 13:08:29,449 - __main__ - ERROR - Error in detection thread: 'AdvancedObjectDetectionSystem' object has no attribute 'update_detection_status'
2025-02-17 13:08:29,481 - __main__ - ERROR - Error in detection thread: 'AdvancedObjectDetectionSystem' object has no attribute 'update_detection_status'
2025-02-17 13:08:29,512 - __main__ - ERROR - Error in detection thread: 'AdvancedObjectDetectionSystem' object has no attribute 'update_detection_status'
2025-02-17 13:08:29,544 - __main__ - ERROR - Error in detection thread: 'AdvancedObjectDetectionSystem' object has no attribute 'update_detection_status'
2025-02-17 13:08:29,578 - __main__ - ERROR - Error in detection thread: 'AdvancedObjectDetectionSystem' object has no attribute 'update_detection_status'
2025-02-17 13:08:29,613 - __main__ - ERROR - Error in detection thread: 'AdvancedObjectDetectionSystem' object has no attribute 'update_detection_status'
2025-02-17 13:08:29,640 - __main__ - ERROR - Error in detection thread: 'AdvancedObjectDetectionSystem' object has no attribute 'update_detection_status'
2025-02-17 13:08:29,673 - __main__ - ERROR - Error in detection thread: 'AdvancedObjectDetectionSystem' object has no attribute 'update_detection_status'
2025-02-17 13:08:29,726 - __main__ - ERROR - Error in detection thread: 'AdvancedObjectDetectionSystem' object has no attribute 'update_detection_status'
2025-02-17 13:08:29,756 - __main__ - ERROR - Error in detection thread: 'AdvancedObjectDetectionSystem' object has no attribute 'update_detection_status'
2025-02-17 13:08:29,787 - __main__ - ERROR - Error in detection thread: 'AdvancedObjectDetectionSystem' object has no attribute 'update_detection_status'
2025-02-17 13:08:29,817 - __main__ - ERROR - Error in detection thread: 'AdvancedObjectDetectionSystem' object has no attribute 'update_detection_status'
2025-02-17 13:08:29,850 - __main__ - ERROR - Error in detection thread: 'AdvancedObjectDetectionSystem' object has no attribute 'update_detection_status'
2025-02-17 13:08:29,881 - __main__ - ERROR - Error in detection thread: 'AdvancedObjectDetectionSystem' object has no attribute 'update_detection_status'
2025-02-17 13:08:29,914 - __main__ - ERROR - Error in detection thread: 'AdvancedObjectDetectionSystem' object has no attribute 'update_detection_status'
2025-02-17 13:08:29,946 - __main__ - ERROR - Error in detection thread: 'AdvancedObjectDetectionSystem' object has no attribute 'update_detection_status'
2025-02-17 13:08:29,977 - __main__ - ERROR - Error in detection thread: 'AdvancedObjectDetectionSystem' object has no attribute 'update_detection_status'
2025-02-17 13:08:30,011 - __main__ - ERROR - Error in detection thread: 'AdvancedObjectDetectionSystem' object has no attribute 'update_detection_status'
2025-02-17 13:08:30,040 - __main__ - ERROR - Error in detection thread: 'AdvancedObjectDetectionSystem' object has no attribute 'update_detection_status'
2025-02-17 13:08:30,073 - __main__ - ERROR - Error in detection thread: 'AdvancedObjectDetectionSystem' object has no attribute 'update_detection_status'
2025-02-17 13:08:30,121 - __main__ - ERROR - Error in detection thread: 'AdvancedObjectDetectionSystem' object has no attribute 'update_detection_status'
2025-02-17 13:08:30,155 - __main__ - ERROR - Error in detection thread: 'AdvancedObjectDetectionSystem' object has no attribute 'update_detection_status'
2025-02-17 13:08:30,185 - __main__ - ERROR - Error in detection thread: 'AdvancedObjectDetectionSystem' object has no attribute 'update_detection_status'
2025-02-17 13:08:30,216 - __main__ - ERROR - Error in detection thread: 'AdvancedObjectDetectionSystem' object has no attribute 'update_detection_status'
2025-02-17 13:08:30,251 - __main__ - ERROR - Error in detection thread: 'AdvancedObjectDetectionSystem' object has no attribute 'update_detection_status'
2025-02-17 13:08:30,281 - __main__ - ERROR - Error in detection thread: 'AdvancedObjectDetectionSystem' object has no attribute 'update_detection_status'
2025-02-17 13:08:30,314 - __main__ - ERROR - Error in detection thread: 'AdvancedObjectDetectionSystem' object has no attribute 'update_detection_status'
2025-02-17 13:08:30,346 - __main__ - ERROR - Error in detection thread: 'AdvancedObjectDetectionSystem' object has no attribute 'update_detection_status'
2025-02-17 13:08:30,379 - __main__ - ERROR - Error in detection thread: 'AdvancedObjectDetectionSystem' object has no attribute 'update_detection_status'
2025-02-17 13:08:30,417 - __main__ - ERROR - Error in detection thread: 'AdvancedObjectDetectionSystem' object has no attribute 'update_detection_status'
2025-02-17 13:08:30,442 - __main__ - ERROR - Error in detection thread: 'AdvancedObjectDetectionSystem' object has no attribute 'update_detection_status'
2025-02-17 13:08:30,480 - __main__ - ERROR - Error in detection thread: 'AdvancedObjectDetectionSystem' object has no attribute 'update_detection_status'
2025-02-17 13:08:30,526 - __main__ - ERROR - Error in detection thread: 'AdvancedObjectDetectionSystem' object has no attribute 'update_detection_status'
2025-02-17 13:08:30,557 - __main__ - ERROR - Error in detection thread: 'AdvancedObjectDetectionSystem' object has no attribute 'update_detection_status'
2025-02-17 13:08:30,586 - __main__ - ERROR - Error in detection thread: 'AdvancedObjectDetectionSystem' object has no attribute 'update_detection_status'
2025-02-17 13:08:30,618 - __main__ - ERROR - Error in detection thread: 'AdvancedObjectDetectionSystem' object has no attribute 'update_detection_status'
2025-02-17 13:08:30,653 - __main__ - ERROR - Error in detection thread: 'AdvancedObjectDetectionSystem' object has no attribute 'update_detection_status'
2025-02-17 13:08:30,683 - __main__ - ERROR - Error in detection thread: 'AdvancedObjectDetectionSystem' object has no attribute 'update_detection_status'
2025-02-17 13:08:30,713 - __main__ - ERROR - Error in detection thread: 'AdvancedObjectDetectionSystem' object has no attribute 'update_detection_status'
2025-02-17 13:08:30,745 - __main__ - ERROR - Error in detection thread: 'AdvancedObjectDetectionSystem' object has no attribute 'update_detection_status'
2025-02-17 13:08:30,777 - __main__ - ERROR - Error in detection thread: 'AdvancedObjectDetectionSystem' object has no attribute 'update_detection_status'
2025-02-17 13:08:30,811 - __main__ - ERROR - Error in detection thread: 'AdvancedObjectDetectionSystem' object has no attribute 'update_detection_status'
2025-02-17 13:08:30,841 - __main__ - ERROR - Error in detection thread: 'AdvancedObjectDetectionSystem' object has no attribute 'update_detection_status'
2025-02-17 13:08:30,874 - __main__ - ERROR - Error in detection thread: 'AdvancedObjectDetectionSystem' object has no attribute 'update_detection_status'
2025-02-17 13:08:30,921 - __main__ - ERROR - Error in detection thread: 'AdvancedObjectDetectionSystem' object has no attribute 'update_detection_status'
2025-02-17 13:08:30,956 - __main__ - ERROR - Error in detection thread: 'AdvancedObjectDetectionSystem' object has no attribute 'update_detection_status'
2025-02-17 13:08:30,989 - __main__ - ERROR - Error in detection thread: 'AdvancedObjectDetectionSystem' object has no attribute 'update_detection_status'
2025-02-17 13:08:31,019 - __main__ - ERROR - Error in detection thread: 'AdvancedObjectDetectionSystem' object has no attribute 'update_detection_status'
2025-02-17 13:08:31,052 - __main__ - ERROR - Error in detection thread: 'AdvancedObjectDetectionSystem' object has no attribute 'update_detection_status'
2025-02-17 13:08:31,082 - __main__ - ERROR - Error in detection thread: 'AdvancedObjectDetectionSystem' object has no attribute 'update_detection_status'
2025-02-17 13:08:31,114 - __main__ - ERROR - Error in detection thread: 'AdvancedObjectDetectionSystem' object has no attribute 'update_detection_status'
2025-02-17 13:08:31,147 - __main__ - ERROR - Error in detection thread: 'AdvancedObjectDetectionSystem' object has no attribute 'update_detection_status'
2025-02-17 13:08:31,178 - __main__ - ERROR - Error in detection thread: 'AdvancedObjectDetectionSystem' object has no attribute 'update_detection_status'
2025-02-17 13:08:31,211 - __main__ - ERROR - Error in detection thread: 'AdvancedObjectDetectionSystem' object has no attribute 'update_detection_status'
2025-02-17 13:08:31,242 - __main__ - ERROR - Error in detection thread: 'AdvancedObjectDetectionSystem' object has no attribute 'update_detection_status'
2025-02-17 13:08:31,277 - __main__ - ERROR - Error in detection thread: 'AdvancedObjectDetectionSystem' object has no attribute 'update_detection_status'
2025-02-17 13:08:31,322 - __main__ - ERROR - Error in detection thread: 'AdvancedObjectDetectionSystem' object has no attribute 'update_detection_status'
2025-02-17 13:08:31,357 - __main__ - ERROR - Error in detection thread: 'AdvancedObjectDetectionSystem' object has no attribute 'update_detection_status'
2025-02-17 13:08:31,389 - __main__ - ERROR - Error in detection thread: 'AdvancedObjectDetectionSystem' object has no attribute 'update_detection_status'
2025-02-17 13:08:31,419 - __main__ - ERROR - Error in detection thread: 'AdvancedObjectDetectionSystem' object has no attribute 'update_detection_status'
2025-02-17 13:08:31,453 - __main__ - ERROR - Error in detection thread: 'AdvancedObjectDetectionSystem' object has no attribute 'update_detection_status'
2025-02-17 13:08:31,483 - __main__ - ERROR - Error in detection thread: 'AdvancedObjectDetectionSystem' object has no attribute 'update_detection_status'
2025-02-17 13:08:31,515 - __main__ - ERROR - Error in detection thread: 'AdvancedObjectDetectionSystem' object has no attribute 'update_detection_status'
2025-02-17 13:08:31,549 - __main__ - ERROR - Error in detection thread: 'AdvancedObjectDetectionSystem' object has no attribute 'update_detection_status'
2025-02-17 13:08:31,579 - __main__ - ERROR - Error in detection thread: 'AdvancedObjectDetectionSystem' object has no attribute 'update_detection_status'
2025-02-17 13:08:31,614 - __main__ - ERROR - Error in detection thread: 'AdvancedObjectDetectionSystem' object has no attribute 'update_detection_status'
2025-02-17 13:08:31,649 - __main__ - ERROR - Error in detection thread: 'AdvancedObjectDetectionSystem' object has no attribute 'update_detection_status'
2025-02-17 13:08:31,674 - __main__ - ERROR - Error in detection thread: 'AdvancedObjectDetectionSystem' object has no attribute 'update_detection_status'
2025-02-17 13:08:31,723 - __main__ - ERROR - Error in detection thread: 'AdvancedObjectDetectionSystem' object has no attribute 'update_detection_status'
2025-02-17 13:08:31,756 - __main__ - ERROR - Error in detection thread: 'AdvancedObjectDetectionSystem' object has no attribute 'update_detection_status'
2025-02-17 13:08:31,789 - __main__ - ERROR - Error in detection thread: 'AdvancedObjectDetectionSystem' object has no attribute 'update_detection_status'
2025-02-17 13:08:31,819 - __main__ - ERROR - Error in detection thread: 'AdvancedObjectDetectionSystem' object has no attribute 'update_detection_status'
2025-02-17 13:08:31,853 - __main__ - ERROR - Error in detection thread: 'AdvancedObjectDetectionSystem' object has no attribute 'update_detection_status'
2025-02-17 13:08:31,885 - __main__ - ERROR - Error in detection thread: 'AdvancedObjectDetectionSystem' object has no attribute 'update_detection_status'
2025-02-17 13:08:31,918 - __main__ - ERROR - Error in detection thread: 'AdvancedObjectDetectionSystem' object has no attribute 'update_detection_status'
2025-02-17 13:08:31,950 - __main__ - ERROR - Error in detection thread: 'AdvancedObjectDetectionSystem' object has no attribute 'update_detection_status'
2025-02-17 13:08:31,979 - __main__ - ERROR - Error in detection thread: 'AdvancedObjectDetectionSystem' object has no attribute 'update_detection_status'
2025-02-17 13:08:32,014 - __main__ - ERROR - Error in detection thread: 'AdvancedObjectDetectionSystem' object has no attribute 'update_detection_status'
2025-02-17 13:08:32,045 - __main__ - ERROR - Error in detection thread: 'AdvancedObjectDetectionSystem' object has no attribute 'update_detection_status'
2025-02-17 13:08:32,077 - __main__ - ERROR - Error in detection thread: 'AdvancedObjectDetectionSystem' object has no attribute 'update_detection_status'
2025-02-17 13:08:32,128 - __main__ - ERROR - Error in detection thread: 'AdvancedObjectDetectionSystem' object has no attribute 'update_detection_status'
2025-02-17 13:08:32,157 - __main__ - ERROR - Error in detection thread: 'AdvancedObjectDetectionSystem' object has no attribute 'update_detection_status'
2025-02-17 13:08:32,191 - __main__ - ERROR - Error in detection thread: 'AdvancedObjectDetectionSystem' object has no attribute 'update_detection_status'
2025-02-17 13:08:32,223 - __main__ - ERROR - Error in detection thread: 'AdvancedObjectDetectionSystem' object has no attribute 'update_detection_status'
2025-02-17 13:08:32,255 - __main__ - ERROR - Error in detection thread: 'AdvancedObjectDetectionSystem' object has no attribute 'update_detection_status'
2025-02-17 13:08:32,285 - __main__ - ERROR - Error in detection thread: 'AdvancedObjectDetectionSystem' object has no attribute 'update_detection_status'
2025-02-17 13:08:32,316 - __main__ - ERROR - Error in detection thread: 'AdvancedObjectDetectionSystem' object has no attribute 'update_detection_status'
2025-02-17 13:08:32,350 - __main__ - ERROR - Error in detection thread: 'AdvancedObjectDetectionSystem' object has no attribute 'update_detection_status'
2025-02-17 13:08:32,380 - __main__ - ERROR - Error in detection thread: 'AdvancedObjectDetectionSystem' object has no attribute 'update_detection_status'
2025-02-17 13:08:32,414 - __main__ - ERROR - Error in detection thread: 'AdvancedObjectDetectionSystem' object has no attribute 'update_detection_status'
2025-02-17 13:08:32,446 - __main__ - ERROR - Error in detection thread: 'AdvancedObjectDetectionSystem' object has no attribute 'update_detection_status'
2025-02-17 13:08:32,478 - __main__ - ERROR - Error in detection thread: 'AdvancedObjectDetectionSystem' object has no attribute 'update_detection_status'
2025-02-17 13:08:32,525 - __main__ - ERROR - Error in detection thread: 'AdvancedObjectDetectionSystem' object has no attribute 'update_detection_status'
2025-02-17 13:08:32,557 - __main__ - ERROR - Error in detection thread: 'AdvancedObjectDetectionSystem' object has no attribute 'update_detection_status'
2025-02-17 13:08:32,592 - __main__ - ERROR - Error in detection thread: 'AdvancedObjectDetectionSystem' object has no attribute 'update_detection_status'
2025-02-17 13:08:32,620 - __main__ - ERROR - Error in detection thread: 'AdvancedObjectDetectionSystem' object has no attribute 'update_detection_status'
2025-02-17 13:08:32,655 - __main__ - ERROR - Error in detection thread: 'AdvancedObjectDetectionSystem' object has no attribute 'update_detection_status'
2025-02-17 13:08:32,684 - __main__ - ERROR - Error in detection thread: 'AdvancedObjectDetectionSystem' object has no attribute 'update_detection_status'
2025-02-17 13:08:32,717 - __main__ - ERROR - Error in detection thread: 'AdvancedObjectDetectionSystem' object has no attribute 'update_detection_status'
2025-02-17 13:08:32,751 - __main__ - ERROR - Error in detection thread: 'AdvancedObjectDetectionSystem' object has no attribute 'update_detection_status'
2025-02-17 13:08:32,780 - __main__ - ERROR - Error in detection thread: 'AdvancedObjectDetectionSystem' object has no attribute 'update_detection_status'
2025-02-17 13:08:32,814 - __main__ - ERROR - Error in detection thread: 'AdvancedObjectDetectionSystem' object has no attribute 'update_detection_status'
2025-02-17 13:08:32,844 - __main__ - ERROR - Error in detection thread: 'AdvancedObjectDetectionSystem' object has no attribute 'update_detection_status'
2025-02-17 13:08:32,877 - __main__ - ERROR - Error in detection thread: 'AdvancedObjectDetectionSystem' object has no attribute 'update_detection_status'
2025-02-17 13:08:32,926 - __main__ - ERROR - Error in detection thread: 'AdvancedObjectDetectionSystem' object has no attribute 'update_detection_status'
2025-02-17 13:08:32,958 - __main__ - ERROR - Error in detection thread: 'AdvancedObjectDetectionSystem' object has no attribute 'update_detection_status'
2025-02-17 13:08:32,992 - __main__ - ERROR - Error in detection thread: 'AdvancedObjectDetectionSystem' object has no attribute 'update_detection_status'
2025-02-17 13:08:33,023 - __main__ - ERROR - Error in detection thread: 'AdvancedObjectDetectionSystem' object has no attribute 'update_detection_status'
2025-02-17 13:08:33,055 - __main__ - ERROR - Error in detection thread: 'AdvancedObjectDetectionSystem' object has no attribute 'update_detection_status'
2025-02-17 13:08:33,087 - __main__ - ERROR - Error in detection thread: 'AdvancedObjectDetectionSystem' object has no attribute 'update_detection_status'
2025-02-17 13:08:33,117 - __main__ - ERROR - Error in detection thread: 'AdvancedObjectDetectionSystem' object has no attribute 'update_detection_status'
2025-02-17 13:08:33,150 - __main__ - ERROR - Error in detection thread: 'AdvancedObjectDetectionSystem' object has no attribute 'update_detection_status'
2025-02-17 13:08:33,183 - __main__ - ERROR - Error in detection thread: 'AdvancedObjectDetectionSystem' object has no attribute 'update_detection_status'
2025-02-17 13:08:33,215 - __main__ - ERROR - Error in detection thread: 'AdvancedObjectDetectionSystem' object has no attribute 'update_detection_status'
2025-02-17 13:08:33,246 - __main__ - ERROR - Error in detection thread: 'AdvancedObjectDetectionSystem' object has no attribute 'update_detection_status'
2025-02-17 13:08:33,256 - __main__ - INFO - Detection started.
2025-02-17 13:08:33,277 - __main__ - ERROR - Error in detection thread: 'AdvancedObjectDetectionSystem' object has no attribute 'update_detection_status'
2025-02-17 13:08:33,327 - __main__ - ERROR - Error in detection thread: 'AdvancedObjectDetectionSystem' object has no attribute 'update_detection_status'
2025-02-17 13:08:33,357 - __main__ - ERROR - Error in detection thread: 'AdvancedObjectDetectionSystem' object has no attribute 'update_detection_status'
2025-02-17 13:08:33,391 - __main__ - ERROR - Error in detection thread: 'AdvancedObjectDetectionSystem' object has no attribute 'update_detection_status'
2025-02-17 13:08:33,422 - __main__ - ERROR - Error in detection thread: 'AdvancedObjectDetectionSystem' object has no attribute 'update_detection_status'
2025-02-17 13:08:33,456 - __main__ - ERROR - Error in detection thread: 'AdvancedObjectDetectionSystem' object has no attribute 'update_detection_status'
2025-02-17 13:08:33,486 - __main__ - ERROR - Error in detection thread: 'AdvancedObjectDetectionSystem' object has no attribute 'update_detection_status'
2025-02-17 13:08:33,517 - __main__ - ERROR - Error in detection thread: 'AdvancedObjectDetectionSystem' object has no attribute 'update_detection_status'
2025-02-17 13:08:33,550 - __main__ - ERROR - Error in detection thread: 'AdvancedObjectDetectionSystem' object has no attribute 'update_detection_status'
2025-02-17 13:08:33,583 - __main__ - ERROR - Error in detection thread: 'AdvancedObjectDetectionSystem' object has no attribute 'update_detection_status'
2025-02-17 13:08:33,617 - __main__ - ERROR - Error in detection thread: 'AdvancedObjectDetectionSystem' object has no attribute 'update_detection_status'
2025-02-17 13:08:33,647 - __main__ - ERROR - Error in detection thread: 'AdvancedObjectDetectionSystem' object has no attribute 'update_detection_status'
2025-02-17 13:08:33,678 - __main__ - ERROR - Error in detection thread: 'AdvancedObjectDetectionSystem' object has no attribute 'update_detection_status'
2025-02-17 13:08:33,709 - __main__ - INFO - Detection started.
2025-02-17 13:08:33,729 - __main__ - ERROR - Error in detection thread: 'AdvancedObjectDetectionSystem' object has no attribute 'update_detection_status'
2025-02-17 13:08:33,759 - __main__ - ERROR - Error in detection thread: 'AdvancedObjectDetectionSystem' object has no attribute 'update_detection_status'
2025-02-17 13:08:33,791 - __main__ - ERROR - Error in detection thread: 'AdvancedObjectDetectionSystem' object has no attribute 'update_detection_status'
2025-02-17 13:08:33,823 - __main__ - ERROR - Error in detection thread: 'AdvancedObjectDetectionSystem' object has no attribute 'update_detection_status'
2025-02-17 13:08:33,857 - __main__ - ERROR - Error in detection thread: 'AdvancedObjectDetectionSystem' object has no attribute 'update_detection_status'
2025-02-17 13:08:33,875 - __main__ - INFO - Detection started.
2025-02-17 13:08:33,893 - __main__ - ERROR - Error in detection thread: 'AdvancedObjectDetectionSystem' object has no attribute 'update_detection_status'
2025-02-17 13:08:33,921 - __main__ - ERROR - Error in detection thread: 'AdvancedObjectDetectionSystem' object has no attribute 'update_detection_status'
2025-02-17 13:08:33,957 - __main__ - ERROR - Error in detection thread: 'AdvancedObjectDetectionSystem' object has no attribute 'update_detection_status'
2025-02-17 13:08:33,990 - __main__ - ERROR - Error in detection thread: 'AdvancedObjectDetectionSystem' object has no attribute 'update_detection_status'
2025-02-17 13:08:34,021 - __main__ - ERROR - Error in detection thread: 'AdvancedObjectDetectionSystem' object has no attribute 'update_detection_status'
2025-02-17 13:08:34,027 - __main__ - INFO - Detection started.
2025-02-17 13:08:34,052 - __main__ - ERROR - Error in detection thread: 'AdvancedObjectDetectionSystem' object has no attribute 'update_detection_status'
2025-02-17 13:08:34,077 - __main__ - ERROR - Error in detection thread: 'AdvancedObjectDetectionSystem' object has no attribute 'update_detection_status'
2025-02-17 13:08:34,126 - __main__ - ERROR - Error in detection thread: 'AdvancedObjectDetectionSystem' object has no attribute 'update_detection_status'
2025-02-17 13:08:34,157 - __main__ - ERROR - Error in detection thread: 'AdvancedObjectDetectionSystem' object has no attribute 'update_detection_status'
2025-02-17 13:08:34,191 - __main__ - ERROR - Error in detection thread: 'AdvancedObjectDetectionSystem' object has no attribute 'update_detection_status'
2025-02-17 13:08:34,221 - __main__ - ERROR - Error in detection thread: 'AdvancedObjectDetectionSystem' object has no attribute 'update_detection_status'
2025-02-17 13:08:34,256 - __main__ - ERROR - Error in detection thread: 'AdvancedObjectDetectionSystem' object has no attribute 'update_detection_status'
2025-02-17 13:08:34,284 - __main__ - ERROR - Error in detection thread: 'AdvancedObjectDetectionSystem' object has no attribute 'update_detection_status'
2025-02-17 13:08:34,316 - __main__ - ERROR - Error in detection thread: 'AdvancedObjectDetectionSystem' object has no attribute 'update_detection_status'
2025-02-17 13:08:34,350 - __main__ - ERROR - Error in detection thread: 'AdvancedObjectDetectionSystem' object has no attribute 'update_detection_status'
2025-02-17 13:08:34,381 - __main__ - ERROR - Error in detection thread: 'AdvancedObjectDetectionSystem' object has no attribute 'update_detection_status'
2025-02-17 13:08:34,413 - __main__ - ERROR - Error in detection thread: 'AdvancedObjectDetectionSystem' object has no attribute 'update_detection_status'
2025-02-17 13:08:34,445 - __main__ - ERROR - Error in detection thread: 'AdvancedObjectDetectionSystem' object has no attribute 'update_detection_status'
2025-02-17 13:08:34,477 - __main__ - ERROR - Error in detection thread: 'AdvancedObjectDetectionSystem' object has no attribute 'update_detection_status'
2025-02-17 13:08:34,510 - __main__ - ERROR - Error in detection thread: 'AdvancedObjectDetectionSystem' object has no attribute 'update_detection_status'
2025-02-17 13:08:34,558 - __main__ - ERROR - Error in detection thread: 'AdvancedObjectDetectionSystem' object has no attribute 'update_detection_status'
2025-02-17 13:08:34,592 - __main__ - ERROR - Error in detection thread: 'AdvancedObjectDetectionSystem' object has no attribute 'update_detection_status'
2025-02-17 13:08:34,620 - __main__ - ERROR - Error in detection thread: 'AdvancedObjectDetectionSystem' object has no attribute 'update_detection_status'
2025-02-17 13:08:34,652 - __main__ - INFO - Detection stopped.
2025-02-17 13:08:34,654 - __main__ - ERROR - Error in detection thread: 'AdvancedObjectDetectionSystem' object has no attribute 'update_detection_status'
