2025-02-17 13:43:52,320 - __main__ - INFO - Logging system initialized successfully
2025-02-17 13:43:52,321 - __main__ - INFO - Log file created at: D:\DATA\FOR_DL\objectdetection\magang2025\logs\object_detection_20250217_134352.log
2025-02-17 13:43:52,322 - __main__ - INFO - Direktori berhasil dibuat: D:\DATA\FOR_DL\objectdetection\magang2025\captured_photos
2025-02-17 13:43:52,322 - __main__ - INFO - Direktori berhasil dibuat: D:\DATA\FOR_DL\objectdetection\magang2025
2025-02-17 13:43:52,322 - __main__ - INFO - Direktori berhasil dibuat: D:\DATA\FOR_DL\objectdetection\magang2025\reports
2025-02-17 13:43:52,322 - __main__ - INFO - Direktori berhasil dibuat: D:\DATA\FOR_DL\objectdetection\magang2025
2025-02-17 13:43:52,406 - __main__ - INFO - Model berhasil dimuat dari D:\DATA\FOR_DL\objectdetection\magang2025\trained3object_yolov8n.pt
2025-02-17 13:43:56,374 - __main__ - INFO - Video capture berhasil diinisialisasi
2025-02-17 13:43:57,869 - __main__ - ERROR - Error di detection thread: too many indices for tensor of dimension 2
2025-02-17 13:43:57,878 - __main__ - ERROR - Error di detection thread: too many indices for tensor of dimension 2
2025-02-17 13:43:57,887 - __main__ - ERROR - Error di detection thread: too many indices for tensor of dimension 2
2025-02-17 13:43:57,899 - __main__ - ERROR - Error di detection thread: too many indices for tensor of dimension 2
2025-02-17 13:43:57,907 - __main__ - ERROR - Error di detection thread: too many indices for tensor of dimension 2
2025-02-17 13:43:57,917 - __main__ - ERROR - Error di detection thread: too many indices for tensor of dimension 2
2025-02-17 13:43:57,924 - __main__ - ERROR - Error di detection thread: too many indices for tensor of dimension 2
2025-02-17 13:43:57,934 - __main__ - ERROR - Error di detection thread: too many indices for tensor of dimension 2
2025-02-17 13:43:57,942 - __main__ - ERROR - Error di detection thread: too many indices for tensor of dimension 2
2025-02-17 13:43:57,951 - __main__ - ERROR - Error di detection thread: too many indices for tensor of dimension 2
2025-02-17 13:43:57,959 - __main__ - ERROR - Error di detection thread: too many indices for tensor of dimension 2
2025-02-17 13:43:57,967 - __main__ - ERROR - Error di detection thread: too many indices for tensor of dimension 2
2025-02-17 13:43:57,975 - __main__ - ERROR - Error di detection thread: too many indices for tensor of dimension 2
2025-02-17 13:43:57,984 - __main__ - ERROR - Error di detection thread: too many indices for tensor of dimension 2
2025-02-17 13:43:57,992 - __main__ - ERROR - Error di detection thread: too many indices for tensor of dimension 2
2025-02-17 13:43:58,003 - __main__ - ERROR - Error di detection thread: too many indices for tensor of dimension 2
2025-02-17 13:43:58,012 - __main__ - ERROR - Error di detection thread: too many indices for tensor of dimension 2
2025-02-17 13:43:58,020 - __main__ - ERROR - Error di detection thread: too many indices for tensor of dimension 2
2025-02-17 13:43:58,028 - __main__ - ERROR - Error di detection thread: too many indices for tensor of dimension 2
2025-02-17 13:43:58,041 - __main__ - ERROR - Error di detection thread: too many indices for tensor of dimension 2
2025-02-17 13:43:58,050 - __main__ - ERROR - Error di detection thread: too many indices for tensor of dimension 2
2025-02-17 13:43:58,058 - __main__ - ERROR - Error di detection thread: too many indices for tensor of dimension 2
2025-02-17 13:43:58,068 - __main__ - ERROR - Error di detection thread: too many indices for tensor of dimension 2
2025-02-17 13:43:58,078 - __main__ - ERROR - Error di detection thread: too many indices for tensor of dimension 2
2025-02-17 13:43:58,086 - __main__ - ERROR - Error di detection thread: too many indices for tensor of dimension 2
2025-02-17 13:43:58,096 - __main__ - ERROR - Error di detection thread: too many indices for tensor of dimension 2
2025-02-17 13:43:58,105 - __main__ - ERROR - Error di detection thread: too many indices for tensor of dimension 2
2025-02-17 13:43:58,114 - __main__ - ERROR - Error di detection thread: too many indices for tensor of dimension 2
2025-02-17 13:43:58,123 - __main__ - ERROR - Error di detection thread: too many indices for tensor of dimension 2
2025-02-17 13:43:58,132 - __main__ - ERROR - Error di detection thread: too many indices for tensor of dimension 2
2025-02-17 13:43:58,141 - __main__ - ERROR - Error di detection thread: too many indices for tensor of dimension 2
2025-02-17 13:43:58,150 - __main__ - ERROR - Error di detection thread: too many indices for tensor of dimension 2
2025-02-17 13:43:58,160 - __main__ - ERROR - Error di detection thread: too many indices for tensor of dimension 2
2025-02-17 13:43:58,168 - __main__ - ERROR - Error di detection thread: too many indices for tensor of dimension 2
2025-02-17 13:43:58,178 - __main__ - ERROR - Error di detection thread: too many indices for tensor of dimension 2
2025-02-17 13:43:58,188 - __main__ - ERROR - Error di detection thread: too many indices for tensor of dimension 2
2025-02-17 13:43:58,197 - __main__ - ERROR - Error di detection thread: too many indices for tensor of dimension 2
2025-02-17 13:43:58,206 - __main__ - ERROR - Error di detection thread: too many indices for tensor of dimension 2
2025-02-17 13:43:58,215 - __main__ - ERROR - Error di detection thread: too many indices for tensor of dimension 2
2025-02-17 13:43:58,225 - __main__ - ERROR - Error di detection thread: too many indices for tensor of dimension 2
2025-02-17 13:43:58,234 - __main__ - ERROR - Error di detection thread: too many indices for tensor of dimension 2
2025-02-17 13:43:58,244 - __main__ - ERROR - Error di detection thread: too many indices for tensor of dimension 2
2025-02-17 13:43:58,254 - __main__ - ERROR - Error di detection thread: too many indices for tensor of dimension 2
2025-02-17 13:43:58,263 - __main__ - ERROR - Error di detection thread: too many indices for tensor of dimension 2
2025-02-17 13:43:58,272 - __main__ - ERROR - Error di detection thread: too many indices for tensor of dimension 2
2025-02-17 13:43:58,281 - __main__ - ERROR - Error di detection thread: too many indices for tensor of dimension 2
2025-02-17 13:43:58,290 - __main__ - ERROR - Error di detection thread: too many indices for tensor of dimension 2
2025-02-17 13:43:58,301 - __main__ - ERROR - Error di detection thread: too many indices for tensor of dimension 2
2025-02-17 13:43:58,311 - __main__ - ERROR - Error di detection thread: too many indices for tensor of dimension 2
2025-02-17 13:43:58,326 - __main__ - ERROR - Error di detection thread: too many indices for tensor of dimension 2
2025-02-17 13:43:58,342 - __main__ - ERROR - Error di detection thread: too many indices for tensor of dimension 2
2025-02-17 13:43:58,355 - __main__ - ERROR - Error di detection thread: too many indices for tensor of dimension 2
2025-02-17 13:43:58,392 - __main__ - ERROR - Error di detection thread: too many indices for tensor of dimension 2
2025-02-17 13:43:58,419 - __main__ - ERROR - Error di detection thread: too many indices for tensor of dimension 2
2025-02-17 13:43:58,451 - __main__ - ERROR - Error di detection thread: too many indices for tensor of dimension 2
2025-02-17 13:43:58,482 - __main__ - ERROR - Error di detection thread: too many indices for tensor of dimension 2
2025-02-17 13:43:58,516 - __main__ - ERROR - Error di detection thread: too many indices for tensor of dimension 2
2025-02-17 13:43:58,548 - __main__ - ERROR - Error di detection thread: too many indices for tensor of dimension 2
2025-02-17 13:43:58,581 - __main__ - ERROR - Error di detection thread: too many indices for tensor of dimension 2
2025-02-17 13:43:58,612 - __main__ - ERROR - Error di detection thread: too many indices for tensor of dimension 2
2025-02-17 13:43:58,644 - __main__ - ERROR - Error di detection thread: too many indices for tensor of dimension 2
2025-02-17 13:43:58,675 - __main__ - ERROR - Error di detection thread: too many indices for tensor of dimension 2
2025-02-17 13:43:58,723 - __main__ - ERROR - Error di detection thread: too many indices for tensor of dimension 2
2025-02-17 13:43:58,755 - __main__ - ERROR - Error di detection thread: too many indices for tensor of dimension 2
2025-02-17 13:43:58,787 - __main__ - ERROR - Error di detection thread: too many indices for tensor of dimension 2
2025-02-17 13:43:58,821 - __main__ - ERROR - Error di detection thread: too many indices for tensor of dimension 2
2025-02-17 13:43:58,854 - __main__ - ERROR - Error di detection thread: too many indices for tensor of dimension 2
2025-02-17 13:43:58,882 - __main__ - ERROR - Error di detection thread: too many indices for tensor of dimension 2
2025-02-17 13:43:58,915 - __main__ - ERROR - Error di detection thread: too many indices for tensor of dimension 2
2025-02-17 13:43:58,950 - __main__ - ERROR - Error di detection thread: too many indices for tensor of dimension 2
2025-02-17 13:43:58,979 - __main__ - ERROR - Error di detection thread: too many indices for tensor of dimension 2
2025-02-17 13:43:59,014 - __main__ - ERROR - Error di detection thread: too many indices for tensor of dimension 2
2025-02-17 13:43:59,043 - __main__ - ERROR - Error di detection thread: too many indices for tensor of dimension 2
2025-02-17 13:43:59,075 - __main__ - ERROR - Error di detection thread: too many indices for tensor of dimension 2
2025-02-17 13:43:59,125 - __main__ - ERROR - Error di detection thread: too many indices for tensor of dimension 2
2025-02-17 13:43:59,157 - __main__ - ERROR - Error di detection thread: too many indices for tensor of dimension 2
2025-02-17 13:43:59,186 - __main__ - ERROR - Error di detection thread: too many indices for tensor of dimension 2
2025-02-17 13:43:59,220 - __main__ - ERROR - Error di detection thread: too many indices for tensor of dimension 2
2025-02-17 13:43:59,253 - __main__ - ERROR - Error di detection thread: too many indices for tensor of dimension 2
2025-02-17 13:43:59,289 - __main__ - ERROR - Error di detection thread: too many indices for tensor of dimension 2
2025-02-17 13:43:59,324 - __main__ - ERROR - Error di detection thread: too many indices for tensor of dimension 2
2025-02-17 13:43:59,346 - __main__ - ERROR - Error di detection thread: too many indices for tensor of dimension 2
2025-02-17 13:43:59,379 - __main__ - ERROR - Error di detection thread: too many indices for tensor of dimension 2
2025-02-17 13:43:59,419 - __main__ - ERROR - Error di detection thread: too many indices for tensor of dimension 2
2025-02-17 13:43:59,443 - __main__ - ERROR - Error di detection thread: too many indices for tensor of dimension 2
2025-02-17 13:43:59,476 - __main__ - ERROR - Error di detection thread: too many indices for tensor of dimension 2
2025-02-17 13:43:59,529 - __main__ - ERROR - Error di detection thread: too many indices for tensor of dimension 2
2025-02-17 13:43:59,555 - __main__ - ERROR - Error di detection thread: too many indices for tensor of dimension 2
2025-02-17 13:43:59,590 - __main__ - ERROR - Error di detection thread: too many indices for tensor of dimension 2
2025-02-17 13:43:59,620 - __main__ - ERROR - Error di detection thread: too many indices for tensor of dimension 2
2025-02-17 13:43:59,652 - __main__ - ERROR - Error di detection thread: too many indices for tensor of dimension 2
2025-02-17 13:43:59,683 - __main__ - ERROR - Error di detection thread: too many indices for tensor of dimension 2
2025-02-17 13:43:59,715 - __main__ - ERROR - Error di detection thread: too many indices for tensor of dimension 2
2025-02-17 13:43:59,746 - __main__ - ERROR - Error di detection thread: too many indices for tensor of dimension 2
2025-02-17 13:43:59,779 - __main__ - ERROR - Error di detection thread: too many indices for tensor of dimension 2
2025-02-17 13:43:59,812 - __main__ - ERROR - Error di detection thread: too many indices for tensor of dimension 2
2025-02-17 13:43:59,843 - __main__ - ERROR - Error di detection thread: too many indices for tensor of dimension 2
2025-02-17 13:43:59,875 - __main__ - ERROR - Error di detection thread: too many indices for tensor of dimension 2
2025-02-17 13:43:59,923 - __main__ - ERROR - Error di detection thread: too many indices for tensor of dimension 2
2025-02-17 13:43:59,962 - __main__ - ERROR - Error di detection thread: too many indices for tensor of dimension 2
2025-02-17 13:43:59,987 - __main__ - ERROR - Error di detection thread: too many indices for tensor of dimension 2
2025-02-17 13:44:00,023 - __main__ - ERROR - Error di detection thread: too many indices for tensor of dimension 2
2025-02-17 13:44:00,052 - __main__ - ERROR - Error di detection thread: too many indices for tensor of dimension 2
2025-02-17 13:44:00,083 - __main__ - ERROR - Error di detection thread: too many indices for tensor of dimension 2
2025-02-17 13:44:00,114 - __main__ - ERROR - Error di detection thread: too many indices for tensor of dimension 2
2025-02-17 13:44:00,146 - __main__ - ERROR - Error di detection thread: too many indices for tensor of dimension 2
2025-02-17 13:44:00,180 - __main__ - ERROR - Error di detection thread: too many indices for tensor of dimension 2
2025-02-17 13:44:00,212 - __main__ - ERROR - Error di detection thread: too many indices for tensor of dimension 2
2025-02-17 13:44:00,242 - __main__ - ERROR - Error di detection thread: too many indices for tensor of dimension 2
2025-02-17 13:44:00,275 - __main__ - ERROR - Error di detection thread: too many indices for tensor of dimension 2
2025-02-17 13:44:00,323 - __main__ - ERROR - Error di detection thread: too many indices for tensor of dimension 2
2025-02-17 13:44:00,354 - __main__ - ERROR - Error di detection thread: too many indices for tensor of dimension 2
2025-02-17 13:44:00,390 - __main__ - ERROR - Error di detection thread: too many indices for tensor of dimension 2
2025-02-17 13:44:00,418 - __main__ - ERROR - Error di detection thread: too many indices for tensor of dimension 2
2025-02-17 13:44:00,452 - __main__ - ERROR - Error di detection thread: too many indices for tensor of dimension 2
2025-02-17 13:44:00,482 - __main__ - ERROR - Error di detection thread: too many indices for tensor of dimension 2
2025-02-17 13:44:00,518 - __main__ - ERROR - Error di detection thread: too many indices for tensor of dimension 2
2025-02-17 13:44:00,546 - __main__ - ERROR - Error di detection thread: too many indices for tensor of dimension 2
2025-02-17 13:44:00,578 - __main__ - ERROR - Error di detection thread: too many indices for tensor of dimension 2
2025-02-17 13:44:00,611 - __main__ - ERROR - Error di detection thread: too many indices for tensor of dimension 2
2025-02-17 13:44:00,642 - __main__ - ERROR - Error di detection thread: too many indices for tensor of dimension 2
2025-02-17 13:44:00,677 - __main__ - ERROR - Error di detection thread: too many indices for tensor of dimension 2
2025-02-17 13:44:00,722 - __main__ - ERROR - Error di detection thread: too many indices for tensor of dimension 2
2025-02-17 13:44:00,755 - __main__ - ERROR - Error di detection thread: too many indices for tensor of dimension 2
2025-02-17 13:44:00,786 - __main__ - ERROR - Error di detection thread: too many indices for tensor of dimension 2
2025-02-17 13:44:00,818 - __main__ - ERROR - Error di detection thread: too many indices for tensor of dimension 2
2025-02-17 13:44:00,851 - __main__ - ERROR - Error di detection thread: too many indices for tensor of dimension 2
2025-02-17 13:44:00,883 - __main__ - ERROR - Error di detection thread: too many indices for tensor of dimension 2
2025-02-17 13:44:00,917 - __main__ - ERROR - Error di detection thread: too many indices for tensor of dimension 2
2025-02-17 13:44:00,946 - __main__ - ERROR - Error di detection thread: too many indices for tensor of dimension 2
2025-02-17 13:44:00,980 - __main__ - ERROR - Error di detection thread: too many indices for tensor of dimension 2
2025-02-17 13:44:01,011 - __main__ - ERROR - Error di detection thread: too many indices for tensor of dimension 2
2025-02-17 13:44:01,042 - __main__ - ERROR - Error di detection thread: too many indices for tensor of dimension 2
2025-02-17 13:44:01,075 - __main__ - ERROR - Error di detection thread: too many indices for tensor of dimension 2
2025-02-17 13:44:01,124 - __main__ - ERROR - Error di detection thread: too many indices for tensor of dimension 2
2025-02-17 13:44:01,156 - __main__ - ERROR - Error di detection thread: too many indices for tensor of dimension 2
2025-02-17 13:44:01,186 - __main__ - ERROR - Error di detection thread: too many indices for tensor of dimension 2
2025-02-17 13:44:01,220 - __main__ - ERROR - Error di detection thread: too many indices for tensor of dimension 2
2025-02-17 13:44:01,251 - __main__ - ERROR - Error di detection thread: too many indices for tensor of dimension 2
2025-02-17 13:44:01,282 - __main__ - ERROR - Error di detection thread: too many indices for tensor of dimension 2
2025-02-17 13:44:01,314 - __main__ - ERROR - Error di detection thread: too many indices for tensor of dimension 2
2025-02-17 13:44:01,346 - __main__ - ERROR - Error di detection thread: too many indices for tensor of dimension 2
2025-02-17 13:44:01,382 - __main__ - ERROR - Error di detection thread: too many indices for tensor of dimension 2
2025-02-17 13:44:01,410 - __main__ - ERROR - Error di detection thread: too many indices for tensor of dimension 2
2025-02-17 13:44:01,442 - __main__ - ERROR - Error di detection thread: too many indices for tensor of dimension 2
2025-02-17 13:44:01,474 - __main__ - ERROR - Error di detection thread: too many indices for tensor of dimension 2
2025-02-17 13:44:01,526 - __main__ - ERROR - Error di detection thread: too many indices for tensor of dimension 2
2025-02-17 13:44:01,555 - __main__ - ERROR - Error di detection thread: too many indices for tensor of dimension 2
2025-02-17 13:44:01,591 - __main__ - ERROR - Error di detection thread: too many indices for tensor of dimension 2
2025-02-17 13:44:01,618 - __main__ - ERROR - Error di detection thread: too many indices for tensor of dimension 2
2025-02-17 13:44:01,650 - __main__ - ERROR - Error di detection thread: too many indices for tensor of dimension 2
2025-02-17 13:44:01,681 - __main__ - ERROR - Error di detection thread: too many indices for tensor of dimension 2
2025-02-17 13:44:01,715 - __main__ - ERROR - Error di detection thread: too many indices for tensor of dimension 2
2025-02-17 13:44:01,746 - __main__ - ERROR - Error di detection thread: too many indices for tensor of dimension 2
2025-02-17 13:44:01,777 - __main__ - ERROR - Error di detection thread: too many indices for tensor of dimension 2
2025-02-17 13:44:01,810 - __main__ - ERROR - Error di detection thread: too many indices for tensor of dimension 2
2025-02-17 13:44:01,843 - __main__ - ERROR - Error di detection thread: too many indices for tensor of dimension 2
2025-02-17 13:44:01,875 - __main__ - ERROR - Error di detection thread: too many indices for tensor of dimension 2
2025-02-17 13:44:01,925 - __main__ - ERROR - Error di detection thread: too many indices for tensor of dimension 2
2025-02-17 13:44:01,954 - __main__ - ERROR - Error di detection thread: too many indices for tensor of dimension 2
2025-02-17 13:44:01,993 - __main__ - ERROR - Error di detection thread: too many indices for tensor of dimension 2
2025-02-17 13:44:02,018 - __main__ - ERROR - Error di detection thread: too many indices for tensor of dimension 2
2025-02-17 13:44:02,051 - __main__ - ERROR - Error di detection thread: too many indices for tensor of dimension 2
2025-02-17 13:44:02,082 - __main__ - ERROR - Error di detection thread: too many indices for tensor of dimension 2
2025-02-17 13:44:02,119 - __main__ - ERROR - Error di detection thread: too many indices for tensor of dimension 2
2025-02-17 13:44:02,146 - __main__ - ERROR - Error di detection thread: too many indices for tensor of dimension 2
2025-02-17 13:44:02,179 - __main__ - ERROR - Error di detection thread: too many indices for tensor of dimension 2
2025-02-17 13:44:02,211 - __main__ - ERROR - Error di detection thread: too many indices for tensor of dimension 2
2025-02-17 13:44:02,242 - __main__ - ERROR - Error di detection thread: too many indices for tensor of dimension 2
2025-02-17 13:44:02,277 - __main__ - ERROR - Error di detection thread: too many indices for tensor of dimension 2
2025-02-17 13:44:02,322 - __main__ - ERROR - Error di detection thread: too many indices for tensor of dimension 2
2025-02-17 13:44:02,355 - __main__ - ERROR - Error di detection thread: too many indices for tensor of dimension 2
2025-02-17 13:44:02,386 - __main__ - ERROR - Error di detection thread: too many indices for tensor of dimension 2
2025-02-17 13:44:02,418 - __main__ - ERROR - Error di detection thread: too many indices for tensor of dimension 2
2025-02-17 13:44:02,450 - __main__ - ERROR - Error di detection thread: too many indices for tensor of dimension 2
2025-02-17 13:44:02,481 - __main__ - ERROR - Error di detection thread: too many indices for tensor of dimension 2
2025-02-17 13:44:02,515 - __main__ - ERROR - Error di detection thread: too many indices for tensor of dimension 2
2025-02-17 13:44:02,546 - __main__ - ERROR - Error di detection thread: too many indices for tensor of dimension 2
2025-02-17 13:44:02,584 - __main__ - ERROR - Error di detection thread: too many indices for tensor of dimension 2
2025-02-17 13:44:02,613 - __main__ - ERROR - Error di detection thread: too many indices for tensor of dimension 2
2025-02-17 13:44:02,646 - __main__ - ERROR - Error di detection thread: too many indices for tensor of dimension 2
2025-02-17 13:44:02,680 - __main__ - ERROR - Error di detection thread: too many indices for tensor of dimension 2
2025-02-17 13:44:02,728 - __main__ - ERROR - Error di detection thread: too many indices for tensor of dimension 2
2025-02-17 13:44:02,755 - __main__ - ERROR - Error di detection thread: too many indices for tensor of dimension 2
2025-02-17 13:44:02,790 - __main__ - ERROR - Error di detection thread: too many indices for tensor of dimension 2
2025-02-17 13:44:02,818 - __main__ - ERROR - Error di detection thread: too many indices for tensor of dimension 2
2025-02-17 13:44:02,852 - __main__ - ERROR - Error di detection thread: too many indices for tensor of dimension 2
2025-02-17 13:44:02,886 - __main__ - ERROR - Error di detection thread: too many indices for tensor of dimension 2
2025-02-17 13:44:02,916 - __main__ - ERROR - Error di detection thread: too many indices for tensor of dimension 2
2025-02-17 13:44:02,946 - __main__ - ERROR - Error di detection thread: too many indices for tensor of dimension 2
2025-02-17 13:44:02,978 - __main__ - ERROR - Error di detection thread: too many indices for tensor of dimension 2
2025-02-17 13:44:03,013 - __main__ - ERROR - Error di detection thread: too many indices for tensor of dimension 2
2025-02-17 13:44:03,042 - __main__ - ERROR - Error di detection thread: too many indices for tensor of dimension 2
2025-02-17 13:44:03,078 - __main__ - ERROR - Error di detection thread: too many indices for tensor of dimension 2
2025-02-17 13:44:03,121 - __main__ - ERROR - Error di detection thread: too many indices for tensor of dimension 2
2025-02-17 13:44:03,156 - __main__ - ERROR - Error di detection thread: too many indices for tensor of dimension 2
2025-02-17 13:44:03,186 - __main__ - ERROR - Error di detection thread: too many indices for tensor of dimension 2
2025-02-17 13:44:03,220 - __main__ - ERROR - Error di detection thread: too many indices for tensor of dimension 2
2025-02-17 13:44:03,253 - __main__ - ERROR - Error di detection thread: too many indices for tensor of dimension 2
2025-02-17 13:44:03,283 - __main__ - ERROR - Error di detection thread: too many indices for tensor of dimension 2
2025-02-17 13:44:03,315 - __main__ - ERROR - Error di detection thread: too many indices for tensor of dimension 2
2025-02-17 13:44:03,346 - __main__ - ERROR - Error di detection thread: too many indices for tensor of dimension 2
2025-02-17 13:44:03,379 - __main__ - ERROR - Error di detection thread: too many indices for tensor of dimension 2
2025-02-17 13:44:03,412 - __main__ - ERROR - Error di detection thread: too many indices for tensor of dimension 2
2025-02-17 13:44:03,443 - __main__ - ERROR - Error di detection thread: too many indices for tensor of dimension 2
2025-02-17 13:44:03,477 - __main__ - ERROR - Error di detection thread: too many indices for tensor of dimension 2
2025-02-17 13:44:03,523 - __main__ - ERROR - Error di detection thread: too many indices for tensor of dimension 2
2025-02-17 13:44:03,559 - __main__ - ERROR - Error di detection thread: too many indices for tensor of dimension 2
2025-02-17 13:44:03,586 - __main__ - ERROR - Error di detection thread: too many indices for tensor of dimension 2
2025-02-17 13:44:03,622 - __main__ - ERROR - Error di detection thread: too many indices for tensor of dimension 2
2025-02-17 13:44:03,653 - __main__ - ERROR - Error di detection thread: too many indices for tensor of dimension 2
2025-02-17 13:44:03,684 - __main__ - ERROR - Error di detection thread: too many indices for tensor of dimension 2
2025-02-17 13:44:03,715 - __main__ - ERROR - Error di detection thread: too many indices for tensor of dimension 2
2025-02-17 13:44:03,747 - __main__ - ERROR - Error di detection thread: too many indices for tensor of dimension 2
2025-02-17 13:44:03,779 - __main__ - ERROR - Error di detection thread: too many indices for tensor of dimension 2
2025-02-17 13:44:03,813 - __main__ - ERROR - Error di detection thread: too many indices for tensor of dimension 2
2025-02-17 13:44:03,848 - __main__ - ERROR - Error di detection thread: too many indices for tensor of dimension 2
2025-02-17 13:44:03,877 - __main__ - ERROR - Error di detection thread: too many indices for tensor of dimension 2
2025-02-17 13:44:03,934 - __main__ - ERROR - Error di detection thread: too many indices for tensor of dimension 2
2025-02-17 13:44:03,957 - __main__ - ERROR - Error di detection thread: too many indices for tensor of dimension 2
2025-02-17 13:44:03,987 - __main__ - ERROR - Error di detection thread: too many indices for tensor of dimension 2
2025-02-17 13:44:04,023 - __main__ - ERROR - Error di detection thread: too many indices for tensor of dimension 2
2025-02-17 13:44:04,051 - __main__ - ERROR - Error di detection thread: too many indices for tensor of dimension 2
2025-02-17 13:44:04,083 - __main__ - ERROR - Error updating status: 'config' is not implemented for CTk widgets. For consistency, always use 'configure' instead.
2025-02-17 13:44:04,117 - __main__ - ERROR - Error di detection thread: too many indices for tensor of dimension 2
2025-02-17 13:44:04,147 - __main__ - ERROR - Error updating status: 'config' is not implemented for CTk widgets. For consistency, always use 'configure' instead.
2025-02-17 13:44:04,179 - __main__ - ERROR - Error updating status: 'config' is not implemented for CTk widgets. For consistency, always use 'configure' instead.
2025-02-17 13:44:04,211 - __main__ - ERROR - Error updating status: 'config' is not implemented for CTk widgets. For consistency, always use 'configure' instead.
2025-02-17 13:44:04,242 - __main__ - ERROR - Error updating status: 'config' is not implemented for CTk widgets. For consistency, always use 'configure' instead.
2025-02-17 13:44:04,276 - __main__ - ERROR - Error updating status: 'config' is not implemented for CTk widgets. For consistency, always use 'configure' instead.
2025-02-17 13:44:04,323 - __main__ - ERROR - Error updating status: 'config' is not implemented for CTk widgets. For consistency, always use 'configure' instead.
2025-02-17 13:44:04,356 - __main__ - ERROR - Error updating status: 'config' is not implemented for CTk widgets. For consistency, always use 'configure' instead.
2025-02-17 13:44:04,387 - __main__ - ERROR - Error updating status: 'config' is not implemented for CTk widgets. For consistency, always use 'configure' instead.
2025-02-17 13:44:04,420 - __main__ - ERROR - Error updating status: 'config' is not implemented for CTk widgets. For consistency, always use 'configure' instead.
2025-02-17 13:44:04,452 - __main__ - ERROR - Error updating status: 'config' is not implemented for CTk widgets. For consistency, always use 'configure' instead.
2025-02-17 13:44:04,483 - __main__ - ERROR - Error updating status: 'config' is not implemented for CTk widgets. For consistency, always use 'configure' instead.
2025-02-17 13:44:04,516 - __main__ - ERROR - Error updating status: 'config' is not implemented for CTk widgets. For consistency, always use 'configure' instead.
2025-02-17 13:44:04,549 - __main__ - ERROR - Error updating status: 'config' is not implemented for CTk widgets. For consistency, always use 'configure' instead.
2025-02-17 13:44:04,580 - __main__ - ERROR - Error updating status: 'config' is not implemented for CTk widgets. For consistency, always use 'configure' instead.
2025-02-17 13:44:04,612 - __main__ - ERROR - Error updating status: 'config' is not implemented for CTk widgets. For consistency, always use 'configure' instead.
2025-02-17 13:44:04,643 - __main__ - ERROR - Error updating status: 'config' is not implemented for CTk widgets. For consistency, always use 'configure' instead.
2025-02-17 13:44:04,678 - __main__ - ERROR - Error updating status: 'config' is not implemented for CTk widgets. For consistency, always use 'configure' instead.
2025-02-17 13:44:04,726 - __main__ - ERROR - Error updating status: 'config' is not implemented for CTk widgets. For consistency, always use 'configure' instead.
2025-02-17 13:44:04,756 - __main__ - ERROR - Error updating status: 'config' is not implemented for CTk widgets. For consistency, always use 'configure' instead.
2025-02-17 13:44:04,787 - __main__ - ERROR - Error updating status: 'config' is not implemented for CTk widgets. For consistency, always use 'configure' instead.
2025-02-17 13:44:04,823 - __main__ - ERROR - Error di detection thread: too many indices for tensor of dimension 2
2025-02-17 13:44:04,853 - __main__ - ERROR - Error di detection thread: too many indices for tensor of dimension 2
2025-02-17 13:44:04,885 - __main__ - ERROR - Error di detection thread: too many indices for tensor of dimension 2
2025-02-17 13:44:04,917 - __main__ - ERROR - Error di detection thread: too many indices for tensor of dimension 2
2025-02-17 13:44:04,952 - __main__ - ERROR - Error di detection thread: too many indices for tensor of dimension 2
2025-02-17 13:44:04,980 - __main__ - ERROR - Error updating status: 'config' is not implemented for CTk widgets. For consistency, always use 'configure' instead.
2025-02-17 13:44:05,015 - __main__ - ERROR - Error di detection thread: too many indices for tensor of dimension 2
2025-02-17 13:44:05,044 - __main__ - ERROR - Error di detection thread: too many indices for tensor of dimension 2
2025-02-17 13:44:05,078 - __main__ - ERROR - Error di detection thread: too many indices for tensor of dimension 2
2025-02-17 13:44:05,124 - __main__ - ERROR - Error updating status: 'config' is not implemented for CTk widgets. For consistency, always use 'configure' instead.
2025-02-17 13:44:05,158 - __main__ - ERROR - Error updating status: 'config' is not implemented for CTk widgets. For consistency, always use 'configure' instead.
2025-02-17 13:44:05,188 - __main__ - ERROR - Error updating status: 'config' is not implemented for CTk widgets. For consistency, always use 'configure' instead.
2025-02-17 13:44:05,222 - __main__ - ERROR - Error updating status: 'config' is not implemented for CTk widgets. For consistency, always use 'configure' instead.
2025-02-17 13:44:05,254 - __main__ - ERROR - Error updating status: 'config' is not implemented for CTk widgets. For consistency, always use 'configure' instead.
2025-02-17 13:44:05,284 - __main__ - ERROR - Error updating status: 'config' is not implemented for CTk widgets. For consistency, always use 'configure' instead.
2025-02-17 13:44:05,319 - __main__ - ERROR - Error updating status: 'config' is not implemented for CTk widgets. For consistency, always use 'configure' instead.
2025-02-17 13:44:05,351 - __main__ - ERROR - Error di detection thread: too many indices for tensor of dimension 2
2025-02-17 13:44:05,384 - __main__ - ERROR - Error di detection thread: too many indices for tensor of dimension 2
2025-02-17 13:44:05,414 - __main__ - ERROR - Error di detection thread: too many indices for tensor of dimension 2
2025-02-17 13:44:05,445 - __main__ - ERROR - Error di detection thread: too many indices for tensor of dimension 2
2025-02-17 13:44:05,478 - __main__ - ERROR - Error di detection thread: too many indices for tensor of dimension 2
2025-02-17 13:44:05,526 - __main__ - ERROR - Error di detection thread: too many indices for tensor of dimension 2
2025-02-17 13:44:05,559 - __main__ - ERROR - Error di detection thread: too many indices for tensor of dimension 2
2025-02-17 13:44:05,591 - __main__ - ERROR - Error di detection thread: too many indices for tensor of dimension 2
2025-02-17 13:44:05,623 - __main__ - ERROR - Error di detection thread: too many indices for tensor of dimension 2
2025-02-17 13:44:05,655 - __main__ - ERROR - Error di detection thread: too many indices for tensor of dimension 2
2025-02-17 13:44:05,686 - __main__ - ERROR - Error di detection thread: too many indices for tensor of dimension 2
2025-02-17 13:44:05,720 - __main__ - ERROR - Error di detection thread: too many indices for tensor of dimension 2
2025-02-17 13:44:05,752 - __main__ - ERROR - Error di detection thread: too many indices for tensor of dimension 2
2025-02-17 13:44:05,784 - __main__ - ERROR - Error di detection thread: too many indices for tensor of dimension 2
2025-02-17 13:44:05,816 - __main__ - ERROR - Error di detection thread: too many indices for tensor of dimension 2
2025-02-17 13:44:05,846 - __main__ - ERROR - Error di detection thread: too many indices for tensor of dimension 2
2025-02-17 13:44:05,880 - __main__ - ERROR - Error di detection thread: too many indices for tensor of dimension 2
2025-02-17 13:44:05,927 - __main__ - ERROR - Error di detection thread: too many indices for tensor of dimension 2
2025-02-17 13:44:05,961 - __main__ - ERROR - Error di detection thread: too many indices for tensor of dimension 2
2025-02-17 13:44:05,992 - __main__ - ERROR - Error di detection thread: too many indices for tensor of dimension 2
2025-02-17 13:44:06,024 - __main__ - ERROR - Error di detection thread: too many indices for tensor of dimension 2
2025-02-17 13:44:06,055 - __main__ - ERROR - Error di detection thread: too many indices for tensor of dimension 2
2025-02-17 13:44:06,087 - __main__ - ERROR - Error di detection thread: too many indices for tensor of dimension 2
2025-02-17 13:44:06,121 - __main__ - ERROR - Error di detection thread: too many indices for tensor of dimension 2
2025-02-17 13:44:06,153 - __main__ - ERROR - Error di detection thread: too many indices for tensor of dimension 2
2025-02-17 13:44:06,184 - __main__ - ERROR - Error di detection thread: too many indices for tensor of dimension 2
2025-02-17 13:44:06,215 - __main__ - ERROR - Error di detection thread: too many indices for tensor of dimension 2
2025-02-17 13:44:06,247 - __main__ - ERROR - Error di detection thread: too many indices for tensor of dimension 2
2025-02-17 13:44:06,280 - __main__ - ERROR - Error di detection thread: too many indices for tensor of dimension 2
2025-02-17 13:44:06,329 - __main__ - ERROR - Error di detection thread: too many indices for tensor of dimension 2
2025-02-17 13:44:06,360 - __main__ - ERROR - Error di detection thread: too many indices for tensor of dimension 2
2025-02-17 13:44:06,392 - __main__ - ERROR - Error di detection thread: too many indices for tensor of dimension 2
2025-02-17 13:44:06,425 - __main__ - ERROR - Error di detection thread: too many indices for tensor of dimension 2
2025-02-17 13:44:06,455 - __main__ - ERROR - Error di detection thread: too many indices for tensor of dimension 2
2025-02-17 13:44:06,487 - __main__ - ERROR - Error di detection thread: too many indices for tensor of dimension 2
2025-02-17 13:44:06,520 - __main__ - ERROR - Error di detection thread: too many indices for tensor of dimension 2
2025-02-17 13:44:06,551 - __main__ - ERROR - Error di detection thread: too many indices for tensor of dimension 2
2025-02-17 13:44:06,584 - __main__ - ERROR - Error di detection thread: too many indices for tensor of dimension 2
2025-02-17 13:44:06,616 - __main__ - ERROR - Error di detection thread: too many indices for tensor of dimension 2
2025-02-17 13:44:06,650 - __main__ - ERROR - Error di detection thread: too many indices for tensor of dimension 2
2025-02-17 13:44:06,684 - __main__ - ERROR - Error di detection thread: too many indices for tensor of dimension 2
2025-02-17 13:44:06,731 - __main__ - ERROR - Error di detection thread: too many indices for tensor of dimension 2
2025-02-17 13:44:06,765 - __main__ - ERROR - Error di detection thread: too many indices for tensor of dimension 2
2025-02-17 13:44:06,797 - __main__ - ERROR - Error di detection thread: too many indices for tensor of dimension 2
2025-02-17 13:44:06,827 - __main__ - ERROR - Error di detection thread: too many indices for tensor of dimension 2
2025-02-17 13:44:06,862 - __main__ - ERROR - Error di detection thread: too many indices for tensor of dimension 2
2025-02-17 13:44:06,892 - __main__ - ERROR - Error di detection thread: too many indices for tensor of dimension 2
2025-02-17 13:44:06,924 - __main__ - ERROR - Error di detection thread: too many indices for tensor of dimension 2
2025-02-17 13:44:06,956 - __main__ - ERROR - Error di detection thread: too many indices for tensor of dimension 2
2025-02-17 13:44:06,986 - __main__ - ERROR - Error di detection thread: too many indices for tensor of dimension 2
2025-02-17 13:44:07,021 - __main__ - ERROR - Error di detection thread: too many indices for tensor of dimension 2
2025-02-17 13:44:07,052 - __main__ - ERROR - Error di detection thread: too many indices for tensor of dimension 2
2025-02-17 13:44:07,084 - __main__ - ERROR - Error di detection thread: too many indices for tensor of dimension 2
2025-02-17 13:44:07,132 - __main__ - ERROR - Error di detection thread: too many indices for tensor of dimension 2
2025-02-17 13:44:07,165 - __main__ - ERROR - Error di detection thread: too many indices for tensor of dimension 2
2025-02-17 13:44:07,195 - __main__ - ERROR - Error di detection thread: too many indices for tensor of dimension 2
2025-02-17 13:44:07,227 - __main__ - ERROR - Error di detection thread: too many indices for tensor of dimension 2
2025-02-17 13:44:07,261 - __main__ - ERROR - Error di detection thread: too many indices for tensor of dimension 2
2025-02-17 13:44:07,293 - __main__ - ERROR - Error di detection thread: too many indices for tensor of dimension 2
2025-02-17 13:44:07,326 - __main__ - ERROR - Error di detection thread: too many indices for tensor of dimension 2
2025-02-17 13:44:07,359 - __main__ - ERROR - Error di detection thread: too many indices for tensor of dimension 2
2025-02-17 13:44:07,388 - __main__ - ERROR - Error di detection thread: too many indices for tensor of dimension 2
2025-02-17 13:44:07,423 - __main__ - ERROR - Error di detection thread: too many indices for tensor of dimension 2
2025-02-17 13:44:07,451 - __main__ - ERROR - Error di detection thread: too many indices for tensor of dimension 2
2025-02-17 13:44:07,485 - __main__ - ERROR - Error di detection thread: too many indices for tensor of dimension 2
2025-02-17 13:44:07,531 - __main__ - ERROR - Error di detection thread: too many indices for tensor of dimension 2
2025-02-17 13:44:07,564 - __main__ - ERROR - Error di detection thread: too many indices for tensor of dimension 2
2025-02-17 13:44:07,595 - __main__ - ERROR - Error di detection thread: too many indices for tensor of dimension 2
2025-02-17 13:44:07,627 - __main__ - ERROR - Error di detection thread: too many indices for tensor of dimension 2
2025-02-17 13:44:07,661 - __main__ - ERROR - Error di detection thread: too many indices for tensor of dimension 2
2025-02-17 13:44:07,692 - __main__ - ERROR - Error di detection thread: too many indices for tensor of dimension 2
2025-02-17 13:44:07,725 - __main__ - ERROR - Error di detection thread: too many indices for tensor of dimension 2
2025-02-17 13:44:07,756 - __main__ - ERROR - Error di detection thread: too many indices for tensor of dimension 2
2025-02-17 13:44:07,787 - __main__ - ERROR - Error di detection thread: too many indices for tensor of dimension 2
2025-02-17 13:44:07,822 - __main__ - ERROR - Error di detection thread: too many indices for tensor of dimension 2
2025-02-17 13:44:07,853 - __main__ - ERROR - Error di detection thread: too many indices for tensor of dimension 2
2025-02-17 13:44:07,885 - __main__ - ERROR - Error di detection thread: too many indices for tensor of dimension 2
2025-02-17 13:44:07,931 - __main__ - ERROR - Error di detection thread: too many indices for tensor of dimension 2
2025-02-17 13:44:07,964 - __main__ - ERROR - Error di detection thread: too many indices for tensor of dimension 2
2025-02-17 13:44:07,995 - __main__ - ERROR - Error di detection thread: too many indices for tensor of dimension 2
2025-02-17 13:44:08,027 - __main__ - ERROR - Error di detection thread: too many indices for tensor of dimension 2
2025-02-17 13:44:08,062 - __main__ - ERROR - Error di detection thread: too many indices for tensor of dimension 2
2025-02-17 13:44:08,091 - __main__ - ERROR - Error di detection thread: too many indices for tensor of dimension 2
2025-02-17 13:44:08,127 - __main__ - ERROR - Error di detection thread: too many indices for tensor of dimension 2
2025-02-17 13:44:08,158 - __main__ - ERROR - Error di detection thread: too many indices for tensor of dimension 2
2025-02-17 13:44:08,187 - __main__ - ERROR - Error di detection thread: too many indices for tensor of dimension 2
2025-02-17 13:44:08,223 - __main__ - ERROR - Error di detection thread: too many indices for tensor of dimension 2
2025-02-17 13:44:08,253 - __main__ - ERROR - Error di detection thread: too many indices for tensor of dimension 2
2025-02-17 13:44:08,284 - __main__ - ERROR - Error di detection thread: too many indices for tensor of dimension 2
2025-02-17 13:44:08,333 - __main__ - ERROR - Error di detection thread: too many indices for tensor of dimension 2
2025-02-17 13:44:08,365 - __main__ - ERROR - Error di detection thread: too many indices for tensor of dimension 2
2025-02-17 13:44:08,395 - __main__ - ERROR - Error di detection thread: too many indices for tensor of dimension 2
2025-02-17 13:44:08,426 - __main__ - ERROR - Error di detection thread: too many indices for tensor of dimension 2
2025-02-17 13:44:08,461 - __main__ - ERROR - Error di detection thread: too many indices for tensor of dimension 2
2025-02-17 13:44:08,492 - __main__ - ERROR - Error di detection thread: too many indices for tensor of dimension 2
2025-02-17 13:44:08,525 - __main__ - ERROR - Error di detection thread: too many indices for tensor of dimension 2
2025-02-17 13:44:08,556 - __main__ - ERROR - Error di detection thread: too many indices for tensor of dimension 2
2025-02-17 13:44:08,586 - __main__ - ERROR - Error di detection thread: too many indices for tensor of dimension 2
2025-02-17 13:44:08,622 - __main__ - ERROR - Error di detection thread: too many indices for tensor of dimension 2
2025-02-17 13:44:08,651 - __main__ - ERROR - Error di detection thread: too many indices for tensor of dimension 2
2025-02-17 13:44:08,684 - __main__ - ERROR - Error di detection thread: too many indices for tensor of dimension 2
2025-02-17 13:44:08,731 - __main__ - ERROR - Error di detection thread: too many indices for tensor of dimension 2
2025-02-17 13:44:08,763 - __main__ - ERROR - Error di detection thread: too many indices for tensor of dimension 2
2025-02-17 13:44:08,796 - __main__ - ERROR - Error di detection thread: too many indices for tensor of dimension 2
2025-02-17 13:44:08,827 - __main__ - ERROR - Error di detection thread: too many indices for tensor of dimension 2
2025-02-17 13:44:08,861 - __main__ - ERROR - Error di detection thread: too many indices for tensor of dimension 2
2025-02-17 13:44:08,892 - __main__ - ERROR - Error di detection thread: too many indices for tensor of dimension 2
2025-02-17 13:44:08,924 - __main__ - ERROR - Error di detection thread: too many indices for tensor of dimension 2
2025-02-17 13:44:08,957 - __main__ - ERROR - Error di detection thread: too many indices for tensor of dimension 2
2025-02-17 13:44:08,987 - __main__ - ERROR - Error di detection thread: too many indices for tensor of dimension 2
2025-02-17 13:44:09,023 - __main__ - ERROR - Error di detection thread: too many indices for tensor of dimension 2
2025-02-17 13:44:09,052 - __main__ - ERROR - Error di detection thread: too many indices for tensor of dimension 2
2025-02-17 13:44:09,084 - __main__ - ERROR - Error di detection thread: too many indices for tensor of dimension 2
2025-02-17 13:44:09,132 - __main__ - ERROR - Error di detection thread: too many indices for tensor of dimension 2
2025-02-17 13:44:09,164 - __main__ - ERROR - Error di detection thread: too many indices for tensor of dimension 2
2025-02-17 13:44:09,196 - __main__ - ERROR - Error di detection thread: too many indices for tensor of dimension 2
2025-02-17 13:44:09,227 - __main__ - ERROR - Error di detection thread: too many indices for tensor of dimension 2
2025-02-17 13:44:09,262 - __main__ - ERROR - Error di detection thread: too many indices for tensor of dimension 2
2025-02-17 13:44:09,294 - __main__ - ERROR - Error di detection thread: too many indices for tensor of dimension 2
2025-02-17 13:44:09,325 - __main__ - ERROR - Error di detection thread: too many indices for tensor of dimension 2
2025-02-17 13:44:09,359 - __main__ - ERROR - Error di detection thread: too many indices for tensor of dimension 2
2025-02-17 13:44:09,387 - __main__ - ERROR - Error di detection thread: too many indices for tensor of dimension 2
2025-02-17 13:44:09,422 - __main__ - ERROR - Error di detection thread: too many indices for tensor of dimension 2
2025-02-17 13:44:09,452 - __main__ - ERROR - Error di detection thread: too many indices for tensor of dimension 2
2025-02-17 13:44:09,484 - __main__ - ERROR - Error di detection thread: too many indices for tensor of dimension 2
2025-02-17 13:44:09,532 - __main__ - ERROR - Error di detection thread: too many indices for tensor of dimension 2
2025-02-17 13:44:09,565 - __main__ - ERROR - Error di detection thread: too many indices for tensor of dimension 2
2025-02-17 13:44:09,598 - __main__ - ERROR - Error di detection thread: too many indices for tensor of dimension 2
2025-02-17 13:44:09,628 - __main__ - ERROR - Error di detection thread: too many indices for tensor of dimension 2
2025-02-17 13:44:09,663 - __main__ - ERROR - Error di detection thread: too many indices for tensor of dimension 2
2025-02-17 13:44:09,692 - __main__ - ERROR - Error di detection thread: too many indices for tensor of dimension 2
2025-02-17 13:44:09,726 - __main__ - ERROR - Error di detection thread: too many indices for tensor of dimension 2
2025-02-17 13:44:09,759 - __main__ - ERROR - Error di detection thread: too many indices for tensor of dimension 2
2025-02-17 13:44:09,786 - __main__ - ERROR - Error di detection thread: too many indices for tensor of dimension 2
2025-02-17 13:44:09,821 - __main__ - ERROR - Error di detection thread: too many indices for tensor of dimension 2
2025-02-17 13:44:09,853 - __main__ - ERROR - Error di detection thread: too many indices for tensor of dimension 2
2025-02-17 13:44:09,884 - __main__ - ERROR - Error di detection thread: too many indices for tensor of dimension 2
2025-02-17 13:44:09,931 - __main__ - ERROR - Error di detection thread: too many indices for tensor of dimension 2
2025-02-17 13:44:09,964 - __main__ - ERROR - Error di detection thread: too many indices for tensor of dimension 2
2025-02-17 13:44:09,995 - __main__ - ERROR - Error di detection thread: too many indices for tensor of dimension 2
2025-02-17 13:44:10,026 - __main__ - ERROR - Error di detection thread: too many indices for tensor of dimension 2
2025-02-17 13:44:10,061 - __main__ - ERROR - Error di detection thread: too many indices for tensor of dimension 2
2025-02-17 13:44:10,092 - __main__ - ERROR - Error di detection thread: too many indices for tensor of dimension 2
2025-02-17 13:44:10,125 - __main__ - ERROR - Error di detection thread: too many indices for tensor of dimension 2
2025-02-17 13:44:10,156 - __main__ - ERROR - Error di detection thread: too many indices for tensor of dimension 2
2025-02-17 13:44:10,188 - __main__ - ERROR - Error di detection thread: too many indices for tensor of dimension 2
2025-02-17 13:44:10,223 - __main__ - ERROR - Error di detection thread: too many indices for tensor of dimension 2
2025-02-17 13:44:10,251 - __main__ - ERROR - Error di detection thread: too many indices for tensor of dimension 2
2025-02-17 13:44:10,285 - __main__ - ERROR - Error di detection thread: too many indices for tensor of dimension 2
2025-02-17 13:44:10,331 - __main__ - ERROR - Error di detection thread: too many indices for tensor of dimension 2
2025-02-17 13:44:10,365 - __main__ - ERROR - Error di detection thread: too many indices for tensor of dimension 2
2025-02-17 13:44:10,395 - __main__ - ERROR - Error di detection thread: too many indices for tensor of dimension 2
2025-02-17 13:44:10,426 - __main__ - ERROR - Error di detection thread: too many indices for tensor of dimension 2
2025-02-17 13:44:10,461 - __main__ - ERROR - Error di detection thread: too many indices for tensor of dimension 2
2025-02-17 13:44:10,492 - __main__ - ERROR - Error di detection thread: too many indices for tensor of dimension 2
2025-02-17 13:44:10,525 - __main__ - ERROR - Error di detection thread: too many indices for tensor of dimension 2
2025-02-17 13:44:10,558 - __main__ - ERROR - Error di detection thread: too many indices for tensor of dimension 2
2025-02-17 13:44:10,586 - __main__ - ERROR - Error di detection thread: too many indices for tensor of dimension 2
2025-02-17 13:44:10,623 - __main__ - ERROR - Error di detection thread: too many indices for tensor of dimension 2
2025-02-17 13:44:10,652 - __main__ - ERROR - Error di detection thread: too many indices for tensor of dimension 2
2025-02-17 13:44:10,684 - __main__ - ERROR - Error di detection thread: too many indices for tensor of dimension 2
2025-02-17 13:44:10,731 - __main__ - ERROR - Error di detection thread: too many indices for tensor of dimension 2
2025-02-17 13:44:10,764 - __main__ - ERROR - Error di detection thread: too many indices for tensor of dimension 2
2025-02-17 13:44:10,796 - __main__ - ERROR - Error di detection thread: too many indices for tensor of dimension 2
2025-02-17 13:44:10,828 - __main__ - ERROR - Error di detection thread: too many indices for tensor of dimension 2
2025-02-17 13:44:10,863 - __main__ - ERROR - Error di detection thread: too many indices for tensor of dimension 2
2025-02-17 13:44:10,892 - __main__ - ERROR - Error di detection thread: too many indices for tensor of dimension 2
2025-02-17 13:44:10,925 - __main__ - ERROR - Error di detection thread: too many indices for tensor of dimension 2
2025-02-17 13:44:10,955 - __main__ - ERROR - Error di detection thread: too many indices for tensor of dimension 2
2025-02-17 13:44:10,986 - __main__ - ERROR - Error di detection thread: too many indices for tensor of dimension 2
2025-02-17 13:44:11,022 - __main__ - ERROR - Error di detection thread: too many indices for tensor of dimension 2
2025-02-17 13:44:11,052 - __main__ - ERROR - Error di detection thread: too many indices for tensor of dimension 2
2025-02-17 13:44:11,084 - __main__ - ERROR - Error di detection thread: too many indices for tensor of dimension 2
2025-02-17 13:44:11,132 - __main__ - ERROR - Error di detection thread: too many indices for tensor of dimension 2
2025-02-17 13:44:11,165 - __main__ - ERROR - Error di detection thread: too many indices for tensor of dimension 2
2025-02-17 13:44:11,197 - __main__ - ERROR - Error di detection thread: too many indices for tensor of dimension 2
2025-02-17 13:44:11,228 - __main__ - ERROR - Error di detection thread: too many indices for tensor of dimension 2
2025-02-17 13:44:11,261 - __main__ - ERROR - Error di detection thread: too many indices for tensor of dimension 2
2025-02-17 13:44:11,292 - __main__ - ERROR - Error di detection thread: too many indices for tensor of dimension 2
2025-02-17 13:44:11,323 - __main__ - ERROR - Error di detection thread: too many indices for tensor of dimension 2
2025-02-17 13:44:11,357 - __main__ - ERROR - Error di detection thread: too many indices for tensor of dimension 2
2025-02-17 13:44:11,386 - __main__ - ERROR - Error di detection thread: too many indices for tensor of dimension 2
2025-02-17 13:44:11,422 - __main__ - ERROR - Error di detection thread: too many indices for tensor of dimension 2
2025-02-17 13:44:11,452 - __main__ - ERROR - Error di detection thread: too many indices for tensor of dimension 2
2025-02-17 13:44:11,483 - __main__ - ERROR - Error di detection thread: too many indices for tensor of dimension 2
2025-02-17 13:44:11,532 - __main__ - ERROR - Error di detection thread: too many indices for tensor of dimension 2
2025-02-17 13:44:11,564 - __main__ - ERROR - Error di detection thread: too many indices for tensor of dimension 2
2025-02-17 13:44:11,596 - __main__ - ERROR - Error di detection thread: too many indices for tensor of dimension 2
2025-02-17 13:44:11,627 - __main__ - ERROR - Error di detection thread: too many indices for tensor of dimension 2
2025-02-17 13:44:11,663 - __main__ - ERROR - Error di detection thread: too many indices for tensor of dimension 2
2025-02-17 13:44:11,693 - __main__ - ERROR - Error di detection thread: too many indices for tensor of dimension 2
2025-02-17 13:44:11,725 - __main__ - ERROR - Error di detection thread: too many indices for tensor of dimension 2
2025-02-17 13:44:11,760 - __main__ - ERROR - Error di detection thread: too many indices for tensor of dimension 2
2025-02-17 13:44:11,787 - __main__ - ERROR - Error di detection thread: too many indices for tensor of dimension 2
2025-02-17 13:44:11,823 - __main__ - ERROR - Error di detection thread: too many indices for tensor of dimension 2
2025-02-17 13:44:11,852 - __main__ - ERROR - Error di detection thread: too many indices for tensor of dimension 2
2025-02-17 13:44:11,883 - __main__ - ERROR - Error di detection thread: too many indices for tensor of dimension 2
2025-02-17 13:44:11,931 - __main__ - ERROR - Error di detection thread: too many indices for tensor of dimension 2
2025-02-17 13:44:11,964 - __main__ - ERROR - Error di detection thread: too many indices for tensor of dimension 2
2025-02-17 13:44:11,995 - __main__ - ERROR - Error di detection thread: too many indices for tensor of dimension 2
2025-02-17 13:44:12,028 - __main__ - ERROR - Error di detection thread: too many indices for tensor of dimension 2
2025-02-17 13:44:12,062 - __main__ - ERROR - Error di detection thread: too many indices for tensor of dimension 2
2025-02-17 13:44:12,093 - __main__ - ERROR - Error di detection thread: too many indices for tensor of dimension 2
2025-02-17 13:44:12,124 - __main__ - ERROR - Error di detection thread: too many indices for tensor of dimension 2
2025-02-17 13:44:12,157 - __main__ - ERROR - Error di detection thread: too many indices for tensor of dimension 2
2025-02-17 13:44:12,187 - __main__ - ERROR - Error di detection thread: too many indices for tensor of dimension 2
2025-02-17 13:44:12,223 - __main__ - ERROR - Error di detection thread: too many indices for tensor of dimension 2
2025-02-17 13:44:12,252 - __main__ - ERROR - Error di detection thread: too many indices for tensor of dimension 2
2025-02-17 13:44:12,284 - __main__ - ERROR - Error di detection thread: too many indices for tensor of dimension 2
2025-02-17 13:44:12,332 - __main__ - ERROR - Error di detection thread: too many indices for tensor of dimension 2
2025-02-17 13:44:12,363 - __main__ - ERROR - Error di detection thread: too many indices for tensor of dimension 2
2025-02-17 13:44:12,397 - __main__ - ERROR - Error di detection thread: too many indices for tensor of dimension 2
2025-02-17 13:44:12,428 - __main__ - ERROR - Error di detection thread: too many indices for tensor of dimension 2
2025-02-17 13:44:12,463 - __main__ - ERROR - Error di detection thread: too many indices for tensor of dimension 2
2025-02-17 13:44:12,492 - __main__ - ERROR - Error di detection thread: too many indices for tensor of dimension 2
2025-02-17 13:44:12,524 - __main__ - ERROR - Error di detection thread: too many indices for tensor of dimension 2
2025-02-17 13:44:12,556 - __main__ - ERROR - Error di detection thread: too many indices for tensor of dimension 2
2025-02-17 13:44:12,587 - __main__ - ERROR - Error di detection thread: too many indices for tensor of dimension 2
2025-02-17 13:44:12,600 - __main__ - INFO - Foto berhasil disimpan: D:\DATA\FOR_DL\objectdetection\magang2025\captured_photos\20250217_134412.jpg
2025-02-17 13:44:12,622 - __main__ - ERROR - Error di detection thread: too many indices for tensor of dimension 2
2025-02-17 13:44:12,652 - __main__ - ERROR - Error di detection thread: too many indices for tensor of dimension 2
2025-02-17 13:44:12,685 - __main__ - ERROR - Error di detection thread: too many indices for tensor of dimension 2
2025-02-17 13:44:12,732 - __main__ - ERROR - Error di detection thread: too many indices for tensor of dimension 2
2025-02-17 13:44:12,764 - __main__ - ERROR - Error di detection thread: too many indices for tensor of dimension 2
2025-02-17 13:44:12,796 - __main__ - ERROR - Error di detection thread: too many indices for tensor of dimension 2
2025-02-17 13:44:12,826 - __main__ - ERROR - Error di detection thread: too many indices for tensor of dimension 2
2025-02-17 13:44:12,862 - __main__ - ERROR - Error di detection thread: too many indices for tensor of dimension 2
2025-02-17 13:44:12,896 - __main__ - ERROR - Error di detection thread: too many indices for tensor of dimension 2
2025-02-17 13:44:12,924 - __main__ - ERROR - Error di detection thread: too many indices for tensor of dimension 2
2025-02-17 13:44:12,956 - __main__ - ERROR - Error di detection thread: too many indices for tensor of dimension 2
2025-02-17 13:44:12,987 - __main__ - ERROR - Error di detection thread: too many indices for tensor of dimension 2
2025-02-17 13:44:13,022 - __main__ - ERROR - Error di detection thread: too many indices for tensor of dimension 2
2025-02-17 13:44:13,052 - __main__ - ERROR - Error di detection thread: too many indices for tensor of dimension 2
2025-02-17 13:44:13,085 - __main__ - ERROR - Error di detection thread: too many indices for tensor of dimension 2
2025-02-17 13:44:13,132 - __main__ - ERROR - Error di detection thread: too many indices for tensor of dimension 2
2025-02-17 13:44:13,164 - __main__ - ERROR - Error di detection thread: too many indices for tensor of dimension 2
2025-02-17 13:44:13,196 - __main__ - ERROR - Error di detection thread: too many indices for tensor of dimension 2
2025-02-17 13:44:13,226 - __main__ - ERROR - Error di detection thread: too many indices for tensor of dimension 2
2025-02-17 13:44:13,263 - __main__ - ERROR - Error di detection thread: too many indices for tensor of dimension 2
2025-02-17 13:44:13,292 - __main__ - ERROR - Error di detection thread: too many indices for tensor of dimension 2
2025-02-17 13:44:13,325 - __main__ - ERROR - Error di detection thread: too many indices for tensor of dimension 2
2025-02-17 13:44:13,358 - __main__ - ERROR - Error di detection thread: too many indices for tensor of dimension 2
2025-02-17 13:44:13,388 - __main__ - ERROR - Error di detection thread: too many indices for tensor of dimension 2
2025-02-17 13:44:13,422 - __main__ - ERROR - Error di detection thread: too many indices for tensor of dimension 2
2025-02-17 13:44:13,451 - __main__ - ERROR - Error di detection thread: too many indices for tensor of dimension 2
2025-02-17 13:44:13,483 - __main__ - ERROR - Error di detection thread: too many indices for tensor of dimension 2
2025-02-17 13:44:13,533 - __main__ - ERROR - Error di detection thread: too many indices for tensor of dimension 2
2025-02-17 13:44:13,565 - __main__ - ERROR - Error di detection thread: too many indices for tensor of dimension 2
2025-02-17 13:44:13,595 - __main__ - ERROR - Error di detection thread: too many indices for tensor of dimension 2
2025-02-17 13:44:13,626 - __main__ - ERROR - Error di detection thread: too many indices for tensor of dimension 2
2025-02-17 13:44:13,663 - __main__ - ERROR - Error di detection thread: too many indices for tensor of dimension 2
2025-02-17 13:44:13,693 - __main__ - ERROR - Error di detection thread: too many indices for tensor of dimension 2
2025-02-17 13:44:13,724 - __main__ - ERROR - Error di detection thread: too many indices for tensor of dimension 2
2025-02-17 13:44:13,757 - __main__ - ERROR - Error di detection thread: too many indices for tensor of dimension 2
2025-02-17 13:44:13,787 - __main__ - ERROR - Error di detection thread: too many indices for tensor of dimension 2
2025-02-17 13:44:13,823 - __main__ - ERROR - Error di detection thread: too many indices for tensor of dimension 2
2025-02-17 13:44:13,854 - __main__ - ERROR - Error di detection thread: too many indices for tensor of dimension 2
2025-02-17 13:44:13,883 - __main__ - ERROR - Error di detection thread: too many indices for tensor of dimension 2
2025-02-17 13:44:13,932 - __main__ - ERROR - Error di detection thread: too many indices for tensor of dimension 2
2025-02-17 13:44:13,964 - __main__ - ERROR - Error di detection thread: too many indices for tensor of dimension 2
2025-02-17 13:44:13,996 - __main__ - ERROR - Error di detection thread: too many indices for tensor of dimension 2
2025-02-17 13:44:14,026 - __main__ - ERROR - Error di detection thread: too many indices for tensor of dimension 2
2025-02-17 13:44:14,063 - __main__ - ERROR - Error di detection thread: too many indices for tensor of dimension 2
2025-02-17 13:44:14,095 - __main__ - ERROR - Error di detection thread: too many indices for tensor of dimension 2
2025-02-17 13:44:14,125 - __main__ - ERROR - Error di detection thread: too many indices for tensor of dimension 2
2025-02-17 13:44:14,159 - __main__ - ERROR - Error di detection thread: too many indices for tensor of dimension 2
2025-02-17 13:44:14,187 - __main__ - ERROR - Error di detection thread: too many indices for tensor of dimension 2
2025-02-17 13:44:14,223 - __main__ - ERROR - Error di detection thread: too many indices for tensor of dimension 2
2025-02-17 13:44:14,251 - __main__ - ERROR - Error di detection thread: too many indices for tensor of dimension 2
2025-02-17 13:44:14,283 - __main__ - ERROR - Error di detection thread: too many indices for tensor of dimension 2
2025-02-17 13:44:14,331 - __main__ - ERROR - Error di detection thread: too many indices for tensor of dimension 2
2025-02-17 13:44:14,363 - __main__ - ERROR - Error di detection thread: too many indices for tensor of dimension 2
2025-02-17 13:44:14,396 - __main__ - ERROR - Error di detection thread: too many indices for tensor of dimension 2
2025-02-17 13:44:14,426 - __main__ - ERROR - Error di detection thread: too many indices for tensor of dimension 2
2025-02-17 13:44:14,464 - __main__ - ERROR - Error di detection thread: too many indices for tensor of dimension 2
2025-02-17 13:44:14,493 - __main__ - ERROR - Error di detection thread: too many indices for tensor of dimension 2
2025-02-17 13:44:14,526 - __main__ - ERROR - Error di detection thread: too many indices for tensor of dimension 2
2025-02-17 13:44:14,559 - __main__ - ERROR - Error di detection thread: too many indices for tensor of dimension 2
2025-02-17 13:44:14,587 - __main__ - ERROR - Error di detection thread: too many indices for tensor of dimension 2
2025-02-17 13:44:14,623 - __main__ - ERROR - Error di detection thread: too many indices for tensor of dimension 2
2025-02-17 13:44:14,651 - __main__ - ERROR - Error di detection thread: too many indices for tensor of dimension 2
2025-02-17 13:44:14,683 - __main__ - ERROR - Error di detection thread: too many indices for tensor of dimension 2
2025-02-17 13:44:14,733 - __main__ - ERROR - Error di detection thread: too many indices for tensor of dimension 2
2025-02-17 13:44:14,764 - __main__ - ERROR - Error di detection thread: too many indices for tensor of dimension 2
2025-02-17 13:44:14,797 - __main__ - ERROR - Error di detection thread: too many indices for tensor of dimension 2
2025-02-17 13:44:14,826 - __main__ - ERROR - Error di detection thread: too many indices for tensor of dimension 2
2025-02-17 13:44:14,863 - __main__ - ERROR - Error di detection thread: too many indices for tensor of dimension 2
2025-02-17 13:44:14,894 - __main__ - ERROR - Error di detection thread: too many indices for tensor of dimension 2
2025-02-17 13:44:14,925 - __main__ - ERROR - Error di detection thread: too many indices for tensor of dimension 2
2025-02-17 13:44:14,957 - __main__ - ERROR - Error di detection thread: too many indices for tensor of dimension 2
2025-02-17 13:44:14,988 - __main__ - ERROR - Error di detection thread: too many indices for tensor of dimension 2
2025-02-17 13:44:15,023 - __main__ - ERROR - Error di detection thread: too many indices for tensor of dimension 2
2025-02-17 13:44:15,053 - __main__ - ERROR - Error di detection thread: too many indices for tensor of dimension 2
2025-02-17 13:44:15,083 - __main__ - ERROR - Error di detection thread: too many indices for tensor of dimension 2
2025-02-17 13:44:15,132 - __main__ - ERROR - Error di detection thread: too many indices for tensor of dimension 2
2025-02-17 13:44:15,164 - __main__ - ERROR - Error di detection thread: too many indices for tensor of dimension 2
2025-02-17 13:44:15,196 - __main__ - ERROR - Error di detection thread: too many indices for tensor of dimension 2
2025-02-17 13:44:15,228 - __main__ - ERROR - Error di detection thread: too many indices for tensor of dimension 2
2025-02-17 13:44:15,262 - __main__ - ERROR - Error di detection thread: too many indices for tensor of dimension 2
2025-02-17 13:44:15,294 - __main__ - ERROR - Error di detection thread: too many indices for tensor of dimension 2
2025-02-17 13:44:15,325 - __main__ - ERROR - Error di detection thread: too many indices for tensor of dimension 2
2025-02-17 13:44:15,359 - __main__ - ERROR - Error di detection thread: too many indices for tensor of dimension 2
2025-02-17 13:44:15,389 - __main__ - ERROR - Error di detection thread: too many indices for tensor of dimension 2
2025-02-17 13:44:15,421 - __main__ - ERROR - Error di detection thread: too many indices for tensor of dimension 2
2025-02-17 13:44:15,451 - __main__ - ERROR - Error di detection thread: too many indices for tensor of dimension 2
2025-02-17 13:44:15,483 - __main__ - ERROR - Error di detection thread: too many indices for tensor of dimension 2
2025-02-17 13:44:15,532 - __main__ - ERROR - Error di detection thread: too many indices for tensor of dimension 2
2025-02-17 13:44:15,563 - __main__ - ERROR - Error di detection thread: too many indices for tensor of dimension 2
2025-02-17 13:44:15,595 - __main__ - ERROR - Error di detection thread: too many indices for tensor of dimension 2
2025-02-17 13:44:15,626 - __main__ - ERROR - Error di detection thread: too many indices for tensor of dimension 2
2025-02-17 13:44:15,662 - __main__ - ERROR - Error di detection thread: too many indices for tensor of dimension 2
2025-02-17 13:44:15,693 - __main__ - ERROR - Error di detection thread: too many indices for tensor of dimension 2
2025-02-17 13:44:15,724 - __main__ - ERROR - Error di detection thread: too many indices for tensor of dimension 2
2025-02-17 13:44:15,758 - __main__ - ERROR - Error di detection thread: too many indices for tensor of dimension 2
2025-02-17 13:44:15,788 - __main__ - ERROR - Error di detection thread: too many indices for tensor of dimension 2
2025-02-17 13:44:15,824 - __main__ - ERROR - Error di detection thread: too many indices for tensor of dimension 2
2025-02-17 13:44:15,851 - __main__ - ERROR - Error di detection thread: too many indices for tensor of dimension 2
2025-02-17 13:44:15,882 - __main__ - ERROR - Error di detection thread: too many indices for tensor of dimension 2
2025-02-17 13:44:15,932 - __main__ - ERROR - Error di detection thread: too many indices for tensor of dimension 2
2025-02-17 13:44:15,963 - __main__ - ERROR - Error di detection thread: too many indices for tensor of dimension 2
2025-02-17 13:44:15,995 - __main__ - ERROR - Error di detection thread: too many indices for tensor of dimension 2
2025-02-17 13:44:16,026 - __main__ - ERROR - Error di detection thread: too many indices for tensor of dimension 2
2025-02-17 13:44:16,063 - __main__ - ERROR - Error di detection thread: too many indices for tensor of dimension 2
2025-02-17 13:44:16,094 - __main__ - ERROR - Error di detection thread: too many indices for tensor of dimension 2
2025-02-17 13:44:16,125 - __main__ - ERROR - Error di detection thread: too many indices for tensor of dimension 2
2025-02-17 13:44:16,158 - __main__ - ERROR - Error di detection thread: too many indices for tensor of dimension 2
2025-02-17 13:44:16,187 - __main__ - ERROR - Error di detection thread: too many indices for tensor of dimension 2
2025-02-17 13:44:16,223 - __main__ - ERROR - Error di detection thread: too many indices for tensor of dimension 2
2025-02-17 13:44:16,251 - __main__ - ERROR - Error di detection thread: too many indices for tensor of dimension 2
2025-02-17 13:44:16,284 - __main__ - ERROR - Error di detection thread: too many indices for tensor of dimension 2
2025-02-17 13:44:16,333 - __main__ - ERROR - Error di detection thread: too many indices for tensor of dimension 2
2025-02-17 13:44:16,364 - __main__ - ERROR - Error di detection thread: too many indices for tensor of dimension 2
2025-02-17 13:44:16,398 - __main__ - ERROR - Error di detection thread: too many indices for tensor of dimension 2
2025-02-17 13:44:16,429 - __main__ - ERROR - Error di detection thread: too many indices for tensor of dimension 2
2025-02-17 13:44:16,461 - __main__ - ERROR - Error di detection thread: too many indices for tensor of dimension 2
2025-02-17 13:44:16,493 - __main__ - ERROR - Error di detection thread: too many indices for tensor of dimension 2
2025-02-17 13:44:16,524 - __main__ - ERROR - Error di detection thread: too many indices for tensor of dimension 2
2025-02-17 13:44:16,558 - __main__ - ERROR - Error di detection thread: too many indices for tensor of dimension 2
2025-02-17 13:44:16,586 - __main__ - ERROR - Error di detection thread: too many indices for tensor of dimension 2
2025-02-17 13:44:16,622 - __main__ - ERROR - Error di detection thread: too many indices for tensor of dimension 2
2025-02-17 13:44:16,654 - __main__ - ERROR - Error di detection thread: too many indices for tensor of dimension 2
2025-02-17 13:44:16,685 - __main__ - ERROR - Error di detection thread: too many indices for tensor of dimension 2
2025-02-17 13:44:16,732 - __main__ - ERROR - Error di detection thread: too many indices for tensor of dimension 2
2025-02-17 13:44:16,763 - __main__ - ERROR - Error di detection thread: too many indices for tensor of dimension 2
2025-02-17 13:44:16,797 - __main__ - ERROR - Error di detection thread: too many indices for tensor of dimension 2
2025-02-17 13:44:16,828 - __main__ - ERROR - Error di detection thread: too many indices for tensor of dimension 2
2025-02-17 13:44:16,863 - __main__ - ERROR - Error di detection thread: too many indices for tensor of dimension 2
2025-02-17 13:44:16,893 - __main__ - ERROR - Error di detection thread: too many indices for tensor of dimension 2
2025-02-17 13:44:16,925 - __main__ - ERROR - Error di detection thread: too many indices for tensor of dimension 2
2025-02-17 13:44:16,957 - __main__ - ERROR - Error di detection thread: too many indices for tensor of dimension 2
2025-02-17 13:44:16,986 - __main__ - ERROR - Error di detection thread: too many indices for tensor of dimension 2
2025-02-17 13:44:17,022 - __main__ - ERROR - Error di detection thread: too many indices for tensor of dimension 2
