2025-02-21 14:41:26,274 - __main__ - INFO - Logging system initialized successfully
2025-02-21 14:41:26,275 - __main__ - INFO - Log file created at: D:\DATA\FOR_DL\objectdetection\magang2025\logs\object_detection_20250221_144126.log
2025-02-21 14:41:26,287 - __main__ - INFO - Direktori berhasil dibuat: D:\DATA\FOR_DL\objectdetection\magang2025\clarinet_captured_photos
2025-02-21 14:41:26,287 - __main__ - INFO - Direktori berhasil dibuat: D:\DATA\FOR_DL\objectdetection\magang2025
2025-02-21 14:41:26,288 - __main__ - INFO - Direktori berhasil dibuat: D:\DATA\FOR_DL\objectdetection\magang2025\reports
2025-02-21 14:41:26,288 - __main__ - INFO - Direktori berhasil dibuat: D:\DATA\FOR_DL\objectdetection\magang2025\clarinet_detection_logs
2025-02-21 14:41:26,387 - __main__ - INFO - Model berhasil dimuat dari D:\DATA\FOR_DL\objectdetection\magang2025\trainedclarinettes_yolov8n.pt
2025-02-21 14:41:30,644 - __main__ - INFO - Video capture berhasil diinisialisasi dengan resolusi 1920x1080
2025-02-21 14:41:32,932 - __main__ - INFO - Data berhasil dicatat di D:\DATA\FOR_DL\objectdetection\magang2025\clarinet_detection_logs\clarinet_detection_log.csv
2025-02-21 14:41:32,965 - __main__ - INFO - Data berhasil dicatat di D:\DATA\FOR_DL\objectdetection\magang2025\clarinet_detection_logs\clarinet_detection_log.csv
2025-02-21 14:41:32,999 - __main__ - INFO - Data berhasil dicatat di D:\DATA\FOR_DL\objectdetection\magang2025\clarinet_detection_logs\clarinet_detection_log.csv
2025-02-21 14:41:33,032 - __main__ - INFO - Data berhasil dicatat di D:\DATA\FOR_DL\objectdetection\magang2025\clarinet_detection_logs\clarinet_detection_log.csv
2025-02-21 14:41:33,073 - __main__ - INFO - Data berhasil dicatat di D:\DATA\FOR_DL\objectdetection\magang2025\clarinet_detection_logs\clarinet_detection_log.csv
2025-02-21 14:41:33,107 - __main__ - INFO - Data berhasil dicatat di D:\DATA\FOR_DL\objectdetection\magang2025\clarinet_detection_logs\clarinet_detection_log.csv
2025-02-21 14:41:33,142 - __main__ - INFO - Data berhasil dicatat di D:\DATA\FOR_DL\objectdetection\magang2025\clarinet_detection_logs\clarinet_detection_log.csv
2025-02-21 14:41:33,279 - __main__ - INFO - Data berhasil dicatat di D:\DATA\FOR_DL\objectdetection\magang2025\clarinet_detection_logs\clarinet_detection_log.csv
2025-02-21 14:41:33,482 - __main__ - INFO - Data berhasil dicatat di D:\DATA\FOR_DL\objectdetection\magang2025\clarinet_detection_logs\clarinet_detection_log.csv
2025-02-21 14:41:33,675 - __main__ - INFO - Data berhasil dicatat di D:\DATA\FOR_DL\objectdetection\magang2025\clarinet_detection_logs\clarinet_detection_log.csv
2025-02-21 14:41:33,886 - __main__ - INFO - Data berhasil dicatat di D:\DATA\FOR_DL\objectdetection\magang2025\clarinet_detection_logs\clarinet_detection_log.csv
2025-02-21 14:41:34,080 - __main__ - INFO - Data berhasil dicatat di D:\DATA\FOR_DL\objectdetection\magang2025\clarinet_detection_logs\clarinet_detection_log.csv
2025-02-21 14:41:34,283 - __main__ - INFO - Data berhasil dicatat di D:\DATA\FOR_DL\objectdetection\magang2025\clarinet_detection_logs\clarinet_detection_log.csv
2025-02-21 14:41:34,473 - __main__ - INFO - Data berhasil dicatat di D:\DATA\FOR_DL\objectdetection\magang2025\clarinet_detection_logs\clarinet_detection_log.csv
2025-02-21 14:41:34,682 - __main__ - INFO - Data berhasil dicatat di D:\DATA\FOR_DL\objectdetection\magang2025\clarinet_detection_logs\clarinet_detection_log.csv
2025-02-21 14:41:34,874 - __main__ - INFO - Data berhasil dicatat di D:\DATA\FOR_DL\objectdetection\magang2025\clarinet_detection_logs\clarinet_detection_log.csv
2025-02-21 14:41:35,083 - __main__ - INFO - Data berhasil dicatat di D:\DATA\FOR_DL\objectdetection\magang2025\clarinet_detection_logs\clarinet_detection_log.csv
2025-02-21 14:41:35,280 - __main__ - INFO - Data berhasil dicatat di D:\DATA\FOR_DL\objectdetection\magang2025\clarinet_detection_logs\clarinet_detection_log.csv
2025-02-21 14:41:35,482 - __main__ - INFO - Data berhasil dicatat di D:\DATA\FOR_DL\objectdetection\magang2025\clarinet_detection_logs\clarinet_detection_log.csv
2025-02-21 14:41:35,678 - __main__ - INFO - Data berhasil dicatat di D:\DATA\FOR_DL\objectdetection\magang2025\clarinet_detection_logs\clarinet_detection_log.csv
2025-02-21 14:41:35,883 - __main__ - INFO - Data berhasil dicatat di D:\DATA\FOR_DL\objectdetection\magang2025\clarinet_detection_logs\clarinet_detection_log.csv
2025-02-21 14:41:36,074 - __main__ - INFO - Data berhasil dicatat di D:\DATA\FOR_DL\objectdetection\magang2025\clarinet_detection_logs\clarinet_detection_log.csv
2025-02-21 14:41:36,287 - __main__ - INFO - Data berhasil dicatat di D:\DATA\FOR_DL\objectdetection\magang2025\clarinet_detection_logs\clarinet_detection_log.csv
2025-02-21 14:41:36,476 - __main__ - INFO - Data berhasil dicatat di D:\DATA\FOR_DL\objectdetection\magang2025\clarinet_detection_logs\clarinet_detection_log.csv
2025-02-21 14:41:36,683 - __main__ - INFO - Data berhasil dicatat di D:\DATA\FOR_DL\objectdetection\magang2025\clarinet_detection_logs\clarinet_detection_log.csv
2025-02-21 14:41:36,873 - __main__ - INFO - Data berhasil dicatat di D:\DATA\FOR_DL\objectdetection\magang2025\clarinet_detection_logs\clarinet_detection_log.csv
2025-02-21 14:41:37,082 - __main__ - INFO - Data berhasil dicatat di D:\DATA\FOR_DL\objectdetection\magang2025\clarinet_detection_logs\clarinet_detection_log.csv
2025-02-21 14:41:37,276 - __main__ - INFO - Data berhasil dicatat di D:\DATA\FOR_DL\objectdetection\magang2025\clarinet_detection_logs\clarinet_detection_log.csv
2025-02-21 14:41:37,482 - __main__ - INFO - Data berhasil dicatat di D:\DATA\FOR_DL\objectdetection\magang2025\clarinet_detection_logs\clarinet_detection_log.csv
2025-02-21 14:41:37,677 - __main__ - INFO - Data berhasil dicatat di D:\DATA\FOR_DL\objectdetection\magang2025\clarinet_detection_logs\clarinet_detection_log.csv
2025-02-21 14:41:37,886 - __main__ - INFO - Data berhasil dicatat di D:\DATA\FOR_DL\objectdetection\magang2025\clarinet_detection_logs\clarinet_detection_log.csv
2025-02-21 14:41:38,077 - __main__ - INFO - Data berhasil dicatat di D:\DATA\FOR_DL\objectdetection\magang2025\clarinet_detection_logs\clarinet_detection_log.csv
2025-02-21 14:41:38,285 - __main__ - INFO - Data berhasil dicatat di D:\DATA\FOR_DL\objectdetection\magang2025\clarinet_detection_logs\clarinet_detection_log.csv
2025-02-21 14:41:38,478 - __main__ - INFO - Data berhasil dicatat di D:\DATA\FOR_DL\objectdetection\magang2025\clarinet_detection_logs\clarinet_detection_log.csv
2025-02-21 14:41:38,685 - __main__ - INFO - Data berhasil dicatat di D:\DATA\FOR_DL\objectdetection\magang2025\clarinet_detection_logs\clarinet_detection_log.csv
2025-02-21 14:41:38,879 - __main__ - INFO - Data berhasil dicatat di D:\DATA\FOR_DL\objectdetection\magang2025\clarinet_detection_logs\clarinet_detection_log.csv
2025-02-21 14:41:39,092 - __main__ - INFO - Data berhasil dicatat di D:\DATA\FOR_DL\objectdetection\magang2025\clarinet_detection_logs\clarinet_detection_log.csv
2025-02-21 14:41:39,282 - __main__ - INFO - Data berhasil dicatat di D:\DATA\FOR_DL\objectdetection\magang2025\clarinet_detection_logs\clarinet_detection_log.csv
2025-02-21 14:41:39,491 - __main__ - INFO - Data berhasil dicatat di D:\DATA\FOR_DL\objectdetection\magang2025\clarinet_detection_logs\clarinet_detection_log.csv
2025-02-21 14:41:39,684 - __main__ - INFO - Data berhasil dicatat di D:\DATA\FOR_DL\objectdetection\magang2025\clarinet_detection_logs\clarinet_detection_log.csv
2025-02-21 14:41:39,893 - __main__ - INFO - Data berhasil dicatat di D:\DATA\FOR_DL\objectdetection\magang2025\clarinet_detection_logs\clarinet_detection_log.csv
2025-02-21 14:41:40,085 - __main__ - INFO - Data berhasil dicatat di D:\DATA\FOR_DL\objectdetection\magang2025\clarinet_detection_logs\clarinet_detection_log.csv
2025-02-21 14:41:40,296 - __main__ - INFO - Data berhasil dicatat di D:\DATA\FOR_DL\objectdetection\magang2025\clarinet_detection_logs\clarinet_detection_log.csv
2025-02-21 14:41:40,493 - __main__ - INFO - Data berhasil dicatat di D:\DATA\FOR_DL\objectdetection\magang2025\clarinet_detection_logs\clarinet_detection_log.csv
2025-02-21 14:41:40,697 - __main__ - INFO - Data berhasil dicatat di D:\DATA\FOR_DL\objectdetection\magang2025\clarinet_detection_logs\clarinet_detection_log.csv
2025-02-21 14:41:40,888 - __main__ - INFO - Data berhasil dicatat di D:\DATA\FOR_DL\objectdetection\magang2025\clarinet_detection_logs\clarinet_detection_log.csv
2025-02-21 14:41:40,950 - __main__ - INFO - Foto berhasil disimpan: D:\DATA\FOR_DL\objectdetection\magang2025\clarinet_captured_photos\detected_20250221_144140.jpg
2025-02-21 14:41:41,013 - __main__ - INFO - Gambar disimpan dengan resolusi 1920x1080: D:\DATA\FOR_DL\objectdetection\magang2025\clarinet_captured_photos\detected_20250221_144140.jpg
2025-02-21 14:41:41,017 - __main__ - INFO - Data kelengkapan disimpan ke D:\DATA\FOR_DL\objectdetection\magang2025\clarinet_detection_logs\Set_20250221_144140.csv
2025-02-21 14:41:41,017 - __main__ - INFO - Data berhasil dicatat di D:\DATA\FOR_DL\objectdetection\magang2025\clarinet_detection_logs\clarinet_detection_log.csv
2025-02-21 14:41:41,104 - __main__ - INFO - Data berhasil dicatat di D:\DATA\FOR_DL\objectdetection\magang2025\clarinet_detection_logs\clarinet_detection_log.csv
2025-02-21 14:41:41,299 - __main__ - INFO - Data berhasil dicatat di D:\DATA\FOR_DL\objectdetection\magang2025\clarinet_detection_logs\clarinet_detection_log.csv
2025-02-21 14:41:41,504 - __main__ - INFO - Data berhasil dicatat di D:\DATA\FOR_DL\objectdetection\magang2025\clarinet_detection_logs\clarinet_detection_log.csv
2025-02-21 14:41:41,692 - __main__ - INFO - Data berhasil dicatat di D:\DATA\FOR_DL\objectdetection\magang2025\clarinet_detection_logs\clarinet_detection_log.csv
2025-02-21 14:41:41,896 - __main__ - INFO - Data berhasil dicatat di D:\DATA\FOR_DL\objectdetection\magang2025\clarinet_detection_logs\clarinet_detection_log.csv
2025-02-21 14:41:42,092 - __main__ - INFO - Data berhasil dicatat di D:\DATA\FOR_DL\objectdetection\magang2025\clarinet_detection_logs\clarinet_detection_log.csv
2025-02-21 14:41:42,297 - __main__ - INFO - Data berhasil dicatat di D:\DATA\FOR_DL\objectdetection\magang2025\clarinet_detection_logs\clarinet_detection_log.csv
2025-02-21 14:41:42,491 - __main__ - INFO - Data berhasil dicatat di D:\DATA\FOR_DL\objectdetection\magang2025\clarinet_detection_logs\clarinet_detection_log.csv
2025-02-21 14:41:42,675 - __main__ - INFO - Data dan foto berhasil disimpan.
2025-02-21 14:41:42,708 - __main__ - INFO - Data berhasil dicatat di D:\DATA\FOR_DL\objectdetection\magang2025\clarinet_detection_logs\clarinet_detection_log.csv
2025-02-21 14:41:42,899 - __main__ - INFO - Data berhasil dicatat di D:\DATA\FOR_DL\objectdetection\magang2025\clarinet_detection_logs\clarinet_detection_log.csv
2025-02-21 14:41:43,095 - __main__ - INFO - Data berhasil dicatat di D:\DATA\FOR_DL\objectdetection\magang2025\clarinet_detection_logs\clarinet_detection_log.csv
2025-02-21 14:41:43,290 - __main__ - INFO - Data berhasil dicatat di D:\DATA\FOR_DL\objectdetection\magang2025\clarinet_detection_logs\clarinet_detection_log.csv
2025-02-21 14:41:43,498 - __main__ - INFO - Data berhasil dicatat di D:\DATA\FOR_DL\objectdetection\magang2025\clarinet_detection_logs\clarinet_detection_log.csv
2025-02-21 14:41:43,690 - __main__ - INFO - Data berhasil dicatat di D:\DATA\FOR_DL\objectdetection\magang2025\clarinet_detection_logs\clarinet_detection_log.csv
2025-02-21 14:41:43,902 - __main__ - INFO - Data berhasil dicatat di D:\DATA\FOR_DL\objectdetection\magang2025\clarinet_detection_logs\clarinet_detection_log.csv
2025-02-21 14:41:44,089 - __main__ - INFO - Data berhasil dicatat di D:\DATA\FOR_DL\objectdetection\magang2025\clarinet_detection_logs\clarinet_detection_log.csv
2025-02-21 14:41:44,298 - __main__ - INFO - Data berhasil dicatat di D:\DATA\FOR_DL\objectdetection\magang2025\clarinet_detection_logs\clarinet_detection_log.csv
2025-02-21 14:41:44,489 - __main__ - INFO - Data berhasil dicatat di D:\DATA\FOR_DL\objectdetection\magang2025\clarinet_detection_logs\clarinet_detection_log.csv
2025-02-21 14:41:44,544 - __main__ - INFO - Foto berhasil disimpan: D:\DATA\FOR_DL\objectdetection\magang2025\clarinet_captured_photos\detected_20250221_144144.jpg
2025-02-21 14:41:44,589 - __main__ - INFO - Gambar disimpan dengan resolusi 1920x1080: D:\DATA\FOR_DL\objectdetection\magang2025\clarinet_captured_photos\detected_20250221_144144.jpg
2025-02-21 14:41:44,590 - __main__ - INFO - Data kelengkapan disimpan ke D:\DATA\FOR_DL\objectdetection\magang2025\clarinet_detection_logs\Set_20250221_144144.csv
2025-02-21 14:41:44,591 - __main__ - INFO - Data berhasil dicatat di D:\DATA\FOR_DL\objectdetection\magang2025\clarinet_detection_logs\clarinet_detection_log.csv
2025-02-21 14:41:44,706 - __main__ - INFO - Data berhasil dicatat di D:\DATA\FOR_DL\objectdetection\magang2025\clarinet_detection_logs\clarinet_detection_log.csv
2025-02-21 14:41:44,877 - __main__ - INFO - Data berhasil dicatat di D:\DATA\FOR_DL\objectdetection\magang2025\clarinet_detection_logs\clarinet_detection_log.csv
2025-02-21 14:41:45,087 - __main__ - INFO - Data berhasil dicatat di D:\DATA\FOR_DL\objectdetection\magang2025\clarinet_detection_logs\clarinet_detection_log.csv
2025-02-21 14:41:45,277 - __main__ - INFO - Data berhasil dicatat di D:\DATA\FOR_DL\objectdetection\magang2025\clarinet_detection_logs\clarinet_detection_log.csv
2025-02-21 14:41:45,484 - __main__ - INFO - Data berhasil dicatat di D:\DATA\FOR_DL\objectdetection\magang2025\clarinet_detection_logs\clarinet_detection_log.csv
2025-02-21 14:41:45,678 - __main__ - INFO - Data berhasil dicatat di D:\DATA\FOR_DL\objectdetection\magang2025\clarinet_detection_logs\clarinet_detection_log.csv
2025-02-21 14:41:45,837 - __main__ - INFO - Data dan foto berhasil disimpan.
2025-02-21 14:41:45,882 - __main__ - INFO - Data berhasil dicatat di D:\DATA\FOR_DL\objectdetection\magang2025\clarinet_detection_logs\clarinet_detection_log.csv
2025-02-21 14:41:46,079 - __main__ - INFO - Data berhasil dicatat di D:\DATA\FOR_DL\objectdetection\magang2025\clarinet_detection_logs\clarinet_detection_log.csv
2025-02-21 14:41:46,282 - __main__ - INFO - Data berhasil dicatat di D:\DATA\FOR_DL\objectdetection\magang2025\clarinet_detection_logs\clarinet_detection_log.csv
2025-02-21 14:41:46,478 - __main__ - INFO - Data berhasil dicatat di D:\DATA\FOR_DL\objectdetection\magang2025\clarinet_detection_logs\clarinet_detection_log.csv
2025-02-21 14:41:46,689 - __main__ - INFO - Data berhasil dicatat di D:\DATA\FOR_DL\objectdetection\magang2025\clarinet_detection_logs\clarinet_detection_log.csv
2025-02-21 14:41:46,881 - __main__ - INFO - Data berhasil dicatat di D:\DATA\FOR_DL\objectdetection\magang2025\clarinet_detection_logs\clarinet_detection_log.csv
2025-02-21 14:41:47,081 - __main__ - INFO - Data berhasil dicatat di D:\DATA\FOR_DL\objectdetection\magang2025\clarinet_detection_logs\clarinet_detection_log.csv
2025-02-21 14:41:47,275 - __main__ - INFO - Data berhasil dicatat di D:\DATA\FOR_DL\objectdetection\magang2025\clarinet_detection_logs\clarinet_detection_log.csv
2025-02-21 14:41:47,481 - __main__ - INFO - Data berhasil dicatat di D:\DATA\FOR_DL\objectdetection\magang2025\clarinet_detection_logs\clarinet_detection_log.csv
2025-02-21 14:41:47,674 - __main__ - INFO - Data berhasil dicatat di D:\DATA\FOR_DL\objectdetection\magang2025\clarinet_detection_logs\clarinet_detection_log.csv
2025-02-21 14:41:47,889 - __main__ - INFO - Data berhasil dicatat di D:\DATA\FOR_DL\objectdetection\magang2025\clarinet_detection_logs\clarinet_detection_log.csv
2025-02-21 14:41:48,077 - __main__ - INFO - Data berhasil dicatat di D:\DATA\FOR_DL\objectdetection\magang2025\clarinet_detection_logs\clarinet_detection_log.csv
2025-02-21 14:41:48,285 - __main__ - INFO - Data berhasil dicatat di D:\DATA\FOR_DL\objectdetection\magang2025\clarinet_detection_logs\clarinet_detection_log.csv
2025-02-21 14:41:48,476 - __main__ - INFO - Data berhasil dicatat di D:\DATA\FOR_DL\objectdetection\magang2025\clarinet_detection_logs\clarinet_detection_log.csv
2025-02-21 14:41:48,688 - __main__ - INFO - Data berhasil dicatat di D:\DATA\FOR_DL\objectdetection\magang2025\clarinet_detection_logs\clarinet_detection_log.csv
2025-02-21 14:41:48,880 - __main__ - INFO - Data berhasil dicatat di D:\DATA\FOR_DL\objectdetection\magang2025\clarinet_detection_logs\clarinet_detection_log.csv
2025-02-21 14:41:49,086 - __main__ - INFO - Data berhasil dicatat di D:\DATA\FOR_DL\objectdetection\magang2025\clarinet_detection_logs\clarinet_detection_log.csv
2025-02-21 14:41:49,283 - __main__ - INFO - Data berhasil dicatat di D:\DATA\FOR_DL\objectdetection\magang2025\clarinet_detection_logs\clarinet_detection_log.csv
2025-02-21 14:41:49,491 - __main__ - INFO - Data berhasil dicatat di D:\DATA\FOR_DL\objectdetection\magang2025\clarinet_detection_logs\clarinet_detection_log.csv
2025-02-21 14:41:49,682 - __main__ - INFO - Data berhasil dicatat di D:\DATA\FOR_DL\objectdetection\magang2025\clarinet_detection_logs\clarinet_detection_log.csv
2025-02-21 14:41:49,895 - __main__ - INFO - Data berhasil dicatat di D:\DATA\FOR_DL\objectdetection\magang2025\clarinet_detection_logs\clarinet_detection_log.csv
2025-02-21 14:41:50,087 - __main__ - INFO - Data berhasil dicatat di D:\DATA\FOR_DL\objectdetection\magang2025\clarinet_detection_logs\clarinet_detection_log.csv
2025-02-21 14:41:50,298 - __main__ - INFO - Data berhasil dicatat di D:\DATA\FOR_DL\objectdetection\magang2025\clarinet_detection_logs\clarinet_detection_log.csv
2025-02-21 14:41:50,491 - __main__ - INFO - Data berhasil dicatat di D:\DATA\FOR_DL\objectdetection\magang2025\clarinet_detection_logs\clarinet_detection_log.csv
2025-02-21 14:41:50,698 - __main__ - INFO - Data berhasil dicatat di D:\DATA\FOR_DL\objectdetection\magang2025\clarinet_detection_logs\clarinet_detection_log.csv
2025-02-21 14:41:50,886 - __main__ - INFO - Data berhasil dicatat di D:\DATA\FOR_DL\objectdetection\magang2025\clarinet_detection_logs\clarinet_detection_log.csv
2025-02-21 14:41:51,098 - __main__ - INFO - Data berhasil dicatat di D:\DATA\FOR_DL\objectdetection\magang2025\clarinet_detection_logs\clarinet_detection_log.csv
2025-02-21 14:41:51,292 - __main__ - INFO - Data berhasil dicatat di D:\DATA\FOR_DL\objectdetection\magang2025\clarinet_detection_logs\clarinet_detection_log.csv
2025-02-21 14:41:51,499 - __main__ - INFO - Data berhasil dicatat di D:\DATA\FOR_DL\objectdetection\magang2025\clarinet_detection_logs\clarinet_detection_log.csv
2025-02-21 14:41:51,689 - __main__ - INFO - Data berhasil dicatat di D:\DATA\FOR_DL\objectdetection\magang2025\clarinet_detection_logs\clarinet_detection_log.csv
2025-02-21 14:41:51,898 - __main__ - INFO - Data berhasil dicatat di D:\DATA\FOR_DL\objectdetection\magang2025\clarinet_detection_logs\clarinet_detection_log.csv
2025-02-21 14:41:52,090 - __main__ - INFO - Data berhasil dicatat di D:\DATA\FOR_DL\objectdetection\magang2025\clarinet_detection_logs\clarinet_detection_log.csv
2025-02-21 14:41:52,295 - __main__ - INFO - Data berhasil dicatat di D:\DATA\FOR_DL\objectdetection\magang2025\clarinet_detection_logs\clarinet_detection_log.csv
2025-02-21 14:41:52,490 - __main__ - INFO - Data berhasil dicatat di D:\DATA\FOR_DL\objectdetection\magang2025\clarinet_detection_logs\clarinet_detection_log.csv
2025-02-21 14:41:52,698 - __main__ - INFO - Data berhasil dicatat di D:\DATA\FOR_DL\objectdetection\magang2025\clarinet_detection_logs\clarinet_detection_log.csv
2025-02-21 14:41:52,889 - __main__ - INFO - Data berhasil dicatat di D:\DATA\FOR_DL\objectdetection\magang2025\clarinet_detection_logs\clarinet_detection_log.csv
2025-02-21 14:41:53,098 - __main__ - INFO - Data berhasil dicatat di D:\DATA\FOR_DL\objectdetection\magang2025\clarinet_detection_logs\clarinet_detection_log.csv
2025-02-21 14:41:53,291 - __main__ - INFO - Data berhasil dicatat di D:\DATA\FOR_DL\objectdetection\magang2025\clarinet_detection_logs\clarinet_detection_log.csv
2025-02-21 14:41:53,510 - __main__ - INFO - Data berhasil dicatat di D:\DATA\FOR_DL\objectdetection\magang2025\clarinet_detection_logs\clarinet_detection_log.csv
2025-02-21 14:41:53,690 - __main__ - INFO - Data berhasil dicatat di D:\DATA\FOR_DL\objectdetection\magang2025\clarinet_detection_logs\clarinet_detection_log.csv
