2025-02-17 15:58:26,155 - __main__ - INFO - Logging system initialized successfully
2025-02-17 15:58:26,155 - __main__ - INFO - Log file created at: D:\DATA\FOR_DL\objectdetection\magang2025\logs\object_detection_20250217_155826.log
2025-02-17 15:58:26,157 - __main__ - INFO - Direktori berhasil dibuat: D:\DATA\FOR_DL\objectdetection\magang2025\captured_photos
2025-02-17 15:58:26,157 - __main__ - INFO - Direktori berhasil dibuat: D:\DATA\FOR_DL\objectdetection\magang2025
2025-02-17 15:58:26,158 - __main__ - INFO - Direktori berhasil dibuat: D:\DATA\FOR_DL\objectdetection\magang2025\reports
2025-02-17 15:58:26,158 - __main__ - INFO - Direktori berhasil dibuat: D:\DATA\FOR_DL\objectdetection\magang2025
2025-02-17 15:58:26,251 - __main__ - INFO - Model berhasil dimuat dari D:\DATA\FOR_DL\objectdetection\magang2025\trained3object_yolov8n.pt
2025-02-17 15:58:30,209 - __main__ - INFO - Video capture berhasil diinisialisasi
2025-02-17 16:00:04,258 - __main__ - INFO - Confidence threshold updated to 0.30
2025-02-17 16:00:04,340 - __main__ - INFO - Confidence threshold updated to 0.30
2025-02-17 16:00:04,363 - __main__ - INFO - Confidence threshold updated to 0.30
2025-02-17 16:00:04,375 - __main__ - INFO - Confidence threshold updated to 0.30
2025-02-17 16:00:04,382 - __main__ - INFO - Confidence threshold updated to 0.30
2025-02-17 16:00:04,390 - __main__ - INFO - Confidence threshold updated to 0.30
2025-02-17 16:00:04,398 - __main__ - INFO - Confidence threshold updated to 0.25
2025-02-17 16:00:04,412 - __main__ - INFO - Confidence threshold updated to 0.25
2025-02-17 16:00:04,420 - __main__ - INFO - Confidence threshold updated to 0.25
2025-02-17 16:00:04,429 - __main__ - INFO - Confidence threshold updated to 0.25
2025-02-17 16:00:04,448 - __main__ - INFO - Confidence threshold updated to 0.25
2025-02-17 16:00:04,496 - __main__ - INFO - Confidence threshold updated to 0.25
2025-02-17 16:00:04,522 - __main__ - INFO - Confidence threshold updated to 0.25
2025-02-17 16:00:04,644 - __main__ - INFO - Confidence threshold updated to 0.25
2025-02-17 16:00:04,660 - __main__ - INFO - Confidence threshold updated to 0.25
2025-02-17 16:00:24,007 - __main__ - INFO - Confidence threshold updated to 0.65
2025-02-17 16:00:25,831 - __main__ - INFO - Confidence threshold updated to 0.65
2025-02-17 16:00:25,919 - __main__ - INFO - Confidence threshold updated to 0.65
2025-02-17 16:00:25,947 - __main__ - INFO - Confidence threshold updated to 0.65
2025-02-17 16:00:25,965 - __main__ - INFO - Confidence threshold updated to 0.60
2025-02-17 16:00:25,974 - __main__ - INFO - Confidence threshold updated to 0.60
2025-02-17 16:00:25,981 - __main__ - INFO - Confidence threshold updated to 0.60
2025-02-17 16:00:25,989 - __main__ - INFO - Confidence threshold updated to 0.60
2025-02-17 16:00:25,997 - __main__ - INFO - Confidence threshold updated to 0.60
2025-02-17 16:00:26,007 - __main__ - INFO - Confidence threshold updated to 0.55
2025-02-17 16:00:26,015 - __main__ - INFO - Confidence threshold updated to 0.55
2025-02-17 16:00:26,023 - __main__ - INFO - Confidence threshold updated to 0.55
2025-02-17 16:00:26,031 - __main__ - INFO - Confidence threshold updated to 0.55
2025-02-17 16:00:26,040 - __main__ - INFO - Confidence threshold updated to 0.55
2025-02-17 16:00:26,047 - __main__ - INFO - Confidence threshold updated to 0.50
2025-02-17 16:00:26,055 - __main__ - INFO - Confidence threshold updated to 0.50
2025-02-17 16:00:26,065 - __main__ - INFO - Confidence threshold updated to 0.50
2025-02-17 16:00:26,074 - __main__ - INFO - Confidence threshold updated to 0.45
2025-02-17 16:00:26,082 - __main__ - INFO - Confidence threshold updated to 0.45
2025-02-17 16:00:26,089 - __main__ - INFO - Confidence threshold updated to 0.45
2025-02-17 16:00:26,097 - __main__ - INFO - Confidence threshold updated to 0.45
2025-02-17 16:00:26,105 - __main__ - INFO - Confidence threshold updated to 0.45
2025-02-17 16:00:26,115 - __main__ - INFO - Confidence threshold updated to 0.45
2025-02-17 16:00:26,123 - __main__ - INFO - Confidence threshold updated to 0.40
2025-02-17 16:00:26,131 - __main__ - INFO - Confidence threshold updated to 0.40
2025-02-17 16:00:26,139 - __main__ - INFO - Confidence threshold updated to 0.40
2025-02-17 16:00:26,148 - __main__ - INFO - Confidence threshold updated to 0.40
2025-02-17 16:00:26,157 - __main__ - INFO - Confidence threshold updated to 0.35
2025-02-17 16:00:26,165 - __main__ - INFO - Confidence threshold updated to 0.35
2025-02-17 16:00:26,181 - __main__ - INFO - Confidence threshold updated to 0.35
2025-02-17 16:00:26,189 - __main__ - INFO - Confidence threshold updated to 0.35
2025-02-17 16:00:26,199 - __main__ - INFO - Confidence threshold updated to 0.35
2025-02-17 16:00:26,207 - __main__ - INFO - Confidence threshold updated to 0.35
2025-02-17 16:00:26,217 - __main__ - INFO - Confidence threshold updated to 0.30
2025-02-17 16:00:26,223 - __main__ - INFO - Confidence threshold updated to 0.30
2025-02-17 16:00:26,236 - __main__ - INFO - Confidence threshold updated to 0.30
2025-02-17 16:00:26,241 - __main__ - INFO - Confidence threshold updated to 0.30
2025-02-17 16:00:26,250 - __main__ - INFO - Confidence threshold updated to 0.30
2025-02-17 16:00:26,261 - __main__ - INFO - Confidence threshold updated to 0.25
2025-02-17 16:00:26,266 - __main__ - INFO - Confidence threshold updated to 0.25
2025-02-17 16:00:26,276 - __main__ - INFO - Confidence threshold updated to 0.25
2025-02-17 16:00:26,283 - __main__ - INFO - Confidence threshold updated to 0.25
2025-02-17 16:00:26,290 - __main__ - INFO - Confidence threshold updated to 0.25
2025-02-17 16:00:26,301 - __main__ - INFO - Confidence threshold updated to 0.20
2025-02-17 16:00:26,308 - __main__ - INFO - Confidence threshold updated to 0.20
2025-02-17 16:00:26,316 - __main__ - INFO - Confidence threshold updated to 0.20
2025-02-17 16:00:26,323 - __main__ - INFO - Confidence threshold updated to 0.20
2025-02-17 16:00:26,494 - __main__ - INFO - Confidence threshold updated to 0.20
2025-02-17 16:00:26,513 - __main__ - INFO - Confidence threshold updated to 0.20
2025-02-17 16:00:26,521 - __main__ - INFO - Confidence threshold updated to 0.20
2025-02-17 16:00:26,533 - __main__ - INFO - Confidence threshold updated to 0.15
2025-02-17 16:00:26,539 - __main__ - INFO - Confidence threshold updated to 0.15
2025-02-17 16:00:26,548 - __main__ - INFO - Confidence threshold updated to 0.15
2025-02-17 16:00:26,555 - __main__ - INFO - Confidence threshold updated to 0.15
2025-02-17 16:00:26,564 - __main__ - INFO - Confidence threshold updated to 0.15
2025-02-17 16:00:26,574 - __main__ - INFO - Confidence threshold updated to 0.15
2025-02-17 16:00:26,586 - __main__ - INFO - Confidence threshold updated to 0.15
2025-02-17 16:00:26,594 - __main__ - INFO - Confidence threshold updated to 0.15
2025-02-17 16:00:26,602 - __main__ - INFO - Confidence threshold updated to 0.15
2025-02-17 16:00:26,610 - __main__ - INFO - Confidence threshold updated to 0.10
2025-02-17 16:00:26,618 - __main__ - INFO - Confidence threshold updated to 0.10
2025-02-17 16:00:26,628 - __main__ - INFO - Confidence threshold updated to 0.10
2025-02-17 16:00:26,637 - __main__ - INFO - Confidence threshold updated to 0.10
2025-02-17 16:00:26,645 - __main__ - INFO - Confidence threshold updated to 0.10
2025-02-17 16:00:26,656 - __main__ - INFO - Confidence threshold updated to 0.10
2025-02-17 16:00:26,666 - __main__ - INFO - Confidence threshold updated to 0.10
2025-02-17 16:00:26,674 - __main__ - INFO - Confidence threshold updated to 0.10
2025-02-17 16:00:26,681 - __main__ - INFO - Confidence threshold updated to 0.10
2025-02-17 16:00:26,689 - __main__ - INFO - Confidence threshold updated to 0.10
2025-02-17 16:00:26,698 - __main__ - INFO - Confidence threshold updated to 0.05
2025-02-17 16:00:26,705 - __main__ - INFO - Confidence threshold updated to 0.05
2025-02-17 16:00:26,715 - __main__ - INFO - Confidence threshold updated to 0.05
2025-02-17 16:00:26,723 - __main__ - INFO - Confidence threshold updated to 0.05
2025-02-17 16:00:26,732 - __main__ - INFO - Confidence threshold updated to 0.05
2025-02-17 16:00:26,740 - __main__ - INFO - Confidence threshold updated to 0.05
2025-02-17 16:00:26,747 - __main__ - INFO - Confidence threshold updated to 0.05
2025-02-17 16:00:26,759 - __main__ - INFO - Confidence threshold updated to 0.05
2025-02-17 16:00:26,775 - __main__ - INFO - Confidence threshold updated to 0.05
2025-02-17 16:00:28,730 - __main__ - INFO - Confidence threshold updated to 0.10
2025-02-17 16:00:28,842 - __main__ - INFO - Confidence threshold updated to 0.10
2025-02-17 16:00:28,851 - __main__ - INFO - Confidence threshold updated to 0.10
2025-02-17 16:00:28,857 - __main__ - INFO - Confidence threshold updated to 0.10
2025-02-17 16:00:28,866 - __main__ - INFO - Confidence threshold updated to 0.10
2025-02-17 16:00:28,873 - __main__ - INFO - Confidence threshold updated to 0.15
2025-02-17 16:00:28,881 - __main__ - INFO - Confidence threshold updated to 0.15
2025-02-17 16:00:28,889 - __main__ - INFO - Confidence threshold updated to 0.15
2025-02-17 16:00:28,899 - __main__ - INFO - Confidence threshold updated to 0.15
2025-02-17 16:00:28,909 - __main__ - INFO - Confidence threshold updated to 0.20
2025-02-17 16:00:28,915 - __main__ - INFO - Confidence threshold updated to 0.20
2025-02-17 16:00:28,923 - __main__ - INFO - Confidence threshold updated to 0.20
2025-02-17 16:00:28,931 - __main__ - INFO - Confidence threshold updated to 0.20
2025-02-17 16:00:28,941 - __main__ - INFO - Confidence threshold updated to 0.20
2025-02-17 16:00:28,950 - __main__ - INFO - Confidence threshold updated to 0.20
2025-02-17 16:00:28,957 - __main__ - INFO - Confidence threshold updated to 0.20
2025-02-17 16:00:28,965 - __main__ - INFO - Confidence threshold updated to 0.20
2025-02-17 16:00:28,977 - __main__ - INFO - Confidence threshold updated to 0.20
2025-02-17 16:00:28,985 - __main__ - INFO - Confidence threshold updated to 0.25
2025-02-17 16:00:28,993 - __main__ - INFO - Confidence threshold updated to 0.25
2025-02-17 16:00:29,004 - __main__ - INFO - Confidence threshold updated to 0.25
2025-02-17 16:00:29,011 - __main__ - INFO - Confidence threshold updated to 0.25
2025-02-17 16:00:29,020 - __main__ - INFO - Confidence threshold updated to 0.25
2025-02-17 16:00:29,027 - __main__ - INFO - Confidence threshold updated to 0.25
2025-02-17 16:00:29,036 - __main__ - INFO - Confidence threshold updated to 0.25
2025-02-17 16:00:29,047 - __main__ - INFO - Confidence threshold updated to 0.25
2025-02-17 16:00:29,054 - __main__ - INFO - Confidence threshold updated to 0.25
2025-02-17 16:00:29,061 - __main__ - INFO - Confidence threshold updated to 0.30
2025-02-17 16:00:29,070 - __main__ - INFO - Confidence threshold updated to 0.30
2025-02-17 16:00:29,079 - __main__ - INFO - Confidence threshold updated to 0.30
2025-02-17 16:00:29,094 - __main__ - INFO - Confidence threshold updated to 0.30
2025-02-17 16:00:29,109 - __main__ - INFO - Confidence threshold updated to 0.30
2025-02-17 16:00:29,162 - __main__ - INFO - Confidence threshold updated to 0.30
2025-02-17 16:00:29,436 - __main__ - INFO - Confidence threshold updated to 0.30
2025-02-17 16:00:29,444 - __main__ - INFO - Confidence threshold updated to 0.30
2025-02-17 16:00:29,451 - __main__ - INFO - Confidence threshold updated to 0.30
2025-02-17 16:00:29,462 - __main__ - INFO - Confidence threshold updated to 0.30
2025-02-17 16:00:29,469 - __main__ - INFO - Confidence threshold updated to 0.30
2025-02-17 16:00:29,478 - __main__ - INFO - Confidence threshold updated to 0.35
2025-02-17 16:00:29,485 - __main__ - INFO - Confidence threshold updated to 0.35
2025-02-17 16:00:29,493 - __main__ - INFO - Confidence threshold updated to 0.35
2025-02-17 16:00:29,501 - __main__ - INFO - Confidence threshold updated to 0.35
2025-02-17 16:00:29,513 - __main__ - INFO - Confidence threshold updated to 0.40
2025-02-17 16:00:29,519 - __main__ - INFO - Confidence threshold updated to 0.40
2025-02-17 16:00:29,532 - __main__ - INFO - Confidence threshold updated to 0.40
2025-02-17 16:00:48,271 - __main__ - INFO - Data berhasil dicatat di D:\DATA\FOR_DL\objectdetection\magang2025\detection_log.csv
2025-02-17 16:00:49,714 - __main__ - INFO - Foto berhasil disimpan: D:\DATA\FOR_DL\objectdetection\magang2025\captured_photos\detected_20250217_160048.jpg
2025-02-17 16:00:51,503 - __main__ - INFO - Data berhasil dicatat di D:\DATA\FOR_DL\objectdetection\magang2025\detection_log.csv
2025-02-17 16:00:54,551 - __main__ - INFO - Foto berhasil disimpan: D:\DATA\FOR_DL\objectdetection\magang2025\captured_photos\detected_20250217_160051.jpg
