2025-02-21 13:23:16,872 - __main__ - INFO - Logging system initialized successfully
2025-02-21 13:23:16,874 - __main__ - INFO - Log file created at: D:\DATA\FOR_DL\objectdetection\magang2025\logs\object_detection_20250221_132316.log
2025-02-21 13:23:16,886 - __main__ - INFO - Direktori berhasil dibuat: D:\DATA\FOR_DL\objectdetection\magang2025\clarinet_captured_photos
2025-02-21 13:23:16,887 - __main__ - INFO - Direktori berhasil dibuat: D:\DATA\FOR_DL\objectdetection\magang2025
2025-02-21 13:23:16,887 - __main__ - INFO - Direktori berhasil dibuat: D:\DATA\FOR_DL\objectdetection\magang2025\reports
2025-02-21 13:23:16,887 - __main__ - INFO - Direktori berhasil dibuat: D:\DATA\FOR_DL\objectdetection\magang2025\clarinet_detection_logs
2025-02-21 13:23:16,983 - __main__ - INFO - Model berhasil dimuat dari D:\DATA\FOR_DL\objectdetection\magang2025\trainedclarinettes_yolov8n.pt
2025-02-21 13:23:20,946 - __main__ - INFO - Video capture berhasil diinisialisasi
2025-02-21 13:23:51,264 - __main__ - INFO - Confidence threshold updated to 0.15
2025-02-21 13:23:53,442 - __main__ - INFO - Confidence threshold updated to 0.15
2025-02-21 13:23:53,590 - __main__ - INFO - Confidence threshold updated to 0.15
2025-02-21 13:23:53,598 - __main__ - INFO - Confidence threshold updated to 0.15
2025-02-21 13:23:53,606 - __main__ - INFO - Confidence threshold updated to 0.10
2025-02-21 13:23:53,614 - __main__ - INFO - Confidence threshold updated to 0.10
2025-02-21 13:23:53,622 - __main__ - INFO - Confidence threshold updated to 0.10
2025-02-21 13:23:53,629 - __main__ - INFO - Confidence threshold updated to 0.10
2025-02-21 13:23:53,637 - __main__ - INFO - Confidence threshold updated to 0.10
2025-02-21 13:23:53,647 - __main__ - INFO - Confidence threshold updated to 0.10
2025-02-21 13:23:53,656 - __main__ - INFO - Confidence threshold updated to 0.10
2025-02-21 13:23:53,663 - __main__ - INFO - Confidence threshold updated to 0.10
2025-02-21 13:23:53,672 - __main__ - INFO - Confidence threshold updated to 0.05
2025-02-21 13:23:53,696 - __main__ - INFO - Confidence threshold updated to 0.05
2025-02-21 13:23:53,812 - __main__ - INFO - Confidence threshold updated to 0.05
2025-02-21 13:23:55,270 - __main__ - INFO - Confidence threshold updated to 0.25
2025-02-21 13:23:56,944 - __main__ - INFO - Confidence threshold updated to 0.45
2025-02-21 13:24:01,774 - __main__ - INFO - Confidence threshold updated to 0.30
2025-02-21 13:24:02,182 - __main__ - INFO - Confidence threshold updated to 0.20
2025-02-21 13:24:05,809 - __main__ - INFO - Confidence threshold updated to 0.10
