2025-02-20 13:43:42,254 - __main__ - INFO - Logging system initialized successfully
2025-02-20 13:43:42,254 - __main__ - INFO - Log file created at: D:\DATA\FOR_DL\objectdetection\magang2025\logs\object_detection_20250220_134342.log
2025-02-20 13:43:42,273 - __main__ - INFO - Direktori berhasil dibuat: D:\DATA\FOR_DL\objectdetection\magang2025\clarinet_captured_photos
2025-02-20 13:43:42,274 - __main__ - INFO - Direktori berhasil dibuat: D:\DATA\FOR_DL\objectdetection\magang2025
2025-02-20 13:43:42,274 - __main__ - INFO - Direktori berhasil dibuat: D:\DATA\FOR_DL\objectdetection\magang2025\reports
2025-02-20 13:43:42,275 - __main__ - INFO - Direktori berhasil dibuat: D:\DATA\FOR_DL\objectdetection\magang2025
2025-02-20 13:43:42,381 - __main__ - INFO - Model berhasil dimuat dari D:\DATA\FOR_DL\objectdetection\magang2025\trainedclarinet_yolov8n.pt
2025-02-20 13:43:46,449 - __main__ - INFO - Video capture berhasil diinisialisasi
2025-02-20 13:44:01,094 - __main__ - INFO - Confidence threshold updated to 0.50
2025-02-20 13:44:01,178 - __main__ - INFO - Confidence threshold updated to 0.50
2025-02-20 13:44:01,287 - __main__ - INFO - Confidence threshold updated to 0.50
2025-02-20 13:44:01,295 - __main__ - INFO - Confidence threshold updated to 0.50
2025-02-20 13:44:01,302 - __main__ - INFO - Confidence threshold updated to 0.50
2025-02-20 13:44:01,314 - __main__ - INFO - Confidence threshold updated to 0.50
2025-02-20 13:44:01,319 - __main__ - INFO - Confidence threshold updated to 0.55
2025-02-20 13:44:01,325 - __main__ - INFO - Confidence threshold updated to 0.55
2025-02-20 13:44:01,336 - __main__ - INFO - Confidence threshold updated to 0.55
2025-02-20 13:44:01,345 - __main__ - INFO - Confidence threshold updated to 0.55
2025-02-20 13:44:01,352 - __main__ - INFO - Confidence threshold updated to 0.55
2025-02-20 13:44:01,360 - __main__ - INFO - Confidence threshold updated to 0.55
2025-02-20 13:44:01,367 - __main__ - INFO - Confidence threshold updated to 0.55
2025-02-20 13:44:01,379 - __main__ - INFO - Confidence threshold updated to 0.55
2025-02-20 13:44:01,385 - __main__ - INFO - Confidence threshold updated to 0.55
2025-02-20 13:44:01,402 - __main__ - INFO - Confidence threshold updated to 0.55
2025-02-20 13:44:01,445 - __main__ - INFO - Confidence threshold updated to 0.55
2025-02-20 13:44:01,458 - __main__ - INFO - Confidence threshold updated to 0.60
2025-02-20 13:44:01,485 - __main__ - INFO - Confidence threshold updated to 0.60
2025-02-20 13:44:01,497 - __main__ - INFO - Confidence threshold updated to 0.60
2025-02-20 13:44:01,507 - __main__ - INFO - Confidence threshold updated to 0.60
2025-02-20 13:44:01,519 - __main__ - INFO - Confidence threshold updated to 0.60
2025-02-20 13:44:01,525 - __main__ - INFO - Confidence threshold updated to 0.65
2025-02-20 13:44:01,532 - __main__ - INFO - Confidence threshold updated to 0.65
2025-02-20 13:44:01,545 - __main__ - INFO - Confidence threshold updated to 0.65
2025-02-20 13:44:01,551 - __main__ - INFO - Confidence threshold updated to 0.70
2025-02-20 13:44:01,561 - __main__ - INFO - Confidence threshold updated to 0.70
2025-02-20 13:44:01,565 - __main__ - INFO - Confidence threshold updated to 0.70
2025-02-20 13:44:01,574 - __main__ - INFO - Confidence threshold updated to 0.75
2025-02-20 13:44:01,582 - __main__ - INFO - Confidence threshold updated to 0.75
2025-02-20 13:44:01,592 - __main__ - INFO - Confidence threshold updated to 0.75
2025-02-20 13:44:01,600 - __main__ - INFO - Confidence threshold updated to 0.75
2025-02-20 13:44:01,610 - __main__ - INFO - Confidence threshold updated to 0.75
2025-02-20 13:44:01,615 - __main__ - INFO - Confidence threshold updated to 0.75
2025-02-20 13:44:01,624 - __main__ - INFO - Confidence threshold updated to 0.75
2025-02-20 13:44:01,632 - __main__ - INFO - Confidence threshold updated to 0.75
2025-02-20 13:44:01,642 - __main__ - INFO - Confidence threshold updated to 0.80
2025-02-20 13:44:01,649 - __main__ - INFO - Confidence threshold updated to 0.80
2025-02-20 13:44:01,658 - __main__ - INFO - Confidence threshold updated to 0.80
2025-02-20 13:44:01,666 - __main__ - INFO - Confidence threshold updated to 0.80
2025-02-20 13:44:01,676 - __main__ - INFO - Confidence threshold updated to 0.85
2025-02-20 13:44:01,684 - __main__ - INFO - Confidence threshold updated to 0.85
2025-02-20 13:44:01,692 - __main__ - INFO - Confidence threshold updated to 0.85
2025-02-20 13:44:02,421 - __main__ - INFO - Confidence threshold updated to 0.85
2025-02-20 13:44:02,529 - __main__ - INFO - Confidence threshold updated to 0.85
2025-02-20 13:44:02,570 - __main__ - INFO - Confidence threshold updated to 0.85
2025-02-20 13:44:02,580 - __main__ - INFO - Confidence threshold updated to 0.85
2025-02-20 13:44:02,588 - __main__ - INFO - Confidence threshold updated to 0.80
2025-02-20 13:44:02,601 - __main__ - INFO - Confidence threshold updated to 0.80
2025-02-20 13:44:02,605 - __main__ - INFO - Confidence threshold updated to 0.80
2025-02-20 13:44:02,613 - __main__ - INFO - Confidence threshold updated to 0.80
2025-02-20 13:44:02,625 - __main__ - INFO - Confidence threshold updated to 0.80
2025-02-20 13:44:02,630 - __main__ - INFO - Confidence threshold updated to 0.75
2025-02-20 13:44:02,641 - __main__ - INFO - Confidence threshold updated to 0.75
2025-02-20 13:44:02,648 - __main__ - INFO - Confidence threshold updated to 0.75
2025-02-20 13:44:02,656 - __main__ - INFO - Confidence threshold updated to 0.75
2025-02-20 13:44:02,667 - __main__ - INFO - Confidence threshold updated to 0.75
2025-02-20 13:44:02,671 - __main__ - INFO - Confidence threshold updated to 0.75
2025-02-20 13:44:02,680 - __main__ - INFO - Confidence threshold updated to 0.70
2025-02-20 13:44:02,691 - __main__ - INFO - Confidence threshold updated to 0.70
2025-02-20 13:44:02,697 - __main__ - INFO - Confidence threshold updated to 0.65
2025-02-20 13:44:02,705 - __main__ - INFO - Confidence threshold updated to 0.65
2025-02-20 13:44:02,715 - __main__ - INFO - Confidence threshold updated to 0.60
2025-02-20 13:44:02,721 - __main__ - INFO - Confidence threshold updated to 0.60
2025-02-20 13:44:02,732 - __main__ - INFO - Confidence threshold updated to 0.60
2025-02-20 13:44:02,740 - __main__ - INFO - Confidence threshold updated to 0.60
2025-02-20 13:44:02,748 - __main__ - INFO - Confidence threshold updated to 0.55
2025-02-20 13:44:02,758 - __main__ - INFO - Confidence threshold updated to 0.55
2025-02-20 13:44:02,763 - __main__ - INFO - Confidence threshold updated to 0.55
2025-02-20 13:44:02,772 - __main__ - INFO - Confidence threshold updated to 0.55
2025-02-20 13:44:02,781 - __main__ - INFO - Confidence threshold updated to 0.55
2025-02-20 13:44:02,789 - __main__ - INFO - Confidence threshold updated to 0.55
2025-02-20 13:44:02,798 - __main__ - INFO - Confidence threshold updated to 0.50
2025-02-20 13:44:02,809 - __main__ - INFO - Confidence threshold updated to 0.50
2025-02-20 13:44:02,813 - __main__ - INFO - Confidence threshold updated to 0.50
2025-02-20 13:44:02,825 - __main__ - INFO - Confidence threshold updated to 0.45
2025-02-20 13:44:02,832 - __main__ - INFO - Confidence threshold updated to 0.45
2025-02-20 13:44:02,841 - __main__ - INFO - Confidence threshold updated to 0.45
2025-02-20 13:44:02,851 - __main__ - INFO - Confidence threshold updated to 0.45
2025-02-20 13:44:02,861 - __main__ - INFO - Confidence threshold updated to 0.45
2025-02-20 13:44:02,871 - __main__ - INFO - Confidence threshold updated to 0.45
2025-02-20 13:44:02,880 - __main__ - INFO - Confidence threshold updated to 0.45
2025-02-20 13:44:02,886 - __main__ - INFO - Confidence threshold updated to 0.45
2025-02-20 13:44:02,894 - __main__ - INFO - Confidence threshold updated to 0.45
2025-02-20 13:44:02,904 - __main__ - INFO - Confidence threshold updated to 0.45
2025-02-20 13:44:02,911 - __main__ - INFO - Confidence threshold updated to 0.40
2025-02-20 13:44:02,920 - __main__ - INFO - Confidence threshold updated to 0.40
2025-02-20 13:44:02,928 - __main__ - INFO - Confidence threshold updated to 0.40
2025-02-20 13:44:02,936 - __main__ - INFO - Confidence threshold updated to 0.40
2025-02-20 13:44:02,944 - __main__ - INFO - Confidence threshold updated to 0.40
2025-02-20 13:44:02,955 - __main__ - INFO - Confidence threshold updated to 0.35
2025-02-20 13:44:02,961 - __main__ - INFO - Confidence threshold updated to 0.35
2025-02-20 13:44:02,971 - __main__ - INFO - Confidence threshold updated to 0.35
2025-02-20 13:44:02,976 - __main__ - INFO - Confidence threshold updated to 0.30
2025-02-20 13:44:02,986 - __main__ - INFO - Confidence threshold updated to 0.30
2025-02-20 13:44:02,994 - __main__ - INFO - Confidence threshold updated to 0.30
2025-02-20 13:44:03,003 - __main__ - INFO - Confidence threshold updated to 0.30
2025-02-20 13:44:03,012 - __main__ - INFO - Confidence threshold updated to 0.30
2025-02-20 13:44:03,021 - __main__ - INFO - Confidence threshold updated to 0.30
2025-02-20 13:44:03,030 - __main__ - INFO - Confidence threshold updated to 0.25
2025-02-20 13:44:03,038 - __main__ - INFO - Confidence threshold updated to 0.25
2025-02-20 13:44:03,045 - __main__ - INFO - Confidence threshold updated to 0.25
2025-02-20 13:44:03,054 - __main__ - INFO - Confidence threshold updated to 0.25
2025-02-20 13:44:03,062 - __main__ - INFO - Confidence threshold updated to 0.25
2025-02-20 13:44:03,073 - __main__ - INFO - Confidence threshold updated to 0.25
2025-02-20 13:44:03,143 - __main__ - INFO - Confidence threshold updated to 0.25
2025-02-20 13:44:03,160 - __main__ - INFO - Confidence threshold updated to 0.25
2025-02-20 13:44:03,165 - __main__ - INFO - Confidence threshold updated to 0.25
2025-02-20 13:44:03,173 - __main__ - INFO - Confidence threshold updated to 0.20
2025-02-20 13:44:03,184 - __main__ - INFO - Confidence threshold updated to 0.20
2025-02-20 13:44:03,191 - __main__ - INFO - Confidence threshold updated to 0.20
2025-02-20 13:44:03,200 - __main__ - INFO - Confidence threshold updated to 0.20
2025-02-20 13:44:03,208 - __main__ - INFO - Confidence threshold updated to 0.20
2025-02-20 13:44:03,243 - __main__ - INFO - Confidence threshold updated to 0.20
2025-02-20 13:44:03,254 - __main__ - INFO - Confidence threshold updated to 0.15
2025-02-20 13:44:03,262 - __main__ - INFO - Confidence threshold updated to 0.15
2025-02-20 13:44:03,270 - __main__ - INFO - Confidence threshold updated to 0.15
2025-02-20 13:44:03,280 - __main__ - INFO - Confidence threshold updated to 0.15
2025-02-20 13:44:03,298 - __main__ - INFO - Confidence threshold updated to 0.15
2025-02-20 13:44:05,609 - __main__ - WARNING - Objek belum lengkap. Kurang: Barcode
2025-02-20 13:48:41,875 - __main__ - WARNING - Objek belum lengkap. Kurang: Barrel, Barcode
2025-02-20 14:22:10,175 - __main__ - INFO - Confidence threshold updated to 0.25
2025-02-20 14:22:10,322 - __main__ - INFO - Confidence threshold updated to 0.25
2025-02-20 14:22:10,330 - __main__ - INFO - Confidence threshold updated to 0.25
2025-02-20 14:22:10,337 - __main__ - INFO - Confidence threshold updated to 0.30
2025-02-20 14:22:10,350 - __main__ - INFO - Confidence threshold updated to 0.30
2025-02-20 14:22:10,355 - __main__ - INFO - Confidence threshold updated to 0.30
2025-02-20 14:22:10,364 - __main__ - INFO - Confidence threshold updated to 0.30
2025-02-20 14:22:10,372 - __main__ - INFO - Confidence threshold updated to 0.30
2025-02-20 14:22:10,379 - __main__ - INFO - Confidence threshold updated to 0.30
2025-02-20 14:22:10,386 - __main__ - INFO - Confidence threshold updated to 0.30
2025-02-20 14:22:10,401 - __main__ - INFO - Confidence threshold updated to 0.30
2025-02-20 14:22:10,417 - __main__ - INFO - Confidence threshold updated to 0.30
2025-02-20 14:22:10,424 - __main__ - INFO - Confidence threshold updated to 0.30
2025-02-20 14:22:10,433 - __main__ - INFO - Confidence threshold updated to 0.35
2025-02-20 14:22:10,443 - __main__ - INFO - Confidence threshold updated to 0.35
2025-02-20 14:22:10,451 - __main__ - INFO - Confidence threshold updated to 0.35
2025-02-20 14:22:10,459 - __main__ - INFO - Confidence threshold updated to 0.35
2025-02-20 14:22:10,467 - __main__ - INFO - Confidence threshold updated to 0.35
2025-02-20 14:22:10,475 - __main__ - INFO - Confidence threshold updated to 0.35
2025-02-20 14:22:10,609 - __main__ - INFO - Confidence threshold updated to 0.40
2025-02-20 14:22:10,618 - __main__ - INFO - Confidence threshold updated to 0.40
2025-02-20 14:22:10,627 - __main__ - INFO - Confidence threshold updated to 0.40
2025-02-20 14:22:10,635 - __main__ - INFO - Confidence threshold updated to 0.40
2025-02-20 14:22:10,642 - __main__ - INFO - Confidence threshold updated to 0.40
2025-02-20 14:22:10,651 - __main__ - INFO - Confidence threshold updated to 0.40
2025-02-20 14:22:10,663 - __main__ - INFO - Confidence threshold updated to 0.40
2025-02-20 14:22:10,669 - __main__ - INFO - Confidence threshold updated to 0.45
2025-02-20 14:22:10,677 - __main__ - INFO - Confidence threshold updated to 0.45
2025-02-20 14:22:10,685 - __main__ - INFO - Confidence threshold updated to 0.45
2025-02-20 14:22:10,693 - __main__ - INFO - Confidence threshold updated to 0.45
2025-02-20 14:22:10,757 - __main__ - INFO - Confidence threshold updated to 0.45
2025-02-20 14:22:10,765 - __main__ - INFO - Confidence threshold updated to 0.45
2025-02-20 14:22:10,773 - __main__ - INFO - Confidence threshold updated to 0.45
2025-02-20 14:22:10,781 - __main__ - INFO - Confidence threshold updated to 0.45
2025-02-20 14:22:10,829 - __main__ - INFO - Confidence threshold updated to 0.45
2025-02-20 14:22:10,877 - __main__ - INFO - Confidence threshold updated to 0.50
2025-02-20 14:22:10,887 - __main__ - INFO - Confidence threshold updated to 0.50
2025-02-20 14:22:10,893 - __main__ - INFO - Confidence threshold updated to 0.50
2025-02-20 14:22:10,905 - __main__ - INFO - Confidence threshold updated to 0.50
2025-02-20 14:22:10,911 - __main__ - INFO - Confidence threshold updated to 0.55
2025-02-20 14:22:10,919 - __main__ - INFO - Confidence threshold updated to 0.55
2025-02-20 14:22:10,926 - __main__ - INFO - Confidence threshold updated to 0.55
2025-02-20 14:22:10,936 - __main__ - INFO - Confidence threshold updated to 0.55
2025-02-20 14:22:10,945 - __main__ - INFO - Confidence threshold updated to 0.55
2025-02-20 14:22:10,952 - __main__ - INFO - Confidence threshold updated to 0.55
2025-02-20 14:22:10,961 - __main__ - INFO - Confidence threshold updated to 0.55
2025-02-20 14:22:10,969 - __main__ - INFO - Confidence threshold updated to 0.60
2025-02-20 14:22:10,976 - __main__ - INFO - Confidence threshold updated to 0.60
2025-02-20 14:22:10,985 - __main__ - INFO - Confidence threshold updated to 0.60
2025-02-20 14:22:10,995 - __main__ - INFO - Confidence threshold updated to 0.60
2025-02-20 14:22:11,003 - __main__ - INFO - Confidence threshold updated to 0.65
2025-02-20 14:22:11,011 - __main__ - INFO - Confidence threshold updated to 0.65
2025-02-20 14:22:11,729 - __main__ - INFO - Confidence threshold updated to 0.65
2025-02-20 14:22:11,846 - __main__ - INFO - Confidence threshold updated to 0.65
2025-02-20 14:22:12,180 - __main__ - INFO - Confidence threshold updated to 0.65
2025-02-20 14:22:12,197 - __main__ - INFO - Confidence threshold updated to 0.65
2025-02-20 14:22:12,205 - __main__ - INFO - Confidence threshold updated to 0.65
2025-02-20 14:22:12,212 - __main__ - INFO - Confidence threshold updated to 0.65
2025-02-20 14:23:51,756 - __main__ - INFO - Confidence threshold updated to 0.60
2025-02-20 14:23:52,190 - __main__ - INFO - Confidence threshold updated to 0.60
2025-02-20 14:23:52,259 - __main__ - INFO - Confidence threshold updated to 0.60
2025-02-20 14:23:52,268 - __main__ - INFO - Confidence threshold updated to 0.60
2025-02-20 14:23:52,274 - __main__ - INFO - Confidence threshold updated to 0.60
2025-02-20 14:23:52,282 - __main__ - INFO - Confidence threshold updated to 0.60
2025-02-20 14:23:52,291 - __main__ - INFO - Confidence threshold updated to 0.60
2025-02-20 14:23:52,299 - __main__ - INFO - Confidence threshold updated to 0.60
2025-02-20 14:23:52,308 - __main__ - INFO - Confidence threshold updated to 0.55
2025-02-20 14:23:52,314 - __main__ - INFO - Confidence threshold updated to 0.55
2025-02-20 14:23:52,325 - __main__ - INFO - Confidence threshold updated to 0.55
2025-02-20 14:23:52,334 - __main__ - INFO - Confidence threshold updated to 0.55
2025-02-20 14:23:52,341 - __main__ - INFO - Confidence threshold updated to 0.55
2025-02-20 14:23:52,350 - __main__ - INFO - Confidence threshold updated to 0.55
2025-02-20 14:23:52,357 - __main__ - INFO - Confidence threshold updated to 0.55
2025-02-20 14:23:52,367 - __main__ - INFO - Confidence threshold updated to 0.55
2025-02-20 14:23:52,378 - __main__ - INFO - Confidence threshold updated to 0.55
2025-02-20 14:23:52,398 - __main__ - INFO - Confidence threshold updated to 0.55
2025-02-20 14:23:52,411 - __main__ - INFO - Confidence threshold updated to 0.55
2025-02-20 14:23:52,421 - __main__ - INFO - Confidence threshold updated to 0.55
2025-02-20 14:23:52,444 - __main__ - INFO - Confidence threshold updated to 0.50
2025-02-20 14:23:52,462 - __main__ - INFO - Confidence threshold updated to 0.50
2025-02-20 14:24:27,756 - __main__ - INFO - Confidence threshold updated to 0.40
2025-02-20 14:24:27,770 - __main__ - INFO - Confidence threshold updated to 0.40
2025-02-20 14:24:27,933 - __main__ - INFO - Confidence threshold updated to 0.40
2025-02-20 14:24:27,942 - __main__ - INFO - Confidence threshold updated to 0.40
2025-02-20 14:24:27,951 - __main__ - INFO - Confidence threshold updated to 0.40
2025-02-20 14:24:27,957 - __main__ - INFO - Confidence threshold updated to 0.40
2025-02-20 14:24:27,967 - __main__ - INFO - Confidence threshold updated to 0.35
2025-02-20 14:24:27,979 - __main__ - INFO - Confidence threshold updated to 0.35
2025-02-20 14:24:27,989 - __main__ - INFO - Confidence threshold updated to 0.35
2025-02-20 14:24:27,995 - __main__ - INFO - Confidence threshold updated to 0.35
2025-02-20 14:24:28,004 - __main__ - INFO - Confidence threshold updated to 0.35
2025-02-20 14:24:28,519 - __main__ - INFO - Confidence threshold updated to 0.35
2025-02-20 14:24:28,529 - __main__ - INFO - Confidence threshold updated to 0.35
2025-02-20 14:24:28,545 - __main__ - INFO - Confidence threshold updated to 0.30
2025-02-20 14:24:28,572 - __main__ - INFO - Confidence threshold updated to 0.30
2025-02-20 14:24:28,701 - __main__ - INFO - Confidence threshold updated to 0.30
2025-02-20 14:24:28,710 - __main__ - INFO - Confidence threshold updated to 0.30
2025-02-20 14:24:28,717 - __main__ - INFO - Confidence threshold updated to 0.30
2025-02-20 14:24:28,725 - __main__ - INFO - Confidence threshold updated to 0.25
2025-02-20 14:24:28,735 - __main__ - INFO - Confidence threshold updated to 0.25
2025-02-20 14:24:28,747 - __main__ - INFO - Confidence threshold updated to 0.20
2025-02-20 14:24:28,751 - __main__ - INFO - Confidence threshold updated to 0.20
2025-02-20 14:24:28,759 - __main__ - INFO - Confidence threshold updated to 0.20
2025-02-20 14:24:28,819 - __main__ - INFO - Confidence threshold updated to 0.20
2025-02-20 14:24:28,828 - __main__ - INFO - Confidence threshold updated to 0.20
2025-02-20 14:24:28,845 - __main__ - INFO - Confidence threshold updated to 0.20
2025-02-20 14:24:28,857 - __main__ - INFO - Confidence threshold updated to 0.20
2025-02-20 14:24:31,045 - __main__ - INFO - Confidence threshold updated to 0.15
2025-02-20 14:24:31,516 - __main__ - INFO - Confidence threshold updated to 0.05
2025-02-20 14:24:33,567 - __main__ - INFO - Confidence threshold updated to 0.35
2025-02-20 14:25:00,022 - __main__ - INFO - Confidence threshold updated to 0.35
2025-02-20 14:25:00,238 - __main__ - INFO - Confidence threshold updated to 0.35
2025-02-20 14:25:00,251 - __main__ - INFO - Confidence threshold updated to 0.40
2025-02-20 14:25:00,258 - __main__ - INFO - Confidence threshold updated to 0.40
2025-02-20 14:25:00,265 - __main__ - INFO - Confidence threshold updated to 0.40
2025-02-20 14:25:00,275 - __main__ - INFO - Confidence threshold updated to 0.45
2025-02-20 14:25:00,283 - __main__ - INFO - Confidence threshold updated to 0.45
2025-02-20 14:25:00,290 - __main__ - INFO - Confidence threshold updated to 0.45
2025-02-20 14:25:00,300 - __main__ - INFO - Confidence threshold updated to 0.45
2025-02-20 14:25:00,312 - __main__ - INFO - Confidence threshold updated to 0.45
2025-02-20 14:25:00,559 - __main__ - INFO - Confidence threshold updated to 0.45
2025-02-20 14:25:00,568 - __main__ - INFO - Confidence threshold updated to 0.45
2025-02-20 14:25:00,575 - __main__ - INFO - Confidence threshold updated to 0.50
2025-02-20 14:25:00,583 - __main__ - INFO - Confidence threshold updated to 0.50
2025-02-20 14:25:00,593 - __main__ - INFO - Confidence threshold updated to 0.50
2025-02-20 14:25:00,602 - __main__ - INFO - Confidence threshold updated to 0.50
2025-02-20 14:25:00,608 - __main__ - INFO - Confidence threshold updated to 0.50
2025-02-20 14:25:00,618 - __main__ - INFO - Confidence threshold updated to 0.50
2025-02-20 14:25:00,626 - __main__ - INFO - Confidence threshold updated to 0.50
2025-02-20 14:25:00,635 - __main__ - INFO - Confidence threshold updated to 0.55
2025-02-20 14:25:00,650 - __main__ - INFO - Confidence threshold updated to 0.55
2025-02-20 14:25:00,656 - __main__ - INFO - Confidence threshold updated to 0.55
2025-02-20 14:25:00,666 - __main__ - INFO - Confidence threshold updated to 0.60
2025-02-20 14:25:00,922 - __main__ - INFO - Confidence threshold updated to 0.60
2025-02-20 14:25:00,929 - __main__ - INFO - Confidence threshold updated to 0.60
2025-02-20 14:25:00,937 - __main__ - INFO - Confidence threshold updated to 0.60
2025-02-20 14:25:00,945 - __main__ - INFO - Confidence threshold updated to 0.60
2025-02-20 14:25:00,954 - __main__ - INFO - Confidence threshold updated to 0.65
2025-02-20 14:25:00,964 - __main__ - INFO - Confidence threshold updated to 0.65
2025-02-20 14:25:00,973 - __main__ - INFO - Confidence threshold updated to 0.65
2025-02-20 14:25:00,979 - __main__ - INFO - Confidence threshold updated to 0.65
2025-02-20 14:25:00,988 - __main__ - INFO - Confidence threshold updated to 0.65
2025-02-20 14:25:01,000 - __main__ - INFO - Confidence threshold updated to 0.65
2025-02-20 14:25:01,008 - __main__ - INFO - Confidence threshold updated to 0.70
