2025-02-21 14:16:53,311 - __main__ - INFO - Logging system initialized successfully
2025-02-21 14:16:53,312 - __main__ - INFO - Log file created at: D:\DATA\FOR_DL\objectdetection\magang2025\logs\object_detection_20250221_141653.log
2025-02-21 14:16:53,322 - __main__ - INFO - Direktori berhasil dibuat: D:\DATA\FOR_DL\objectdetection\magang2025\clarinet_captured_photos
2025-02-21 14:16:53,323 - __main__ - INFO - Direktori berhasil dibuat: D:\DATA\FOR_DL\objectdetection\magang2025
2025-02-21 14:16:53,323 - __main__ - INFO - Direktori berhasil dibuat: D:\DATA\FOR_DL\objectdetection\magang2025\reports
2025-02-21 14:16:53,323 - __main__ - INFO - Direktori berhasil dibuat: D:\DATA\FOR_DL\objectdetection\magang2025\clarinet_detection_logs
2025-02-21 14:16:53,425 - __main__ - INFO - Model berhasil dimuat dari D:\DATA\FOR_DL\objectdetection\magang2025\trainedclarinettes_yolov8n.pt
2025-02-21 14:16:57,809 - __main__ - INFO - Video capture berhasil diinisialisasi dengan resolusi 1920x1080
2025-02-21 14:17:00,121 - __main__ - INFO - Data berhasil dicatat di D:\DATA\FOR_DL\objectdetection\magang2025\clarinet_detection_logs\clarinet_detection_log.csv
2025-02-21 14:17:00,153 - __main__ - INFO - Data berhasil dicatat di D:\DATA\FOR_DL\objectdetection\magang2025\clarinet_detection_logs\clarinet_detection_log.csv
2025-02-21 14:17:00,187 - __main__ - INFO - Data berhasil dicatat di D:\DATA\FOR_DL\objectdetection\magang2025\clarinet_detection_logs\clarinet_detection_log.csv
2025-02-21 14:17:00,221 - __main__ - INFO - Data berhasil dicatat di D:\DATA\FOR_DL\objectdetection\magang2025\clarinet_detection_logs\clarinet_detection_log.csv
2025-02-21 14:17:00,256 - __main__ - INFO - Data berhasil dicatat di D:\DATA\FOR_DL\objectdetection\magang2025\clarinet_detection_logs\clarinet_detection_log.csv
2025-02-21 14:17:00,290 - __main__ - INFO - Data berhasil dicatat di D:\DATA\FOR_DL\objectdetection\magang2025\clarinet_detection_logs\clarinet_detection_log.csv
2025-02-21 14:17:00,324 - __main__ - INFO - Data berhasil dicatat di D:\DATA\FOR_DL\objectdetection\magang2025\clarinet_detection_logs\clarinet_detection_log.csv
2025-02-21 14:17:00,434 - __main__ - INFO - Data berhasil dicatat di D:\DATA\FOR_DL\objectdetection\magang2025\clarinet_detection_logs\clarinet_detection_log.csv
2025-02-21 14:17:00,642 - __main__ - INFO - Data berhasil dicatat di D:\DATA\FOR_DL\objectdetection\magang2025\clarinet_detection_logs\clarinet_detection_log.csv
2025-02-21 14:17:00,837 - __main__ - INFO - Data berhasil dicatat di D:\DATA\FOR_DL\objectdetection\magang2025\clarinet_detection_logs\clarinet_detection_log.csv
2025-02-21 14:17:01,041 - __main__ - INFO - Data berhasil dicatat di D:\DATA\FOR_DL\objectdetection\magang2025\clarinet_detection_logs\clarinet_detection_log.csv
2025-02-21 14:17:01,235 - __main__ - INFO - Data berhasil dicatat di D:\DATA\FOR_DL\objectdetection\magang2025\clarinet_detection_logs\clarinet_detection_log.csv
2025-02-21 14:17:01,442 - __main__ - INFO - Data berhasil dicatat di D:\DATA\FOR_DL\objectdetection\magang2025\clarinet_detection_logs\clarinet_detection_log.csv
2025-02-21 14:17:01,634 - __main__ - INFO - Data berhasil dicatat di D:\DATA\FOR_DL\objectdetection\magang2025\clarinet_detection_logs\clarinet_detection_log.csv
2025-02-21 14:17:01,843 - __main__ - INFO - Data berhasil dicatat di D:\DATA\FOR_DL\objectdetection\magang2025\clarinet_detection_logs\clarinet_detection_log.csv
2025-02-21 14:17:02,035 - __main__ - INFO - Data berhasil dicatat di D:\DATA\FOR_DL\objectdetection\magang2025\clarinet_detection_logs\clarinet_detection_log.csv
2025-02-21 14:17:02,241 - __main__ - INFO - Data berhasil dicatat di D:\DATA\FOR_DL\objectdetection\magang2025\clarinet_detection_logs\clarinet_detection_log.csv
2025-02-21 14:17:02,434 - __main__ - INFO - Data berhasil dicatat di D:\DATA\FOR_DL\objectdetection\magang2025\clarinet_detection_logs\clarinet_detection_log.csv
2025-02-21 14:17:02,643 - __main__ - INFO - Data berhasil dicatat di D:\DATA\FOR_DL\objectdetection\magang2025\clarinet_detection_logs\clarinet_detection_log.csv
2025-02-21 14:17:02,833 - __main__ - INFO - Data berhasil dicatat di D:\DATA\FOR_DL\objectdetection\magang2025\clarinet_detection_logs\clarinet_detection_log.csv
2025-02-21 14:17:03,043 - __main__ - INFO - Data berhasil dicatat di D:\DATA\FOR_DL\objectdetection\magang2025\clarinet_detection_logs\clarinet_detection_log.csv
2025-02-21 14:17:03,235 - __main__ - INFO - Data berhasil dicatat di D:\DATA\FOR_DL\objectdetection\magang2025\clarinet_detection_logs\clarinet_detection_log.csv
2025-02-21 14:17:03,442 - __main__ - INFO - Data berhasil dicatat di D:\DATA\FOR_DL\objectdetection\magang2025\clarinet_detection_logs\clarinet_detection_log.csv
2025-02-21 14:17:03,634 - __main__ - INFO - Data berhasil dicatat di D:\DATA\FOR_DL\objectdetection\magang2025\clarinet_detection_logs\clarinet_detection_log.csv
2025-02-21 14:17:03,842 - __main__ - INFO - Data berhasil dicatat di D:\DATA\FOR_DL\objectdetection\magang2025\clarinet_detection_logs\clarinet_detection_log.csv
2025-02-21 14:17:04,036 - __main__ - INFO - Data berhasil dicatat di D:\DATA\FOR_DL\objectdetection\magang2025\clarinet_detection_logs\clarinet_detection_log.csv
2025-02-21 14:17:04,244 - __main__ - INFO - Data berhasil dicatat di D:\DATA\FOR_DL\objectdetection\magang2025\clarinet_detection_logs\clarinet_detection_log.csv
2025-02-21 14:17:04,437 - __main__ - INFO - Data berhasil dicatat di D:\DATA\FOR_DL\objectdetection\magang2025\clarinet_detection_logs\clarinet_detection_log.csv
2025-02-21 14:17:04,643 - __main__ - INFO - Data berhasil dicatat di D:\DATA\FOR_DL\objectdetection\magang2025\clarinet_detection_logs\clarinet_detection_log.csv
2025-02-21 14:17:04,833 - __main__ - INFO - Data berhasil dicatat di D:\DATA\FOR_DL\objectdetection\magang2025\clarinet_detection_logs\clarinet_detection_log.csv
2025-02-21 14:17:05,045 - __main__ - INFO - Data berhasil dicatat di D:\DATA\FOR_DL\objectdetection\magang2025\clarinet_detection_logs\clarinet_detection_log.csv
2025-02-21 14:17:05,235 - __main__ - INFO - Data berhasil dicatat di D:\DATA\FOR_DL\objectdetection\magang2025\clarinet_detection_logs\clarinet_detection_log.csv
2025-02-21 14:17:05,452 - __main__ - INFO - Data berhasil dicatat di D:\DATA\FOR_DL\objectdetection\magang2025\clarinet_detection_logs\clarinet_detection_log.csv
2025-02-21 14:17:05,634 - __main__ - INFO - Data berhasil dicatat di D:\DATA\FOR_DL\objectdetection\magang2025\clarinet_detection_logs\clarinet_detection_log.csv
2025-02-21 14:17:05,844 - __main__ - INFO - Data berhasil dicatat di D:\DATA\FOR_DL\objectdetection\magang2025\clarinet_detection_logs\clarinet_detection_log.csv
2025-02-21 14:17:06,036 - __main__ - INFO - Data berhasil dicatat di D:\DATA\FOR_DL\objectdetection\magang2025\clarinet_detection_logs\clarinet_detection_log.csv
2025-02-21 14:17:06,249 - __main__ - INFO - Data berhasil dicatat di D:\DATA\FOR_DL\objectdetection\magang2025\clarinet_detection_logs\clarinet_detection_log.csv
2025-02-21 14:17:06,439 - __main__ - INFO - Data berhasil dicatat di D:\DATA\FOR_DL\objectdetection\magang2025\clarinet_detection_logs\clarinet_detection_log.csv
2025-02-21 14:17:06,647 - __main__ - INFO - Data berhasil dicatat di D:\DATA\FOR_DL\objectdetection\magang2025\clarinet_detection_logs\clarinet_detection_log.csv
2025-02-21 14:17:06,843 - __main__ - INFO - Data berhasil dicatat di D:\DATA\FOR_DL\objectdetection\magang2025\clarinet_detection_logs\clarinet_detection_log.csv
2025-02-21 14:17:07,051 - __main__ - INFO - Data berhasil dicatat di D:\DATA\FOR_DL\objectdetection\magang2025\clarinet_detection_logs\clarinet_detection_log.csv
2025-02-21 14:17:07,244 - __main__ - INFO - Data berhasil dicatat di D:\DATA\FOR_DL\objectdetection\magang2025\clarinet_detection_logs\clarinet_detection_log.csv
2025-02-21 14:17:07,453 - __main__ - INFO - Data berhasil dicatat di D:\DATA\FOR_DL\objectdetection\magang2025\clarinet_detection_logs\clarinet_detection_log.csv
2025-02-21 14:17:07,647 - __main__ - INFO - Data berhasil dicatat di D:\DATA\FOR_DL\objectdetection\magang2025\clarinet_detection_logs\clarinet_detection_log.csv
2025-02-21 14:17:07,855 - __main__ - INFO - Data berhasil dicatat di D:\DATA\FOR_DL\objectdetection\magang2025\clarinet_detection_logs\clarinet_detection_log.csv
2025-02-21 14:17:08,054 - __main__ - INFO - Data berhasil dicatat di D:\DATA\FOR_DL\objectdetection\magang2025\clarinet_detection_logs\clarinet_detection_log.csv
2025-02-21 14:17:08,264 - __main__ - INFO - Data berhasil dicatat di D:\DATA\FOR_DL\objectdetection\magang2025\clarinet_detection_logs\clarinet_detection_log.csv
2025-02-21 14:17:08,450 - __main__ - INFO - Data berhasil dicatat di D:\DATA\FOR_DL\objectdetection\magang2025\clarinet_detection_logs\clarinet_detection_log.csv
2025-02-21 14:17:08,658 - __main__ - INFO - Data berhasil dicatat di D:\DATA\FOR_DL\objectdetection\magang2025\clarinet_detection_logs\clarinet_detection_log.csv
2025-02-21 14:17:08,850 - __main__ - INFO - Data berhasil dicatat di D:\DATA\FOR_DL\objectdetection\magang2025\clarinet_detection_logs\clarinet_detection_log.csv
2025-02-21 14:17:09,056 - __main__ - INFO - Data berhasil dicatat di D:\DATA\FOR_DL\objectdetection\magang2025\clarinet_detection_logs\clarinet_detection_log.csv
2025-02-21 14:17:09,250 - __main__ - INFO - Data berhasil dicatat di D:\DATA\FOR_DL\objectdetection\magang2025\clarinet_detection_logs\clarinet_detection_log.csv
2025-02-21 14:17:09,458 - __main__ - INFO - Data berhasil dicatat di D:\DATA\FOR_DL\objectdetection\magang2025\clarinet_detection_logs\clarinet_detection_log.csv
2025-02-21 14:17:09,648 - __main__ - INFO - Data berhasil dicatat di D:\DATA\FOR_DL\objectdetection\magang2025\clarinet_detection_logs\clarinet_detection_log.csv
2025-02-21 14:17:09,857 - __main__ - INFO - Data berhasil dicatat di D:\DATA\FOR_DL\objectdetection\magang2025\clarinet_detection_logs\clarinet_detection_log.csv
2025-02-21 14:17:10,049 - __main__ - INFO - Data berhasil dicatat di D:\DATA\FOR_DL\objectdetection\magang2025\clarinet_detection_logs\clarinet_detection_log.csv
2025-02-21 14:17:10,225 - __main__ - INFO - Foto berhasil disimpan: D:\DATA\FOR_DL\objectdetection\magang2025\clarinet_captured_photos\detected_20250221_141710.jpg
2025-02-21 14:17:10,281 - __main__ - INFO - Gambar disimpan dengan resolusi 1920x1080: D:\DATA\FOR_DL\objectdetection\magang2025\clarinet_captured_photos\detected_20250221_141710.jpg
2025-02-21 14:17:10,285 - __main__ - INFO - Data kelengkapan disimpan ke D:\DATA\FOR_DL\objectdetection\magang2025\clarinet_detection_logs\Set_20250221_141710.csv
2025-02-21 14:17:10,286 - __main__ - INFO - Data berhasil dicatat di D:\DATA\FOR_DL\objectdetection\magang2025\clarinet_detection_logs\clarinet_detection_log.csv
2025-02-21 14:17:10,308 - __main__ - INFO - Data berhasil dicatat di D:\DATA\FOR_DL\objectdetection\magang2025\clarinet_detection_logs\clarinet_detection_log.csv
2025-02-21 14:17:10,456 - __main__ - INFO - Data berhasil dicatat di D:\DATA\FOR_DL\objectdetection\magang2025\clarinet_detection_logs\clarinet_detection_log.csv
2025-02-21 14:17:10,661 - __main__ - INFO - Data berhasil dicatat di D:\DATA\FOR_DL\objectdetection\magang2025\clarinet_detection_logs\clarinet_detection_log.csv
2025-02-21 14:17:10,852 - __main__ - INFO - Data berhasil dicatat di D:\DATA\FOR_DL\objectdetection\magang2025\clarinet_detection_logs\clarinet_detection_log.csv
2025-02-21 14:17:11,060 - __main__ - INFO - Data berhasil dicatat di D:\DATA\FOR_DL\objectdetection\magang2025\clarinet_detection_logs\clarinet_detection_log.csv
2025-02-21 14:17:11,248 - __main__ - INFO - Data berhasil dicatat di D:\DATA\FOR_DL\objectdetection\magang2025\clarinet_detection_logs\clarinet_detection_log.csv
2025-02-21 14:17:11,459 - __main__ - INFO - Data berhasil dicatat di D:\DATA\FOR_DL\objectdetection\magang2025\clarinet_detection_logs\clarinet_detection_log.csv
2025-02-21 14:17:11,652 - __main__ - INFO - Data berhasil dicatat di D:\DATA\FOR_DL\objectdetection\magang2025\clarinet_detection_logs\clarinet_detection_log.csv
2025-02-21 14:17:11,860 - __main__ - INFO - Data berhasil dicatat di D:\DATA\FOR_DL\objectdetection\magang2025\clarinet_detection_logs\clarinet_detection_log.csv
2025-02-21 14:17:12,049 - __main__ - INFO - Data berhasil dicatat di D:\DATA\FOR_DL\objectdetection\magang2025\clarinet_detection_logs\clarinet_detection_log.csv
2025-02-21 14:17:12,258 - __main__ - INFO - Data berhasil dicatat di D:\DATA\FOR_DL\objectdetection\magang2025\clarinet_detection_logs\clarinet_detection_log.csv
2025-02-21 14:17:12,450 - __main__ - INFO - Data berhasil dicatat di D:\DATA\FOR_DL\objectdetection\magang2025\clarinet_detection_logs\clarinet_detection_log.csv
2025-02-21 14:17:12,660 - __main__ - INFO - Data berhasil dicatat di D:\DATA\FOR_DL\objectdetection\magang2025\clarinet_detection_logs\clarinet_detection_log.csv
2025-02-21 14:17:12,854 - __main__ - INFO - Data berhasil dicatat di D:\DATA\FOR_DL\objectdetection\magang2025\clarinet_detection_logs\clarinet_detection_log.csv
2025-02-21 14:17:13,061 - __main__ - INFO - Data berhasil dicatat di D:\DATA\FOR_DL\objectdetection\magang2025\clarinet_detection_logs\clarinet_detection_log.csv
2025-02-21 14:17:13,253 - __main__ - INFO - Data berhasil dicatat di D:\DATA\FOR_DL\objectdetection\magang2025\clarinet_detection_logs\clarinet_detection_log.csv
2025-02-21 14:17:13,460 - __main__ - INFO - Data berhasil dicatat di D:\DATA\FOR_DL\objectdetection\magang2025\clarinet_detection_logs\clarinet_detection_log.csv
2025-02-21 14:17:13,652 - __main__ - INFO - Data berhasil dicatat di D:\DATA\FOR_DL\objectdetection\magang2025\clarinet_detection_logs\clarinet_detection_log.csv
2025-02-21 14:17:13,864 - __main__ - INFO - Data berhasil dicatat di D:\DATA\FOR_DL\objectdetection\magang2025\clarinet_detection_logs\clarinet_detection_log.csv
2025-02-21 14:17:14,052 - __main__ - INFO - Data berhasil dicatat di D:\DATA\FOR_DL\objectdetection\magang2025\clarinet_detection_logs\clarinet_detection_log.csv
2025-02-21 14:17:14,262 - __main__ - INFO - Data berhasil dicatat di D:\DATA\FOR_DL\objectdetection\magang2025\clarinet_detection_logs\clarinet_detection_log.csv
2025-02-21 14:17:14,450 - __main__ - INFO - Data berhasil dicatat di D:\DATA\FOR_DL\objectdetection\magang2025\clarinet_detection_logs\clarinet_detection_log.csv
2025-02-21 14:17:14,660 - __main__ - INFO - Data berhasil dicatat di D:\DATA\FOR_DL\objectdetection\magang2025\clarinet_detection_logs\clarinet_detection_log.csv
2025-02-21 14:17:14,855 - __main__ - INFO - Data berhasil dicatat di D:\DATA\FOR_DL\objectdetection\magang2025\clarinet_detection_logs\clarinet_detection_log.csv
2025-02-21 14:17:15,057 - __main__ - INFO - Data berhasil dicatat di D:\DATA\FOR_DL\objectdetection\magang2025\clarinet_detection_logs\clarinet_detection_log.csv
2025-02-21 14:17:15,087 - __main__ - INFO - Data dan foto berhasil disimpan.
2025-02-21 14:17:15,255 - __main__ - INFO - Data berhasil dicatat di D:\DATA\FOR_DL\objectdetection\magang2025\clarinet_detection_logs\clarinet_detection_log.csv
2025-02-21 14:17:15,458 - __main__ - INFO - Data berhasil dicatat di D:\DATA\FOR_DL\objectdetection\magang2025\clarinet_detection_logs\clarinet_detection_log.csv
2025-02-21 14:17:15,649 - __main__ - INFO - Data berhasil dicatat di D:\DATA\FOR_DL\objectdetection\magang2025\clarinet_detection_logs\clarinet_detection_log.csv
2025-02-21 14:17:15,858 - __main__ - INFO - Data berhasil dicatat di D:\DATA\FOR_DL\objectdetection\magang2025\clarinet_detection_logs\clarinet_detection_log.csv
2025-02-21 14:17:16,049 - __main__ - INFO - Data berhasil dicatat di D:\DATA\FOR_DL\objectdetection\magang2025\clarinet_detection_logs\clarinet_detection_log.csv
2025-02-21 14:17:16,258 - __main__ - INFO - Data berhasil dicatat di D:\DATA\FOR_DL\objectdetection\magang2025\clarinet_detection_logs\clarinet_detection_log.csv
2025-02-21 14:17:16,451 - __main__ - INFO - Data berhasil dicatat di D:\DATA\FOR_DL\objectdetection\magang2025\clarinet_detection_logs\clarinet_detection_log.csv
2025-02-21 14:17:16,659 - __main__ - INFO - Data berhasil dicatat di D:\DATA\FOR_DL\objectdetection\magang2025\clarinet_detection_logs\clarinet_detection_log.csv
2025-02-21 14:17:16,850 - __main__ - INFO - Data berhasil dicatat di D:\DATA\FOR_DL\objectdetection\magang2025\clarinet_detection_logs\clarinet_detection_log.csv
2025-02-21 14:17:17,057 - __main__ - INFO - Data berhasil dicatat di D:\DATA\FOR_DL\objectdetection\magang2025\clarinet_detection_logs\clarinet_detection_log.csv
2025-02-21 14:17:17,251 - __main__ - INFO - Data berhasil dicatat di D:\DATA\FOR_DL\objectdetection\magang2025\clarinet_detection_logs\clarinet_detection_log.csv
2025-02-21 14:17:17,461 - __main__ - INFO - Data berhasil dicatat di D:\DATA\FOR_DL\objectdetection\magang2025\clarinet_detection_logs\clarinet_detection_log.csv
2025-02-21 14:17:17,649 - __main__ - INFO - Data berhasil dicatat di D:\DATA\FOR_DL\objectdetection\magang2025\clarinet_detection_logs\clarinet_detection_log.csv
2025-02-21 14:17:17,858 - __main__ - INFO - Data berhasil dicatat di D:\DATA\FOR_DL\objectdetection\magang2025\clarinet_detection_logs\clarinet_detection_log.csv
2025-02-21 14:17:18,050 - __main__ - INFO - Data berhasil dicatat di D:\DATA\FOR_DL\objectdetection\magang2025\clarinet_detection_logs\clarinet_detection_log.csv
2025-02-21 14:17:18,257 - __main__ - INFO - Data berhasil dicatat di D:\DATA\FOR_DL\objectdetection\magang2025\clarinet_detection_logs\clarinet_detection_log.csv
2025-02-21 14:17:18,448 - __main__ - INFO - Data berhasil dicatat di D:\DATA\FOR_DL\objectdetection\magang2025\clarinet_detection_logs\clarinet_detection_log.csv
2025-02-21 14:17:18,659 - __main__ - INFO - Data berhasil dicatat di D:\DATA\FOR_DL\objectdetection\magang2025\clarinet_detection_logs\clarinet_detection_log.csv
2025-02-21 14:17:18,751 - __main__ - INFO - Foto berhasil disimpan: D:\DATA\FOR_DL\objectdetection\magang2025\clarinet_captured_photos\detected_20250221_141718.jpg
2025-02-21 14:17:18,792 - __main__ - INFO - Gambar disimpan dengan resolusi 1920x1080: D:\DATA\FOR_DL\objectdetection\magang2025\clarinet_captured_photos\detected_20250221_141718.jpg
2025-02-21 14:17:18,794 - __main__ - INFO - Data kelengkapan disimpan ke D:\DATA\FOR_DL\objectdetection\magang2025\clarinet_detection_logs\Set_20250221_141718.csv
2025-02-21 14:17:18,794 - __main__ - INFO - Data berhasil dicatat di D:\DATA\FOR_DL\objectdetection\magang2025\clarinet_detection_logs\clarinet_detection_log.csv
2025-02-21 14:17:18,858 - __main__ - INFO - Data berhasil dicatat di D:\DATA\FOR_DL\objectdetection\magang2025\clarinet_detection_logs\clarinet_detection_log.csv
2025-02-21 14:17:19,067 - __main__ - INFO - Data berhasil dicatat di D:\DATA\FOR_DL\objectdetection\magang2025\clarinet_detection_logs\clarinet_detection_log.csv
2025-02-21 14:17:19,249 - __main__ - INFO - Data berhasil dicatat di D:\DATA\FOR_DL\objectdetection\magang2025\clarinet_detection_logs\clarinet_detection_log.csv
2025-02-21 14:17:19,459 - __main__ - INFO - Data berhasil dicatat di D:\DATA\FOR_DL\objectdetection\magang2025\clarinet_detection_logs\clarinet_detection_log.csv
2025-02-21 14:17:19,653 - __main__ - INFO - Data berhasil dicatat di D:\DATA\FOR_DL\objectdetection\magang2025\clarinet_detection_logs\clarinet_detection_log.csv
2025-02-21 14:17:19,860 - __main__ - INFO - Data berhasil dicatat di D:\DATA\FOR_DL\objectdetection\magang2025\clarinet_detection_logs\clarinet_detection_log.csv
2025-02-21 14:17:20,051 - __main__ - INFO - Data berhasil dicatat di D:\DATA\FOR_DL\objectdetection\magang2025\clarinet_detection_logs\clarinet_detection_log.csv
2025-02-21 14:17:20,260 - __main__ - INFO - Data berhasil dicatat di D:\DATA\FOR_DL\objectdetection\magang2025\clarinet_detection_logs\clarinet_detection_log.csv
2025-02-21 14:17:20,456 - __main__ - INFO - Data berhasil dicatat di D:\DATA\FOR_DL\objectdetection\magang2025\clarinet_detection_logs\clarinet_detection_log.csv
2025-02-21 14:17:20,660 - __main__ - INFO - Data berhasil dicatat di D:\DATA\FOR_DL\objectdetection\magang2025\clarinet_detection_logs\clarinet_detection_log.csv
2025-02-21 14:17:20,730 - __main__ - INFO - Data dan foto berhasil disimpan.
2025-02-21 14:17:20,855 - __main__ - INFO - Data berhasil dicatat di D:\DATA\FOR_DL\objectdetection\magang2025\clarinet_detection_logs\clarinet_detection_log.csv
2025-02-21 14:17:21,059 - __main__ - INFO - Data berhasil dicatat di D:\DATA\FOR_DL\objectdetection\magang2025\clarinet_detection_logs\clarinet_detection_log.csv
2025-02-21 14:17:21,250 - __main__ - INFO - Data berhasil dicatat di D:\DATA\FOR_DL\objectdetection\magang2025\clarinet_detection_logs\clarinet_detection_log.csv
2025-02-21 14:17:21,457 - __main__ - INFO - Data berhasil dicatat di D:\DATA\FOR_DL\objectdetection\magang2025\clarinet_detection_logs\clarinet_detection_log.csv
2025-02-21 14:17:21,654 - __main__ - INFO - Data berhasil dicatat di D:\DATA\FOR_DL\objectdetection\magang2025\clarinet_detection_logs\clarinet_detection_log.csv
2025-02-21 14:17:21,857 - __main__ - INFO - Data berhasil dicatat di D:\DATA\FOR_DL\objectdetection\magang2025\clarinet_detection_logs\clarinet_detection_log.csv
2025-02-21 14:17:22,049 - __main__ - INFO - Data berhasil dicatat di D:\DATA\FOR_DL\objectdetection\magang2025\clarinet_detection_logs\clarinet_detection_log.csv
2025-02-21 14:17:22,263 - __main__ - INFO - Data berhasil dicatat di D:\DATA\FOR_DL\objectdetection\magang2025\clarinet_detection_logs\clarinet_detection_log.csv
2025-02-21 14:17:22,450 - __main__ - INFO - Data berhasil dicatat di D:\DATA\FOR_DL\objectdetection\magang2025\clarinet_detection_logs\clarinet_detection_log.csv
2025-02-21 14:17:22,658 - __main__ - INFO - Data berhasil dicatat di D:\DATA\FOR_DL\objectdetection\magang2025\clarinet_detection_logs\clarinet_detection_log.csv
2025-02-21 14:17:22,850 - __main__ - INFO - Data berhasil dicatat di D:\DATA\FOR_DL\objectdetection\magang2025\clarinet_detection_logs\clarinet_detection_log.csv
2025-02-21 14:17:23,058 - __main__ - INFO - Data berhasil dicatat di D:\DATA\FOR_DL\objectdetection\magang2025\clarinet_detection_logs\clarinet_detection_log.csv
2025-02-21 14:17:23,250 - __main__ - INFO - Data berhasil dicatat di D:\DATA\FOR_DL\objectdetection\magang2025\clarinet_detection_logs\clarinet_detection_log.csv
2025-02-21 14:17:23,461 - __main__ - INFO - Data berhasil dicatat di D:\DATA\FOR_DL\objectdetection\magang2025\clarinet_detection_logs\clarinet_detection_log.csv
2025-02-21 14:17:23,649 - __main__ - INFO - Data berhasil dicatat di D:\DATA\FOR_DL\objectdetection\magang2025\clarinet_detection_logs\clarinet_detection_log.csv
2025-02-21 14:17:23,856 - __main__ - INFO - Data berhasil dicatat di D:\DATA\FOR_DL\objectdetection\magang2025\clarinet_detection_logs\clarinet_detection_log.csv
2025-02-21 14:17:24,053 - __main__ - INFO - Data berhasil dicatat di D:\DATA\FOR_DL\objectdetection\magang2025\clarinet_detection_logs\clarinet_detection_log.csv
2025-02-21 14:17:24,258 - __main__ - INFO - Data berhasil dicatat di D:\DATA\FOR_DL\objectdetection\magang2025\clarinet_detection_logs\clarinet_detection_log.csv
2025-02-21 14:17:24,451 - __main__ - INFO - Data berhasil dicatat di D:\DATA\FOR_DL\objectdetection\magang2025\clarinet_detection_logs\clarinet_detection_log.csv
2025-02-21 14:17:24,658 - __main__ - INFO - Data berhasil dicatat di D:\DATA\FOR_DL\objectdetection\magang2025\clarinet_detection_logs\clarinet_detection_log.csv
2025-02-21 14:17:24,848 - __main__ - INFO - Data berhasil dicatat di D:\DATA\FOR_DL\objectdetection\magang2025\clarinet_detection_logs\clarinet_detection_log.csv
2025-02-21 14:17:25,057 - __main__ - INFO - Data berhasil dicatat di D:\DATA\FOR_DL\objectdetection\magang2025\clarinet_detection_logs\clarinet_detection_log.csv
2025-02-21 14:17:25,252 - __main__ - INFO - Data berhasil dicatat di D:\DATA\FOR_DL\objectdetection\magang2025\clarinet_detection_logs\clarinet_detection_log.csv
2025-02-21 14:17:25,459 - __main__ - INFO - Data berhasil dicatat di D:\DATA\FOR_DL\objectdetection\magang2025\clarinet_detection_logs\clarinet_detection_log.csv
2025-02-21 14:17:25,651 - __main__ - INFO - Data berhasil dicatat di D:\DATA\FOR_DL\objectdetection\magang2025\clarinet_detection_logs\clarinet_detection_log.csv
2025-02-21 14:17:25,877 - __main__ - INFO - Data berhasil dicatat di D:\DATA\FOR_DL\objectdetection\magang2025\clarinet_detection_logs\clarinet_detection_log.csv
2025-02-21 14:17:26,054 - __main__ - INFO - Data berhasil dicatat di D:\DATA\FOR_DL\objectdetection\magang2025\clarinet_detection_logs\clarinet_detection_log.csv
2025-02-21 14:17:26,260 - __main__ - INFO - Data berhasil dicatat di D:\DATA\FOR_DL\objectdetection\magang2025\clarinet_detection_logs\clarinet_detection_log.csv
2025-02-21 14:17:26,451 - __main__ - INFO - Data berhasil dicatat di D:\DATA\FOR_DL\objectdetection\magang2025\clarinet_detection_logs\clarinet_detection_log.csv
2025-02-21 14:17:26,659 - __main__ - INFO - Data berhasil dicatat di D:\DATA\FOR_DL\objectdetection\magang2025\clarinet_detection_logs\clarinet_detection_log.csv
2025-02-21 14:17:26,852 - __main__ - INFO - Data berhasil dicatat di D:\DATA\FOR_DL\objectdetection\magang2025\clarinet_detection_logs\clarinet_detection_log.csv
2025-02-21 14:17:27,064 - __main__ - INFO - Data berhasil dicatat di D:\DATA\FOR_DL\objectdetection\magang2025\clarinet_detection_logs\clarinet_detection_log.csv
2025-02-21 14:17:27,249 - __main__ - INFO - Data berhasil dicatat di D:\DATA\FOR_DL\objectdetection\magang2025\clarinet_detection_logs\clarinet_detection_log.csv
2025-02-21 14:17:27,458 - __main__ - INFO - Data berhasil dicatat di D:\DATA\FOR_DL\objectdetection\magang2025\clarinet_detection_logs\clarinet_detection_log.csv
2025-02-21 14:17:27,652 - __main__ - INFO - Data berhasil dicatat di D:\DATA\FOR_DL\objectdetection\magang2025\clarinet_detection_logs\clarinet_detection_log.csv
2025-02-21 14:17:27,879 - __main__ - INFO - Data berhasil dicatat di D:\DATA\FOR_DL\objectdetection\magang2025\clarinet_detection_logs\clarinet_detection_log.csv
2025-02-21 14:17:28,052 - __main__ - INFO - Data berhasil dicatat di D:\DATA\FOR_DL\objectdetection\magang2025\clarinet_detection_logs\clarinet_detection_log.csv
2025-02-21 14:17:28,257 - __main__ - INFO - Data berhasil dicatat di D:\DATA\FOR_DL\objectdetection\magang2025\clarinet_detection_logs\clarinet_detection_log.csv
2025-02-21 14:17:28,447 - __main__ - INFO - Data berhasil dicatat di D:\DATA\FOR_DL\objectdetection\magang2025\clarinet_detection_logs\clarinet_detection_log.csv
2025-02-21 14:17:28,658 - __main__ - INFO - Data berhasil dicatat di D:\DATA\FOR_DL\objectdetection\magang2025\clarinet_detection_logs\clarinet_detection_log.csv
2025-02-21 14:17:28,852 - __main__ - INFO - Data berhasil dicatat di D:\DATA\FOR_DL\objectdetection\magang2025\clarinet_detection_logs\clarinet_detection_log.csv
2025-02-21 14:17:29,056 - __main__ - INFO - Data berhasil dicatat di D:\DATA\FOR_DL\objectdetection\magang2025\clarinet_detection_logs\clarinet_detection_log.csv
2025-02-21 14:17:29,257 - __main__ - INFO - Data berhasil dicatat di D:\DATA\FOR_DL\objectdetection\magang2025\clarinet_detection_logs\clarinet_detection_log.csv
2025-02-21 14:17:29,445 - __main__ - INFO - Data berhasil dicatat di D:\DATA\FOR_DL\objectdetection\magang2025\clarinet_detection_logs\clarinet_detection_log.csv
2025-02-21 14:17:29,634 - __main__ - INFO - Data berhasil dicatat di D:\DATA\FOR_DL\objectdetection\magang2025\clarinet_detection_logs\clarinet_detection_log.csv
2025-02-21 14:17:29,845 - __main__ - INFO - Data berhasil dicatat di D:\DATA\FOR_DL\objectdetection\magang2025\clarinet_detection_logs\clarinet_detection_log.csv
2025-02-21 14:17:30,043 - __main__ - INFO - Data berhasil dicatat di D:\DATA\FOR_DL\objectdetection\magang2025\clarinet_detection_logs\clarinet_detection_log.csv
2025-02-21 14:17:30,243 - __main__ - INFO - Data berhasil dicatat di D:\DATA\FOR_DL\objectdetection\magang2025\clarinet_detection_logs\clarinet_detection_log.csv
2025-02-21 14:17:30,434 - __main__ - INFO - Data berhasil dicatat di D:\DATA\FOR_DL\objectdetection\magang2025\clarinet_detection_logs\clarinet_detection_log.csv
2025-02-21 14:17:30,645 - __main__ - INFO - Data berhasil dicatat di D:\DATA\FOR_DL\objectdetection\magang2025\clarinet_detection_logs\clarinet_detection_log.csv
2025-02-21 14:17:30,836 - __main__ - INFO - Data berhasil dicatat di D:\DATA\FOR_DL\objectdetection\magang2025\clarinet_detection_logs\clarinet_detection_log.csv
2025-02-21 14:17:31,049 - __main__ - INFO - Data berhasil dicatat di D:\DATA\FOR_DL\objectdetection\magang2025\clarinet_detection_logs\clarinet_detection_log.csv
2025-02-21 14:17:31,240 - __main__ - INFO - Data berhasil dicatat di D:\DATA\FOR_DL\objectdetection\magang2025\clarinet_detection_logs\clarinet_detection_log.csv
2025-02-21 14:17:31,443 - __main__ - INFO - Data berhasil dicatat di D:\DATA\FOR_DL\objectdetection\magang2025\clarinet_detection_logs\clarinet_detection_log.csv
2025-02-21 14:17:31,634 - __main__ - INFO - Data berhasil dicatat di D:\DATA\FOR_DL\objectdetection\magang2025\clarinet_detection_logs\clarinet_detection_log.csv
2025-02-21 14:17:31,844 - __main__ - INFO - Data berhasil dicatat di D:\DATA\FOR_DL\objectdetection\magang2025\clarinet_detection_logs\clarinet_detection_log.csv
2025-02-21 14:17:32,035 - __main__ - INFO - Data berhasil dicatat di D:\DATA\FOR_DL\objectdetection\magang2025\clarinet_detection_logs\clarinet_detection_log.csv
2025-02-21 14:17:32,246 - __main__ - INFO - Data berhasil dicatat di D:\DATA\FOR_DL\objectdetection\magang2025\clarinet_detection_logs\clarinet_detection_log.csv
2025-02-21 14:17:32,440 - __main__ - INFO - Data berhasil dicatat di D:\DATA\FOR_DL\objectdetection\magang2025\clarinet_detection_logs\clarinet_detection_log.csv
2025-02-21 14:17:32,644 - __main__ - INFO - Data berhasil dicatat di D:\DATA\FOR_DL\objectdetection\magang2025\clarinet_detection_logs\clarinet_detection_log.csv
2025-02-21 14:17:32,835 - __main__ - INFO - Data berhasil dicatat di D:\DATA\FOR_DL\objectdetection\magang2025\clarinet_detection_logs\clarinet_detection_log.csv
2025-02-21 14:17:33,044 - __main__ - INFO - Data berhasil dicatat di D:\DATA\FOR_DL\objectdetection\magang2025\clarinet_detection_logs\clarinet_detection_log.csv
2025-02-21 14:17:33,236 - __main__ - INFO - Data berhasil dicatat di D:\DATA\FOR_DL\objectdetection\magang2025\clarinet_detection_logs\clarinet_detection_log.csv
2025-02-21 14:17:33,448 - __main__ - INFO - Data berhasil dicatat di D:\DATA\FOR_DL\objectdetection\magang2025\clarinet_detection_logs\clarinet_detection_log.csv
2025-02-21 14:17:33,642 - __main__ - INFO - Data berhasil dicatat di D:\DATA\FOR_DL\objectdetection\magang2025\clarinet_detection_logs\clarinet_detection_log.csv
2025-02-21 14:17:33,850 - __main__ - INFO - Data berhasil dicatat di D:\DATA\FOR_DL\objectdetection\magang2025\clarinet_detection_logs\clarinet_detection_log.csv
2025-02-21 14:17:34,044 - __main__ - INFO - Data berhasil dicatat di D:\DATA\FOR_DL\objectdetection\magang2025\clarinet_detection_logs\clarinet_detection_log.csv
2025-02-21 14:17:34,254 - __main__ - INFO - Data berhasil dicatat di D:\DATA\FOR_DL\objectdetection\magang2025\clarinet_detection_logs\clarinet_detection_log.csv
2025-02-21 14:17:34,445 - __main__ - INFO - Data berhasil dicatat di D:\DATA\FOR_DL\objectdetection\magang2025\clarinet_detection_logs\clarinet_detection_log.csv
2025-02-21 14:17:34,650 - __main__ - INFO - Data berhasil dicatat di D:\DATA\FOR_DL\objectdetection\magang2025\clarinet_detection_logs\clarinet_detection_log.csv
2025-02-21 14:17:34,847 - __main__ - INFO - Data berhasil dicatat di D:\DATA\FOR_DL\objectdetection\magang2025\clarinet_detection_logs\clarinet_detection_log.csv
2025-02-21 14:17:35,055 - __main__ - INFO - Data berhasil dicatat di D:\DATA\FOR_DL\objectdetection\magang2025\clarinet_detection_logs\clarinet_detection_log.csv
2025-02-21 14:17:35,281 - __main__ - INFO - Data berhasil dicatat di D:\DATA\FOR_DL\objectdetection\magang2025\clarinet_detection_logs\clarinet_detection_log.csv
2025-02-21 14:17:35,464 - __main__ - INFO - Data berhasil dicatat di D:\DATA\FOR_DL\objectdetection\magang2025\clarinet_detection_logs\clarinet_detection_log.csv
2025-02-21 14:17:35,648 - __main__ - INFO - Data berhasil dicatat di D:\DATA\FOR_DL\objectdetection\magang2025\clarinet_detection_logs\clarinet_detection_log.csv
2025-02-21 14:17:35,856 - __main__ - INFO - Data berhasil dicatat di D:\DATA\FOR_DL\objectdetection\magang2025\clarinet_detection_logs\clarinet_detection_log.csv
2025-02-21 14:17:36,050 - __main__ - INFO - Data berhasil dicatat di D:\DATA\FOR_DL\objectdetection\magang2025\clarinet_detection_logs\clarinet_detection_log.csv
2025-02-21 14:17:36,259 - __main__ - INFO - Data berhasil dicatat di D:\DATA\FOR_DL\objectdetection\magang2025\clarinet_detection_logs\clarinet_detection_log.csv
2025-02-21 14:17:36,452 - __main__ - INFO - Data berhasil dicatat di D:\DATA\FOR_DL\objectdetection\magang2025\clarinet_detection_logs\clarinet_detection_log.csv
2025-02-21 14:17:36,692 - __main__ - INFO - Data berhasil dicatat di D:\DATA\FOR_DL\objectdetection\magang2025\clarinet_detection_logs\clarinet_detection_log.csv
2025-02-21 14:17:36,853 - __main__ - INFO - Data berhasil dicatat di D:\DATA\FOR_DL\objectdetection\magang2025\clarinet_detection_logs\clarinet_detection_log.csv
2025-02-21 14:17:37,061 - __main__ - INFO - Data berhasil dicatat di D:\DATA\FOR_DL\objectdetection\magang2025\clarinet_detection_logs\clarinet_detection_log.csv
2025-02-21 14:17:37,250 - __main__ - INFO - Data berhasil dicatat di D:\DATA\FOR_DL\objectdetection\magang2025\clarinet_detection_logs\clarinet_detection_log.csv
2025-02-21 14:17:37,458 - __main__ - INFO - Data berhasil dicatat di D:\DATA\FOR_DL\objectdetection\magang2025\clarinet_detection_logs\clarinet_detection_log.csv
2025-02-21 14:17:37,648 - __main__ - INFO - Data berhasil dicatat di D:\DATA\FOR_DL\objectdetection\magang2025\clarinet_detection_logs\clarinet_detection_log.csv
2025-02-21 14:17:37,857 - __main__ - INFO - Data berhasil dicatat di D:\DATA\FOR_DL\objectdetection\magang2025\clarinet_detection_logs\clarinet_detection_log.csv
2025-02-21 14:17:38,049 - __main__ - INFO - Data berhasil dicatat di D:\DATA\FOR_DL\objectdetection\magang2025\clarinet_detection_logs\clarinet_detection_log.csv
2025-02-21 14:17:38,258 - __main__ - INFO - Data berhasil dicatat di D:\DATA\FOR_DL\objectdetection\magang2025\clarinet_detection_logs\clarinet_detection_log.csv
2025-02-21 14:17:38,450 - __main__ - INFO - Data berhasil dicatat di D:\DATA\FOR_DL\objectdetection\magang2025\clarinet_detection_logs\clarinet_detection_log.csv
2025-02-21 14:17:38,658 - __main__ - INFO - Data berhasil dicatat di D:\DATA\FOR_DL\objectdetection\magang2025\clarinet_detection_logs\clarinet_detection_log.csv
2025-02-21 14:17:38,849 - __main__ - INFO - Data berhasil dicatat di D:\DATA\FOR_DL\objectdetection\magang2025\clarinet_detection_logs\clarinet_detection_log.csv
2025-02-21 14:17:39,057 - __main__ - INFO - Data berhasil dicatat di D:\DATA\FOR_DL\objectdetection\magang2025\clarinet_detection_logs\clarinet_detection_log.csv
2025-02-21 14:17:39,249 - __main__ - INFO - Data berhasil dicatat di D:\DATA\FOR_DL\objectdetection\magang2025\clarinet_detection_logs\clarinet_detection_log.csv
2025-02-21 14:17:39,458 - __main__ - INFO - Data berhasil dicatat di D:\DATA\FOR_DL\objectdetection\magang2025\clarinet_detection_logs\clarinet_detection_log.csv
2025-02-21 14:17:39,650 - __main__ - INFO - Data berhasil dicatat di D:\DATA\FOR_DL\objectdetection\magang2025\clarinet_detection_logs\clarinet_detection_log.csv
2025-02-21 14:17:39,858 - __main__ - INFO - Data berhasil dicatat di D:\DATA\FOR_DL\objectdetection\magang2025\clarinet_detection_logs\clarinet_detection_log.csv
2025-02-21 14:17:40,050 - __main__ - INFO - Data berhasil dicatat di D:\DATA\FOR_DL\objectdetection\magang2025\clarinet_detection_logs\clarinet_detection_log.csv
2025-02-21 14:17:40,257 - __main__ - INFO - Data berhasil dicatat di D:\DATA\FOR_DL\objectdetection\magang2025\clarinet_detection_logs\clarinet_detection_log.csv
2025-02-21 14:17:40,450 - __main__ - INFO - Data berhasil dicatat di D:\DATA\FOR_DL\objectdetection\magang2025\clarinet_detection_logs\clarinet_detection_log.csv
2025-02-21 14:17:40,656 - __main__ - INFO - Data berhasil dicatat di D:\DATA\FOR_DL\objectdetection\magang2025\clarinet_detection_logs\clarinet_detection_log.csv
2025-02-21 14:17:40,849 - __main__ - INFO - Data berhasil dicatat di D:\DATA\FOR_DL\objectdetection\magang2025\clarinet_detection_logs\clarinet_detection_log.csv
2025-02-21 14:17:41,064 - __main__ - INFO - Data berhasil dicatat di D:\DATA\FOR_DL\objectdetection\magang2025\clarinet_detection_logs\clarinet_detection_log.csv
2025-02-21 14:17:41,251 - __main__ - INFO - Data berhasil dicatat di D:\DATA\FOR_DL\objectdetection\magang2025\clarinet_detection_logs\clarinet_detection_log.csv
2025-02-21 14:17:41,459 - __main__ - INFO - Data berhasil dicatat di D:\DATA\FOR_DL\objectdetection\magang2025\clarinet_detection_logs\clarinet_detection_log.csv
2025-02-21 14:17:41,651 - __main__ - INFO - Data berhasil dicatat di D:\DATA\FOR_DL\objectdetection\magang2025\clarinet_detection_logs\clarinet_detection_log.csv
2025-02-21 14:17:41,858 - __main__ - INFO - Data berhasil dicatat di D:\DATA\FOR_DL\objectdetection\magang2025\clarinet_detection_logs\clarinet_detection_log.csv
2025-02-21 14:17:42,048 - __main__ - INFO - Data berhasil dicatat di D:\DATA\FOR_DL\objectdetection\magang2025\clarinet_detection_logs\clarinet_detection_log.csv
2025-02-21 14:17:42,259 - __main__ - INFO - Data berhasil dicatat di D:\DATA\FOR_DL\objectdetection\magang2025\clarinet_detection_logs\clarinet_detection_log.csv
2025-02-21 14:17:42,452 - __main__ - INFO - Data berhasil dicatat di D:\DATA\FOR_DL\objectdetection\magang2025\clarinet_detection_logs\clarinet_detection_log.csv
2025-02-21 14:17:42,658 - __main__ - INFO - Data berhasil dicatat di D:\DATA\FOR_DL\objectdetection\magang2025\clarinet_detection_logs\clarinet_detection_log.csv
2025-02-21 14:17:42,850 - __main__ - INFO - Data berhasil dicatat di D:\DATA\FOR_DL\objectdetection\magang2025\clarinet_detection_logs\clarinet_detection_log.csv
2025-02-21 14:17:43,061 - __main__ - INFO - Data berhasil dicatat di D:\DATA\FOR_DL\objectdetection\magang2025\clarinet_detection_logs\clarinet_detection_log.csv
2025-02-21 14:17:43,248 - __main__ - INFO - Data berhasil dicatat di D:\DATA\FOR_DL\objectdetection\magang2025\clarinet_detection_logs\clarinet_detection_log.csv
2025-02-21 14:17:43,457 - __main__ - INFO - Data berhasil dicatat di D:\DATA\FOR_DL\objectdetection\magang2025\clarinet_detection_logs\clarinet_detection_log.csv
2025-02-21 14:17:43,649 - __main__ - INFO - Data berhasil dicatat di D:\DATA\FOR_DL\objectdetection\magang2025\clarinet_detection_logs\clarinet_detection_log.csv
2025-02-21 14:17:43,859 - __main__ - INFO - Data berhasil dicatat di D:\DATA\FOR_DL\objectdetection\magang2025\clarinet_detection_logs\clarinet_detection_log.csv
2025-02-21 14:17:44,048 - __main__ - INFO - Data berhasil dicatat di D:\DATA\FOR_DL\objectdetection\magang2025\clarinet_detection_logs\clarinet_detection_log.csv
2025-02-21 14:17:44,256 - __main__ - INFO - Data berhasil dicatat di D:\DATA\FOR_DL\objectdetection\magang2025\clarinet_detection_logs\clarinet_detection_log.csv
2025-02-21 14:17:44,450 - __main__ - INFO - Data berhasil dicatat di D:\DATA\FOR_DL\objectdetection\magang2025\clarinet_detection_logs\clarinet_detection_log.csv
2025-02-21 14:17:44,658 - __main__ - INFO - Data berhasil dicatat di D:\DATA\FOR_DL\objectdetection\magang2025\clarinet_detection_logs\clarinet_detection_log.csv
2025-02-21 14:17:44,850 - __main__ - INFO - Data berhasil dicatat di D:\DATA\FOR_DL\objectdetection\magang2025\clarinet_detection_logs\clarinet_detection_log.csv
2025-02-21 14:17:45,058 - __main__ - INFO - Data berhasil dicatat di D:\DATA\FOR_DL\objectdetection\magang2025\clarinet_detection_logs\clarinet_detection_log.csv
2025-02-21 14:17:45,251 - __main__ - INFO - Data berhasil dicatat di D:\DATA\FOR_DL\objectdetection\magang2025\clarinet_detection_logs\clarinet_detection_log.csv
2025-02-21 14:17:45,458 - __main__ - INFO - Data berhasil dicatat di D:\DATA\FOR_DL\objectdetection\magang2025\clarinet_detection_logs\clarinet_detection_log.csv
2025-02-21 14:17:45,649 - __main__ - INFO - Data berhasil dicatat di D:\DATA\FOR_DL\objectdetection\magang2025\clarinet_detection_logs\clarinet_detection_log.csv
2025-02-21 14:17:45,859 - __main__ - INFO - Data berhasil dicatat di D:\DATA\FOR_DL\objectdetection\magang2025\clarinet_detection_logs\clarinet_detection_log.csv
2025-02-21 14:17:46,050 - __main__ - INFO - Data berhasil dicatat di D:\DATA\FOR_DL\objectdetection\magang2025\clarinet_detection_logs\clarinet_detection_log.csv
2025-02-21 14:17:46,257 - __main__ - INFO - Data berhasil dicatat di D:\DATA\FOR_DL\objectdetection\magang2025\clarinet_detection_logs\clarinet_detection_log.csv
2025-02-21 14:17:46,452 - __main__ - INFO - Data berhasil dicatat di D:\DATA\FOR_DL\objectdetection\magang2025\clarinet_detection_logs\clarinet_detection_log.csv
2025-02-21 14:17:46,657 - __main__ - INFO - Data berhasil dicatat di D:\DATA\FOR_DL\objectdetection\magang2025\clarinet_detection_logs\clarinet_detection_log.csv
2025-02-21 14:17:46,851 - __main__ - INFO - Data berhasil dicatat di D:\DATA\FOR_DL\objectdetection\magang2025\clarinet_detection_logs\clarinet_detection_log.csv
2025-02-21 14:17:47,058 - __main__ - INFO - Data berhasil dicatat di D:\DATA\FOR_DL\objectdetection\magang2025\clarinet_detection_logs\clarinet_detection_log.csv
2025-02-21 14:17:47,254 - __main__ - INFO - Data berhasil dicatat di D:\DATA\FOR_DL\objectdetection\magang2025\clarinet_detection_logs\clarinet_detection_log.csv
2025-02-21 14:17:47,458 - __main__ - INFO - Data berhasil dicatat di D:\DATA\FOR_DL\objectdetection\magang2025\clarinet_detection_logs\clarinet_detection_log.csv
2025-02-21 14:17:47,650 - __main__ - INFO - Data berhasil dicatat di D:\DATA\FOR_DL\objectdetection\magang2025\clarinet_detection_logs\clarinet_detection_log.csv
2025-02-21 14:17:47,858 - __main__ - INFO - Data berhasil dicatat di D:\DATA\FOR_DL\objectdetection\magang2025\clarinet_detection_logs\clarinet_detection_log.csv
2025-02-21 14:17:48,051 - __main__ - INFO - Data berhasil dicatat di D:\DATA\FOR_DL\objectdetection\magang2025\clarinet_detection_logs\clarinet_detection_log.csv
2025-02-21 14:17:48,258 - __main__ - INFO - Data berhasil dicatat di D:\DATA\FOR_DL\objectdetection\magang2025\clarinet_detection_logs\clarinet_detection_log.csv
2025-02-21 14:17:48,449 - __main__ - INFO - Data berhasil dicatat di D:\DATA\FOR_DL\objectdetection\magang2025\clarinet_detection_logs\clarinet_detection_log.csv
2025-02-21 14:17:48,658 - __main__ - INFO - Data berhasil dicatat di D:\DATA\FOR_DL\objectdetection\magang2025\clarinet_detection_logs\clarinet_detection_log.csv
2025-02-21 14:17:48,850 - __main__ - INFO - Data berhasil dicatat di D:\DATA\FOR_DL\objectdetection\magang2025\clarinet_detection_logs\clarinet_detection_log.csv
2025-02-21 14:17:49,057 - __main__ - INFO - Data berhasil dicatat di D:\DATA\FOR_DL\objectdetection\magang2025\clarinet_detection_logs\clarinet_detection_log.csv
2025-02-21 14:17:49,252 - __main__ - INFO - Data berhasil dicatat di D:\DATA\FOR_DL\objectdetection\magang2025\clarinet_detection_logs\clarinet_detection_log.csv
2025-02-21 14:17:49,458 - __main__ - INFO - Data berhasil dicatat di D:\DATA\FOR_DL\objectdetection\magang2025\clarinet_detection_logs\clarinet_detection_log.csv
2025-02-21 14:17:49,649 - __main__ - INFO - Data berhasil dicatat di D:\DATA\FOR_DL\objectdetection\magang2025\clarinet_detection_logs\clarinet_detection_log.csv
2025-02-21 14:17:49,855 - __main__ - INFO - Data berhasil dicatat di D:\DATA\FOR_DL\objectdetection\magang2025\clarinet_detection_logs\clarinet_detection_log.csv
2025-02-21 14:17:50,050 - __main__ - INFO - Data berhasil dicatat di D:\DATA\FOR_DL\objectdetection\magang2025\clarinet_detection_logs\clarinet_detection_log.csv
2025-02-21 14:17:50,256 - __main__ - INFO - Data berhasil dicatat di D:\DATA\FOR_DL\objectdetection\magang2025\clarinet_detection_logs\clarinet_detection_log.csv
2025-02-21 14:17:50,450 - __main__ - INFO - Data berhasil dicatat di D:\DATA\FOR_DL\objectdetection\magang2025\clarinet_detection_logs\clarinet_detection_log.csv
2025-02-21 14:17:50,658 - __main__ - INFO - Data berhasil dicatat di D:\DATA\FOR_DL\objectdetection\magang2025\clarinet_detection_logs\clarinet_detection_log.csv
2025-02-21 14:17:50,847 - __main__ - INFO - Data berhasil dicatat di D:\DATA\FOR_DL\objectdetection\magang2025\clarinet_detection_logs\clarinet_detection_log.csv
2025-02-21 14:17:51,058 - __main__ - INFO - Data berhasil dicatat di D:\DATA\FOR_DL\objectdetection\magang2025\clarinet_detection_logs\clarinet_detection_log.csv
2025-02-21 14:17:51,247 - __main__ - INFO - Data berhasil dicatat di D:\DATA\FOR_DL\objectdetection\magang2025\clarinet_detection_logs\clarinet_detection_log.csv
2025-02-21 14:17:51,458 - __main__ - INFO - Data berhasil dicatat di D:\DATA\FOR_DL\objectdetection\magang2025\clarinet_detection_logs\clarinet_detection_log.csv
2025-02-21 14:17:51,652 - __main__ - INFO - Data berhasil dicatat di D:\DATA\FOR_DL\objectdetection\magang2025\clarinet_detection_logs\clarinet_detection_log.csv
2025-02-21 14:17:51,856 - __main__ - INFO - Data berhasil dicatat di D:\DATA\FOR_DL\objectdetection\magang2025\clarinet_detection_logs\clarinet_detection_log.csv
2025-02-21 14:17:52,049 - __main__ - INFO - Data berhasil dicatat di D:\DATA\FOR_DL\objectdetection\magang2025\clarinet_detection_logs\clarinet_detection_log.csv
2025-02-21 14:17:52,258 - __main__ - INFO - Data berhasil dicatat di D:\DATA\FOR_DL\objectdetection\magang2025\clarinet_detection_logs\clarinet_detection_log.csv
2025-02-21 14:17:52,449 - __main__ - INFO - Data berhasil dicatat di D:\DATA\FOR_DL\objectdetection\magang2025\clarinet_detection_logs\clarinet_detection_log.csv
2025-02-21 14:17:52,655 - __main__ - INFO - Data berhasil dicatat di D:\DATA\FOR_DL\objectdetection\magang2025\clarinet_detection_logs\clarinet_detection_log.csv
2025-02-21 14:17:52,848 - __main__ - INFO - Data berhasil dicatat di D:\DATA\FOR_DL\objectdetection\magang2025\clarinet_detection_logs\clarinet_detection_log.csv
2025-02-21 14:17:53,057 - __main__ - INFO - Data berhasil dicatat di D:\DATA\FOR_DL\objectdetection\magang2025\clarinet_detection_logs\clarinet_detection_log.csv
2025-02-21 14:17:53,250 - __main__ - INFO - Data berhasil dicatat di D:\DATA\FOR_DL\objectdetection\magang2025\clarinet_detection_logs\clarinet_detection_log.csv
2025-02-21 14:17:53,458 - __main__ - INFO - Data berhasil dicatat di D:\DATA\FOR_DL\objectdetection\magang2025\clarinet_detection_logs\clarinet_detection_log.csv
2025-02-21 14:17:53,651 - __main__ - INFO - Data berhasil dicatat di D:\DATA\FOR_DL\objectdetection\magang2025\clarinet_detection_logs\clarinet_detection_log.csv
2025-02-21 14:17:53,857 - __main__ - INFO - Data berhasil dicatat di D:\DATA\FOR_DL\objectdetection\magang2025\clarinet_detection_logs\clarinet_detection_log.csv
2025-02-21 14:17:54,048 - __main__ - INFO - Data berhasil dicatat di D:\DATA\FOR_DL\objectdetection\magang2025\clarinet_detection_logs\clarinet_detection_log.csv
2025-02-21 14:17:54,257 - __main__ - INFO - Data berhasil dicatat di D:\DATA\FOR_DL\objectdetection\magang2025\clarinet_detection_logs\clarinet_detection_log.csv
2025-02-21 14:17:54,452 - __main__ - INFO - Data berhasil dicatat di D:\DATA\FOR_DL\objectdetection\magang2025\clarinet_detection_logs\clarinet_detection_log.csv
2025-02-21 14:17:54,657 - __main__ - INFO - Data berhasil dicatat di D:\DATA\FOR_DL\objectdetection\magang2025\clarinet_detection_logs\clarinet_detection_log.csv
2025-02-21 14:17:54,851 - __main__ - INFO - Data berhasil dicatat di D:\DATA\FOR_DL\objectdetection\magang2025\clarinet_detection_logs\clarinet_detection_log.csv
2025-02-21 14:17:55,057 - __main__ - INFO - Data berhasil dicatat di D:\DATA\FOR_DL\objectdetection\magang2025\clarinet_detection_logs\clarinet_detection_log.csv
2025-02-21 14:17:55,250 - __main__ - INFO - Data berhasil dicatat di D:\DATA\FOR_DL\objectdetection\magang2025\clarinet_detection_logs\clarinet_detection_log.csv
2025-02-21 14:17:55,460 - __main__ - INFO - Data berhasil dicatat di D:\DATA\FOR_DL\objectdetection\magang2025\clarinet_detection_logs\clarinet_detection_log.csv
2025-02-21 14:17:55,651 - __main__ - INFO - Data berhasil dicatat di D:\DATA\FOR_DL\objectdetection\magang2025\clarinet_detection_logs\clarinet_detection_log.csv
2025-02-21 14:17:55,858 - __main__ - INFO - Data berhasil dicatat di D:\DATA\FOR_DL\objectdetection\magang2025\clarinet_detection_logs\clarinet_detection_log.csv
2025-02-21 14:17:56,054 - __main__ - INFO - Data berhasil dicatat di D:\DATA\FOR_DL\objectdetection\magang2025\clarinet_detection_logs\clarinet_detection_log.csv
2025-02-21 14:17:56,257 - __main__ - INFO - Data berhasil dicatat di D:\DATA\FOR_DL\objectdetection\magang2025\clarinet_detection_logs\clarinet_detection_log.csv
2025-02-21 14:17:56,450 - __main__ - INFO - Data berhasil dicatat di D:\DATA\FOR_DL\objectdetection\magang2025\clarinet_detection_logs\clarinet_detection_log.csv
2025-02-21 14:17:56,664 - __main__ - INFO - Data berhasil dicatat di D:\DATA\FOR_DL\objectdetection\magang2025\clarinet_detection_logs\clarinet_detection_log.csv
2025-02-21 14:17:56,853 - __main__ - INFO - Data berhasil dicatat di D:\DATA\FOR_DL\objectdetection\magang2025\clarinet_detection_logs\clarinet_detection_log.csv
2025-02-21 14:17:57,057 - __main__ - INFO - Data berhasil dicatat di D:\DATA\FOR_DL\objectdetection\magang2025\clarinet_detection_logs\clarinet_detection_log.csv
