2025-02-21 14:42:28,858 - __main__ - INFO - Logging system initialized successfully
2025-02-21 14:42:28,858 - __main__ - INFO - Log file created at: D:\DATA\FOR_DL\objectdetection\magang2025\logs\object_detection_20250221_144228.log
2025-02-21 14:42:28,870 - __main__ - INFO - Direktori berhasil dibuat: D:\DATA\FOR_DL\objectdetection\magang2025\clarinet_captured_photos
2025-02-21 14:42:28,870 - __main__ - INFO - Direktori berhasil dibuat: D:\DATA\FOR_DL\objectdetection\magang2025
2025-02-21 14:42:28,871 - __main__ - INFO - Direktori berhasil dibuat: D:\DATA\FOR_DL\objectdetection\magang2025\reports
2025-02-21 14:42:28,871 - __main__ - INFO - Direktori berhasil dibuat: D:\DATA\FOR_DL\objectdetection\magang2025\clarinet_detection_logs
2025-02-21 14:42:28,967 - __main__ - INFO - Model berhasil dimuat dari D:\DATA\FOR_DL\objectdetection\magang2025\trainedclarinettes_yolov8n.pt
2025-02-21 14:42:33,324 - __main__ - INFO - Video capture berhasil diinisialisasi dengan resolusi 1920x1080
2025-02-21 14:42:35,561 - __main__ - INFO - Data berhasil dicatat di D:\DATA\FOR_DL\objectdetection\magang2025\clarinet_detection_logs\clarinet_detection_log.csv
2025-02-21 14:42:35,579 - __main__ - INFO - Data berhasil dicatat di D:\DATA\FOR_DL\objectdetection\magang2025\clarinet_detection_logs\clarinet_detection_log.csv
2025-02-21 14:42:35,597 - __main__ - INFO - Data berhasil dicatat di D:\DATA\FOR_DL\objectdetection\magang2025\clarinet_detection_logs\clarinet_detection_log.csv
2025-02-21 14:42:35,614 - __main__ - INFO - Data berhasil dicatat di D:\DATA\FOR_DL\objectdetection\magang2025\clarinet_detection_logs\clarinet_detection_log.csv
2025-02-21 14:42:35,632 - __main__ - INFO - Data berhasil dicatat di D:\DATA\FOR_DL\objectdetection\magang2025\clarinet_detection_logs\clarinet_detection_log.csv
2025-02-21 14:42:35,649 - __main__ - INFO - Data berhasil dicatat di D:\DATA\FOR_DL\objectdetection\magang2025\clarinet_detection_logs\clarinet_detection_log.csv
2025-02-21 14:42:35,768 - __main__ - INFO - Data berhasil dicatat di D:\DATA\FOR_DL\objectdetection\magang2025\clarinet_detection_logs\clarinet_detection_log.csv
2025-02-21 14:42:35,960 - __main__ - INFO - Data berhasil dicatat di D:\DATA\FOR_DL\objectdetection\magang2025\clarinet_detection_logs\clarinet_detection_log.csv
2025-02-21 14:42:36,168 - __main__ - INFO - Data berhasil dicatat di D:\DATA\FOR_DL\objectdetection\magang2025\clarinet_detection_logs\clarinet_detection_log.csv
2025-02-21 14:42:36,359 - __main__ - INFO - Data berhasil dicatat di D:\DATA\FOR_DL\objectdetection\magang2025\clarinet_detection_logs\clarinet_detection_log.csv
2025-02-21 14:42:36,569 - __main__ - INFO - Data berhasil dicatat di D:\DATA\FOR_DL\objectdetection\magang2025\clarinet_detection_logs\clarinet_detection_log.csv
2025-02-21 14:42:36,760 - __main__ - INFO - Data berhasil dicatat di D:\DATA\FOR_DL\objectdetection\magang2025\clarinet_detection_logs\clarinet_detection_log.csv
2025-02-21 14:42:36,966 - __main__ - INFO - Data berhasil dicatat di D:\DATA\FOR_DL\objectdetection\magang2025\clarinet_detection_logs\clarinet_detection_log.csv
2025-02-21 14:42:37,159 - __main__ - INFO - Data berhasil dicatat di D:\DATA\FOR_DL\objectdetection\magang2025\clarinet_detection_logs\clarinet_detection_log.csv
2025-02-21 14:42:37,367 - __main__ - INFO - Data berhasil dicatat di D:\DATA\FOR_DL\objectdetection\magang2025\clarinet_detection_logs\clarinet_detection_log.csv
2025-02-21 14:42:37,565 - __main__ - INFO - Data berhasil dicatat di D:\DATA\FOR_DL\objectdetection\magang2025\clarinet_detection_logs\clarinet_detection_log.csv
2025-02-21 14:42:37,766 - __main__ - INFO - Data berhasil dicatat di D:\DATA\FOR_DL\objectdetection\magang2025\clarinet_detection_logs\clarinet_detection_log.csv
2025-02-21 14:42:37,958 - __main__ - INFO - Data berhasil dicatat di D:\DATA\FOR_DL\objectdetection\magang2025\clarinet_detection_logs\clarinet_detection_log.csv
2025-02-21 14:42:38,170 - __main__ - INFO - Data berhasil dicatat di D:\DATA\FOR_DL\objectdetection\magang2025\clarinet_detection_logs\clarinet_detection_log.csv
2025-02-21 14:42:38,359 - __main__ - INFO - Data berhasil dicatat di D:\DATA\FOR_DL\objectdetection\magang2025\clarinet_detection_logs\clarinet_detection_log.csv
2025-02-21 14:42:38,566 - __main__ - INFO - Data berhasil dicatat di D:\DATA\FOR_DL\objectdetection\magang2025\clarinet_detection_logs\clarinet_detection_log.csv
2025-02-21 14:42:38,764 - __main__ - INFO - Data berhasil dicatat di D:\DATA\FOR_DL\objectdetection\magang2025\clarinet_detection_logs\clarinet_detection_log.csv
2025-02-21 14:42:38,967 - __main__ - INFO - Data berhasil dicatat di D:\DATA\FOR_DL\objectdetection\magang2025\clarinet_detection_logs\clarinet_detection_log.csv
2025-02-21 14:42:39,149 - __main__ - INFO - Foto berhasil disimpan: D:\DATA\FOR_DL\objectdetection\magang2025\clarinet_captured_photos\detected_20250221_144239.jpg
2025-02-21 14:42:39,210 - __main__ - INFO - Foto disimpan dengan resolusi 1920x1080: D:\DATA\FOR_DL\objectdetection\magang2025\clarinet_captured_photos\detected_20250221_144239.jpg
2025-02-21 14:42:39,214 - __main__ - INFO - Data kelengkapan disimpan ke D:\DATA\FOR_DL\objectdetection\magang2025\clarinet_detection_logs\Set_20250221_144239.csv
2025-02-21 14:42:39,214 - __main__ - INFO - Data berhasil dicatat di D:\DATA\FOR_DL\objectdetection\magang2025\clarinet_detection_logs\clarinet_detection_log.csv
2025-02-21 14:42:39,235 - __main__ - INFO - Data berhasil dicatat di D:\DATA\FOR_DL\objectdetection\magang2025\clarinet_detection_logs\clarinet_detection_log.csv
2025-02-21 14:42:39,373 - __main__ - INFO - Data berhasil dicatat di D:\DATA\FOR_DL\objectdetection\magang2025\clarinet_detection_logs\clarinet_detection_log.csv
2025-02-21 14:42:39,562 - __main__ - INFO - Data berhasil dicatat di D:\DATA\FOR_DL\objectdetection\magang2025\clarinet_detection_logs\clarinet_detection_log.csv
2025-02-21 14:42:39,767 - __main__ - INFO - Data berhasil dicatat di D:\DATA\FOR_DL\objectdetection\magang2025\clarinet_detection_logs\clarinet_detection_log.csv
2025-02-21 14:42:39,959 - __main__ - INFO - Data berhasil dicatat di D:\DATA\FOR_DL\objectdetection\magang2025\clarinet_detection_logs\clarinet_detection_log.csv
2025-02-21 14:42:40,168 - __main__ - INFO - Data berhasil dicatat di D:\DATA\FOR_DL\objectdetection\magang2025\clarinet_detection_logs\clarinet_detection_log.csv
2025-02-21 14:42:40,361 - __main__ - INFO - Data berhasil dicatat di D:\DATA\FOR_DL\objectdetection\magang2025\clarinet_detection_logs\clarinet_detection_log.csv
2025-02-21 14:42:40,567 - __main__ - INFO - Data berhasil dicatat di D:\DATA\FOR_DL\objectdetection\magang2025\clarinet_detection_logs\clarinet_detection_log.csv
2025-02-21 14:42:40,759 - __main__ - INFO - Data berhasil dicatat di D:\DATA\FOR_DL\objectdetection\magang2025\clarinet_detection_logs\clarinet_detection_log.csv
2025-02-21 14:42:40,969 - __main__ - INFO - Data berhasil dicatat di D:\DATA\FOR_DL\objectdetection\magang2025\clarinet_detection_logs\clarinet_detection_log.csv
2025-02-21 14:42:41,164 - __main__ - INFO - Data berhasil dicatat di D:\DATA\FOR_DL\objectdetection\magang2025\clarinet_detection_logs\clarinet_detection_log.csv
2025-02-21 14:42:41,372 - __main__ - INFO - Data berhasil dicatat di D:\DATA\FOR_DL\objectdetection\magang2025\clarinet_detection_logs\clarinet_detection_log.csv
2025-02-21 14:42:41,562 - __main__ - INFO - Data berhasil dicatat di D:\DATA\FOR_DL\objectdetection\magang2025\clarinet_detection_logs\clarinet_detection_log.csv
2025-02-21 14:42:41,772 - __main__ - INFO - Data berhasil dicatat di D:\DATA\FOR_DL\objectdetection\magang2025\clarinet_detection_logs\clarinet_detection_log.csv
2025-02-21 14:42:41,969 - __main__ - INFO - Data berhasil dicatat di D:\DATA\FOR_DL\objectdetection\magang2025\clarinet_detection_logs\clarinet_detection_log.csv
2025-02-21 14:42:42,176 - __main__ - INFO - Data berhasil dicatat di D:\DATA\FOR_DL\objectdetection\magang2025\clarinet_detection_logs\clarinet_detection_log.csv
2025-02-21 14:42:42,370 - __main__ - INFO - Data berhasil dicatat di D:\DATA\FOR_DL\objectdetection\magang2025\clarinet_detection_logs\clarinet_detection_log.csv
2025-02-21 14:42:42,580 - __main__ - INFO - Data berhasil dicatat di D:\DATA\FOR_DL\objectdetection\magang2025\clarinet_detection_logs\clarinet_detection_log.csv
2025-02-21 14:42:42,769 - __main__ - INFO - Data berhasil dicatat di D:\DATA\FOR_DL\objectdetection\magang2025\clarinet_detection_logs\clarinet_detection_log.csv
2025-02-21 14:42:42,984 - __main__ - INFO - Data berhasil dicatat di D:\DATA\FOR_DL\objectdetection\magang2025\clarinet_detection_logs\clarinet_detection_log.csv
2025-02-21 14:42:43,175 - __main__ - INFO - Data berhasil dicatat di D:\DATA\FOR_DL\objectdetection\magang2025\clarinet_detection_logs\clarinet_detection_log.csv
2025-02-21 14:42:43,383 - __main__ - INFO - Data berhasil dicatat di D:\DATA\FOR_DL\objectdetection\magang2025\clarinet_detection_logs\clarinet_detection_log.csv
2025-02-21 14:42:43,574 - __main__ - INFO - Data berhasil dicatat di D:\DATA\FOR_DL\objectdetection\magang2025\clarinet_detection_logs\clarinet_detection_log.csv
2025-02-21 14:42:43,780 - __main__ - INFO - Data berhasil dicatat di D:\DATA\FOR_DL\objectdetection\magang2025\clarinet_detection_logs\clarinet_detection_log.csv
2025-02-21 14:42:43,977 - __main__ - INFO - Data berhasil dicatat di D:\DATA\FOR_DL\objectdetection\magang2025\clarinet_detection_logs\clarinet_detection_log.csv
2025-02-21 14:42:44,183 - __main__ - INFO - Data berhasil dicatat di D:\DATA\FOR_DL\objectdetection\magang2025\clarinet_detection_logs\clarinet_detection_log.csv
2025-02-21 14:42:44,373 - __main__ - INFO - Data berhasil dicatat di D:\DATA\FOR_DL\objectdetection\magang2025\clarinet_detection_logs\clarinet_detection_log.csv
2025-02-21 14:42:44,579 - __main__ - INFO - Data berhasil dicatat di D:\DATA\FOR_DL\objectdetection\magang2025\clarinet_detection_logs\clarinet_detection_log.csv
2025-02-21 14:42:44,774 - __main__ - INFO - Data berhasil dicatat di D:\DATA\FOR_DL\objectdetection\magang2025\clarinet_detection_logs\clarinet_detection_log.csv
2025-02-21 14:42:44,984 - __main__ - INFO - Data berhasil dicatat di D:\DATA\FOR_DL\objectdetection\magang2025\clarinet_detection_logs\clarinet_detection_log.csv
2025-02-21 14:42:45,179 - __main__ - INFO - Data berhasil dicatat di D:\DATA\FOR_DL\objectdetection\magang2025\clarinet_detection_logs\clarinet_detection_log.csv
2025-02-21 14:42:45,382 - __main__ - INFO - Data berhasil dicatat di D:\DATA\FOR_DL\objectdetection\magang2025\clarinet_detection_logs\clarinet_detection_log.csv
2025-02-21 14:42:45,576 - __main__ - INFO - Data berhasil dicatat di D:\DATA\FOR_DL\objectdetection\magang2025\clarinet_detection_logs\clarinet_detection_log.csv
2025-02-21 14:42:45,779 - __main__ - INFO - Data berhasil dicatat di D:\DATA\FOR_DL\objectdetection\magang2025\clarinet_detection_logs\clarinet_detection_log.csv
2025-02-21 14:42:45,976 - __main__ - INFO - Data berhasil dicatat di D:\DATA\FOR_DL\objectdetection\magang2025\clarinet_detection_logs\clarinet_detection_log.csv
2025-02-21 14:42:46,180 - __main__ - INFO - Data berhasil dicatat di D:\DATA\FOR_DL\objectdetection\magang2025\clarinet_detection_logs\clarinet_detection_log.csv
2025-02-21 14:42:46,377 - __main__ - INFO - Data berhasil dicatat di D:\DATA\FOR_DL\objectdetection\magang2025\clarinet_detection_logs\clarinet_detection_log.csv
2025-02-21 14:42:46,582 - __main__ - INFO - Data berhasil dicatat di D:\DATA\FOR_DL\objectdetection\magang2025\clarinet_detection_logs\clarinet_detection_log.csv
2025-02-21 14:42:46,775 - __main__ - INFO - Data berhasil dicatat di D:\DATA\FOR_DL\objectdetection\magang2025\clarinet_detection_logs\clarinet_detection_log.csv
2025-02-21 14:42:46,984 - __main__ - INFO - Data berhasil dicatat di D:\DATA\FOR_DL\objectdetection\magang2025\clarinet_detection_logs\clarinet_detection_log.csv
2025-02-21 14:42:47,174 - __main__ - INFO - Data berhasil dicatat di D:\DATA\FOR_DL\objectdetection\magang2025\clarinet_detection_logs\clarinet_detection_log.csv
2025-02-21 14:42:47,384 - __main__ - INFO - Data berhasil dicatat di D:\DATA\FOR_DL\objectdetection\magang2025\clarinet_detection_logs\clarinet_detection_log.csv
2025-02-21 14:42:47,575 - __main__ - INFO - Data berhasil dicatat di D:\DATA\FOR_DL\objectdetection\magang2025\clarinet_detection_logs\clarinet_detection_log.csv
2025-02-21 14:42:47,782 - __main__ - INFO - Data berhasil dicatat di D:\DATA\FOR_DL\objectdetection\magang2025\clarinet_detection_logs\clarinet_detection_log.csv
2025-02-21 14:42:47,978 - __main__ - INFO - Data berhasil dicatat di D:\DATA\FOR_DL\objectdetection\magang2025\clarinet_detection_logs\clarinet_detection_log.csv
2025-02-21 14:42:48,181 - __main__ - INFO - Data berhasil dicatat di D:\DATA\FOR_DL\objectdetection\magang2025\clarinet_detection_logs\clarinet_detection_log.csv
2025-02-21 14:42:48,374 - __main__ - INFO - Data berhasil dicatat di D:\DATA\FOR_DL\objectdetection\magang2025\clarinet_detection_logs\clarinet_detection_log.csv
2025-02-21 14:42:48,579 - __main__ - INFO - Data berhasil dicatat di D:\DATA\FOR_DL\objectdetection\magang2025\clarinet_detection_logs\clarinet_detection_log.csv
2025-02-21 14:42:48,775 - __main__ - INFO - Data berhasil dicatat di D:\DATA\FOR_DL\objectdetection\magang2025\clarinet_detection_logs\clarinet_detection_log.csv
2025-02-21 14:42:48,982 - __main__ - INFO - Data berhasil dicatat di D:\DATA\FOR_DL\objectdetection\magang2025\clarinet_detection_logs\clarinet_detection_log.csv
2025-02-21 14:42:49,175 - __main__ - INFO - Data berhasil dicatat di D:\DATA\FOR_DL\objectdetection\magang2025\clarinet_detection_logs\clarinet_detection_log.csv
2025-02-21 14:42:49,383 - __main__ - INFO - Data berhasil dicatat di D:\DATA\FOR_DL\objectdetection\magang2025\clarinet_detection_logs\clarinet_detection_log.csv
2025-02-21 14:42:49,575 - __main__ - INFO - Data berhasil dicatat di D:\DATA\FOR_DL\objectdetection\magang2025\clarinet_detection_logs\clarinet_detection_log.csv
2025-02-21 14:42:49,780 - __main__ - INFO - Data berhasil dicatat di D:\DATA\FOR_DL\objectdetection\magang2025\clarinet_detection_logs\clarinet_detection_log.csv
2025-02-21 14:42:49,973 - __main__ - INFO - Data berhasil dicatat di D:\DATA\FOR_DL\objectdetection\magang2025\clarinet_detection_logs\clarinet_detection_log.csv
2025-02-21 14:42:50,183 - __main__ - INFO - Data berhasil dicatat di D:\DATA\FOR_DL\objectdetection\magang2025\clarinet_detection_logs\clarinet_detection_log.csv
2025-02-21 14:42:50,378 - __main__ - INFO - Data berhasil dicatat di D:\DATA\FOR_DL\objectdetection\magang2025\clarinet_detection_logs\clarinet_detection_log.csv
2025-02-21 14:42:50,580 - __main__ - INFO - Data berhasil dicatat di D:\DATA\FOR_DL\objectdetection\magang2025\clarinet_detection_logs\clarinet_detection_log.csv
2025-02-21 14:42:50,775 - __main__ - INFO - Data berhasil dicatat di D:\DATA\FOR_DL\objectdetection\magang2025\clarinet_detection_logs\clarinet_detection_log.csv
2025-02-21 14:42:50,982 - __main__ - INFO - Data berhasil dicatat di D:\DATA\FOR_DL\objectdetection\magang2025\clarinet_detection_logs\clarinet_detection_log.csv
2025-02-21 14:42:51,176 - __main__ - INFO - Data berhasil dicatat di D:\DATA\FOR_DL\objectdetection\magang2025\clarinet_detection_logs\clarinet_detection_log.csv
2025-02-21 14:42:51,383 - __main__ - INFO - Data berhasil dicatat di D:\DATA\FOR_DL\objectdetection\magang2025\clarinet_detection_logs\clarinet_detection_log.csv
2025-02-21 14:42:51,577 - __main__ - INFO - Data berhasil dicatat di D:\DATA\FOR_DL\objectdetection\magang2025\clarinet_detection_logs\clarinet_detection_log.csv
2025-02-21 14:42:51,783 - __main__ - INFO - Data berhasil dicatat di D:\DATA\FOR_DL\objectdetection\magang2025\clarinet_detection_logs\clarinet_detection_log.csv
2025-02-21 14:42:51,973 - __main__ - INFO - Data berhasil dicatat di D:\DATA\FOR_DL\objectdetection\magang2025\clarinet_detection_logs\clarinet_detection_log.csv
2025-02-21 14:42:52,180 - __main__ - INFO - Data berhasil dicatat di D:\DATA\FOR_DL\objectdetection\magang2025\clarinet_detection_logs\clarinet_detection_log.csv
2025-02-21 14:42:52,375 - __main__ - INFO - Data berhasil dicatat di D:\DATA\FOR_DL\objectdetection\magang2025\clarinet_detection_logs\clarinet_detection_log.csv
2025-02-21 14:42:52,582 - __main__ - INFO - Data berhasil dicatat di D:\DATA\FOR_DL\objectdetection\magang2025\clarinet_detection_logs\clarinet_detection_log.csv
2025-02-21 14:42:52,771 - __main__ - INFO - Data berhasil dicatat di D:\DATA\FOR_DL\objectdetection\magang2025\clarinet_detection_logs\clarinet_detection_log.csv
2025-02-21 14:42:52,986 - __main__ - INFO - Data berhasil dicatat di D:\DATA\FOR_DL\objectdetection\magang2025\clarinet_detection_logs\clarinet_detection_log.csv
2025-02-21 14:42:53,176 - __main__ - INFO - Data berhasil dicatat di D:\DATA\FOR_DL\objectdetection\magang2025\clarinet_detection_logs\clarinet_detection_log.csv
2025-02-21 14:42:53,383 - __main__ - INFO - Data berhasil dicatat di D:\DATA\FOR_DL\objectdetection\magang2025\clarinet_detection_logs\clarinet_detection_log.csv
2025-02-21 14:42:53,572 - __main__ - INFO - Data berhasil dicatat di D:\DATA\FOR_DL\objectdetection\magang2025\clarinet_detection_logs\clarinet_detection_log.csv
2025-02-21 14:42:53,783 - __main__ - INFO - Data berhasil dicatat di D:\DATA\FOR_DL\objectdetection\magang2025\clarinet_detection_logs\clarinet_detection_log.csv
2025-02-21 14:42:53,980 - __main__ - INFO - Data berhasil dicatat di D:\DATA\FOR_DL\objectdetection\magang2025\clarinet_detection_logs\clarinet_detection_log.csv
2025-02-21 14:42:54,182 - __main__ - INFO - Data berhasil dicatat di D:\DATA\FOR_DL\objectdetection\magang2025\clarinet_detection_logs\clarinet_detection_log.csv
2025-02-21 14:42:54,375 - __main__ - INFO - Data berhasil dicatat di D:\DATA\FOR_DL\objectdetection\magang2025\clarinet_detection_logs\clarinet_detection_log.csv
2025-02-21 14:42:54,580 - __main__ - INFO - Data berhasil dicatat di D:\DATA\FOR_DL\objectdetection\magang2025\clarinet_detection_logs\clarinet_detection_log.csv
2025-02-21 14:42:54,775 - __main__ - INFO - Data berhasil dicatat di D:\DATA\FOR_DL\objectdetection\magang2025\clarinet_detection_logs\clarinet_detection_log.csv
2025-02-21 14:42:54,982 - __main__ - INFO - Data berhasil dicatat di D:\DATA\FOR_DL\objectdetection\magang2025\clarinet_detection_logs\clarinet_detection_log.csv
2025-02-21 14:42:55,174 - __main__ - INFO - Data berhasil dicatat di D:\DATA\FOR_DL\objectdetection\magang2025\clarinet_detection_logs\clarinet_detection_log.csv
2025-02-21 14:42:55,381 - __main__ - INFO - Data berhasil dicatat di D:\DATA\FOR_DL\objectdetection\magang2025\clarinet_detection_logs\clarinet_detection_log.csv
2025-02-21 14:42:55,577 - __main__ - INFO - Data berhasil dicatat di D:\DATA\FOR_DL\objectdetection\magang2025\clarinet_detection_logs\clarinet_detection_log.csv
2025-02-21 14:42:55,781 - __main__ - INFO - Data berhasil dicatat di D:\DATA\FOR_DL\objectdetection\magang2025\clarinet_detection_logs\clarinet_detection_log.csv
2025-02-21 14:42:55,976 - __main__ - INFO - Data berhasil dicatat di D:\DATA\FOR_DL\objectdetection\magang2025\clarinet_detection_logs\clarinet_detection_log.csv
2025-02-21 14:42:56,183 - __main__ - INFO - Data berhasil dicatat di D:\DATA\FOR_DL\objectdetection\magang2025\clarinet_detection_logs\clarinet_detection_log.csv
2025-02-21 14:42:56,376 - __main__ - INFO - Data berhasil dicatat di D:\DATA\FOR_DL\objectdetection\magang2025\clarinet_detection_logs\clarinet_detection_log.csv
2025-02-21 14:42:56,580 - __main__ - INFO - Data berhasil dicatat di D:\DATA\FOR_DL\objectdetection\magang2025\clarinet_detection_logs\clarinet_detection_log.csv
2025-02-21 14:42:56,771 - __main__ - INFO - Data berhasil dicatat di D:\DATA\FOR_DL\objectdetection\magang2025\clarinet_detection_logs\clarinet_detection_log.csv
2025-02-21 14:42:56,984 - __main__ - INFO - Data berhasil dicatat di D:\DATA\FOR_DL\objectdetection\magang2025\clarinet_detection_logs\clarinet_detection_log.csv
2025-02-21 14:42:57,175 - __main__ - INFO - Data berhasil dicatat di D:\DATA\FOR_DL\objectdetection\magang2025\clarinet_detection_logs\clarinet_detection_log.csv
2025-02-21 14:42:57,382 - __main__ - INFO - Data berhasil dicatat di D:\DATA\FOR_DL\objectdetection\magang2025\clarinet_detection_logs\clarinet_detection_log.csv
2025-02-21 14:42:57,577 - __main__ - INFO - Data berhasil dicatat di D:\DATA\FOR_DL\objectdetection\magang2025\clarinet_detection_logs\clarinet_detection_log.csv
2025-02-21 14:42:57,782 - __main__ - INFO - Data berhasil dicatat di D:\DATA\FOR_DL\objectdetection\magang2025\clarinet_detection_logs\clarinet_detection_log.csv
2025-02-21 14:42:57,975 - __main__ - INFO - Data berhasil dicatat di D:\DATA\FOR_DL\objectdetection\magang2025\clarinet_detection_logs\clarinet_detection_log.csv
2025-02-21 14:42:58,183 - __main__ - INFO - Data berhasil dicatat di D:\DATA\FOR_DL\objectdetection\magang2025\clarinet_detection_logs\clarinet_detection_log.csv
2025-02-21 14:42:58,375 - __main__ - INFO - Data berhasil dicatat di D:\DATA\FOR_DL\objectdetection\magang2025\clarinet_detection_logs\clarinet_detection_log.csv
2025-02-21 14:42:58,582 - __main__ - INFO - Data berhasil dicatat di D:\DATA\FOR_DL\objectdetection\magang2025\clarinet_detection_logs\clarinet_detection_log.csv
2025-02-21 14:42:58,775 - __main__ - INFO - Data berhasil dicatat di D:\DATA\FOR_DL\objectdetection\magang2025\clarinet_detection_logs\clarinet_detection_log.csv
2025-02-21 14:42:58,979 - __main__ - INFO - Data berhasil dicatat di D:\DATA\FOR_DL\objectdetection\magang2025\clarinet_detection_logs\clarinet_detection_log.csv
2025-02-21 14:42:59,172 - __main__ - INFO - Data berhasil dicatat di D:\DATA\FOR_DL\objectdetection\magang2025\clarinet_detection_logs\clarinet_detection_log.csv
2025-02-21 14:42:59,382 - __main__ - INFO - Data berhasil dicatat di D:\DATA\FOR_DL\objectdetection\magang2025\clarinet_detection_logs\clarinet_detection_log.csv
2025-02-21 14:42:59,577 - __main__ - INFO - Data berhasil dicatat di D:\DATA\FOR_DL\objectdetection\magang2025\clarinet_detection_logs\clarinet_detection_log.csv
2025-02-21 14:42:59,782 - __main__ - INFO - Data berhasil dicatat di D:\DATA\FOR_DL\objectdetection\magang2025\clarinet_detection_logs\clarinet_detection_log.csv
2025-02-21 14:42:59,976 - __main__ - INFO - Data berhasil dicatat di D:\DATA\FOR_DL\objectdetection\magang2025\clarinet_detection_logs\clarinet_detection_log.csv
2025-02-21 14:43:00,182 - __main__ - INFO - Data berhasil dicatat di D:\DATA\FOR_DL\objectdetection\magang2025\clarinet_detection_logs\clarinet_detection_log.csv
2025-02-21 14:43:00,376 - __main__ - INFO - Data berhasil dicatat di D:\DATA\FOR_DL\objectdetection\magang2025\clarinet_detection_logs\clarinet_detection_log.csv
2025-02-21 14:43:00,583 - __main__ - INFO - Data berhasil dicatat di D:\DATA\FOR_DL\objectdetection\magang2025\clarinet_detection_logs\clarinet_detection_log.csv
2025-02-21 14:43:00,774 - __main__ - INFO - Data berhasil dicatat di D:\DATA\FOR_DL\objectdetection\magang2025\clarinet_detection_logs\clarinet_detection_log.csv
2025-02-21 14:43:00,987 - __main__ - INFO - Data berhasil dicatat di D:\DATA\FOR_DL\objectdetection\magang2025\clarinet_detection_logs\clarinet_detection_log.csv
2025-02-21 14:43:01,175 - __main__ - INFO - Data berhasil dicatat di D:\DATA\FOR_DL\objectdetection\magang2025\clarinet_detection_logs\clarinet_detection_log.csv
2025-02-21 14:43:01,379 - __main__ - INFO - Data berhasil dicatat di D:\DATA\FOR_DL\objectdetection\magang2025\clarinet_detection_logs\clarinet_detection_log.csv
2025-02-21 14:43:01,594 - __main__ - INFO - Data berhasil dicatat di D:\DATA\FOR_DL\objectdetection\magang2025\clarinet_detection_logs\clarinet_detection_log.csv
2025-02-21 14:43:01,787 - __main__ - INFO - Data berhasil dicatat di D:\DATA\FOR_DL\objectdetection\magang2025\clarinet_detection_logs\clarinet_detection_log.csv
2025-02-21 14:43:01,980 - __main__ - INFO - Data berhasil dicatat di D:\DATA\FOR_DL\objectdetection\magang2025\clarinet_detection_logs\clarinet_detection_log.csv
2025-02-21 14:43:02,182 - __main__ - INFO - Data berhasil dicatat di D:\DATA\FOR_DL\objectdetection\magang2025\clarinet_detection_logs\clarinet_detection_log.csv
2025-02-21 14:43:02,380 - __main__ - INFO - Data berhasil dicatat di D:\DATA\FOR_DL\objectdetection\magang2025\clarinet_detection_logs\clarinet_detection_log.csv
2025-02-21 14:43:02,583 - __main__ - INFO - Data berhasil dicatat di D:\DATA\FOR_DL\objectdetection\magang2025\clarinet_detection_logs\clarinet_detection_log.csv
2025-02-21 14:43:02,775 - __main__ - INFO - Data berhasil dicatat di D:\DATA\FOR_DL\objectdetection\magang2025\clarinet_detection_logs\clarinet_detection_log.csv
2025-02-21 14:43:02,983 - __main__ - INFO - Data berhasil dicatat di D:\DATA\FOR_DL\objectdetection\magang2025\clarinet_detection_logs\clarinet_detection_log.csv
2025-02-21 14:43:03,177 - __main__ - INFO - Data berhasil dicatat di D:\DATA\FOR_DL\objectdetection\magang2025\clarinet_detection_logs\clarinet_detection_log.csv
2025-02-21 14:43:03,396 - __main__ - INFO - Data berhasil dicatat di D:\DATA\FOR_DL\objectdetection\magang2025\clarinet_detection_logs\clarinet_detection_log.csv
2025-02-21 14:43:03,578 - __main__ - INFO - Data berhasil dicatat di D:\DATA\FOR_DL\objectdetection\magang2025\clarinet_detection_logs\clarinet_detection_log.csv
2025-02-21 14:43:03,785 - __main__ - INFO - Data berhasil dicatat di D:\DATA\FOR_DL\objectdetection\magang2025\clarinet_detection_logs\clarinet_detection_log.csv
2025-02-21 14:43:03,977 - __main__ - INFO - Data berhasil dicatat di D:\DATA\FOR_DL\objectdetection\magang2025\clarinet_detection_logs\clarinet_detection_log.csv
2025-02-21 14:43:04,234 - __main__ - INFO - Data berhasil dicatat di D:\DATA\FOR_DL\objectdetection\magang2025\clarinet_detection_logs\clarinet_detection_log.csv
2025-02-21 14:43:04,379 - __main__ - INFO - Data berhasil dicatat di D:\DATA\FOR_DL\objectdetection\magang2025\clarinet_detection_logs\clarinet_detection_log.csv
2025-02-21 14:43:04,583 - __main__ - INFO - Data berhasil dicatat di D:\DATA\FOR_DL\objectdetection\magang2025\clarinet_detection_logs\clarinet_detection_log.csv
2025-02-21 14:43:04,774 - __main__ - INFO - Data berhasil dicatat di D:\DATA\FOR_DL\objectdetection\magang2025\clarinet_detection_logs\clarinet_detection_log.csv
2025-02-21 14:43:04,985 - __main__ - INFO - Data berhasil dicatat di D:\DATA\FOR_DL\objectdetection\magang2025\clarinet_detection_logs\clarinet_detection_log.csv
2025-02-21 14:43:05,179 - __main__ - INFO - Data berhasil dicatat di D:\DATA\FOR_DL\objectdetection\magang2025\clarinet_detection_logs\clarinet_detection_log.csv
2025-02-21 14:43:05,436 - __main__ - INFO - Data berhasil dicatat di D:\DATA\FOR_DL\objectdetection\magang2025\clarinet_detection_logs\clarinet_detection_log.csv
2025-02-21 14:43:05,582 - __main__ - INFO - Data berhasil dicatat di D:\DATA\FOR_DL\objectdetection\magang2025\clarinet_detection_logs\clarinet_detection_log.csv
2025-02-21 14:43:05,780 - __main__ - INFO - Data berhasil dicatat di D:\DATA\FOR_DL\objectdetection\magang2025\clarinet_detection_logs\clarinet_detection_log.csv
2025-02-21 14:43:05,978 - __main__ - INFO - Data berhasil dicatat di D:\DATA\FOR_DL\objectdetection\magang2025\clarinet_detection_logs\clarinet_detection_log.csv
2025-02-21 14:43:06,184 - __main__ - INFO - Data berhasil dicatat di D:\DATA\FOR_DL\objectdetection\magang2025\clarinet_detection_logs\clarinet_detection_log.csv
2025-02-21 14:43:06,378 - __main__ - INFO - Data berhasil dicatat di D:\DATA\FOR_DL\objectdetection\magang2025\clarinet_detection_logs\clarinet_detection_log.csv
2025-02-21 14:43:06,582 - __main__ - INFO - Data berhasil dicatat di D:\DATA\FOR_DL\objectdetection\magang2025\clarinet_detection_logs\clarinet_detection_log.csv
2025-02-21 14:43:06,779 - __main__ - INFO - Data berhasil dicatat di D:\DATA\FOR_DL\objectdetection\magang2025\clarinet_detection_logs\clarinet_detection_log.csv
2025-02-21 14:43:07,029 - __main__ - INFO - Data berhasil dicatat di D:\DATA\FOR_DL\objectdetection\magang2025\clarinet_detection_logs\clarinet_detection_log.csv
2025-02-21 14:43:07,174 - __main__ - INFO - Data berhasil dicatat di D:\DATA\FOR_DL\objectdetection\magang2025\clarinet_detection_logs\clarinet_detection_log.csv
2025-02-21 14:43:07,381 - __main__ - INFO - Data berhasil dicatat di D:\DATA\FOR_DL\objectdetection\magang2025\clarinet_detection_logs\clarinet_detection_log.csv
2025-02-21 14:43:07,575 - __main__ - INFO - Data berhasil dicatat di D:\DATA\FOR_DL\objectdetection\magang2025\clarinet_detection_logs\clarinet_detection_log.csv
2025-02-21 14:43:07,784 - __main__ - INFO - Data berhasil dicatat di D:\DATA\FOR_DL\objectdetection\magang2025\clarinet_detection_logs\clarinet_detection_log.csv
2025-02-21 14:43:07,972 - __main__ - INFO - Data berhasil dicatat di D:\DATA\FOR_DL\objectdetection\magang2025\clarinet_detection_logs\clarinet_detection_log.csv
2025-02-21 14:43:08,182 - __main__ - INFO - Data berhasil dicatat di D:\DATA\FOR_DL\objectdetection\magang2025\clarinet_detection_logs\clarinet_detection_log.csv
2025-02-21 14:43:08,377 - __main__ - INFO - Data berhasil dicatat di D:\DATA\FOR_DL\objectdetection\magang2025\clarinet_detection_logs\clarinet_detection_log.csv
2025-02-21 14:43:08,582 - __main__ - INFO - Data berhasil dicatat di D:\DATA\FOR_DL\objectdetection\magang2025\clarinet_detection_logs\clarinet_detection_log.csv
2025-02-21 14:43:08,780 - __main__ - INFO - Data berhasil dicatat di D:\DATA\FOR_DL\objectdetection\magang2025\clarinet_detection_logs\clarinet_detection_log.csv
2025-02-21 14:43:08,968 - __main__ - INFO - Data berhasil dicatat di D:\DATA\FOR_DL\objectdetection\magang2025\clarinet_detection_logs\clarinet_detection_log.csv
2025-02-21 14:43:09,160 - __main__ - INFO - Data berhasil dicatat di D:\DATA\FOR_DL\objectdetection\magang2025\clarinet_detection_logs\clarinet_detection_log.csv
2025-02-21 14:43:09,367 - __main__ - INFO - Data berhasil dicatat di D:\DATA\FOR_DL\objectdetection\magang2025\clarinet_detection_logs\clarinet_detection_log.csv
2025-02-21 14:43:09,558 - __main__ - INFO - Data berhasil dicatat di D:\DATA\FOR_DL\objectdetection\magang2025\clarinet_detection_logs\clarinet_detection_log.csv
2025-02-21 14:43:09,766 - __main__ - INFO - Data berhasil dicatat di D:\DATA\FOR_DL\objectdetection\magang2025\clarinet_detection_logs\clarinet_detection_log.csv
2025-02-21 14:43:09,958 - __main__ - INFO - Data berhasil dicatat di D:\DATA\FOR_DL\objectdetection\magang2025\clarinet_detection_logs\clarinet_detection_log.csv
2025-02-21 14:43:10,167 - __main__ - INFO - Data berhasil dicatat di D:\DATA\FOR_DL\objectdetection\magang2025\clarinet_detection_logs\clarinet_detection_log.csv
2025-02-21 14:43:10,359 - __main__ - INFO - Data berhasil dicatat di D:\DATA\FOR_DL\objectdetection\magang2025\clarinet_detection_logs\clarinet_detection_log.csv
2025-02-21 14:43:10,566 - __main__ - INFO - Data berhasil dicatat di D:\DATA\FOR_DL\objectdetection\magang2025\clarinet_detection_logs\clarinet_detection_log.csv
2025-02-21 14:43:10,759 - __main__ - INFO - Data berhasil dicatat di D:\DATA\FOR_DL\objectdetection\magang2025\clarinet_detection_logs\clarinet_detection_log.csv
2025-02-21 14:43:10,966 - __main__ - INFO - Data berhasil dicatat di D:\DATA\FOR_DL\objectdetection\magang2025\clarinet_detection_logs\clarinet_detection_log.csv
2025-02-21 14:43:11,159 - __main__ - INFO - Data berhasil dicatat di D:\DATA\FOR_DL\objectdetection\magang2025\clarinet_detection_logs\clarinet_detection_log.csv
2025-02-21 14:43:11,368 - __main__ - INFO - Data berhasil dicatat di D:\DATA\FOR_DL\objectdetection\magang2025\clarinet_detection_logs\clarinet_detection_log.csv
2025-02-21 14:43:11,560 - __main__ - INFO - Data berhasil dicatat di D:\DATA\FOR_DL\objectdetection\magang2025\clarinet_detection_logs\clarinet_detection_log.csv
2025-02-21 14:43:11,767 - __main__ - INFO - Data berhasil dicatat di D:\DATA\FOR_DL\objectdetection\magang2025\clarinet_detection_logs\clarinet_detection_log.csv
2025-02-21 14:43:11,958 - __main__ - INFO - Data berhasil dicatat di D:\DATA\FOR_DL\objectdetection\magang2025\clarinet_detection_logs\clarinet_detection_log.csv
2025-02-21 14:43:12,166 - __main__ - INFO - Data berhasil dicatat di D:\DATA\FOR_DL\objectdetection\magang2025\clarinet_detection_logs\clarinet_detection_log.csv
2025-02-21 14:43:12,359 - __main__ - INFO - Data berhasil dicatat di D:\DATA\FOR_DL\objectdetection\magang2025\clarinet_detection_logs\clarinet_detection_log.csv
2025-02-21 14:43:12,574 - __main__ - INFO - Data berhasil dicatat di D:\DATA\FOR_DL\objectdetection\magang2025\clarinet_detection_logs\clarinet_detection_log.csv
2025-02-21 14:43:12,759 - __main__ - INFO - Data berhasil dicatat di D:\DATA\FOR_DL\objectdetection\magang2025\clarinet_detection_logs\clarinet_detection_log.csv
2025-02-21 14:43:12,968 - __main__ - INFO - Data berhasil dicatat di D:\DATA\FOR_DL\objectdetection\magang2025\clarinet_detection_logs\clarinet_detection_log.csv
2025-02-21 14:43:13,166 - __main__ - INFO - Data berhasil dicatat di D:\DATA\FOR_DL\objectdetection\magang2025\clarinet_detection_logs\clarinet_detection_log.csv
2025-02-21 14:43:13,373 - __main__ - INFO - Data berhasil dicatat di D:\DATA\FOR_DL\objectdetection\magang2025\clarinet_detection_logs\clarinet_detection_log.csv
2025-02-21 14:43:13,562 - __main__ - INFO - Data berhasil dicatat di D:\DATA\FOR_DL\objectdetection\magang2025\clarinet_detection_logs\clarinet_detection_log.csv
2025-02-21 14:43:13,772 - __main__ - INFO - Data berhasil dicatat di D:\DATA\FOR_DL\objectdetection\magang2025\clarinet_detection_logs\clarinet_detection_log.csv
2025-02-21 14:43:13,964 - __main__ - INFO - Data berhasil dicatat di D:\DATA\FOR_DL\objectdetection\magang2025\clarinet_detection_logs\clarinet_detection_log.csv
2025-02-21 14:43:14,176 - __main__ - INFO - Data berhasil dicatat di D:\DATA\FOR_DL\objectdetection\magang2025\clarinet_detection_logs\clarinet_detection_log.csv
2025-02-21 14:43:14,369 - __main__ - INFO - Data berhasil dicatat di D:\DATA\FOR_DL\objectdetection\magang2025\clarinet_detection_logs\clarinet_detection_log.csv
2025-02-21 14:43:14,578 - __main__ - INFO - Data berhasil dicatat di D:\DATA\FOR_DL\objectdetection\magang2025\clarinet_detection_logs\clarinet_detection_log.csv
2025-02-21 14:43:14,767 - __main__ - INFO - Data berhasil dicatat di D:\DATA\FOR_DL\objectdetection\magang2025\clarinet_detection_logs\clarinet_detection_log.csv
2025-02-21 14:43:14,979 - __main__ - INFO - Data berhasil dicatat di D:\DATA\FOR_DL\objectdetection\magang2025\clarinet_detection_logs\clarinet_detection_log.csv
2025-02-21 14:43:15,171 - __main__ - INFO - Data berhasil dicatat di D:\DATA\FOR_DL\objectdetection\magang2025\clarinet_detection_logs\clarinet_detection_log.csv
2025-02-21 14:43:15,379 - __main__ - INFO - Data berhasil dicatat di D:\DATA\FOR_DL\objectdetection\magang2025\clarinet_detection_logs\clarinet_detection_log.csv
2025-02-21 14:43:15,580 - __main__ - INFO - Data berhasil dicatat di D:\DATA\FOR_DL\objectdetection\magang2025\clarinet_detection_logs\clarinet_detection_log.csv
2025-02-21 14:43:15,785 - __main__ - INFO - Data berhasil dicatat di D:\DATA\FOR_DL\objectdetection\magang2025\clarinet_detection_logs\clarinet_detection_log.csv
2025-02-21 14:43:15,978 - __main__ - INFO - Data berhasil dicatat di D:\DATA\FOR_DL\objectdetection\magang2025\clarinet_detection_logs\clarinet_detection_log.csv
2025-02-21 14:43:16,185 - __main__ - INFO - Data berhasil dicatat di D:\DATA\FOR_DL\objectdetection\magang2025\clarinet_detection_logs\clarinet_detection_log.csv
2025-02-21 14:43:16,376 - __main__ - INFO - Data berhasil dicatat di D:\DATA\FOR_DL\objectdetection\magang2025\clarinet_detection_logs\clarinet_detection_log.csv
2025-02-21 14:43:16,583 - __main__ - INFO - Data berhasil dicatat di D:\DATA\FOR_DL\objectdetection\magang2025\clarinet_detection_logs\clarinet_detection_log.csv
2025-02-21 14:43:16,776 - __main__ - INFO - Data berhasil dicatat di D:\DATA\FOR_DL\objectdetection\magang2025\clarinet_detection_logs\clarinet_detection_log.csv
2025-02-21 14:43:16,989 - __main__ - INFO - Data berhasil dicatat di D:\DATA\FOR_DL\objectdetection\magang2025\clarinet_detection_logs\clarinet_detection_log.csv
2025-02-21 14:43:17,175 - __main__ - INFO - Data berhasil dicatat di D:\DATA\FOR_DL\objectdetection\magang2025\clarinet_detection_logs\clarinet_detection_log.csv
2025-02-21 14:43:17,380 - __main__ - INFO - Data berhasil dicatat di D:\DATA\FOR_DL\objectdetection\magang2025\clarinet_detection_logs\clarinet_detection_log.csv
2025-02-21 14:43:17,576 - __main__ - INFO - Data berhasil dicatat di D:\DATA\FOR_DL\objectdetection\magang2025\clarinet_detection_logs\clarinet_detection_log.csv
2025-02-21 14:43:17,782 - __main__ - INFO - Data berhasil dicatat di D:\DATA\FOR_DL\objectdetection\magang2025\clarinet_detection_logs\clarinet_detection_log.csv
2025-02-21 14:43:17,980 - __main__ - INFO - Data berhasil dicatat di D:\DATA\FOR_DL\objectdetection\magang2025\clarinet_detection_logs\clarinet_detection_log.csv
2025-02-21 14:43:18,180 - __main__ - INFO - Data berhasil dicatat di D:\DATA\FOR_DL\objectdetection\magang2025\clarinet_detection_logs\clarinet_detection_log.csv
2025-02-21 14:43:18,376 - __main__ - INFO - Data berhasil dicatat di D:\DATA\FOR_DL\objectdetection\magang2025\clarinet_detection_logs\clarinet_detection_log.csv
2025-02-21 14:43:18,583 - __main__ - INFO - Data berhasil dicatat di D:\DATA\FOR_DL\objectdetection\magang2025\clarinet_detection_logs\clarinet_detection_log.csv
2025-02-21 14:43:18,776 - __main__ - INFO - Data berhasil dicatat di D:\DATA\FOR_DL\objectdetection\magang2025\clarinet_detection_logs\clarinet_detection_log.csv
2025-02-21 14:43:18,987 - __main__ - INFO - Data berhasil dicatat di D:\DATA\FOR_DL\objectdetection\magang2025\clarinet_detection_logs\clarinet_detection_log.csv
2025-02-21 14:43:19,175 - __main__ - INFO - Data berhasil dicatat di D:\DATA\FOR_DL\objectdetection\magang2025\clarinet_detection_logs\clarinet_detection_log.csv
2025-02-21 14:43:19,384 - __main__ - INFO - Data berhasil dicatat di D:\DATA\FOR_DL\objectdetection\magang2025\clarinet_detection_logs\clarinet_detection_log.csv
2025-02-21 14:43:19,575 - __main__ - INFO - Data berhasil dicatat di D:\DATA\FOR_DL\objectdetection\magang2025\clarinet_detection_logs\clarinet_detection_log.csv
2025-02-21 14:43:19,783 - __main__ - INFO - Data berhasil dicatat di D:\DATA\FOR_DL\objectdetection\magang2025\clarinet_detection_logs\clarinet_detection_log.csv
2025-02-21 14:43:19,980 - __main__ - INFO - Data berhasil dicatat di D:\DATA\FOR_DL\objectdetection\magang2025\clarinet_detection_logs\clarinet_detection_log.csv
2025-02-21 14:43:20,182 - __main__ - INFO - Data berhasil dicatat di D:\DATA\FOR_DL\objectdetection\magang2025\clarinet_detection_logs\clarinet_detection_log.csv
2025-02-21 14:43:20,376 - __main__ - INFO - Data berhasil dicatat di D:\DATA\FOR_DL\objectdetection\magang2025\clarinet_detection_logs\clarinet_detection_log.csv
2025-02-21 14:43:20,582 - __main__ - INFO - Data berhasil dicatat di D:\DATA\FOR_DL\objectdetection\magang2025\clarinet_detection_logs\clarinet_detection_log.csv
2025-02-21 14:43:20,773 - __main__ - INFO - Data berhasil dicatat di D:\DATA\FOR_DL\objectdetection\magang2025\clarinet_detection_logs\clarinet_detection_log.csv
2025-02-21 14:43:20,987 - __main__ - INFO - Data berhasil dicatat di D:\DATA\FOR_DL\objectdetection\magang2025\clarinet_detection_logs\clarinet_detection_log.csv
2025-02-21 14:43:21,173 - __main__ - INFO - Data berhasil dicatat di D:\DATA\FOR_DL\objectdetection\magang2025\clarinet_detection_logs\clarinet_detection_log.csv
2025-02-21 14:43:21,385 - __main__ - INFO - Data berhasil dicatat di D:\DATA\FOR_DL\objectdetection\magang2025\clarinet_detection_logs\clarinet_detection_log.csv
2025-02-21 14:43:21,574 - __main__ - INFO - Data berhasil dicatat di D:\DATA\FOR_DL\objectdetection\magang2025\clarinet_detection_logs\clarinet_detection_log.csv
2025-02-21 14:43:21,782 - __main__ - INFO - Data berhasil dicatat di D:\DATA\FOR_DL\objectdetection\magang2025\clarinet_detection_logs\clarinet_detection_log.csv
2025-02-21 14:43:21,981 - __main__ - INFO - Data berhasil dicatat di D:\DATA\FOR_DL\objectdetection\magang2025\clarinet_detection_logs\clarinet_detection_log.csv
2025-02-21 14:43:22,183 - __main__ - INFO - Data berhasil dicatat di D:\DATA\FOR_DL\objectdetection\magang2025\clarinet_detection_logs\clarinet_detection_log.csv
2025-02-21 14:43:22,376 - __main__ - INFO - Data berhasil dicatat di D:\DATA\FOR_DL\objectdetection\magang2025\clarinet_detection_logs\clarinet_detection_log.csv
2025-02-21 14:43:22,581 - __main__ - INFO - Data berhasil dicatat di D:\DATA\FOR_DL\objectdetection\magang2025\clarinet_detection_logs\clarinet_detection_log.csv
2025-02-21 14:43:22,775 - __main__ - INFO - Data berhasil dicatat di D:\DATA\FOR_DL\objectdetection\magang2025\clarinet_detection_logs\clarinet_detection_log.csv
2025-02-21 14:43:22,982 - __main__ - INFO - Data berhasil dicatat di D:\DATA\FOR_DL\objectdetection\magang2025\clarinet_detection_logs\clarinet_detection_log.csv
2025-02-21 14:43:23,176 - __main__ - INFO - Data berhasil dicatat di D:\DATA\FOR_DL\objectdetection\magang2025\clarinet_detection_logs\clarinet_detection_log.csv
2025-02-21 14:43:23,382 - __main__ - INFO - Data berhasil dicatat di D:\DATA\FOR_DL\objectdetection\magang2025\clarinet_detection_logs\clarinet_detection_log.csv
2025-02-21 14:43:23,576 - __main__ - INFO - Data berhasil dicatat di D:\DATA\FOR_DL\objectdetection\magang2025\clarinet_detection_logs\clarinet_detection_log.csv
2025-02-21 14:43:23,783 - __main__ - INFO - Data berhasil dicatat di D:\DATA\FOR_DL\objectdetection\magang2025\clarinet_detection_logs\clarinet_detection_log.csv
2025-02-21 14:43:23,974 - __main__ - INFO - Data berhasil dicatat di D:\DATA\FOR_DL\objectdetection\magang2025\clarinet_detection_logs\clarinet_detection_log.csv
2025-02-21 14:43:24,183 - __main__ - INFO - Data berhasil dicatat di D:\DATA\FOR_DL\objectdetection\magang2025\clarinet_detection_logs\clarinet_detection_log.csv
2025-02-21 14:43:24,375 - __main__ - INFO - Data berhasil dicatat di D:\DATA\FOR_DL\objectdetection\magang2025\clarinet_detection_logs\clarinet_detection_log.csv
2025-02-21 14:43:24,585 - __main__ - INFO - Data berhasil dicatat di D:\DATA\FOR_DL\objectdetection\magang2025\clarinet_detection_logs\clarinet_detection_log.csv
2025-02-21 14:43:24,776 - __main__ - INFO - Data berhasil dicatat di D:\DATA\FOR_DL\objectdetection\magang2025\clarinet_detection_logs\clarinet_detection_log.csv
2025-02-21 14:43:24,981 - __main__ - INFO - Data berhasil dicatat di D:\DATA\FOR_DL\objectdetection\magang2025\clarinet_detection_logs\clarinet_detection_log.csv
2025-02-21 14:43:25,178 - __main__ - INFO - Data berhasil dicatat di D:\DATA\FOR_DL\objectdetection\magang2025\clarinet_detection_logs\clarinet_detection_log.csv
2025-02-21 14:43:25,384 - __main__ - INFO - Data berhasil dicatat di D:\DATA\FOR_DL\objectdetection\magang2025\clarinet_detection_logs\clarinet_detection_log.csv
2025-02-21 14:43:25,575 - __main__ - INFO - Data berhasil dicatat di D:\DATA\FOR_DL\objectdetection\magang2025\clarinet_detection_logs\clarinet_detection_log.csv
2025-02-21 14:43:25,783 - __main__ - INFO - Data berhasil dicatat di D:\DATA\FOR_DL\objectdetection\magang2025\clarinet_detection_logs\clarinet_detection_log.csv
2025-02-21 14:43:25,975 - __main__ - INFO - Data berhasil dicatat di D:\DATA\FOR_DL\objectdetection\magang2025\clarinet_detection_logs\clarinet_detection_log.csv
2025-02-21 14:43:26,183 - __main__ - INFO - Data berhasil dicatat di D:\DATA\FOR_DL\objectdetection\magang2025\clarinet_detection_logs\clarinet_detection_log.csv
2025-02-21 14:43:26,376 - __main__ - INFO - Data berhasil dicatat di D:\DATA\FOR_DL\objectdetection\magang2025\clarinet_detection_logs\clarinet_detection_log.csv
2025-02-21 14:43:26,584 - __main__ - INFO - Data berhasil dicatat di D:\DATA\FOR_DL\objectdetection\magang2025\clarinet_detection_logs\clarinet_detection_log.csv
2025-02-21 14:43:26,775 - __main__ - INFO - Data berhasil dicatat di D:\DATA\FOR_DL\objectdetection\magang2025\clarinet_detection_logs\clarinet_detection_log.csv
2025-02-21 14:43:26,983 - __main__ - INFO - Data berhasil dicatat di D:\DATA\FOR_DL\objectdetection\magang2025\clarinet_detection_logs\clarinet_detection_log.csv
2025-02-21 14:43:27,175 - __main__ - INFO - Data berhasil dicatat di D:\DATA\FOR_DL\objectdetection\magang2025\clarinet_detection_logs\clarinet_detection_log.csv
2025-02-21 14:43:27,382 - __main__ - INFO - Data berhasil dicatat di D:\DATA\FOR_DL\objectdetection\magang2025\clarinet_detection_logs\clarinet_detection_log.csv
2025-02-21 14:43:27,580 - __main__ - INFO - Data berhasil dicatat di D:\DATA\FOR_DL\objectdetection\magang2025\clarinet_detection_logs\clarinet_detection_log.csv
2025-02-21 14:43:27,783 - __main__ - INFO - Data berhasil dicatat di D:\DATA\FOR_DL\objectdetection\magang2025\clarinet_detection_logs\clarinet_detection_log.csv
2025-02-21 14:43:27,975 - __main__ - INFO - Data berhasil dicatat di D:\DATA\FOR_DL\objectdetection\magang2025\clarinet_detection_logs\clarinet_detection_log.csv
2025-02-21 14:43:28,184 - __main__ - INFO - Data berhasil dicatat di D:\DATA\FOR_DL\objectdetection\magang2025\clarinet_detection_logs\clarinet_detection_log.csv
2025-02-21 14:43:28,376 - __main__ - INFO - Data berhasil dicatat di D:\DATA\FOR_DL\objectdetection\magang2025\clarinet_detection_logs\clarinet_detection_log.csv
2025-02-21 14:43:28,583 - __main__ - INFO - Data berhasil dicatat di D:\DATA\FOR_DL\objectdetection\magang2025\clarinet_detection_logs\clarinet_detection_log.csv
2025-02-21 14:43:28,776 - __main__ - INFO - Data berhasil dicatat di D:\DATA\FOR_DL\objectdetection\magang2025\clarinet_detection_logs\clarinet_detection_log.csv
2025-02-21 14:43:28,981 - __main__ - INFO - Data berhasil dicatat di D:\DATA\FOR_DL\objectdetection\magang2025\clarinet_detection_logs\clarinet_detection_log.csv
2025-02-21 14:43:29,176 - __main__ - INFO - Data berhasil dicatat di D:\DATA\FOR_DL\objectdetection\magang2025\clarinet_detection_logs\clarinet_detection_log.csv
2025-02-21 14:43:29,388 - __main__ - INFO - Data berhasil dicatat di D:\DATA\FOR_DL\objectdetection\magang2025\clarinet_detection_logs\clarinet_detection_log.csv
2025-02-21 14:43:29,579 - __main__ - INFO - Data berhasil dicatat di D:\DATA\FOR_DL\objectdetection\magang2025\clarinet_detection_logs\clarinet_detection_log.csv
2025-02-21 14:43:29,783 - __main__ - INFO - Data berhasil dicatat di D:\DATA\FOR_DL\objectdetection\magang2025\clarinet_detection_logs\clarinet_detection_log.csv
2025-02-21 14:43:29,977 - __main__ - INFO - Data berhasil dicatat di D:\DATA\FOR_DL\objectdetection\magang2025\clarinet_detection_logs\clarinet_detection_log.csv
2025-02-21 14:43:30,184 - __main__ - INFO - Data berhasil dicatat di D:\DATA\FOR_DL\objectdetection\magang2025\clarinet_detection_logs\clarinet_detection_log.csv
2025-02-21 14:43:30,377 - __main__ - INFO - Data berhasil dicatat di D:\DATA\FOR_DL\objectdetection\magang2025\clarinet_detection_logs\clarinet_detection_log.csv
2025-02-21 14:43:30,584 - __main__ - INFO - Data berhasil dicatat di D:\DATA\FOR_DL\objectdetection\magang2025\clarinet_detection_logs\clarinet_detection_log.csv
2025-02-21 14:43:30,776 - __main__ - INFO - Data berhasil dicatat di D:\DATA\FOR_DL\objectdetection\magang2025\clarinet_detection_logs\clarinet_detection_log.csv
2025-02-21 14:43:30,982 - __main__ - INFO - Data berhasil dicatat di D:\DATA\FOR_DL\objectdetection\magang2025\clarinet_detection_logs\clarinet_detection_log.csv
2025-02-21 14:43:31,176 - __main__ - INFO - Data berhasil dicatat di D:\DATA\FOR_DL\objectdetection\magang2025\clarinet_detection_logs\clarinet_detection_log.csv
2025-02-21 14:43:31,383 - __main__ - INFO - Data berhasil dicatat di D:\DATA\FOR_DL\objectdetection\magang2025\clarinet_detection_logs\clarinet_detection_log.csv
2025-02-21 14:43:31,576 - __main__ - INFO - Data berhasil dicatat di D:\DATA\FOR_DL\objectdetection\magang2025\clarinet_detection_logs\clarinet_detection_log.csv
2025-02-21 14:43:31,783 - __main__ - INFO - Data berhasil dicatat di D:\DATA\FOR_DL\objectdetection\magang2025\clarinet_detection_logs\clarinet_detection_log.csv
2025-02-21 14:43:31,976 - __main__ - INFO - Data berhasil dicatat di D:\DATA\FOR_DL\objectdetection\magang2025\clarinet_detection_logs\clarinet_detection_log.csv
2025-02-21 14:43:32,185 - __main__ - INFO - Data berhasil dicatat di D:\DATA\FOR_DL\objectdetection\magang2025\clarinet_detection_logs\clarinet_detection_log.csv
