2025-02-21 08:45:29,042 - __main__ - INFO - Logging system initialized successfully
2025-02-21 08:45:29,042 - __main__ - INFO - Log file created at: D:\DATA\FOR_DL\objectdetection\magang2025\logs\object_detection_20250221_084529.log
2025-02-21 08:45:29,056 - __main__ - INFO - Direktori berhasil dibuat: D:\DATA\FOR_DL\objectdetection\magang2025\clarinet_captured_photos
2025-02-21 08:45:29,057 - __main__ - INFO - Direktori berhasil dibuat: D:\DATA\FOR_DL\objectdetection\magang2025
2025-02-21 08:45:29,057 - __main__ - INFO - Direktori berhasil dibuat: D:\DATA\FOR_DL\objectdetection\magang2025\reports
2025-02-21 08:45:29,058 - __main__ - INFO - Direktori berhasil dibuat: D:\DATA\FOR_DL\objectdetection\magang2025
2025-02-21 08:45:29,154 - __main__ - INFO - Model berhasil dimuat dari D:\DATA\FOR_DL\objectdetection\magang2025\trainedclarinettes_yolov8n.pt
2025-02-21 08:45:33,133 - __main__ - INFO - Video capture berhasil diinisialisasi
2025-02-21 08:54:25,367 - __main__ - INFO - Confidence threshold updated to 0.30
2025-02-21 08:54:25,667 - __main__ - INFO - Confidence threshold updated to 0.30
2025-02-21 08:54:25,676 - __main__ - INFO - Confidence threshold updated to 0.30
2025-02-21 08:54:25,686 - __main__ - INFO - Confidence threshold updated to 0.35
2025-02-21 08:54:25,692 - __main__ - INFO - Confidence threshold updated to 0.40
2025-02-21 08:54:25,701 - __main__ - INFO - Confidence threshold updated to 0.50
2025-02-21 08:54:25,709 - __main__ - INFO - Confidence threshold updated to 0.50
2025-02-21 08:54:25,718 - __main__ - INFO - Confidence threshold updated to 0.55
2025-02-21 08:54:25,727 - __main__ - INFO - Confidence threshold updated to 0.55
2025-02-21 08:54:25,737 - __main__ - INFO - Confidence threshold updated to 0.60
2025-02-21 08:54:25,743 - __main__ - INFO - Confidence threshold updated to 0.60
2025-02-21 08:54:26,036 - __main__ - INFO - Confidence threshold updated to 0.60
2025-02-21 08:54:26,043 - __main__ - INFO - Confidence threshold updated to 0.60
2025-02-21 08:54:26,051 - __main__ - INFO - Confidence threshold updated to 0.60
2025-02-21 08:54:26,059 - __main__ - INFO - Confidence threshold updated to 0.60
2025-02-21 08:54:26,070 - __main__ - INFO - Confidence threshold updated to 0.60
2025-02-21 08:54:26,838 - __main__ - INFO - Confidence threshold updated to 0.60
2025-02-21 08:54:26,845 - __main__ - INFO - Confidence threshold updated to 0.60
2025-02-21 08:54:26,853 - __main__ - INFO - Confidence threshold updated to 0.60
2025-02-21 08:54:26,864 - __main__ - INFO - Confidence threshold updated to 0.60
2025-02-21 08:54:26,871 - __main__ - INFO - Confidence threshold updated to 0.60
2025-02-21 08:54:26,879 - __main__ - INFO - Confidence threshold updated to 0.60
2025-02-21 08:54:26,887 - __main__ - INFO - Confidence threshold updated to 0.60
2025-02-21 08:54:26,895 - __main__ - INFO - Confidence threshold updated to 0.55
2025-02-21 08:54:26,911 - __main__ - INFO - Confidence threshold updated to 0.55
2025-02-21 08:54:26,931 - __main__ - INFO - Confidence threshold updated to 0.55
2025-02-21 08:54:26,949 - __main__ - INFO - Confidence threshold updated to 0.55
2025-02-21 08:54:27,059 - __main__ - INFO - Confidence threshold updated to 0.55
2025-02-21 08:54:27,075 - __main__ - INFO - Confidence threshold updated to 0.55
2025-02-21 08:54:27,080 - __main__ - INFO - Confidence threshold updated to 0.55
2025-02-21 08:54:27,092 - __main__ - INFO - Confidence threshold updated to 0.55
2025-02-21 08:54:27,169 - __main__ - INFO - Confidence threshold updated to 0.55
2025-02-21 08:54:27,217 - __main__ - INFO - Confidence threshold updated to 0.55
2025-02-21 08:54:27,655 - __main__ - INFO - Confidence threshold updated to 0.55
2025-02-21 08:54:27,663 - __main__ - INFO - Confidence threshold updated to 0.60
2025-02-21 08:54:27,673 - __main__ - INFO - Confidence threshold updated to 0.65
2025-02-21 08:54:27,681 - __main__ - INFO - Confidence threshold updated to 0.65
2025-02-21 08:54:27,689 - __main__ - INFO - Confidence threshold updated to 0.70
2025-02-21 08:54:27,699 - __main__ - INFO - Confidence threshold updated to 0.70
2025-02-21 08:54:27,706 - __main__ - INFO - Confidence threshold updated to 0.75
2025-02-21 08:54:27,715 - __main__ - INFO - Confidence threshold updated to 0.75
2025-02-21 08:54:27,723 - __main__ - INFO - Confidence threshold updated to 0.80
2025-02-21 08:54:27,731 - __main__ - INFO - Confidence threshold updated to 0.80
2025-02-21 08:54:28,339 - __main__ - INFO - Confidence threshold updated to 0.80
2025-02-21 08:54:28,348 - __main__ - INFO - Confidence threshold updated to 0.80
2025-02-21 08:54:28,355 - __main__ - INFO - Confidence threshold updated to 0.80
2025-02-21 08:54:28,363 - __main__ - INFO - Confidence threshold updated to 0.80
2025-02-21 08:54:28,371 - __main__ - INFO - Confidence threshold updated to 0.80
2025-02-21 08:54:28,388 - __main__ - INFO - Confidence threshold updated to 0.80
2025-02-21 08:54:28,397 - __main__ - INFO - Confidence threshold updated to 0.80
2025-02-21 08:54:28,417 - __main__ - INFO - Confidence threshold updated to 0.80
2025-02-21 08:54:28,437 - __main__ - INFO - Confidence threshold updated to 0.80
2025-02-21 08:54:28,443 - __main__ - INFO - Confidence threshold updated to 0.80
2025-02-21 08:54:28,451 - __main__ - INFO - Confidence threshold updated to 0.80
2025-02-21 08:54:28,459 - __main__ - INFO - Confidence threshold updated to 0.80
2025-02-21 08:54:28,467 - __main__ - INFO - Confidence threshold updated to 0.80
2025-02-21 08:54:28,477 - __main__ - INFO - Confidence threshold updated to 0.80
2025-02-21 08:54:28,485 - __main__ - INFO - Confidence threshold updated to 0.80
2025-02-21 08:54:28,493 - __main__ - INFO - Confidence threshold updated to 0.80
2025-02-21 08:54:28,501 - __main__ - INFO - Confidence threshold updated to 0.80
2025-02-21 08:54:28,509 - __main__ - INFO - Confidence threshold updated to 0.80
2025-02-21 08:54:28,517 - __main__ - INFO - Confidence threshold updated to 0.75
2025-02-21 08:54:28,528 - __main__ - INFO - Confidence threshold updated to 0.75
2025-02-21 08:54:28,535 - __main__ - INFO - Confidence threshold updated to 0.75
2025-02-21 08:54:28,546 - __main__ - INFO - Confidence threshold updated to 0.75
2025-02-21 08:54:28,565 - __main__ - INFO - Confidence threshold updated to 0.75
2025-02-21 08:54:28,576 - __main__ - INFO - Confidence threshold updated to 0.75
2025-02-21 08:54:28,743 - __main__ - INFO - Confidence threshold updated to 0.75
2025-02-21 08:54:28,776 - __main__ - INFO - Confidence threshold updated to 0.75
2025-02-21 08:54:28,786 - __main__ - INFO - Confidence threshold updated to 0.75
2025-02-21 08:54:28,793 - __main__ - INFO - Confidence threshold updated to 0.75
2025-02-21 08:54:28,801 - __main__ - INFO - Confidence threshold updated to 0.75
2025-02-21 08:54:28,809 - __main__ - INFO - Confidence threshold updated to 0.70
2025-02-21 08:54:28,817 - __main__ - INFO - Confidence threshold updated to 0.70
2025-02-21 08:54:28,825 - __main__ - INFO - Confidence threshold updated to 0.70
2025-02-21 08:54:28,836 - __main__ - INFO - Confidence threshold updated to 0.70
2025-02-21 08:54:28,843 - __main__ - INFO - Confidence threshold updated to 0.70
2025-02-21 08:54:28,851 - __main__ - INFO - Confidence threshold updated to 0.70
2025-02-21 08:54:28,862 - __main__ - INFO - Confidence threshold updated to 0.70
2025-02-21 08:54:28,871 - __main__ - INFO - Confidence threshold updated to 0.70
2025-02-21 08:54:28,880 - __main__ - INFO - Confidence threshold updated to 0.70
2025-02-21 08:54:28,900 - __main__ - INFO - Confidence threshold updated to 0.70
2025-02-21 08:54:29,327 - __main__ - INFO - Confidence threshold updated to 0.70
2025-02-21 08:54:29,337 - __main__ - INFO - Confidence threshold updated to 0.70
2025-02-21 08:54:29,346 - __main__ - INFO - Confidence threshold updated to 0.65
2025-02-21 08:54:29,353 - __main__ - INFO - Confidence threshold updated to 0.60
2025-02-21 08:54:29,361 - __main__ - INFO - Confidence threshold updated to 0.60
2025-02-21 08:54:29,369 - __main__ - INFO - Confidence threshold updated to 0.60
2025-02-21 08:54:29,377 - __main__ - INFO - Confidence threshold updated to 0.55
2025-02-21 08:54:29,387 - __main__ - INFO - Confidence threshold updated to 0.55
2025-02-21 08:54:29,907 - __main__ - INFO - Confidence threshold updated to 0.55
2025-02-21 08:54:29,916 - __main__ - INFO - Confidence threshold updated to 0.55
2025-02-21 08:54:29,923 - __main__ - INFO - Confidence threshold updated to 0.55
2025-02-21 08:54:29,939 - __main__ - INFO - Confidence threshold updated to 0.55
2025-02-21 08:54:29,959 - __main__ - INFO - Confidence threshold updated to 0.55
2025-02-21 08:54:29,986 - __main__ - INFO - Confidence threshold updated to 0.55
2025-02-21 08:54:29,997 - __main__ - INFO - Confidence threshold updated to 0.55
2025-02-21 08:54:30,017 - __main__ - INFO - Confidence threshold updated to 0.55
2025-02-21 08:54:30,783 - __main__ - INFO - Confidence threshold updated to 0.55
2025-02-21 08:54:30,791 - __main__ - INFO - Confidence threshold updated to 0.65
2025-02-21 08:54:30,799 - __main__ - INFO - Confidence threshold updated to 0.75
2025-02-21 08:54:30,807 - __main__ - INFO - Confidence threshold updated to 0.85
2025-02-21 08:54:30,817 - __main__ - INFO - Confidence threshold updated to 0.90
2025-02-21 08:54:30,823 - __main__ - INFO - Confidence threshold updated to 1.00
2025-02-21 08:54:30,834 - __main__ - INFO - Confidence threshold updated to 1.00
2025-02-21 08:54:30,841 - __main__ - INFO - Confidence threshold updated to 1.00
2025-02-21 08:54:30,861 - __main__ - INFO - Confidence threshold updated to 1.00
2025-02-21 08:54:31,516 - __main__ - INFO - Confidence threshold updated to 1.00
2025-02-21 08:54:31,525 - __main__ - INFO - Confidence threshold updated to 1.00
2025-02-21 08:54:31,533 - __main__ - INFO - Confidence threshold updated to 1.00
2025-02-21 08:54:31,541 - __main__ - INFO - Confidence threshold updated to 0.95
2025-02-21 08:54:31,549 - __main__ - INFO - Confidence threshold updated to 0.95
2025-02-21 08:54:31,557 - __main__ - INFO - Confidence threshold updated to 0.95
2025-02-21 08:54:31,565 - __main__ - INFO - Confidence threshold updated to 0.95
2025-02-21 08:54:32,011 - __main__ - INFO - Confidence threshold updated to 0.95
2025-02-21 08:54:32,027 - __main__ - INFO - Confidence threshold updated to 0.95
2025-02-21 08:54:32,035 - __main__ - INFO - Confidence threshold updated to 0.95
2025-02-21 08:54:32,045 - __main__ - INFO - Confidence threshold updated to 0.90
2025-02-21 08:54:32,052 - __main__ - INFO - Confidence threshold updated to 0.90
2025-02-21 08:54:32,060 - __main__ - INFO - Confidence threshold updated to 0.90
2025-02-21 08:54:32,069 - __main__ - INFO - Confidence threshold updated to 0.90
2025-02-21 08:54:32,077 - __main__ - INFO - Confidence threshold updated to 0.90
2025-02-21 08:54:32,099 - __main__ - INFO - Confidence threshold updated to 0.90
2025-02-21 08:54:32,118 - __main__ - INFO - Confidence threshold updated to 0.85
