2025-02-17 09:42:22,528 - __main__ - INFO - Logging system initialized successfully
2025-02-17 09:42:22,528 - __main__ - INFO - Log file created at: D:\DATA\FOR_DL\objectdetection\magang2025\logs\object_detection_20250217_094222.log
2025-02-17 09:42:22,533 - __main__ - INFO - Direktori berhasil dibuat: D:\DATA\FOR_DL\objectdetection\magang2025\captured_photos
2025-02-17 09:42:22,534 - __main__ - INFO - Direktori berhasil dibuat: D:\DATA\FOR_DL\objectdetection\magang2025
2025-02-17 09:42:22,534 - __main__ - INFO - Direktori berhasil dibuat: D:\DATA\FOR_DL\objectdetection\magang2025\reports
2025-02-17 09:42:22,535 - __main__ - INFO - Direktori berhasil dibuat: D:\DATA\FOR_DL\objectdetection\magang2025
2025-02-17 09:42:22,628 - __main__ - INFO - Model berhasil dimuat dari D:\DATA\FOR_DL\objectdetection\magang2025\trained3object_yolov8n.pt
2025-02-17 09:42:26,591 - __main__ - INFO - Video capture berhasil diinisialisasi
2025-02-17 09:43:11,193 - __main__ - INFO - Confidence threshold updated to 0.30
2025-02-17 09:43:11,342 - __main__ - INFO - Confidence threshold updated to 0.35
2025-02-17 09:43:11,350 - __main__ - INFO - Confidence threshold updated to 0.35
2025-02-17 09:43:11,358 - __main__ - INFO - Confidence threshold updated to 0.40
2025-02-17 09:43:11,369 - __main__ - INFO - Confidence threshold updated to 0.40
2025-02-17 09:43:11,377 - __main__ - INFO - Confidence threshold updated to 0.40
2025-02-17 09:43:11,388 - __main__ - INFO - Confidence threshold updated to 0.40
2025-02-17 09:43:11,402 - __main__ - INFO - Confidence threshold updated to 0.40
2025-02-17 09:43:11,411 - __main__ - INFO - Confidence threshold updated to 0.40
2025-02-17 09:43:11,418 - __main__ - INFO - Confidence threshold updated to 0.45
2025-02-17 09:43:11,428 - __main__ - INFO - Confidence threshold updated to 0.45
2025-02-17 09:43:11,434 - __main__ - INFO - Confidence threshold updated to 0.45
2025-02-17 09:43:11,444 - __main__ - INFO - Confidence threshold updated to 0.50
2025-02-17 09:43:11,452 - __main__ - INFO - Confidence threshold updated to 0.50
2025-02-17 09:43:11,461 - __main__ - INFO - Confidence threshold updated to 0.50
2025-02-17 09:43:11,468 - __main__ - INFO - Confidence threshold updated to 0.55
2025-02-17 09:43:11,478 - __main__ - INFO - Confidence threshold updated to 0.55
2025-02-17 09:43:11,484 - __main__ - INFO - Confidence threshold updated to 0.55
2025-02-17 09:43:11,494 - __main__ - INFO - Confidence threshold updated to 0.60
2025-02-17 09:43:11,503 - __main__ - INFO - Confidence threshold updated to 0.60
2025-02-17 09:43:11,510 - __main__ - INFO - Confidence threshold updated to 0.60
2025-02-17 09:43:11,518 - __main__ - INFO - Confidence threshold updated to 0.60
2025-02-17 09:43:11,528 - __main__ - INFO - Confidence threshold updated to 0.65
2025-02-17 09:43:11,534 - __main__ - INFO - Confidence threshold updated to 0.65
2025-02-17 09:43:11,544 - __main__ - INFO - Confidence threshold updated to 0.65
2025-02-17 09:43:11,553 - __main__ - INFO - Confidence threshold updated to 0.65
2025-02-17 09:43:11,561 - __main__ - INFO - Confidence threshold updated to 0.65
2025-02-17 09:43:11,569 - __main__ - INFO - Confidence threshold updated to 0.70
2025-02-17 09:43:11,576 - __main__ - INFO - Confidence threshold updated to 0.70
2025-02-17 09:43:11,586 - __main__ - INFO - Confidence threshold updated to 0.70
2025-02-17 09:43:11,594 - __main__ - INFO - Confidence threshold updated to 0.70
2025-02-17 09:43:11,604 - __main__ - INFO - Confidence threshold updated to 0.70
2025-02-17 09:43:11,610 - __main__ - INFO - Confidence threshold updated to 0.75
2025-02-17 09:43:11,618 - __main__ - INFO - Confidence threshold updated to 0.75
2025-02-17 09:43:11,626 - __main__ - INFO - Confidence threshold updated to 0.80
2025-02-17 09:43:11,638 - __main__ - INFO - Confidence threshold updated to 0.80
2025-02-17 09:43:11,644 - __main__ - INFO - Confidence threshold updated to 0.80
2025-02-17 09:43:11,652 - __main__ - INFO - Confidence threshold updated to 0.85
2025-02-17 09:43:11,660 - __main__ - INFO - Confidence threshold updated to 0.85
2025-02-17 09:43:11,669 - __main__ - INFO - Confidence threshold updated to 0.85
2025-02-17 09:43:11,676 - __main__ - INFO - Confidence threshold updated to 0.85
2025-02-17 09:43:11,686 - __main__ - INFO - Confidence threshold updated to 0.85
2025-02-17 09:43:13,157 - __main__ - INFO - Confidence threshold updated to 0.75
2025-02-17 09:43:13,193 - __main__ - INFO - Confidence threshold updated to 0.75
2025-02-17 09:43:13,282 - __main__ - INFO - Confidence threshold updated to 0.75
2025-02-17 09:43:13,292 - __main__ - INFO - Confidence threshold updated to 0.70
2025-02-17 09:43:13,302 - __main__ - INFO - Confidence threshold updated to 0.70
2025-02-17 09:43:13,308 - __main__ - INFO - Confidence threshold updated to 0.70
2025-02-17 09:43:13,316 - __main__ - INFO - Confidence threshold updated to 0.70
2025-02-17 09:43:13,324 - __main__ - INFO - Confidence threshold updated to 0.65
2025-02-17 09:43:13,334 - __main__ - INFO - Confidence threshold updated to 0.65
2025-02-17 09:43:13,342 - __main__ - INFO - Confidence threshold updated to 0.65
2025-02-17 09:43:13,351 - __main__ - INFO - Confidence threshold updated to 0.60
2025-02-17 09:43:13,359 - __main__ - INFO - Confidence threshold updated to 0.60
2025-02-17 09:43:13,366 - __main__ - INFO - Confidence threshold updated to 0.60
2025-02-17 09:43:13,374 - __main__ - INFO - Confidence threshold updated to 0.55
2025-02-17 09:43:13,384 - __main__ - INFO - Confidence threshold updated to 0.55
2025-02-17 09:43:13,392 - __main__ - INFO - Confidence threshold updated to 0.55
2025-02-17 09:43:13,400 - __main__ - INFO - Confidence threshold updated to 0.50
2025-02-17 09:43:13,409 - __main__ - INFO - Confidence threshold updated to 0.50
2025-02-17 09:43:13,416 - __main__ - INFO - Confidence threshold updated to 0.50
2025-02-17 09:43:13,425 - __main__ - INFO - Confidence threshold updated to 0.50
2025-02-17 09:43:13,435 - __main__ - INFO - Confidence threshold updated to 0.45
2025-02-17 09:43:13,444 - __main__ - INFO - Confidence threshold updated to 0.45
2025-02-17 09:43:13,450 - __main__ - INFO - Confidence threshold updated to 0.45
2025-02-17 09:43:13,458 - __main__ - INFO - Confidence threshold updated to 0.45
2025-02-17 09:43:13,466 - __main__ - INFO - Confidence threshold updated to 0.40
2025-02-17 09:43:13,475 - __main__ - INFO - Confidence threshold updated to 0.40
2025-02-17 09:43:13,484 - __main__ - INFO - Confidence threshold updated to 0.40
2025-02-17 09:43:13,492 - __main__ - INFO - Confidence threshold updated to 0.35
2025-02-17 09:43:13,501 - __main__ - INFO - Confidence threshold updated to 0.35
2025-02-17 09:43:13,509 - __main__ - INFO - Confidence threshold updated to 0.30
2025-02-17 09:43:13,517 - __main__ - INFO - Confidence threshold updated to 0.30
2025-02-17 09:43:13,527 - __main__ - INFO - Confidence threshold updated to 0.30
2025-02-17 09:43:13,534 - __main__ - INFO - Confidence threshold updated to 0.30
2025-02-17 09:43:13,542 - __main__ - INFO - Confidence threshold updated to 0.25
2025-02-17 09:43:13,550 - __main__ - INFO - Confidence threshold updated to 0.25
2025-02-17 09:43:13,559 - __main__ - INFO - Confidence threshold updated to 0.25
2025-02-17 09:43:13,567 - __main__ - INFO - Confidence threshold updated to 0.25
2025-02-17 09:43:13,576 - __main__ - INFO - Confidence threshold updated to 0.20
2025-02-17 09:43:13,589 - __main__ - INFO - Confidence threshold updated to 0.20
2025-02-17 09:43:13,604 - __main__ - INFO - Confidence threshold updated to 0.20
2025-02-17 09:43:13,615 - __main__ - INFO - Confidence threshold updated to 0.20
2025-02-17 09:43:13,623 - __main__ - INFO - Confidence threshold updated to 0.20
2025-02-17 09:43:13,631 - __main__ - INFO - Confidence threshold updated to 0.20
2025-02-17 09:43:13,639 - __main__ - INFO - Confidence threshold updated to 0.20
2025-02-17 09:43:13,647 - __main__ - INFO - Confidence threshold updated to 0.20
2025-02-17 09:43:13,977 - __main__ - INFO - Confidence threshold updated to 0.20
2025-02-17 09:43:13,990 - __main__ - INFO - Confidence threshold updated to 0.20
2025-02-17 09:43:13,996 - __main__ - INFO - Confidence threshold updated to 0.20
2025-02-17 09:43:14,006 - __main__ - INFO - Confidence threshold updated to 0.20
2025-02-17 09:43:14,014 - __main__ - INFO - Confidence threshold updated to 0.20
2025-02-17 09:43:14,023 - __main__ - INFO - Confidence threshold updated to 0.20
2025-02-17 09:43:14,030 - __main__ - INFO - Confidence threshold updated to 0.25
2025-02-17 09:43:14,062 - __main__ - INFO - Confidence threshold updated to 0.25
2025-02-17 09:43:14,110 - __main__ - INFO - Confidence threshold updated to 0.25
