2025-02-20 14:27:26,213 - __main__ - INFO - Logging system initialized successfully
2025-02-20 14:27:26,213 - __main__ - INFO - Log file created at: D:\DATA\FOR_DL\objectdetection\magang2025\logs\object_detection_20250220_142726.log
2025-02-20 14:27:26,231 - __main__ - INFO - Direktori berhasil dibuat: D:\DATA\FOR_DL\objectdetection\magang2025\clarinet_captured_photos
2025-02-20 14:27:26,231 - __main__ - INFO - Direktori berhasil dibuat: D:\DATA\FOR_DL\objectdetection\magang2025
2025-02-20 14:27:26,232 - __main__ - INFO - Direktori berhasil dibuat: D:\DATA\FOR_DL\objectdetection\magang2025\reports
2025-02-20 14:27:26,232 - __main__ - INFO - Direktori berhasil dibuat: D:\DATA\FOR_DL\objectdetection\magang2025
2025-02-20 14:27:26,326 - __main__ - INFO - Model berhasil dimuat dari D:\DATA\FOR_DL\objectdetection\magang2025\trainedclarinettes_yolov8n.pt
2025-02-20 14:27:30,335 - __main__ - INFO - Video capture berhasil diinisialisasi
2025-02-20 14:27:49,797 - __main__ - INFO - Confidence threshold updated to 0.20
2025-02-20 14:27:50,356 - __main__ - INFO - Confidence threshold updated to 0.15
2025-02-20 14:27:50,461 - __main__ - INFO - Confidence threshold updated to 0.15
2025-02-20 14:27:50,470 - __main__ - INFO - Confidence threshold updated to 0.15
2025-02-20 14:27:50,478 - __main__ - INFO - Confidence threshold updated to 0.20
2025-02-20 14:27:50,487 - __main__ - INFO - Confidence threshold updated to 0.25
2025-02-20 14:27:50,495 - __main__ - INFO - Confidence threshold updated to 0.30
2025-02-20 14:27:50,503 - __main__ - INFO - Confidence threshold updated to 0.30
2025-02-20 14:27:50,512 - __main__ - INFO - Confidence threshold updated to 0.35
2025-02-20 14:27:50,520 - __main__ - INFO - Confidence threshold updated to 0.35
2025-02-20 14:27:50,528 - __main__ - INFO - Confidence threshold updated to 0.40
2025-02-20 14:27:50,537 - __main__ - INFO - Confidence threshold updated to 0.40
2025-02-20 14:27:50,546 - __main__ - INFO - Confidence threshold updated to 0.40
2025-02-20 14:27:50,588 - __main__ - INFO - Confidence threshold updated to 0.40
2025-02-20 14:27:50,625 - __main__ - INFO - Confidence threshold updated to 0.40
2025-02-20 14:27:50,649 - __main__ - INFO - Confidence threshold updated to 0.40
2025-02-20 14:27:50,677 - __main__ - INFO - Confidence threshold updated to 0.40
2025-02-20 14:27:50,684 - __main__ - INFO - Confidence threshold updated to 0.45
2025-02-20 14:27:50,695 - __main__ - INFO - Confidence threshold updated to 0.45
2025-02-20 14:27:50,703 - __main__ - INFO - Confidence threshold updated to 0.45
2025-02-20 14:27:50,712 - __main__ - INFO - Confidence threshold updated to 0.50
2025-02-20 14:27:50,719 - __main__ - INFO - Confidence threshold updated to 0.50
2025-02-20 14:27:50,728 - __main__ - INFO - Confidence threshold updated to 0.50
2025-02-20 14:27:50,735 - __main__ - INFO - Confidence threshold updated to 0.50
2025-02-20 14:27:50,745 - __main__ - INFO - Confidence threshold updated to 0.50
2025-02-20 14:27:50,753 - __main__ - INFO - Confidence threshold updated to 0.50
2025-02-20 14:27:50,769 - __main__ - INFO - Confidence threshold updated to 0.55
2025-02-20 14:27:51,272 - __main__ - INFO - Confidence threshold updated to 0.60
2025-02-20 14:27:51,402 - __main__ - INFO - Confidence threshold updated to 0.60
2025-02-20 14:27:51,409 - __main__ - INFO - Confidence threshold updated to 0.60
2025-02-20 14:27:51,418 - __main__ - INFO - Confidence threshold updated to 0.65
2025-02-20 14:27:51,427 - __main__ - INFO - Confidence threshold updated to 0.65
2025-02-20 14:27:51,434 - __main__ - INFO - Confidence threshold updated to 0.70
2025-02-20 14:27:51,444 - __main__ - INFO - Confidence threshold updated to 0.70
2025-02-20 14:27:51,451 - __main__ - INFO - Confidence threshold updated to 0.75
2025-02-20 14:27:51,462 - __main__ - INFO - Confidence threshold updated to 0.80
2025-02-20 14:27:51,468 - __main__ - INFO - Confidence threshold updated to 0.80
2025-02-20 14:27:51,477 - __main__ - INFO - Confidence threshold updated to 0.85
2025-02-20 14:27:51,487 - __main__ - INFO - Confidence threshold updated to 0.85
2025-02-20 14:27:51,498 - __main__ - INFO - Confidence threshold updated to 0.85
2025-02-20 14:27:51,949 - __main__ - INFO - Confidence threshold updated to 0.80
2025-02-20 14:27:52,006 - __main__ - INFO - Confidence threshold updated to 0.80
2025-02-20 14:27:52,018 - __main__ - INFO - Confidence threshold updated to 0.80
2025-02-20 14:27:52,025 - __main__ - INFO - Confidence threshold updated to 0.80
2025-02-20 14:27:52,032 - __main__ - INFO - Confidence threshold updated to 0.80
2025-02-20 14:27:52,042 - __main__ - INFO - Confidence threshold updated to 0.80
2025-02-20 14:27:52,051 - __main__ - INFO - Confidence threshold updated to 0.80
2025-02-20 14:27:52,058 - __main__ - INFO - Confidence threshold updated to 0.75
2025-02-20 14:27:52,066 - __main__ - INFO - Confidence threshold updated to 0.75
2025-02-20 14:27:52,074 - __main__ - INFO - Confidence threshold updated to 0.75
2025-02-20 14:27:52,083 - __main__ - INFO - Confidence threshold updated to 0.75
2025-02-20 14:27:52,093 - __main__ - INFO - Confidence threshold updated to 0.70
2025-02-20 14:27:52,103 - __main__ - INFO - Confidence threshold updated to 0.70
2025-02-20 14:27:52,108 - __main__ - INFO - Confidence threshold updated to 0.70
2025-02-20 14:27:52,119 - __main__ - INFO - Confidence threshold updated to 0.65
2025-02-20 14:27:52,124 - __main__ - INFO - Confidence threshold updated to 0.65
2025-02-20 14:27:52,133 - __main__ - INFO - Confidence threshold updated to 0.60
2025-02-20 14:27:52,142 - __main__ - INFO - Confidence threshold updated to 0.60
2025-02-20 14:27:52,153 - __main__ - INFO - Confidence threshold updated to 0.60
2025-02-20 14:27:52,158 - __main__ - INFO - Confidence threshold updated to 0.55
2025-02-20 14:27:52,167 - __main__ - INFO - Confidence threshold updated to 0.55
2025-02-20 14:27:52,175 - __main__ - INFO - Confidence threshold updated to 0.55
2025-02-20 14:27:52,184 - __main__ - INFO - Confidence threshold updated to 0.50
2025-02-20 14:27:52,193 - __main__ - INFO - Confidence threshold updated to 0.45
2025-02-20 14:27:52,203 - __main__ - INFO - Confidence threshold updated to 0.40
2025-02-20 14:27:52,209 - __main__ - INFO - Confidence threshold updated to 0.35
2025-02-20 14:27:52,217 - __main__ - INFO - Confidence threshold updated to 0.30
2025-02-20 14:27:52,224 - __main__ - INFO - Confidence threshold updated to 0.25
2025-02-20 14:27:52,235 - __main__ - INFO - Confidence threshold updated to 0.20
2025-02-20 14:27:52,244 - __main__ - INFO - Confidence threshold updated to 0.15
2025-02-20 14:27:52,251 - __main__ - INFO - Confidence threshold updated to 0.15
2025-02-20 14:27:52,258 - __main__ - INFO - Confidence threshold updated to 0.10
2025-02-20 14:27:52,285 - __main__ - INFO - Confidence threshold updated to 0.10
2025-02-20 14:27:52,465 - __main__ - INFO - Confidence threshold updated to 0.10
2025-02-20 14:27:52,475 - __main__ - INFO - Confidence threshold updated to 0.10
2025-02-20 14:27:52,483 - __main__ - INFO - Confidence threshold updated to 0.10
2025-02-20 14:27:52,491 - __main__ - INFO - Confidence threshold updated to 0.10
2025-02-20 14:27:52,504 - __main__ - INFO - Confidence threshold updated to 0.10
2025-02-20 14:27:52,518 - __main__ - INFO - Confidence threshold updated to 0.10
2025-02-20 14:27:52,603 - __main__ - INFO - Confidence threshold updated to 0.10
2025-02-20 14:27:52,779 - __main__ - INFO - Confidence threshold updated to 0.10
2025-02-20 14:27:52,793 - __main__ - INFO - Confidence threshold updated to 0.10
2025-02-20 14:27:52,931 - __main__ - INFO - Confidence threshold updated to 0.10
2025-02-20 14:27:52,940 - __main__ - INFO - Confidence threshold updated to 0.10
2025-02-20 14:27:52,950 - __main__ - INFO - Confidence threshold updated to 0.10
2025-02-20 14:27:52,959 - __main__ - INFO - Confidence threshold updated to 0.10
2025-02-20 14:27:52,967 - __main__ - INFO - Confidence threshold updated to 0.10
2025-02-20 14:27:52,977 - __main__ - INFO - Confidence threshold updated to 0.05
2025-02-20 14:27:52,985 - __main__ - INFO - Confidence threshold updated to 0.05
2025-02-20 14:27:52,994 - __main__ - INFO - Confidence threshold updated to 0.05
2025-02-20 14:27:53,002 - __main__ - INFO - Confidence threshold updated to 0.05
2025-02-20 14:27:53,008 - __main__ - INFO - Confidence threshold updated to 0.05
2025-02-20 14:27:53,018 - __main__ - INFO - Confidence threshold updated to 0.05
2025-02-20 14:27:53,026 - __main__ - INFO - Confidence threshold updated to 0.00
2025-02-20 14:27:53,034 - __main__ - INFO - Confidence threshold updated to 0.00
2025-02-20 14:27:53,043 - __main__ - INFO - Confidence threshold updated to 0.00
2025-02-20 14:27:53,051 - __main__ - INFO - Confidence threshold updated to 0.00
2025-02-20 14:27:53,058 - __main__ - INFO - Confidence threshold updated to 0.00
2025-02-20 14:27:53,068 - __main__ - INFO - Confidence threshold updated to 0.00
2025-02-20 14:27:53,077 - __main__ - INFO - Confidence threshold updated to 0.00
2025-02-20 14:27:53,122 - __main__ - INFO - Confidence threshold updated to 0.00
2025-02-20 14:27:53,148 - __main__ - INFO - Confidence threshold updated to 0.00
2025-02-20 14:27:53,160 - __main__ - INFO - Confidence threshold updated to 0.00
2025-02-20 14:27:53,173 - __main__ - INFO - Confidence threshold updated to 0.00
2025-02-20 14:27:53,205 - __main__ - INFO - Confidence threshold updated to 0.00
2025-02-20 14:27:53,320 - __main__ - INFO - Confidence threshold updated to 0.00
2025-02-20 14:27:53,330 - __main__ - INFO - Confidence threshold updated to 0.00
2025-02-20 14:27:53,337 - __main__ - INFO - Confidence threshold updated to 0.00
2025-02-20 14:27:53,353 - __main__ - INFO - Confidence threshold updated to 0.00
2025-02-20 14:27:53,364 - __main__ - INFO - Confidence threshold updated to 0.00
2025-02-20 14:27:53,370 - __main__ - INFO - Confidence threshold updated to 0.00
2025-02-20 14:27:53,382 - __main__ - INFO - Confidence threshold updated to 0.00
2025-02-20 14:27:53,387 - __main__ - INFO - Confidence threshold updated to 0.00
2025-02-20 14:27:53,396 - __main__ - INFO - Confidence threshold updated to 0.00
2025-02-20 14:27:53,405 - __main__ - INFO - Confidence threshold updated to 0.00
2025-02-20 14:27:53,415 - __main__ - INFO - Confidence threshold updated to 0.00
2025-02-20 14:27:53,420 - __main__ - INFO - Confidence threshold updated to 0.00
2025-02-20 14:27:53,433 - __main__ - INFO - Confidence threshold updated to 0.00
2025-02-20 14:27:53,441 - __main__ - INFO - Confidence threshold updated to 0.00
2025-02-20 14:27:53,446 - __main__ - INFO - Confidence threshold updated to 0.00
2025-02-20 14:27:53,454 - __main__ - INFO - Confidence threshold updated to 0.00
2025-02-20 14:27:53,463 - __main__ - INFO - Confidence threshold updated to 0.00
2025-02-20 14:27:53,470 - __main__ - INFO - Confidence threshold updated to 0.00
2025-02-20 14:27:55,889 - __main__ - INFO - Confidence threshold updated to 0.15
