2025-02-21 08:57:51,878 - __main__ - INFO - Logging system initialized successfully
2025-02-21 08:57:51,879 - __main__ - INFO - Log file created at: D:\DATA\FOR_DL\objectdetection\magang2025\logs\object_detection_20250221_085751.log
2025-02-21 08:57:51,897 - __main__ - INFO - Direktori berhasil dibuat: D:\DATA\FOR_DL\objectdetection\magang2025\clarinet_captured_photos
2025-02-21 08:57:51,898 - __main__ - INFO - Direktori berhasil dibuat: D:\DATA\FOR_DL\objectdetection\magang2025
2025-02-21 08:57:51,898 - __main__ - INFO - Direktori berhasil dibuat: D:\DATA\FOR_DL\objectdetection\magang2025\reports
2025-02-21 08:57:51,899 - __main__ - INFO - Direktori berhasil dibuat: D:\DATA\FOR_DL\objectdetection\magang2025
2025-02-21 08:57:51,994 - __main__ - INFO - Model berhasil dimuat dari D:\DATA\FOR_DL\objectdetection\magang2025\trainedclarinettes_yolov8n.pt
2025-02-21 08:57:56,036 - __main__ - INFO - Video capture berhasil diinisialisasi
2025-02-21 08:58:41,012 - __main__ - WARNING - Objek belum lengkap. Kurang: Silica
2025-02-21 08:59:00,769 - __main__ - INFO - Confidence threshold updated to 0.15
2025-02-21 08:59:02,622 - __main__ - INFO - Confidence threshold updated to 0.20
2025-02-21 08:59:17,059 - __main__ - WARNING - Objek belum lengkap. Kurang: Silica
2025-02-21 08:59:19,012 - __main__ - INFO - Confidence threshold updated to 0.10
2025-02-21 08:59:19,441 - __main__ - INFO - Confidence threshold updated to 0.10
2025-02-21 08:59:21,551 - __main__ - INFO - Confidence threshold updated to 0.15
2025-02-21 08:59:21,672 - __main__ - INFO - Confidence threshold updated to 0.15
2025-02-21 08:59:21,680 - __main__ - INFO - Confidence threshold updated to 0.25
2025-02-21 08:59:21,690 - __main__ - INFO - Confidence threshold updated to 0.30
2025-02-21 08:59:21,700 - __main__ - INFO - Confidence threshold updated to 0.45
2025-02-21 08:59:21,708 - __main__ - INFO - Confidence threshold updated to 0.60
2025-02-21 08:59:21,717 - __main__ - INFO - Confidence threshold updated to 0.70
2025-02-21 08:59:21,722 - __main__ - INFO - Confidence threshold updated to 0.85
2025-02-21 08:59:21,736 - __main__ - INFO - Confidence threshold updated to 1.00
2025-02-21 08:59:21,740 - __main__ - INFO - Confidence threshold updated to 1.00
2025-02-21 08:59:21,748 - __main__ - INFO - Confidence threshold updated to 1.00
2025-02-21 08:59:21,758 - __main__ - INFO - Confidence threshold updated to 1.00
2025-02-21 08:59:21,767 - __main__ - INFO - Confidence threshold updated to 1.00
2025-02-21 08:59:21,772 - __main__ - INFO - Confidence threshold updated to 1.00
2025-02-21 08:59:21,779 - __main__ - INFO - Confidence threshold updated to 1.00
2025-02-21 08:59:23,115 - __main__ - INFO - Confidence threshold updated to 0.75
2025-02-21 08:59:23,163 - __main__ - INFO - Confidence threshold updated to 0.75
2025-02-21 08:59:23,171 - __main__ - INFO - Confidence threshold updated to 0.70
2025-02-21 08:59:23,181 - __main__ - INFO - Confidence threshold updated to 0.70
2025-02-21 08:59:23,187 - __main__ - INFO - Confidence threshold updated to 0.70
2025-02-21 08:59:23,196 - __main__ - INFO - Confidence threshold updated to 0.65
2025-02-21 08:59:23,205 - __main__ - INFO - Confidence threshold updated to 0.65
2025-02-21 08:59:23,214 - __main__ - INFO - Confidence threshold updated to 0.60
2025-02-21 08:59:23,221 - __main__ - INFO - Confidence threshold updated to 0.60
2025-02-21 08:59:23,229 - __main__ - INFO - Confidence threshold updated to 0.55
2025-02-21 08:59:23,237 - __main__ - INFO - Confidence threshold updated to 0.55
2025-02-21 08:59:23,248 - __main__ - INFO - Confidence threshold updated to 0.50
2025-02-21 08:59:23,254 - __main__ - INFO - Confidence threshold updated to 0.50
2025-02-21 08:59:23,263 - __main__ - INFO - Confidence threshold updated to 0.45
2025-02-21 08:59:23,271 - __main__ - INFO - Confidence threshold updated to 0.40
2025-02-21 08:59:23,282 - __main__ - INFO - Confidence threshold updated to 0.40
2025-02-21 08:59:23,288 - __main__ - INFO - Confidence threshold updated to 0.35
2025-02-21 08:59:23,300 - __main__ - INFO - Confidence threshold updated to 0.35
2025-02-21 08:59:23,303 - __main__ - INFO - Confidence threshold updated to 0.35
2025-02-21 08:59:23,314 - __main__ - INFO - Confidence threshold updated to 0.30
2025-02-21 08:59:23,322 - __main__ - INFO - Confidence threshold updated to 0.30
2025-02-21 08:59:23,330 - __main__ - INFO - Confidence threshold updated to 0.30
2025-02-21 08:59:23,406 - __main__ - INFO - Confidence threshold updated to 0.30
2025-02-21 08:59:23,413 - __main__ - INFO - Confidence threshold updated to 0.30
2025-02-21 08:59:23,425 - __main__ - INFO - Confidence threshold updated to 0.30
2025-02-21 08:59:23,433 - __main__ - INFO - Confidence threshold updated to 0.30
2025-02-21 08:59:23,443 - __main__ - INFO - Confidence threshold updated to 0.30
2025-02-21 08:59:23,452 - __main__ - INFO - Confidence threshold updated to 0.25
2025-02-21 08:59:23,460 - __main__ - INFO - Confidence threshold updated to 0.25
2025-02-21 08:59:23,467 - __main__ - INFO - Confidence threshold updated to 0.25
2025-02-21 08:59:23,475 - __main__ - INFO - Confidence threshold updated to 0.25
2025-02-21 08:59:23,488 - __main__ - INFO - Confidence threshold updated to 0.20
2025-02-21 08:59:23,493 - __main__ - INFO - Confidence threshold updated to 0.20
2025-02-21 08:59:23,502 - __main__ - INFO - Confidence threshold updated to 0.20
2025-02-21 08:59:23,510 - __main__ - INFO - Confidence threshold updated to 0.20
2025-02-21 08:59:23,519 - __main__ - INFO - Confidence threshold updated to 0.15
2025-02-21 08:59:24,159 - __main__ - INFO - Confidence threshold updated to 0.15
2025-02-21 08:59:24,167 - __main__ - INFO - Confidence threshold updated to 0.15
2025-02-21 08:59:24,177 - __main__ - INFO - Confidence threshold updated to 0.15
2025-02-21 08:59:24,189 - __main__ - INFO - Confidence threshold updated to 0.10
2025-02-21 08:59:24,193 - __main__ - INFO - Confidence threshold updated to 0.05
2025-02-21 08:59:24,204 - __main__ - INFO - Confidence threshold updated to 0.05
2025-02-21 08:59:24,210 - __main__ - INFO - Confidence threshold updated to 0.00
2025-02-21 08:59:24,218 - __main__ - INFO - Confidence threshold updated to 0.00
2025-02-21 08:59:24,227 - __main__ - INFO - Confidence threshold updated to 0.00
2025-02-21 08:59:24,239 - __main__ - INFO - Confidence threshold updated to 0.00
2025-02-21 08:59:24,243 - __main__ - INFO - Confidence threshold updated to 0.00
2025-02-21 08:59:24,252 - __main__ - INFO - Confidence threshold updated to 0.00
2025-02-21 08:59:24,718 - __main__ - INFO - Confidence threshold updated to 0.00
2025-02-21 08:59:24,725 - __main__ - INFO - Confidence threshold updated to 0.00
2025-02-21 08:59:24,735 - __main__ - INFO - Confidence threshold updated to 0.00
2025-02-21 08:59:24,744 - __main__ - INFO - Confidence threshold updated to 0.00
2025-02-21 08:59:24,753 - __main__ - INFO - Confidence threshold updated to 0.00
2025-02-21 08:59:24,759 - __main__ - INFO - Confidence threshold updated to 0.00
2025-02-21 08:59:24,768 - __main__ - INFO - Confidence threshold updated to 0.00
2025-02-21 08:59:24,779 - __main__ - INFO - Confidence threshold updated to 0.00
2025-02-21 08:59:24,783 - __main__ - INFO - Confidence threshold updated to 0.00
2025-02-21 08:59:24,793 - __main__ - INFO - Confidence threshold updated to 0.00
2025-02-21 08:59:24,802 - __main__ - INFO - Confidence threshold updated to 0.05
2025-02-21 08:59:24,811 - __main__ - INFO - Confidence threshold updated to 0.05
2025-02-21 08:59:24,818 - __main__ - INFO - Confidence threshold updated to 0.05
2025-02-21 08:59:24,825 - __main__ - INFO - Confidence threshold updated to 0.05
2025-02-21 08:59:24,867 - __main__ - INFO - Confidence threshold updated to 0.05
2025-02-21 08:59:24,888 - __main__ - INFO - Confidence threshold updated to 0.05
2025-02-21 08:59:24,903 - __main__ - INFO - Confidence threshold updated to 0.05
2025-02-21 08:59:24,922 - __main__ - INFO - Confidence threshold updated to 0.05
2025-02-21 08:59:24,956 - __main__ - INFO - Confidence threshold updated to 0.05
2025-02-21 08:59:24,991 - __main__ - INFO - Confidence threshold updated to 0.05
2025-02-21 08:59:25,055 - __main__ - INFO - Confidence threshold updated to 0.05
2025-02-21 08:59:25,080 - __main__ - INFO - Confidence threshold updated to 0.05
2025-02-21 08:59:25,113 - __main__ - INFO - Confidence threshold updated to 0.05
2025-02-21 08:59:25,120 - __main__ - INFO - Confidence threshold updated to 0.05
2025-02-21 08:59:25,127 - __main__ - INFO - Confidence threshold updated to 0.10
2025-02-21 08:59:25,138 - __main__ - INFO - Confidence threshold updated to 0.10
2025-02-21 08:59:25,146 - __main__ - INFO - Confidence threshold updated to 0.10
2025-02-21 08:59:25,153 - __main__ - INFO - Confidence threshold updated to 0.10
2025-02-21 08:59:25,161 - __main__ - INFO - Confidence threshold updated to 0.10
2025-02-21 08:59:25,729 - __main__ - INFO - Confidence threshold updated to 0.10
2025-02-21 08:59:25,738 - __main__ - INFO - Confidence threshold updated to 0.10
2025-02-21 08:59:25,745 - __main__ - INFO - Confidence threshold updated to 0.10
2025-02-21 08:59:25,756 - __main__ - INFO - Confidence threshold updated to 0.10
2025-02-21 08:59:25,764 - __main__ - INFO - Confidence threshold updated to 0.10
2025-02-21 08:59:25,771 - __main__ - INFO - Confidence threshold updated to 0.10
2025-02-21 08:59:25,783 - __main__ - INFO - Confidence threshold updated to 0.10
2025-02-21 08:59:25,808 - __main__ - INFO - Confidence threshold updated to 0.10
2025-02-21 08:59:25,843 - __main__ - INFO - Confidence threshold updated to 0.10
2025-02-21 08:59:25,853 - __main__ - INFO - Confidence threshold updated to 0.15
2025-02-21 08:59:25,862 - __main__ - INFO - Confidence threshold updated to 0.15
2025-02-21 08:59:25,871 - __main__ - INFO - Confidence threshold updated to 0.15
2025-02-21 08:59:25,878 - __main__ - INFO - Confidence threshold updated to 0.15
2025-02-21 08:59:25,885 - __main__ - INFO - Confidence threshold updated to 0.15
2025-02-21 08:59:25,902 - __main__ - INFO - Confidence threshold updated to 0.15
2025-02-21 08:59:25,921 - __main__ - INFO - Confidence threshold updated to 0.15
2025-02-21 08:59:27,535 - __main__ - INFO - Confidence threshold updated to 0.15
2025-02-21 08:59:28,065 - __main__ - INFO - Confidence threshold updated to 0.15
2025-02-21 08:59:45,973 - __main__ - INFO - Data berhasil dicatat di D:\DATA\FOR_DL\objectdetection\magang2025\clarinet_detection_log.csv
2025-02-21 08:59:49,541 - __main__ - INFO - Foto berhasil disimpan: D:\DATA\FOR_DL\objectdetection\magang2025\clarinet_captured_photos\detected_20250221_085945.jpg
2025-02-21 08:59:54,753 - __main__ - ERROR - Gagal menyimpan foto: module 'PIL.Image' has no attribute 'ANTIALIAS'
2025-02-21 08:59:56,048 - __main__ - INFO - Data berhasil dicatat di D:\DATA\FOR_DL\objectdetection\magang2025\clarinet_detection_log.csv
2025-02-21 08:59:57,208 - __main__ - INFO - Foto berhasil disimpan: D:\DATA\FOR_DL\objectdetection\magang2025\clarinet_captured_photos\detected_20250221_085956.jpg
2025-02-21 08:59:59,264 - __main__ - ERROR - Gagal menyimpan foto: module 'PIL.Image' has no attribute 'ANTIALIAS'
2025-02-21 09:00:55,881 - __main__ - INFO - Data berhasil dicatat di D:\DATA\FOR_DL\objectdetection\magang2025\clarinet_detection_log.csv
2025-02-21 09:00:57,545 - __main__ - INFO - Foto berhasil disimpan: D:\DATA\FOR_DL\objectdetection\magang2025\clarinet_captured_photos\detected_20250221_090055.jpg
2025-02-21 09:00:58,148 - __main__ - ERROR - Gagal menyimpan foto: module 'PIL.Image' has no attribute 'ANTIALIAS'
