2025-02-17 15:33:45,806 - __main__ - INFO - Logging system initialized successfully
2025-02-17 15:33:45,806 - __main__ - INFO - Log file created at: D:\DATA\FOR_DL\objectdetection\magang2025\logs\object_detection_20250217_153345.log
2025-02-17 15:33:45,807 - __main__ - INFO - Direktori berhasil dibuat: D:\DATA\FOR_DL\objectdetection\magang2025\captured_photos
2025-02-17 15:33:45,807 - __main__ - INFO - Direktori berhasil dibuat: D:\DATA\FOR_DL\objectdetection\magang2025
2025-02-17 15:33:45,808 - __main__ - INFO - Direktori berhasil dibuat: D:\DATA\FOR_DL\objectdetection\magang2025\reports
2025-02-17 15:33:45,808 - __main__ - INFO - Direktori berhasil dibuat: D:\DATA\FOR_DL\objectdetection\magang2025
2025-02-17 15:33:45,899 - __main__ - INFO - Model berhasil dimuat dari D:\DATA\FOR_DL\objectdetection\magang2025\trained3object_yolov8n.pt
2025-02-17 15:33:49,850 - __main__ - INFO - Video capture berhasil diinisialisasi
2025-02-17 15:41:45,267 - __main__ - INFO - Object tracking enabled
2025-02-17 15:41:45,865 - __main__ - INFO - Object tracking disabled
2025-02-17 15:41:46,209 - __main__ - INFO - Object tracking enabled
2025-02-17 15:41:46,470 - __main__ - INFO - Object tracking disabled
2025-02-17 15:41:48,366 - __main__ - INFO - Confidence threshold updated to 0.85
2025-02-17 15:41:48,987 - __main__ - INFO - Confidence threshold updated to 0.85
2025-02-17 15:41:49,055 - __main__ - INFO - Confidence threshold updated to 0.85
2025-02-17 15:41:49,077 - __main__ - INFO - Confidence threshold updated to 0.85
2025-02-17 15:41:49,094 - __main__ - INFO - Confidence threshold updated to 0.85
2025-02-17 15:41:49,103 - __main__ - INFO - Confidence threshold updated to 0.85
2025-02-17 15:41:49,109 - __main__ - INFO - Confidence threshold updated to 0.85
2025-02-17 15:41:49,117 - __main__ - INFO - Confidence threshold updated to 0.85
2025-02-17 15:41:49,128 - __main__ - INFO - Confidence threshold updated to 0.85
2025-02-17 15:41:49,135 - __main__ - INFO - Confidence threshold updated to 0.85
2025-02-17 15:41:49,143 - __main__ - INFO - Confidence threshold updated to 0.90
2025-02-17 15:41:49,152 - __main__ - INFO - Confidence threshold updated to 0.90
2025-02-17 15:41:49,160 - __main__ - INFO - Confidence threshold updated to 0.90
2025-02-17 15:41:49,169 - __main__ - INFO - Confidence threshold updated to 0.95
2025-02-17 15:41:49,177 - __main__ - INFO - Confidence threshold updated to 0.95
2025-02-17 15:41:49,186 - __main__ - INFO - Confidence threshold updated to 1.00
2025-02-17 15:41:49,196 - __main__ - INFO - Confidence threshold updated to 1.00
2025-02-17 15:41:49,204 - __main__ - INFO - Confidence threshold updated to 1.00
2025-02-17 15:41:49,209 - __main__ - INFO - Confidence threshold updated to 1.00
2025-02-17 15:41:49,220 - __main__ - INFO - Confidence threshold updated to 1.00
2025-02-17 15:41:49,239 - __main__ - INFO - Confidence threshold updated to 1.00
2025-02-17 15:41:50,391 - __main__ - INFO - Confidence threshold updated to 0.85
2025-02-17 15:41:50,400 - __main__ - INFO - Confidence threshold updated to 0.85
2025-02-17 15:41:50,839 - __main__ - INFO - Confidence threshold updated to 0.85
2025-02-17 15:41:50,886 - __main__ - INFO - Confidence threshold updated to 0.80
2025-02-17 15:41:50,909 - __main__ - INFO - Confidence threshold updated to 0.80
2025-02-17 15:41:50,917 - __main__ - INFO - Confidence threshold updated to 0.80
2025-02-17 15:41:50,926 - __main__ - INFO - Confidence threshold updated to 0.80
2025-02-17 15:41:50,933 - __main__ - INFO - Confidence threshold updated to 0.80
2025-02-17 15:41:50,944 - __main__ - INFO - Confidence threshold updated to 0.80
2025-02-17 15:41:50,951 - __main__ - INFO - Confidence threshold updated to 0.75
2025-02-17 15:41:50,959 - __main__ - INFO - Confidence threshold updated to 0.75
2025-02-17 15:41:50,967 - __main__ - INFO - Confidence threshold updated to 0.70
2025-02-17 15:41:50,975 - __main__ - INFO - Confidence threshold updated to 0.70
2025-02-17 15:41:50,983 - __main__ - INFO - Confidence threshold updated to 0.70
2025-02-17 15:41:50,991 - __main__ - INFO - Confidence threshold updated to 0.65
2025-02-17 15:41:51,001 - __main__ - INFO - Confidence threshold updated to 0.65
2025-02-17 15:41:51,009 - __main__ - INFO - Confidence threshold updated to 0.65
2025-02-17 15:41:51,017 - __main__ - INFO - Confidence threshold updated to 0.65
2025-02-17 15:41:51,025 - __main__ - INFO - Confidence threshold updated to 0.65
2025-02-17 15:41:51,033 - __main__ - INFO - Confidence threshold updated to 0.60
2025-02-17 15:41:51,042 - __main__ - INFO - Confidence threshold updated to 0.60
2025-02-17 15:41:51,050 - __main__ - INFO - Confidence threshold updated to 0.60
2025-02-17 15:41:51,059 - __main__ - INFO - Confidence threshold updated to 0.60
2025-02-17 15:41:51,067 - __main__ - INFO - Confidence threshold updated to 0.55
2025-02-17 15:41:51,075 - __main__ - INFO - Confidence threshold updated to 0.55
2025-02-17 15:41:51,083 - __main__ - INFO - Confidence threshold updated to 0.55
2025-02-17 15:41:51,098 - __main__ - INFO - Confidence threshold updated to 0.55
2025-02-17 15:41:51,105 - __main__ - INFO - Confidence threshold updated to 0.50
2025-02-17 15:41:51,113 - __main__ - INFO - Confidence threshold updated to 0.50
2025-02-17 15:41:51,121 - __main__ - INFO - Confidence threshold updated to 0.50
2025-02-17 15:41:51,130 - __main__ - INFO - Confidence threshold updated to 0.50
2025-02-17 15:41:51,137 - __main__ - INFO - Confidence threshold updated to 0.50
2025-02-17 15:41:51,149 - __main__ - INFO - Confidence threshold updated to 0.50
2025-02-17 15:41:51,156 - __main__ - INFO - Confidence threshold updated to 0.45
2025-02-17 15:41:51,164 - __main__ - INFO - Confidence threshold updated to 0.45
2025-02-17 15:41:51,171 - __main__ - INFO - Confidence threshold updated to 0.45
2025-02-17 15:41:51,179 - __main__ - INFO - Confidence threshold updated to 0.45
2025-02-17 15:41:51,188 - __main__ - INFO - Confidence threshold updated to 0.45
2025-02-17 15:41:51,201 - __main__ - INFO - Confidence threshold updated to 0.45
2025-02-17 15:41:51,210 - __main__ - INFO - Confidence threshold updated to 0.45
2025-02-17 15:41:51,218 - __main__ - INFO - Confidence threshold updated to 0.40
2025-02-17 15:41:51,226 - __main__ - INFO - Confidence threshold updated to 0.40
2025-02-17 15:41:51,234 - __main__ - INFO - Confidence threshold updated to 0.40
2025-02-17 15:41:51,243 - __main__ - INFO - Confidence threshold updated to 0.35
2025-02-17 15:41:51,251 - __main__ - INFO - Confidence threshold updated to 0.35
2025-02-17 15:41:51,259 - __main__ - INFO - Confidence threshold updated to 0.35
2025-02-17 15:41:51,266 - __main__ - INFO - Confidence threshold updated to 0.30
2025-02-17 15:41:51,278 - __main__ - INFO - Confidence threshold updated to 0.30
2025-02-17 15:41:51,285 - __main__ - INFO - Confidence threshold updated to 0.30
2025-02-17 15:41:51,292 - __main__ - INFO - Confidence threshold updated to 0.30
2025-02-17 15:41:51,758 - __main__ - INFO - Confidence threshold updated to 0.35
2025-02-17 15:41:51,851 - __main__ - INFO - Confidence threshold updated to 0.35
2025-02-17 15:41:51,858 - __main__ - INFO - Confidence threshold updated to 0.35
2025-02-17 15:41:51,865 - __main__ - INFO - Confidence threshold updated to 0.35
2025-02-17 15:41:51,874 - __main__ - INFO - Confidence threshold updated to 0.35
2025-02-17 15:41:51,883 - __main__ - INFO - Confidence threshold updated to 0.40
2025-02-17 15:41:51,893 - __main__ - INFO - Confidence threshold updated to 0.40
2025-02-17 15:41:51,899 - __main__ - INFO - Confidence threshold updated to 0.40
2025-02-17 15:41:51,907 - __main__ - INFO - Confidence threshold updated to 0.40
2025-02-17 15:41:51,915 - __main__ - INFO - Confidence threshold updated to 0.45
2025-02-17 15:41:51,925 - __main__ - INFO - Confidence threshold updated to 0.45
2025-02-17 15:41:51,934 - __main__ - INFO - Confidence threshold updated to 0.50
2025-02-17 15:41:51,941 - __main__ - INFO - Confidence threshold updated to 0.50
2025-02-17 15:41:51,951 - __main__ - INFO - Confidence threshold updated to 0.50
2025-02-17 15:41:51,957 - __main__ - INFO - Confidence threshold updated to 0.55
2025-02-17 15:41:51,968 - __main__ - INFO - Confidence threshold updated to 0.55
2025-02-17 15:41:51,975 - __main__ - INFO - Confidence threshold updated to 0.55
2025-02-17 15:41:51,984 - __main__ - INFO - Confidence threshold updated to 0.60
2025-02-17 15:41:51,991 - __main__ - INFO - Confidence threshold updated to 0.60
2025-02-17 15:41:51,999 - __main__ - INFO - Confidence threshold updated to 0.60
2025-02-17 15:41:52,007 - __main__ - INFO - Confidence threshold updated to 0.60
2025-02-17 15:41:52,019 - __main__ - INFO - Confidence threshold updated to 0.60
2025-02-17 15:41:52,026 - __main__ - INFO - Confidence threshold updated to 0.60
2025-02-17 15:41:52,037 - __main__ - INFO - Confidence threshold updated to 0.65
2025-02-17 15:41:52,052 - __main__ - INFO - Confidence threshold updated to 0.65
2025-02-17 15:41:52,064 - __main__ - INFO - Confidence threshold updated to 0.65
2025-02-17 15:41:52,071 - __main__ - INFO - Confidence threshold updated to 0.65
2025-02-17 15:41:52,081 - __main__ - INFO - Confidence threshold updated to 0.65
2025-02-17 15:41:52,087 - __main__ - INFO - Confidence threshold updated to 0.65
2025-02-17 15:41:52,095 - __main__ - INFO - Confidence threshold updated to 0.65
2025-02-17 15:41:52,105 - __main__ - INFO - Confidence threshold updated to 0.65
2025-02-17 15:41:52,114 - __main__ - INFO - Confidence threshold updated to 0.65
2025-02-17 15:41:52,123 - __main__ - INFO - Confidence threshold updated to 0.70
2025-02-17 15:41:52,143 - __main__ - INFO - Confidence threshold updated to 0.70
2025-02-17 15:41:52,173 - __main__ - INFO - Confidence threshold updated to 0.70
2025-02-17 15:41:52,261 - __main__ - INFO - Confidence threshold updated to 0.70
2025-02-17 15:41:52,265 - __main__ - INFO - Confidence threshold updated to 0.65
2025-02-17 15:41:52,274 - __main__ - INFO - Confidence threshold updated to 0.60
2025-02-17 15:41:52,283 - __main__ - INFO - Confidence threshold updated to 0.55
2025-02-17 15:41:52,292 - __main__ - INFO - Confidence threshold updated to 0.50
2025-02-17 15:41:52,299 - __main__ - INFO - Confidence threshold updated to 0.50
2025-02-17 15:41:52,308 - __main__ - INFO - Confidence threshold updated to 0.45
2025-02-17 15:41:52,315 - __main__ - INFO - Confidence threshold updated to 0.45
2025-02-17 15:41:52,324 - __main__ - INFO - Confidence threshold updated to 0.40
2025-02-17 15:41:52,333 - __main__ - INFO - Confidence threshold updated to 0.40
2025-02-17 15:41:52,341 - __main__ - INFO - Confidence threshold updated to 0.40
2025-02-17 15:41:52,348 - __main__ - INFO - Confidence threshold updated to 0.35
2025-02-17 15:41:52,358 - __main__ - INFO - Confidence threshold updated to 0.35
2025-02-17 15:41:52,365 - __main__ - INFO - Confidence threshold updated to 0.35
2025-02-17 15:41:52,374 - __main__ - INFO - Confidence threshold updated to 0.35
2025-02-17 15:41:52,383 - __main__ - INFO - Confidence threshold updated to 0.35
2025-02-17 15:41:52,391 - __main__ - INFO - Confidence threshold updated to 0.35
2025-02-17 15:41:52,399 - __main__ - INFO - Confidence threshold updated to 0.30
2025-02-17 15:41:52,407 - __main__ - INFO - Confidence threshold updated to 0.30
2025-02-17 15:41:52,415 - __main__ - INFO - Confidence threshold updated to 0.30
2025-02-17 15:41:52,427 - __main__ - INFO - Confidence threshold updated to 0.30
2025-02-17 15:41:52,434 - __main__ - INFO - Confidence threshold updated to 0.25
2025-02-17 15:41:52,441 - __main__ - INFO - Confidence threshold updated to 0.25
2025-02-17 15:41:52,450 - __main__ - INFO - Confidence threshold updated to 0.25
2025-02-17 15:41:52,457 - __main__ - INFO - Confidence threshold updated to 0.25
2025-02-17 15:41:52,465 - __main__ - INFO - Confidence threshold updated to 0.25
2025-02-17 15:41:52,475 - __main__ - INFO - Confidence threshold updated to 0.25
2025-02-17 15:41:52,486 - __main__ - INFO - Confidence threshold updated to 0.25
2025-02-17 15:41:52,491 - __main__ - INFO - Confidence threshold updated to 0.25
2025-02-17 15:41:52,499 - __main__ - INFO - Confidence threshold updated to 0.20
2025-02-17 15:41:52,507 - __main__ - INFO - Confidence threshold updated to 0.20
2025-02-17 15:41:52,517 - __main__ - INFO - Confidence threshold updated to 0.20
2025-02-17 15:41:52,526 - __main__ - INFO - Confidence threshold updated to 0.20
2025-02-17 15:41:52,533 - __main__ - INFO - Confidence threshold updated to 0.20
2025-02-17 15:41:52,541 - __main__ - INFO - Confidence threshold updated to 0.20
2025-02-17 15:41:52,556 - __main__ - INFO - Confidence threshold updated to 0.20
2025-02-17 15:41:52,682 - __main__ - INFO - Confidence threshold updated to 0.20
2025-02-17 15:41:52,690 - __main__ - INFO - Confidence threshold updated to 0.20
2025-02-17 15:41:52,699 - __main__ - INFO - Confidence threshold updated to 0.20
2025-02-17 15:41:52,707 - __main__ - INFO - Confidence threshold updated to 0.20
2025-02-17 15:41:52,717 - __main__ - INFO - Confidence threshold updated to 0.25
2025-02-17 15:41:52,724 - __main__ - INFO - Confidence threshold updated to 0.25
2025-02-17 15:41:52,732 - __main__ - INFO - Confidence threshold updated to 0.25
2025-02-17 15:41:52,739 - __main__ - INFO - Confidence threshold updated to 0.25
2025-02-17 15:41:52,749 - __main__ - INFO - Confidence threshold updated to 0.30
2025-02-17 15:41:52,757 - __main__ - INFO - Confidence threshold updated to 0.30
2025-02-17 15:41:52,766 - __main__ - INFO - Confidence threshold updated to 0.30
2025-02-17 15:41:52,773 - __main__ - INFO - Confidence threshold updated to 0.30
2025-02-17 15:41:52,785 - __main__ - INFO - Confidence threshold updated to 0.30
2025-02-17 15:41:52,799 - __main__ - INFO - Confidence threshold updated to 0.30
2025-02-17 15:41:52,816 - __main__ - INFO - Confidence threshold updated to 0.30
2025-02-17 15:41:52,824 - __main__ - INFO - Confidence threshold updated to 0.30
2025-02-17 15:41:52,852 - __main__ - INFO - Confidence threshold updated to 0.30
2025-02-17 15:41:52,932 - __main__ - INFO - Confidence threshold updated to 0.30
2025-02-17 15:41:52,942 - __main__ - INFO - Confidence threshold updated to 0.30
2025-02-17 15:41:52,948 - __main__ - INFO - Confidence threshold updated to 0.30
2025-02-17 15:41:52,957 - __main__ - INFO - Confidence threshold updated to 0.30
2025-02-17 15:41:52,965 - __main__ - INFO - Confidence threshold updated to 0.30
2025-02-17 15:41:52,973 - __main__ - INFO - Confidence threshold updated to 0.25
2025-02-17 15:41:52,982 - __main__ - INFO - Confidence threshold updated to 0.25
2025-02-17 15:41:52,989 - __main__ - INFO - Confidence threshold updated to 0.25
2025-02-17 15:41:52,999 - __main__ - INFO - Confidence threshold updated to 0.25
2025-02-17 15:41:53,008 - __main__ - INFO - Confidence threshold updated to 0.25
2025-02-17 15:41:53,015 - __main__ - INFO - Confidence threshold updated to 0.25
2025-02-17 15:41:53,024 - __main__ - INFO - Confidence threshold updated to 0.20
2025-02-17 15:41:53,032 - __main__ - INFO - Confidence threshold updated to 0.20
2025-02-17 15:41:53,040 - __main__ - INFO - Confidence threshold updated to 0.20
2025-02-17 15:41:53,047 - __main__ - INFO - Confidence threshold updated to 0.20
2025-02-17 15:41:53,058 - __main__ - INFO - Confidence threshold updated to 0.20
2025-02-17 15:41:53,065 - __main__ - INFO - Confidence threshold updated to 0.20
2025-02-17 15:41:53,073 - __main__ - INFO - Confidence threshold updated to 0.20
2025-02-17 15:41:53,090 - __main__ - INFO - Confidence threshold updated to 0.20
2025-02-17 15:41:53,107 - __main__ - INFO - Confidence threshold updated to 0.20
2025-02-17 15:41:53,131 - __main__ - INFO - Confidence threshold updated to 0.20
2025-02-17 15:41:53,151 - __main__ - INFO - Confidence threshold updated to 0.20
2025-02-17 15:41:53,181 - __main__ - INFO - Confidence threshold updated to 0.15
2025-02-17 15:41:53,204 - __main__ - INFO - Confidence threshold updated to 0.15
2025-02-17 15:41:53,212 - __main__ - INFO - Confidence threshold updated to 0.15
2025-02-17 15:41:53,221 - __main__ - INFO - Confidence threshold updated to 0.15
2025-02-17 15:41:53,230 - __main__ - INFO - Confidence threshold updated to 0.15
2025-02-17 15:41:53,239 - __main__ - INFO - Confidence threshold updated to 0.15
2025-02-17 15:41:53,248 - __main__ - INFO - Confidence threshold updated to 0.15
2025-02-17 15:41:53,255 - __main__ - INFO - Confidence threshold updated to 0.15
2025-02-17 15:41:53,265 - __main__ - INFO - Confidence threshold updated to 0.15
2025-02-17 15:41:53,276 - __main__ - INFO - Confidence threshold updated to 0.15
2025-02-17 15:41:53,285 - __main__ - INFO - Confidence threshold updated to 0.15
2025-02-17 15:41:53,294 - __main__ - INFO - Confidence threshold updated to 0.15
2025-02-17 15:41:53,524 - __main__ - INFO - Confidence threshold updated to 0.15
2025-02-17 15:41:53,551 - __main__ - INFO - Confidence threshold updated to 0.15
2025-02-17 15:41:53,571 - __main__ - INFO - Confidence threshold updated to 0.15
2025-02-17 15:41:53,663 - __main__ - INFO - Confidence threshold updated to 0.15
2025-02-17 15:41:53,695 - __main__ - INFO - Confidence threshold updated to 0.15
2025-02-17 15:41:53,728 - __main__ - INFO - Confidence threshold updated to 0.15
2025-02-17 15:41:53,744 - __main__ - INFO - Confidence threshold updated to 0.15
2025-02-17 15:41:53,751 - __main__ - INFO - Confidence threshold updated to 0.15
2025-02-17 15:41:53,761 - __main__ - INFO - Confidence threshold updated to 0.15
2025-02-17 15:41:53,769 - __main__ - INFO - Confidence threshold updated to 0.20
2025-02-17 15:41:53,777 - __main__ - INFO - Confidence threshold updated to 0.20
2025-02-17 15:41:53,785 - __main__ - INFO - Confidence threshold updated to 0.20
2025-02-17 15:41:53,794 - __main__ - INFO - Confidence threshold updated to 0.20
2025-02-17 15:41:53,804 - __main__ - INFO - Confidence threshold updated to 0.25
2025-02-17 15:41:53,811 - __main__ - INFO - Confidence threshold updated to 0.25
2025-02-17 15:41:53,819 - __main__ - INFO - Confidence threshold updated to 0.25
2025-02-17 15:41:53,828 - __main__ - INFO - Confidence threshold updated to 0.25
2025-02-17 15:41:53,835 - __main__ - INFO - Confidence threshold updated to 0.25
2025-02-17 15:41:53,845 - __main__ - INFO - Confidence threshold updated to 0.25
2025-02-17 15:41:53,855 - __main__ - INFO - Confidence threshold updated to 0.25
2025-02-17 15:41:53,862 - __main__ - INFO - Confidence threshold updated to 0.25
2025-02-17 15:41:53,869 - __main__ - INFO - Confidence threshold updated to 0.25
2025-02-17 15:41:53,877 - __main__ - INFO - Confidence threshold updated to 0.25
2025-02-17 15:41:53,891 - __main__ - INFO - Confidence threshold updated to 0.30
2025-02-17 15:41:53,907 - __main__ - INFO - Confidence threshold updated to 0.30
2025-02-17 15:41:53,920 - __main__ - INFO - Confidence threshold updated to 0.30
2025-02-17 15:41:53,933 - __main__ - INFO - Confidence threshold updated to 0.30
2025-02-17 15:41:53,940 - __main__ - INFO - Confidence threshold updated to 0.30
2025-02-17 15:41:53,952 - __main__ - INFO - Confidence threshold updated to 0.30
2025-02-17 15:41:53,958 - __main__ - INFO - Confidence threshold updated to 0.30
2025-02-17 15:41:53,965 - __main__ - INFO - Confidence threshold updated to 0.30
2025-02-17 15:41:53,973 - __main__ - INFO - Confidence threshold updated to 0.30
2025-02-17 15:41:53,983 - __main__ - INFO - Confidence threshold updated to 0.30
2025-02-17 15:41:53,989 - __main__ - INFO - Confidence threshold updated to 0.30
2025-02-17 15:41:54,010 - __main__ - INFO - Confidence threshold updated to 0.30
2025-02-17 15:41:54,031 - __main__ - INFO - Confidence threshold updated to 0.35
2025-02-17 15:41:54,043 - __main__ - INFO - Confidence threshold updated to 0.35
2025-02-17 15:41:54,052 - __main__ - INFO - Confidence threshold updated to 0.35
2025-02-17 15:41:54,059 - __main__ - INFO - Confidence threshold updated to 0.35
2025-02-17 15:41:54,068 - __main__ - INFO - Confidence threshold updated to 0.35
2025-02-17 15:41:54,077 - __main__ - INFO - Confidence threshold updated to 0.35
2025-02-17 15:41:54,125 - __main__ - INFO - Confidence threshold updated to 0.35
2025-02-17 15:41:54,146 - __main__ - INFO - Confidence threshold updated to 0.35
2025-02-17 15:41:54,154 - __main__ - INFO - Confidence threshold updated to 0.35
2025-02-17 15:41:54,161 - __main__ - INFO - Confidence threshold updated to 0.35
2025-02-17 15:41:54,173 - __main__ - INFO - Confidence threshold updated to 0.40
2025-02-17 15:41:54,179 - __main__ - INFO - Confidence threshold updated to 0.40
2025-02-17 15:41:54,186 - __main__ - INFO - Confidence threshold updated to 0.40
2025-02-17 15:41:54,195 - __main__ - INFO - Confidence threshold updated to 0.40
2025-02-17 15:41:54,247 - __main__ - INFO - Confidence threshold updated to 0.40
2025-02-17 15:41:54,258 - __main__ - INFO - Confidence threshold updated to 0.40
2025-02-17 15:41:54,266 - __main__ - INFO - Confidence threshold updated to 0.40
2025-02-17 15:41:54,273 - __main__ - INFO - Confidence threshold updated to 0.40
2025-02-17 15:41:54,281 - __main__ - INFO - Confidence threshold updated to 0.40
2025-02-17 15:41:54,290 - __main__ - INFO - Confidence threshold updated to 0.40
2025-02-17 15:41:54,298 - __main__ - INFO - Confidence threshold updated to 0.40
2025-02-17 15:41:54,307 - __main__ - INFO - Confidence threshold updated to 0.45
2025-02-17 15:41:54,317 - __main__ - INFO - Confidence threshold updated to 0.45
2025-02-17 15:41:54,323 - __main__ - INFO - Confidence threshold updated to 0.45
2025-02-17 15:41:54,332 - __main__ - INFO - Confidence threshold updated to 0.45
2025-02-17 15:41:54,339 - __main__ - INFO - Confidence threshold updated to 0.45
2025-02-17 15:41:54,354 - __main__ - INFO - Confidence threshold updated to 0.45
2025-02-17 15:41:54,366 - __main__ - INFO - Confidence threshold updated to 0.45
2025-02-17 15:41:54,386 - __main__ - INFO - Confidence threshold updated to 0.45
2025-02-17 15:41:54,494 - __main__ - INFO - Confidence threshold updated to 0.45
2025-02-17 15:41:54,501 - __main__ - INFO - Confidence threshold updated to 0.45
2025-02-17 15:41:54,509 - __main__ - INFO - Confidence threshold updated to 0.40
2025-02-17 15:41:54,517 - __main__ - INFO - Confidence threshold updated to 0.40
2025-02-17 15:41:54,525 - __main__ - INFO - Confidence threshold updated to 0.35
2025-02-17 15:41:54,540 - __main__ - INFO - Confidence threshold updated to 0.35
2025-02-17 15:41:54,547 - __main__ - INFO - Confidence threshold updated to 0.30
2025-02-17 15:41:54,552 - __main__ - INFO - Confidence threshold updated to 0.30
2025-02-17 15:41:54,562 - __main__ - INFO - Confidence threshold updated to 0.30
2025-02-17 15:41:54,568 - __main__ - INFO - Confidence threshold updated to 0.30
2025-02-17 15:41:54,577 - __main__ - INFO - Confidence threshold updated to 0.30
2025-02-17 15:41:54,603 - __main__ - INFO - Confidence threshold updated to 0.30
2025-02-17 15:41:54,698 - __main__ - INFO - Confidence threshold updated to 0.30
2025-02-17 15:41:54,709 - __main__ - INFO - Confidence threshold updated to 0.30
2025-02-17 15:41:54,718 - __main__ - INFO - Confidence threshold updated to 0.30
2025-02-17 15:41:54,725 - __main__ - INFO - Confidence threshold updated to 0.30
2025-02-17 15:41:54,736 - __main__ - INFO - Confidence threshold updated to 0.30
2025-02-17 15:41:54,767 - __main__ - INFO - Confidence threshold updated to 0.30
2025-02-17 15:41:56,236 - __main__ - INFO - Confidence threshold updated to 0.40
2025-02-17 15:42:05,046 - __main__ - INFO - Data berhasil dicatat di D:\DATA\FOR_DL\objectdetection\magang2025\detection_log.csv
2025-02-17 15:42:06,206 - __main__ - INFO - Foto berhasil disimpan: D:\DATA\FOR_DL\objectdetection\magang2025\captured_photos\detected_20250217_154205.jpg
