2025-02-17 10:57:33,545 - __main__ - INFO - Logging system initialized successfully
2025-02-17 10:57:33,545 - __main__ - INFO - Log file created at: D:\DATA\FOR_DL\objectdetection\magang2025\logs\object_detection_20250217_105733.log
2025-02-17 10:57:33,548 - __main__ - INFO - Direktori berhasil dibuat: D:\DATA\FOR_DL\objectdetection\magang2025\captured_photos
2025-02-17 10:57:33,549 - __main__ - INFO - Direktori berhasil dibuat: D:\DATA\FOR_DL\objectdetection\magang2025
2025-02-17 10:57:33,549 - __main__ - INFO - Direktori berhasil dibuat: D:\DATA\FOR_DL\objectdetection\magang2025\reports
2025-02-17 10:57:33,550 - __main__ - INFO - Direktori berhasil dibuat: D:\DATA\FOR_DL\objectdetection\magang2025
2025-02-17 10:57:33,643 - __main__ - INFO - Model berhasil dimuat dari D:\DATA\FOR_DL\objectdetection\magang2025\trained3object_yolov8n.pt
2025-02-17 10:57:37,575 - __main__ - INFO - Video capture berhasil diinisialisasi
2025-02-17 10:57:45,734 - __main__ - INFO - Confidence threshold updated to 0.35
2025-02-17 10:57:46,012 - __main__ - INFO - Confidence threshold updated to 0.35
2025-02-17 10:57:46,045 - __main__ - INFO - Confidence threshold updated to 0.35
2025-02-17 10:57:46,055 - __main__ - INFO - Confidence threshold updated to 0.35
2025-02-17 10:57:46,065 - __main__ - INFO - Confidence threshold updated to 0.35
2025-02-17 10:57:46,073 - __main__ - INFO - Confidence threshold updated to 0.40
2025-02-17 10:57:46,082 - __main__ - INFO - Confidence threshold updated to 0.40
2025-02-17 10:57:46,091 - __main__ - INFO - Confidence threshold updated to 0.40
2025-02-17 10:57:46,098 - __main__ - INFO - Confidence threshold updated to 0.45
2025-02-17 10:57:46,108 - __main__ - INFO - Confidence threshold updated to 0.50
2025-02-17 10:57:46,117 - __main__ - INFO - Confidence threshold updated to 0.50
2025-02-17 10:57:46,124 - __main__ - INFO - Confidence threshold updated to 0.55
2025-02-17 10:57:46,132 - __main__ - INFO - Confidence threshold updated to 0.55
2025-02-17 10:57:46,141 - __main__ - INFO - Confidence threshold updated to 0.60
2025-02-17 10:57:46,150 - __main__ - INFO - Confidence threshold updated to 0.60
2025-02-17 10:57:46,158 - __main__ - INFO - Confidence threshold updated to 0.60
2025-02-17 10:57:46,165 - __main__ - INFO - Confidence threshold updated to 0.65
2025-02-17 10:57:46,174 - __main__ - INFO - Confidence threshold updated to 0.65
2025-02-17 10:57:46,242 - __main__ - INFO - Confidence threshold updated to 0.65
2025-02-17 10:57:46,312 - __main__ - INFO - Confidence threshold updated to 0.65
2025-02-17 10:57:46,320 - __main__ - INFO - Confidence threshold updated to 0.65
2025-02-17 10:57:46,329 - __main__ - INFO - Confidence threshold updated to 0.65
2025-02-17 10:57:46,336 - __main__ - INFO - Confidence threshold updated to 0.65
2025-02-17 10:57:46,346 - __main__ - INFO - Confidence threshold updated to 0.65
2025-02-17 10:57:46,351 - __main__ - INFO - Confidence threshold updated to 0.70
2025-02-17 10:57:46,359 - __main__ - INFO - Confidence threshold updated to 0.70
2025-02-17 10:57:46,370 - __main__ - INFO - Confidence threshold updated to 0.70
2025-02-17 10:57:46,381 - __main__ - INFO - Confidence threshold updated to 0.70
2025-02-17 10:57:46,393 - __main__ - INFO - Confidence threshold updated to 0.70
2025-02-17 10:57:46,409 - __main__ - INFO - Confidence threshold updated to 0.70
2025-02-17 10:57:46,416 - __main__ - INFO - Confidence threshold updated to 0.70
2025-02-17 10:57:46,424 - __main__ - INFO - Confidence threshold updated to 0.70
2025-02-17 10:57:46,432 - __main__ - INFO - Confidence threshold updated to 0.70
2025-02-17 10:57:46,442 - __main__ - INFO - Confidence threshold updated to 0.75
2025-02-17 10:57:46,450 - __main__ - INFO - Confidence threshold updated to 0.75
2025-02-17 10:57:46,458 - __main__ - INFO - Confidence threshold updated to 0.75
2025-02-17 10:57:46,466 - __main__ - INFO - Confidence threshold updated to 0.75
2025-02-17 10:57:46,491 - __main__ - INFO - Confidence threshold updated to 0.75
2025-02-17 10:57:46,512 - __main__ - INFO - Confidence threshold updated to 0.75
2025-02-17 10:57:46,521 - __main__ - INFO - Confidence threshold updated to 0.75
2025-02-17 10:57:46,528 - __main__ - INFO - Confidence threshold updated to 0.75
2025-02-17 10:57:46,537 - __main__ - INFO - Confidence threshold updated to 0.80
2025-02-17 10:57:46,546 - __main__ - INFO - Confidence threshold updated to 0.80
2025-02-17 10:57:46,556 - __main__ - INFO - Confidence threshold updated to 0.80
2025-02-17 10:57:46,562 - __main__ - INFO - Confidence threshold updated to 0.85
2025-02-17 10:57:46,570 - __main__ - INFO - Confidence threshold updated to 0.85
2025-02-17 10:57:46,580 - __main__ - INFO - Confidence threshold updated to 0.85
2025-02-17 10:57:46,587 - __main__ - INFO - Confidence threshold updated to 0.85
2025-02-17 10:57:46,593 - __main__ - INFO - Confidence threshold updated to 0.85
2025-02-17 10:57:46,605 - __main__ - INFO - Confidence threshold updated to 0.90
2025-02-17 10:57:46,613 - __main__ - INFO - Confidence threshold updated to 0.90
2025-02-17 10:57:46,628 - __main__ - INFO - Confidence threshold updated to 0.90
2025-02-17 10:57:46,644 - __main__ - INFO - Confidence threshold updated to 0.90
2025-02-17 10:57:46,654 - __main__ - INFO - Confidence threshold updated to 0.90
2025-02-17 10:57:46,662 - __main__ - INFO - Confidence threshold updated to 0.90
2025-02-17 10:57:46,670 - __main__ - INFO - Confidence threshold updated to 0.90
2025-02-17 10:57:46,684 - __main__ - INFO - Confidence threshold updated to 0.90
2025-02-17 10:57:46,690 - __main__ - INFO - Confidence threshold updated to 0.95
2025-02-17 10:57:46,700 - __main__ - INFO - Confidence threshold updated to 0.95
2025-02-17 10:57:46,709 - __main__ - INFO - Confidence threshold updated to 0.95
2025-02-17 10:57:46,717 - __main__ - INFO - Confidence threshold updated to 0.95
2025-02-17 10:57:46,732 - __main__ - INFO - Confidence threshold updated to 0.95
2025-02-17 10:57:46,741 - __main__ - INFO - Confidence threshold updated to 0.95
2025-02-17 10:57:46,752 - __main__ - INFO - Confidence threshold updated to 0.95
2025-02-17 10:57:46,758 - __main__ - INFO - Confidence threshold updated to 0.95
2025-02-17 10:57:46,786 - __main__ - INFO - Confidence threshold updated to 1.00
2025-02-17 10:57:46,800 - __main__ - INFO - Confidence threshold updated to 1.00
2025-02-17 10:57:46,808 - __main__ - INFO - Confidence threshold updated to 1.00
2025-02-17 10:57:46,816 - __main__ - INFO - Confidence threshold updated to 1.00
2025-02-17 10:57:46,826 - __main__ - INFO - Confidence threshold updated to 1.00
2025-02-17 10:57:46,832 - __main__ - INFO - Confidence threshold updated to 1.00
2025-02-17 10:57:46,840 - __main__ - INFO - Confidence threshold updated to 1.00
2025-02-17 10:57:46,853 - __main__ - INFO - Confidence threshold updated to 1.00
2025-02-17 10:57:46,886 - __main__ - INFO - Confidence threshold updated to 1.00
2025-02-17 10:57:46,898 - __main__ - INFO - Confidence threshold updated to 1.00
2025-02-17 10:57:46,919 - __main__ - INFO - Confidence threshold updated to 1.00
2025-02-17 10:57:46,936 - __main__ - INFO - Confidence threshold updated to 1.00
2025-02-17 10:57:47,380 - __main__ - INFO - Confidence threshold updated to 1.00
2025-02-17 10:57:47,390 - __main__ - INFO - Confidence threshold updated to 1.00
2025-02-17 10:57:47,396 - __main__ - INFO - Confidence threshold updated to 1.00
2025-02-17 10:57:47,405 - __main__ - INFO - Confidence threshold updated to 1.00
2025-02-17 10:57:47,412 - __main__ - INFO - Confidence threshold updated to 0.95
2025-02-17 10:57:47,420 - __main__ - INFO - Confidence threshold updated to 0.95
2025-02-17 10:57:47,428 - __main__ - INFO - Confidence threshold updated to 0.95
2025-02-17 10:57:47,438 - __main__ - INFO - Confidence threshold updated to 0.90
2025-02-17 10:57:47,446 - __main__ - INFO - Confidence threshold updated to 0.90
2025-02-17 10:57:47,454 - __main__ - INFO - Confidence threshold updated to 0.85
2025-02-17 10:57:47,461 - __main__ - INFO - Confidence threshold updated to 0.85
2025-02-17 10:57:47,472 - __main__ - INFO - Confidence threshold updated to 0.85
2025-02-17 10:57:47,481 - __main__ - INFO - Confidence threshold updated to 0.80
2025-02-17 10:57:47,488 - __main__ - INFO - Confidence threshold updated to 0.80
2025-02-17 10:57:47,496 - __main__ - INFO - Confidence threshold updated to 0.80
2025-02-17 10:57:47,505 - __main__ - INFO - Confidence threshold updated to 0.80
2025-02-17 10:57:47,512 - __main__ - INFO - Confidence threshold updated to 0.80
2025-02-17 10:57:47,520 - __main__ - INFO - Confidence threshold updated to 0.80
2025-02-17 10:57:47,534 - __main__ - INFO - Confidence threshold updated to 0.80
2025-02-17 10:57:47,542 - __main__ - INFO - Confidence threshold updated to 0.80
2025-02-17 10:57:47,550 - __main__ - INFO - Confidence threshold updated to 0.80
2025-02-17 10:57:47,559 - __main__ - INFO - Confidence threshold updated to 0.75
2025-02-17 10:57:47,566 - __main__ - INFO - Confidence threshold updated to 0.75
2025-02-17 10:57:47,578 - __main__ - INFO - Confidence threshold updated to 0.75
2025-02-17 10:57:47,585 - __main__ - INFO - Confidence threshold updated to 0.75
2025-02-17 10:57:47,591 - __main__ - INFO - Confidence threshold updated to 0.75
2025-02-17 10:57:47,601 - __main__ - INFO - Confidence threshold updated to 0.75
2025-02-17 10:57:47,609 - __main__ - INFO - Confidence threshold updated to 0.75
2025-02-17 10:57:47,618 - __main__ - INFO - Confidence threshold updated to 0.70
2025-02-17 10:57:47,627 - __main__ - INFO - Confidence threshold updated to 0.70
2025-02-17 10:57:47,634 - __main__ - INFO - Confidence threshold updated to 0.70
2025-02-17 10:57:47,643 - __main__ - INFO - Confidence threshold updated to 0.70
2025-02-17 10:57:47,650 - __main__ - INFO - Confidence threshold updated to 0.70
2025-02-17 10:57:47,658 - __main__ - INFO - Confidence threshold updated to 0.70
2025-02-17 10:57:47,668 - __main__ - INFO - Confidence threshold updated to 0.70
2025-02-17 10:57:47,676 - __main__ - INFO - Confidence threshold updated to 0.65
2025-02-17 10:57:47,685 - __main__ - INFO - Confidence threshold updated to 0.65
2025-02-17 10:57:47,694 - __main__ - INFO - Confidence threshold updated to 0.65
2025-02-17 10:57:47,700 - __main__ - INFO - Confidence threshold updated to 0.65
2025-02-17 10:57:47,709 - __main__ - INFO - Confidence threshold updated to 0.65
2025-02-17 10:57:47,718 - __main__ - INFO - Confidence threshold updated to 0.65
2025-02-17 10:57:47,726 - __main__ - INFO - Confidence threshold updated to 0.60
2025-02-17 10:57:47,733 - __main__ - INFO - Confidence threshold updated to 0.60
2025-02-17 10:57:47,741 - __main__ - INFO - Confidence threshold updated to 0.60
2025-02-17 10:57:47,749 - __main__ - INFO - Confidence threshold updated to 0.60
2025-02-17 10:57:47,760 - __main__ - INFO - Confidence threshold updated to 0.60
2025-02-17 10:57:47,768 - __main__ - INFO - Confidence threshold updated to 0.55
2025-02-17 10:57:47,779 - __main__ - INFO - Confidence threshold updated to 0.55
2025-02-17 10:57:47,784 - __main__ - INFO - Confidence threshold updated to 0.55
2025-02-17 10:57:47,792 - __main__ - INFO - Confidence threshold updated to 0.55
2025-02-17 10:57:47,801 - __main__ - INFO - Confidence threshold updated to 0.55
2025-02-17 10:57:47,811 - __main__ - INFO - Confidence threshold updated to 0.55
2025-02-17 10:57:47,820 - __main__ - INFO - Confidence threshold updated to 0.55
2025-02-17 10:57:47,830 - __main__ - INFO - Confidence threshold updated to 0.55
2025-02-17 10:57:47,854 - __main__ - INFO - Confidence threshold updated to 0.50
2025-02-17 10:57:47,896 - __main__ - INFO - Confidence threshold updated to 0.50
2025-02-17 10:57:47,918 - __main__ - INFO - Confidence threshold updated to 0.50
2025-02-17 10:57:47,923 - __main__ - INFO - Confidence threshold updated to 0.50
2025-02-17 10:57:47,939 - __main__ - INFO - Confidence threshold updated to 0.50
2025-02-17 10:57:47,952 - __main__ - INFO - Confidence threshold updated to 0.50
2025-02-17 10:57:47,981 - __main__ - INFO - Confidence threshold updated to 0.50
2025-02-17 10:57:48,018 - __main__ - INFO - Confidence threshold updated to 0.50
2025-02-17 10:57:48,040 - __main__ - INFO - Confidence threshold updated to 0.50
2025-02-17 10:57:48,050 - __main__ - INFO - Confidence threshold updated to 0.50
2025-02-17 10:57:48,064 - __main__ - INFO - Confidence threshold updated to 0.45
2025-02-17 10:57:48,072 - __main__ - INFO - Confidence threshold updated to 0.45
2025-02-17 10:57:48,083 - __main__ - INFO - Confidence threshold updated to 0.45
2025-02-17 10:57:48,095 - __main__ - INFO - Confidence threshold updated to 0.45
2025-02-17 10:57:48,105 - __main__ - INFO - Confidence threshold updated to 0.45
2025-02-17 10:57:48,125 - __main__ - INFO - Confidence threshold updated to 0.45
2025-02-17 10:57:48,164 - __main__ - INFO - Confidence threshold updated to 0.45
2025-02-17 10:57:48,187 - __main__ - INFO - Confidence threshold updated to 0.45
2025-02-17 10:57:48,209 - __main__ - INFO - Confidence threshold updated to 0.45
2025-02-17 10:57:48,248 - __main__ - INFO - Confidence threshold updated to 0.45
2025-02-17 10:57:48,284 - __main__ - INFO - Confidence threshold updated to 0.45
2025-02-17 10:57:49,462 - __main__ - INFO - Confidence threshold updated to 0.30
2025-02-17 10:57:49,510 - __main__ - INFO - Confidence threshold updated to 0.30
2025-02-17 10:57:49,525 - __main__ - INFO - Confidence threshold updated to 0.30
2025-02-17 10:57:49,533 - __main__ - INFO - Confidence threshold updated to 0.35
2025-02-17 10:57:49,541 - __main__ - INFO - Confidence threshold updated to 0.35
2025-02-17 10:57:49,551 - __main__ - INFO - Confidence threshold updated to 0.35
2025-02-17 10:57:49,560 - __main__ - INFO - Confidence threshold updated to 0.35
2025-02-17 10:57:49,570 - __main__ - INFO - Confidence threshold updated to 0.35
2025-02-17 10:57:49,578 - __main__ - INFO - Confidence threshold updated to 0.40
2025-02-17 10:57:49,583 - __main__ - INFO - Confidence threshold updated to 0.40
2025-02-17 10:57:49,591 - __main__ - INFO - Confidence threshold updated to 0.40
2025-02-17 10:57:49,602 - __main__ - INFO - Confidence threshold updated to 0.40
2025-02-17 10:57:49,612 - __main__ - INFO - Confidence threshold updated to 0.40
2025-02-17 10:57:49,622 - __main__ - INFO - Confidence threshold updated to 0.40
2025-02-17 10:57:49,631 - __main__ - INFO - Confidence threshold updated to 0.40
2025-02-17 10:57:49,639 - __main__ - INFO - Confidence threshold updated to 0.40
2025-02-17 10:57:49,645 - __main__ - INFO - Confidence threshold updated to 0.45
2025-02-17 10:57:49,653 - __main__ - INFO - Confidence threshold updated to 0.45
2025-02-17 10:57:49,665 - __main__ - INFO - Confidence threshold updated to 0.45
2025-02-17 10:57:49,672 - __main__ - INFO - Confidence threshold updated to 0.45
2025-02-17 10:57:49,680 - __main__ - INFO - Confidence threshold updated to 0.45
2025-02-17 10:57:49,693 - __main__ - INFO - Confidence threshold updated to 0.45
2025-02-17 10:57:49,706 - __main__ - INFO - Confidence threshold updated to 0.45
2025-02-17 10:57:49,714 - __main__ - INFO - Confidence threshold updated to 0.45
2025-02-17 10:57:49,726 - __main__ - INFO - Confidence threshold updated to 0.45
2025-02-17 10:57:49,734 - __main__ - INFO - Confidence threshold updated to 0.45
2025-02-17 10:57:49,745 - __main__ - INFO - Confidence threshold updated to 0.50
2025-02-17 10:57:49,751 - __main__ - INFO - Confidence threshold updated to 0.50
2025-02-17 10:57:49,760 - __main__ - INFO - Confidence threshold updated to 0.50
2025-02-17 10:57:49,768 - __main__ - INFO - Confidence threshold updated to 0.50
2025-02-17 10:57:49,778 - __main__ - INFO - Confidence threshold updated to 0.55
2025-02-17 10:57:49,787 - __main__ - INFO - Confidence threshold updated to 0.55
2025-02-17 10:57:49,793 - __main__ - INFO - Confidence threshold updated to 0.55
2025-02-17 10:57:49,801 - __main__ - INFO - Confidence threshold updated to 0.60
2025-02-17 10:57:49,811 - __main__ - INFO - Confidence threshold updated to 0.60
2025-02-17 10:57:49,817 - __main__ - INFO - Confidence threshold updated to 0.60
2025-02-17 10:57:49,826 - __main__ - INFO - Confidence threshold updated to 0.60
2025-02-17 10:57:49,836 - __main__ - INFO - Confidence threshold updated to 0.60
2025-02-17 10:57:49,843 - __main__ - INFO - Confidence threshold updated to 0.65
2025-02-17 10:57:49,852 - __main__ - INFO - Confidence threshold updated to 0.65
2025-02-17 10:57:49,859 - __main__ - INFO - Confidence threshold updated to 0.65
2025-02-17 10:57:49,870 - __main__ - INFO - Confidence threshold updated to 0.65
2025-02-17 10:57:49,877 - __main__ - INFO - Confidence threshold updated to 0.65
2025-02-17 10:57:49,886 - __main__ - INFO - Confidence threshold updated to 0.70
2025-02-17 10:57:49,894 - __main__ - INFO - Confidence threshold updated to 0.70
2025-02-17 10:57:49,902 - __main__ - INFO - Confidence threshold updated to 0.70
2025-02-17 10:57:49,911 - __main__ - INFO - Confidence threshold updated to 0.70
2025-02-17 10:57:49,920 - __main__ - INFO - Confidence threshold updated to 0.70
2025-02-17 10:57:49,928 - __main__ - INFO - Confidence threshold updated to 0.75
2025-02-17 10:57:49,939 - __main__ - INFO - Confidence threshold updated to 0.75
2025-02-17 10:57:49,944 - __main__ - INFO - Confidence threshold updated to 0.75
2025-02-17 10:57:49,956 - __main__ - INFO - Confidence threshold updated to 0.75
2025-02-17 10:57:49,966 - __main__ - INFO - Confidence threshold updated to 0.75
2025-02-17 10:57:49,975 - __main__ - INFO - Confidence threshold updated to 0.75
2025-02-17 10:57:49,981 - __main__ - INFO - Confidence threshold updated to 0.80
2025-02-17 10:57:49,990 - __main__ - INFO - Confidence threshold updated to 0.80
2025-02-17 10:57:49,998 - __main__ - INFO - Confidence threshold updated to 0.80
2025-02-17 10:57:50,006 - __main__ - INFO - Confidence threshold updated to 0.85
2025-02-17 10:57:50,016 - __main__ - INFO - Confidence threshold updated to 0.85
2025-02-17 10:57:50,024 - __main__ - INFO - Confidence threshold updated to 0.90
2025-02-17 10:57:50,033 - __main__ - INFO - Confidence threshold updated to 0.90
2025-02-17 10:57:50,040 - __main__ - INFO - Confidence threshold updated to 0.90
2025-02-17 10:57:50,048 - __main__ - INFO - Confidence threshold updated to 0.95
2025-02-17 10:57:50,062 - __main__ - INFO - Confidence threshold updated to 0.95
2025-02-17 10:57:50,205 - __main__ - INFO - Confidence threshold updated to 0.95
2025-02-17 10:57:50,214 - __main__ - INFO - Confidence threshold updated to 0.95
2025-02-17 10:57:50,226 - __main__ - INFO - Confidence threshold updated to 0.95
2025-02-17 10:57:50,234 - __main__ - INFO - Confidence threshold updated to 0.95
2025-02-17 10:57:50,372 - __main__ - INFO - Confidence threshold updated to 0.95
2025-02-17 10:57:50,381 - __main__ - INFO - Confidence threshold updated to 0.95
2025-02-17 10:57:50,418 - __main__ - INFO - Confidence threshold updated to 0.95
2025-02-17 10:57:50,482 - __main__ - INFO - Confidence threshold updated to 0.95
2025-02-17 10:57:50,547 - __main__ - INFO - Confidence threshold updated to 0.90
2025-02-17 10:57:50,559 - __main__ - INFO - Confidence threshold updated to 0.90
2025-02-17 10:57:50,566 - __main__ - INFO - Confidence threshold updated to 0.90
2025-02-17 10:57:50,574 - __main__ - INFO - Confidence threshold updated to 0.85
2025-02-17 10:57:50,585 - __main__ - INFO - Confidence threshold updated to 0.85
2025-02-17 10:57:50,591 - __main__ - INFO - Confidence threshold updated to 0.80
2025-02-17 10:57:50,600 - __main__ - INFO - Confidence threshold updated to 0.75
2025-02-17 10:57:50,610 - __main__ - INFO - Confidence threshold updated to 0.70
2025-02-17 10:57:50,617 - __main__ - INFO - Confidence threshold updated to 0.70
2025-02-17 10:57:50,625 - __main__ - INFO - Confidence threshold updated to 0.65
2025-02-17 10:57:50,633 - __main__ - INFO - Confidence threshold updated to 0.65
2025-02-17 10:57:50,642 - __main__ - INFO - Confidence threshold updated to 0.65
2025-02-17 10:57:51,114 - __main__ - INFO - Confidence threshold updated to 0.65
2025-02-17 10:57:51,123 - __main__ - INFO - Confidence threshold updated to 0.65
2025-02-17 10:57:51,130 - __main__ - INFO - Confidence threshold updated to 0.70
2025-02-17 10:57:51,139 - __main__ - INFO - Confidence threshold updated to 0.70
2025-02-17 10:57:51,145 - __main__ - INFO - Confidence threshold updated to 0.75
2025-02-17 10:57:51,155 - __main__ - INFO - Confidence threshold updated to 0.75
2025-02-17 10:57:51,164 - __main__ - INFO - Confidence threshold updated to 0.80
2025-02-17 10:57:51,173 - __main__ - INFO - Confidence threshold updated to 0.85
2025-02-17 10:57:51,179 - __main__ - INFO - Confidence threshold updated to 0.85
2025-02-17 10:57:51,188 - __main__ - INFO - Confidence threshold updated to 0.90
2025-02-17 10:57:51,196 - __main__ - INFO - Confidence threshold updated to 0.90
2025-02-17 10:57:51,205 - __main__ - INFO - Confidence threshold updated to 0.90
2025-02-17 10:57:51,213 - __main__ - INFO - Confidence threshold updated to 0.90
2025-02-17 10:57:51,223 - __main__ - INFO - Confidence threshold updated to 0.90
2025-02-17 10:57:51,230 - __main__ - INFO - Confidence threshold updated to 0.90
2025-02-17 10:57:51,237 - __main__ - INFO - Confidence threshold updated to 0.90
2025-02-17 10:57:51,245 - __main__ - INFO - Confidence threshold updated to 0.95
2025-02-17 10:57:51,255 - __main__ - INFO - Confidence threshold updated to 0.95
2025-02-17 10:57:51,265 - __main__ - INFO - Confidence threshold updated to 0.95
2025-02-17 10:57:51,274 - __main__ - INFO - Confidence threshold updated to 0.95
2025-02-17 10:57:51,280 - __main__ - INFO - Confidence threshold updated to 0.95
2025-02-17 10:57:51,288 - __main__ - INFO - Confidence threshold updated to 0.95
2025-02-17 10:57:51,306 - __main__ - INFO - Confidence threshold updated to 1.00
2025-02-17 10:57:51,346 - __main__ - INFO - Confidence threshold updated to 1.00
2025-02-17 10:57:51,390 - __main__ - INFO - Confidence threshold updated to 1.00
2025-02-17 10:57:51,398 - __main__ - INFO - Confidence threshold updated to 0.95
2025-02-17 10:57:51,410 - __main__ - INFO - Confidence threshold updated to 0.95
2025-02-17 10:57:51,417 - __main__ - INFO - Confidence threshold updated to 0.95
2025-02-17 10:57:52,226 - __main__ - INFO - Confidence threshold updated to 0.45
2025-02-17 10:57:52,299 - __main__ - INFO - Confidence threshold updated to 0.45
2025-02-17 10:57:52,309 - __main__ - INFO - Confidence threshold updated to 0.40
2025-02-17 10:57:52,316 - __main__ - INFO - Confidence threshold updated to 0.35
2025-02-17 10:57:52,322 - __main__ - INFO - Confidence threshold updated to 0.35
2025-02-17 10:57:52,330 - __main__ - INFO - Confidence threshold updated to 0.30
2025-02-17 10:57:52,341 - __main__ - INFO - Confidence threshold updated to 0.30
2025-02-17 10:57:52,349 - __main__ - INFO - Confidence threshold updated to 0.30
2025-02-17 10:57:52,355 - __main__ - INFO - Confidence threshold updated to 0.25
2025-02-17 10:57:52,364 - __main__ - INFO - Confidence threshold updated to 0.25
2025-02-17 10:57:52,371 - __main__ - INFO - Confidence threshold updated to 0.25
2025-02-17 10:57:52,380 - __main__ - INFO - Confidence threshold updated to 0.25
2025-02-17 10:57:52,390 - __main__ - INFO - Confidence threshold updated to 0.25
2025-02-17 10:57:52,422 - __main__ - INFO - Confidence threshold updated to 0.20
2025-02-17 10:57:52,449 - __main__ - INFO - Confidence threshold updated to 0.20
2025-02-17 10:57:52,465 - __main__ - INFO - Confidence threshold updated to 0.20
2025-02-17 10:57:52,474 - __main__ - INFO - Confidence threshold updated to 0.20
2025-02-17 10:57:52,479 - __main__ - INFO - Confidence threshold updated to 0.20
2025-02-17 10:57:52,488 - __main__ - INFO - Confidence threshold updated to 0.20
2025-02-17 10:57:52,500 - __main__ - INFO - Confidence threshold updated to 0.20
2025-02-17 10:57:52,515 - __main__ - INFO - Confidence threshold updated to 0.20
2025-02-17 10:57:52,530 - __main__ - INFO - Confidence threshold updated to 0.20
2025-02-17 10:57:52,544 - __main__ - INFO - Confidence threshold updated to 0.20
2025-02-17 10:57:52,567 - __main__ - INFO - Confidence threshold updated to 0.20
2025-02-17 10:57:52,708 - __main__ - INFO - Confidence threshold updated to 0.15
2025-02-17 10:57:52,721 - __main__ - INFO - Confidence threshold updated to 0.15
2025-02-17 10:57:52,740 - __main__ - INFO - Confidence threshold updated to 0.15
2025-02-17 10:57:52,765 - __main__ - INFO - Confidence threshold updated to 0.15
2025-02-17 10:57:52,801 - __main__ - INFO - Confidence threshold updated to 0.15
2025-02-17 10:57:52,852 - __main__ - INFO - Confidence threshold updated to 0.15
2025-02-17 10:57:52,876 - __main__ - INFO - Confidence threshold updated to 0.15
2025-02-17 10:57:52,897 - __main__ - INFO - Confidence threshold updated to 0.15
2025-02-17 10:57:57,675 - __main__ - INFO - Confidence threshold updated to 0.15
2025-02-17 10:57:57,736 - __main__ - INFO - Confidence threshold updated to 0.15
2025-02-17 10:57:57,747 - __main__ - INFO - Confidence threshold updated to 0.15
2025-02-17 10:57:57,754 - __main__ - INFO - Confidence threshold updated to 0.15
2025-02-17 10:57:57,762 - __main__ - INFO - Confidence threshold updated to 0.15
2025-02-17 10:57:57,772 - __main__ - INFO - Confidence threshold updated to 0.10
2025-02-17 10:57:57,781 - __main__ - INFO - Confidence threshold updated to 0.10
2025-02-17 10:57:57,876 - __main__ - INFO - Confidence threshold updated to 0.10
2025-02-17 10:57:57,928 - __main__ - INFO - Confidence threshold updated to 0.10
2025-02-17 10:57:58,044 - __main__ - INFO - Confidence threshold updated to 0.10
2025-02-17 10:57:59,153 - __main__ - INFO - Confidence threshold updated to 0.30
2025-02-17 10:57:59,964 - __main__ - INFO - Confidence threshold updated to 0.30
2025-02-17 10:58:00,465 - __main__ - INFO - Confidence threshold updated to 0.30
2025-02-17 10:58:00,786 - __main__ - INFO - Confidence threshold updated to 0.30
