2025-02-21 11:55:04,303 - __main__ - INFO - Logging system initialized successfully
2025-02-21 11:55:04,304 - __main__ - INFO - Log file created at: D:\DATA\FOR_DL\objectdetection\magang2025\logs\object_detection_20250221_115504.log
2025-02-21 11:55:04,317 - __main__ - INFO - Direktori berhasil dibuat: D:\DATA\FOR_DL\objectdetection\magang2025\clarinet_captured_photos
2025-02-21 11:55:04,318 - __main__ - INFO - Direktori berhasil dibuat: D:\DATA\FOR_DL\objectdetection\magang2025
2025-02-21 11:55:04,318 - __main__ - INFO - Direktori berhasil dibuat: D:\DATA\FOR_DL\objectdetection\magang2025\reports
2025-02-21 11:55:04,319 - __main__ - INFO - Direktori berhasil dibuat: D:\DATA\FOR_DL\objectdetection\magang2025\clarinet_detection_logs
2025-02-21 11:55:04,420 - __main__ - INFO - Model berhasil dimuat dari D:\DATA\FOR_DL\objectdetection\magang2025\trainedclarinettes_yolov8n.pt
2025-02-21 11:55:08,381 - __main__ - INFO - Video capture berhasil diinisialisasi
2025-02-21 11:55:32,401 - __main__ - INFO - Data berhasil dicatat di D:\DATA\FOR_DL\objectdetection\magang2025\clarinet_detection_logs\clarinet_detection_log.csv
2025-02-21 11:55:32,466 - __main__ - INFO - Data berhasil dicatat di D:\DATA\FOR_DL\objectdetection\magang2025\clarinet_detection_logs\clarinet_detection_log.csv
2025-02-21 11:55:32,498 - __main__ - INFO - Data berhasil dicatat di D:\DATA\FOR_DL\objectdetection\magang2025\clarinet_detection_logs\clarinet_detection_log.csv
2025-02-21 11:55:32,528 - __main__ - INFO - Data berhasil dicatat di D:\DATA\FOR_DL\objectdetection\magang2025\clarinet_detection_logs\clarinet_detection_log.csv
2025-02-21 11:55:32,562 - __main__ - INFO - Data berhasil dicatat di D:\DATA\FOR_DL\objectdetection\magang2025\clarinet_detection_logs\clarinet_detection_log.csv
2025-02-21 11:55:32,595 - __main__ - INFO - Data berhasil dicatat di D:\DATA\FOR_DL\objectdetection\magang2025\clarinet_detection_logs\clarinet_detection_log.csv
2025-02-21 11:55:32,740 - __main__ - INFO - Data berhasil dicatat di D:\DATA\FOR_DL\objectdetection\magang2025\clarinet_detection_logs\clarinet_detection_log.csv
2025-02-21 11:55:32,767 - __main__ - INFO - Data berhasil dicatat di D:\DATA\FOR_DL\objectdetection\magang2025\clarinet_detection_logs\clarinet_detection_log.csv
2025-02-21 11:55:32,800 - __main__ - INFO - Data berhasil dicatat di D:\DATA\FOR_DL\objectdetection\magang2025\clarinet_detection_logs\clarinet_detection_log.csv
2025-02-21 11:55:32,833 - __main__ - INFO - Data berhasil dicatat di D:\DATA\FOR_DL\objectdetection\magang2025\clarinet_detection_logs\clarinet_detection_log.csv
2025-02-21 11:55:32,864 - __main__ - INFO - Data berhasil dicatat di D:\DATA\FOR_DL\objectdetection\magang2025\clarinet_detection_logs\clarinet_detection_log.csv
2025-02-21 11:55:32,899 - __main__ - INFO - Data berhasil dicatat di D:\DATA\FOR_DL\objectdetection\magang2025\clarinet_detection_logs\clarinet_detection_log.csv
2025-02-21 11:55:32,931 - __main__ - INFO - Data berhasil dicatat di D:\DATA\FOR_DL\objectdetection\magang2025\clarinet_detection_logs\clarinet_detection_log.csv
2025-02-21 11:55:32,993 - __main__ - INFO - Data berhasil dicatat di D:\DATA\FOR_DL\objectdetection\magang2025\clarinet_detection_logs\clarinet_detection_log.csv
2025-02-21 11:55:44,725 - __main__ - INFO - Data berhasil dicatat di D:\DATA\FOR_DL\objectdetection\magang2025\clarinet_detection_logs\clarinet_detection_log.csv
2025-02-21 11:55:44,804 - __main__ - INFO - Data berhasil dicatat di D:\DATA\FOR_DL\objectdetection\magang2025\clarinet_detection_logs\clarinet_detection_log.csv
2025-02-21 11:55:44,841 - __main__ - INFO - Data berhasil dicatat di D:\DATA\FOR_DL\objectdetection\magang2025\clarinet_detection_logs\clarinet_detection_log.csv
2025-02-21 11:55:44,873 - __main__ - INFO - Data berhasil dicatat di D:\DATA\FOR_DL\objectdetection\magang2025\clarinet_detection_logs\clarinet_detection_log.csv
2025-02-21 11:55:44,905 - __main__ - INFO - Data berhasil dicatat di D:\DATA\FOR_DL\objectdetection\magang2025\clarinet_detection_logs\clarinet_detection_log.csv
2025-02-21 11:55:44,934 - __main__ - INFO - Data berhasil dicatat di D:\DATA\FOR_DL\objectdetection\magang2025\clarinet_detection_logs\clarinet_detection_log.csv
2025-02-21 11:55:44,961 - __main__ - INFO - Data berhasil dicatat di D:\DATA\FOR_DL\objectdetection\magang2025\clarinet_detection_logs\clarinet_detection_log.csv
2025-02-21 11:55:45,059 - __main__ - INFO - Data berhasil dicatat di D:\DATA\FOR_DL\objectdetection\magang2025\clarinet_detection_logs\clarinet_detection_log.csv
2025-02-21 11:55:45,091 - __main__ - INFO - Data berhasil dicatat di D:\DATA\FOR_DL\objectdetection\magang2025\clarinet_detection_logs\clarinet_detection_log.csv
2025-02-21 11:55:45,331 - __main__ - INFO - Data berhasil dicatat di D:\DATA\FOR_DL\objectdetection\magang2025\clarinet_detection_logs\clarinet_detection_log.csv
2025-02-21 11:55:45,361 - __main__ - INFO - Data berhasil dicatat di D:\DATA\FOR_DL\objectdetection\magang2025\clarinet_detection_logs\clarinet_detection_log.csv
2025-02-21 11:55:45,396 - __main__ - INFO - Data berhasil dicatat di D:\DATA\FOR_DL\objectdetection\magang2025\clarinet_detection_logs\clarinet_detection_log.csv
2025-02-21 11:55:45,429 - __main__ - INFO - Data berhasil dicatat di D:\DATA\FOR_DL\objectdetection\magang2025\clarinet_detection_logs\clarinet_detection_log.csv
2025-02-21 11:55:45,460 - __main__ - INFO - Data berhasil dicatat di D:\DATA\FOR_DL\objectdetection\magang2025\clarinet_detection_logs\clarinet_detection_log.csv
2025-02-21 11:55:45,492 - __main__ - INFO - Data berhasil dicatat di D:\DATA\FOR_DL\objectdetection\magang2025\clarinet_detection_logs\clarinet_detection_log.csv
2025-02-21 11:55:45,578 - __main__ - INFO - Data berhasil dicatat di D:\DATA\FOR_DL\objectdetection\magang2025\clarinet_detection_logs\clarinet_detection_log.csv
2025-02-21 11:55:45,606 - __main__ - INFO - Data berhasil dicatat di D:\DATA\FOR_DL\objectdetection\magang2025\clarinet_detection_logs\clarinet_detection_log.csv
2025-02-21 11:55:45,642 - __main__ - INFO - Data berhasil dicatat di D:\DATA\FOR_DL\objectdetection\magang2025\clarinet_detection_logs\clarinet_detection_log.csv
2025-02-21 11:55:45,676 - __main__ - INFO - Data berhasil dicatat di D:\DATA\FOR_DL\objectdetection\magang2025\clarinet_detection_logs\clarinet_detection_log.csv
2025-02-21 11:55:45,705 - __main__ - INFO - Data berhasil dicatat di D:\DATA\FOR_DL\objectdetection\magang2025\clarinet_detection_logs\clarinet_detection_log.csv
2025-02-21 11:55:45,732 - __main__ - INFO - Data berhasil dicatat di D:\DATA\FOR_DL\objectdetection\magang2025\clarinet_detection_logs\clarinet_detection_log.csv
2025-02-21 11:55:45,767 - __main__ - INFO - Data berhasil dicatat di D:\DATA\FOR_DL\objectdetection\magang2025\clarinet_detection_logs\clarinet_detection_log.csv
2025-02-21 11:55:45,796 - __main__ - INFO - Data berhasil dicatat di D:\DATA\FOR_DL\objectdetection\magang2025\clarinet_detection_logs\clarinet_detection_log.csv
2025-02-21 11:55:45,827 - __main__ - INFO - Data berhasil dicatat di D:\DATA\FOR_DL\objectdetection\magang2025\clarinet_detection_logs\clarinet_detection_log.csv
2025-02-21 11:55:45,859 - __main__ - INFO - Data berhasil dicatat di D:\DATA\FOR_DL\objectdetection\magang2025\clarinet_detection_logs\clarinet_detection_log.csv
2025-02-21 11:55:45,892 - __main__ - INFO - Data berhasil dicatat di D:\DATA\FOR_DL\objectdetection\magang2025\clarinet_detection_logs\clarinet_detection_log.csv
2025-02-21 11:55:45,920 - __main__ - INFO - Data berhasil dicatat di D:\DATA\FOR_DL\objectdetection\magang2025\clarinet_detection_logs\clarinet_detection_log.csv
2025-02-21 11:55:45,971 - __main__ - INFO - Data berhasil dicatat di D:\DATA\FOR_DL\objectdetection\magang2025\clarinet_detection_logs\clarinet_detection_log.csv
2025-02-21 11:55:46,002 - __main__ - INFO - Data berhasil dicatat di D:\DATA\FOR_DL\objectdetection\magang2025\clarinet_detection_logs\clarinet_detection_log.csv
2025-02-21 11:55:46,034 - __main__ - INFO - Data berhasil dicatat di D:\DATA\FOR_DL\objectdetection\magang2025\clarinet_detection_logs\clarinet_detection_log.csv
2025-02-21 11:55:46,066 - __main__ - INFO - Data berhasil dicatat di D:\DATA\FOR_DL\objectdetection\magang2025\clarinet_detection_logs\clarinet_detection_log.csv
2025-02-21 11:55:46,102 - __main__ - INFO - Data berhasil dicatat di D:\DATA\FOR_DL\objectdetection\magang2025\clarinet_detection_logs\clarinet_detection_log.csv
2025-02-21 11:55:46,132 - __main__ - INFO - Data berhasil dicatat di D:\DATA\FOR_DL\objectdetection\magang2025\clarinet_detection_logs\clarinet_detection_log.csv
2025-02-21 11:55:46,161 - __main__ - INFO - Data berhasil dicatat di D:\DATA\FOR_DL\objectdetection\magang2025\clarinet_detection_logs\clarinet_detection_log.csv
2025-02-21 11:55:46,196 - __main__ - INFO - Data berhasil dicatat di D:\DATA\FOR_DL\objectdetection\magang2025\clarinet_detection_logs\clarinet_detection_log.csv
2025-02-21 11:55:46,290 - __main__ - INFO - Data berhasil dicatat di D:\DATA\FOR_DL\objectdetection\magang2025\clarinet_detection_logs\clarinet_detection_log.csv
2025-02-21 11:55:46,404 - __main__ - INFO - Data berhasil dicatat di D:\DATA\FOR_DL\objectdetection\magang2025\clarinet_detection_logs\clarinet_detection_log.csv
2025-02-21 11:55:46,473 - __main__ - INFO - Data berhasil dicatat di D:\DATA\FOR_DL\objectdetection\magang2025\clarinet_detection_logs\clarinet_detection_log.csv
2025-02-21 11:55:46,562 - __main__ - INFO - Data berhasil dicatat di D:\DATA\FOR_DL\objectdetection\magang2025\clarinet_detection_logs\clarinet_detection_log.csv
2025-02-21 11:55:46,595 - __main__ - INFO - Data berhasil dicatat di D:\DATA\FOR_DL\objectdetection\magang2025\clarinet_detection_logs\clarinet_detection_log.csv
2025-02-21 11:55:46,625 - __main__ - INFO - Data berhasil dicatat di D:\DATA\FOR_DL\objectdetection\magang2025\clarinet_detection_logs\clarinet_detection_log.csv
2025-02-21 11:55:46,691 - __main__ - INFO - Data berhasil dicatat di D:\DATA\FOR_DL\objectdetection\magang2025\clarinet_detection_logs\clarinet_detection_log.csv
2025-02-21 11:55:46,725 - __main__ - INFO - Data berhasil dicatat di D:\DATA\FOR_DL\objectdetection\magang2025\clarinet_detection_logs\clarinet_detection_log.csv
2025-02-21 11:55:46,776 - __main__ - INFO - Data berhasil dicatat di D:\DATA\FOR_DL\objectdetection\magang2025\clarinet_detection_logs\clarinet_detection_log.csv
2025-02-21 11:55:46,805 - __main__ - INFO - Data berhasil dicatat di D:\DATA\FOR_DL\objectdetection\magang2025\clarinet_detection_logs\clarinet_detection_log.csv
2025-02-21 11:55:46,842 - __main__ - INFO - Data berhasil dicatat di D:\DATA\FOR_DL\objectdetection\magang2025\clarinet_detection_logs\clarinet_detection_log.csv
2025-02-21 11:55:46,873 - __main__ - INFO - Data berhasil dicatat di D:\DATA\FOR_DL\objectdetection\magang2025\clarinet_detection_logs\clarinet_detection_log.csv
2025-02-21 11:55:46,904 - __main__ - INFO - Data berhasil dicatat di D:\DATA\FOR_DL\objectdetection\magang2025\clarinet_detection_logs\clarinet_detection_log.csv
2025-02-21 11:55:46,961 - __main__ - INFO - Data berhasil dicatat di D:\DATA\FOR_DL\objectdetection\magang2025\clarinet_detection_logs\clarinet_detection_log.csv
2025-02-21 11:55:46,995 - __main__ - INFO - Data berhasil dicatat di D:\DATA\FOR_DL\objectdetection\magang2025\clarinet_detection_logs\clarinet_detection_log.csv
2025-02-21 11:55:47,024 - __main__ - INFO - Data berhasil dicatat di D:\DATA\FOR_DL\objectdetection\magang2025\clarinet_detection_logs\clarinet_detection_log.csv
2025-02-21 11:55:47,061 - __main__ - INFO - Data berhasil dicatat di D:\DATA\FOR_DL\objectdetection\magang2025\clarinet_detection_logs\clarinet_detection_log.csv
2025-02-21 11:55:47,090 - __main__ - INFO - Data berhasil dicatat di D:\DATA\FOR_DL\objectdetection\magang2025\clarinet_detection_logs\clarinet_detection_log.csv
2025-02-21 11:55:47,171 - __main__ - INFO - Data berhasil dicatat di D:\DATA\FOR_DL\objectdetection\magang2025\clarinet_detection_logs\clarinet_detection_log.csv
2025-02-21 11:55:47,201 - __main__ - INFO - Data berhasil dicatat di D:\DATA\FOR_DL\objectdetection\magang2025\clarinet_detection_logs\clarinet_detection_log.csv
2025-02-21 11:55:47,237 - __main__ - INFO - Data berhasil dicatat di D:\DATA\FOR_DL\objectdetection\magang2025\clarinet_detection_logs\clarinet_detection_log.csv
2025-02-21 11:55:47,265 - __main__ - INFO - Data berhasil dicatat di D:\DATA\FOR_DL\objectdetection\magang2025\clarinet_detection_logs\clarinet_detection_log.csv
2025-02-21 11:55:47,299 - __main__ - INFO - Data berhasil dicatat di D:\DATA\FOR_DL\objectdetection\magang2025\clarinet_detection_logs\clarinet_detection_log.csv
2025-02-21 11:55:47,331 - __main__ - INFO - Data berhasil dicatat di D:\DATA\FOR_DL\objectdetection\magang2025\clarinet_detection_logs\clarinet_detection_log.csv
2025-02-21 11:55:47,364 - __main__ - INFO - Data berhasil dicatat di D:\DATA\FOR_DL\objectdetection\magang2025\clarinet_detection_logs\clarinet_detection_log.csv
2025-02-21 11:55:47,396 - __main__ - INFO - Data berhasil dicatat di D:\DATA\FOR_DL\objectdetection\magang2025\clarinet_detection_logs\clarinet_detection_log.csv
2025-02-21 11:55:47,427 - __main__ - INFO - Data berhasil dicatat di D:\DATA\FOR_DL\objectdetection\magang2025\clarinet_detection_logs\clarinet_detection_log.csv
2025-02-21 11:55:47,459 - __main__ - INFO - Data berhasil dicatat di D:\DATA\FOR_DL\objectdetection\magang2025\clarinet_detection_logs\clarinet_detection_log.csv
2025-02-21 11:55:47,491 - __main__ - INFO - Data berhasil dicatat di D:\DATA\FOR_DL\objectdetection\magang2025\clarinet_detection_logs\clarinet_detection_log.csv
2025-02-21 11:55:47,578 - __main__ - INFO - Data berhasil dicatat di D:\DATA\FOR_DL\objectdetection\magang2025\clarinet_detection_logs\clarinet_detection_log.csv
2025-02-21 11:55:47,605 - __main__ - INFO - Data berhasil dicatat di D:\DATA\FOR_DL\objectdetection\magang2025\clarinet_detection_logs\clarinet_detection_log.csv
2025-02-21 11:55:47,643 - __main__ - INFO - Data berhasil dicatat di D:\DATA\FOR_DL\objectdetection\magang2025\clarinet_detection_logs\clarinet_detection_log.csv
2025-02-21 11:55:47,673 - __main__ - INFO - Data berhasil dicatat di D:\DATA\FOR_DL\objectdetection\magang2025\clarinet_detection_logs\clarinet_detection_log.csv
2025-02-21 11:55:47,704 - __main__ - INFO - Data berhasil dicatat di D:\DATA\FOR_DL\objectdetection\magang2025\clarinet_detection_logs\clarinet_detection_log.csv
2025-02-21 11:55:47,734 - __main__ - INFO - Data berhasil dicatat di D:\DATA\FOR_DL\objectdetection\magang2025\clarinet_detection_logs\clarinet_detection_log.csv
2025-02-21 11:55:47,762 - __main__ - INFO - Data berhasil dicatat di D:\DATA\FOR_DL\objectdetection\magang2025\clarinet_detection_logs\clarinet_detection_log.csv
2025-02-21 11:55:47,797 - __main__ - INFO - Data berhasil dicatat di D:\DATA\FOR_DL\objectdetection\magang2025\clarinet_detection_logs\clarinet_detection_log.csv
2025-02-21 11:55:47,826 - __main__ - INFO - Data berhasil dicatat di D:\DATA\FOR_DL\objectdetection\magang2025\clarinet_detection_logs\clarinet_detection_log.csv
2025-02-21 11:55:47,892 - __main__ - INFO - Data berhasil dicatat di D:\DATA\FOR_DL\objectdetection\magang2025\clarinet_detection_logs\clarinet_detection_log.csv
2025-02-21 11:55:47,923 - __main__ - INFO - Data berhasil dicatat di D:\DATA\FOR_DL\objectdetection\magang2025\clarinet_detection_logs\clarinet_detection_log.csv
2025-02-21 11:55:47,971 - __main__ - INFO - Data berhasil dicatat di D:\DATA\FOR_DL\objectdetection\magang2025\clarinet_detection_logs\clarinet_detection_log.csv
2025-02-21 11:55:48,002 - __main__ - INFO - Data berhasil dicatat di D:\DATA\FOR_DL\objectdetection\magang2025\clarinet_detection_logs\clarinet_detection_log.csv
2025-02-21 11:55:48,037 - __main__ - INFO - Data berhasil dicatat di D:\DATA\FOR_DL\objectdetection\magang2025\clarinet_detection_logs\clarinet_detection_log.csv
2025-02-21 11:55:48,054 - __main__ - INFO - Foto berhasil disimpan: D:\DATA\FOR_DL\objectdetection\magang2025\clarinet_captured_photos\detected_20250221_115548.jpg
2025-02-21 11:55:48,083 - __main__ - INFO - Data kelengkapan disimpan ke D:\DATA\FOR_DL\objectdetection\magang2025\clarinet_detection_logs\Set_20250221_115548.csv
2025-02-21 11:55:48,083 - __main__ - INFO - Data berhasil dicatat di D:\DATA\FOR_DL\objectdetection\magang2025\clarinet_detection_logs\clarinet_detection_log.csv
2025-02-21 11:55:48,107 - __main__ - INFO - Data berhasil dicatat di D:\DATA\FOR_DL\objectdetection\magang2025\clarinet_detection_logs\clarinet_detection_log.csv
2025-02-21 11:55:48,141 - __main__ - INFO - Data berhasil dicatat di D:\DATA\FOR_DL\objectdetection\magang2025\clarinet_detection_logs\clarinet_detection_log.csv
2025-02-21 11:55:48,166 - __main__ - INFO - Data berhasil dicatat di D:\DATA\FOR_DL\objectdetection\magang2025\clarinet_detection_logs\clarinet_detection_log.csv
2025-02-21 11:55:48,195 - __main__ - INFO - Data berhasil dicatat di D:\DATA\FOR_DL\objectdetection\magang2025\clarinet_detection_logs\clarinet_detection_log.csv
2025-02-21 11:55:48,219 - __main__ - INFO - Data berhasil dicatat di D:\DATA\FOR_DL\objectdetection\magang2025\clarinet_detection_logs\clarinet_detection_log.csv
2025-02-21 11:55:48,241 - __main__ - INFO - Data berhasil dicatat di D:\DATA\FOR_DL\objectdetection\magang2025\clarinet_detection_logs\clarinet_detection_log.csv
2025-02-21 11:55:48,267 - __main__ - INFO - Data berhasil dicatat di D:\DATA\FOR_DL\objectdetection\magang2025\clarinet_detection_logs\clarinet_detection_log.csv
2025-02-21 11:55:48,296 - __main__ - INFO - Data berhasil dicatat di D:\DATA\FOR_DL\objectdetection\magang2025\clarinet_detection_logs\clarinet_detection_log.csv
2025-02-21 11:55:48,327 - __main__ - INFO - Data berhasil dicatat di D:\DATA\FOR_DL\objectdetection\magang2025\clarinet_detection_logs\clarinet_detection_log.csv
2025-02-21 11:55:48,372 - __main__ - INFO - Data berhasil dicatat di D:\DATA\FOR_DL\objectdetection\magang2025\clarinet_detection_logs\clarinet_detection_log.csv
2025-02-21 11:55:48,401 - __main__ - INFO - Data berhasil dicatat di D:\DATA\FOR_DL\objectdetection\magang2025\clarinet_detection_logs\clarinet_detection_log.csv
2025-02-21 11:55:48,466 - __main__ - INFO - Data berhasil dicatat di D:\DATA\FOR_DL\objectdetection\magang2025\clarinet_detection_logs\clarinet_detection_log.csv
2025-02-21 11:55:48,502 - __main__ - INFO - Data berhasil dicatat di D:\DATA\FOR_DL\objectdetection\magang2025\clarinet_detection_logs\clarinet_detection_log.csv
2025-02-21 11:55:48,532 - __main__ - INFO - Data berhasil dicatat di D:\DATA\FOR_DL\objectdetection\magang2025\clarinet_detection_logs\clarinet_detection_log.csv
2025-02-21 11:55:48,565 - __main__ - INFO - Data berhasil dicatat di D:\DATA\FOR_DL\objectdetection\magang2025\clarinet_detection_logs\clarinet_detection_log.csv
2025-02-21 11:55:48,598 - __main__ - INFO - Data berhasil dicatat di D:\DATA\FOR_DL\objectdetection\magang2025\clarinet_detection_logs\clarinet_detection_log.csv
2025-02-21 11:55:48,691 - __main__ - INFO - Data berhasil dicatat di D:\DATA\FOR_DL\objectdetection\magang2025\clarinet_detection_logs\clarinet_detection_log.csv
2025-02-21 11:55:48,728 - __main__ - INFO - Data berhasil dicatat di D:\DATA\FOR_DL\objectdetection\magang2025\clarinet_detection_logs\clarinet_detection_log.csv
2025-02-21 11:55:48,777 - __main__ - INFO - Data berhasil dicatat di D:\DATA\FOR_DL\objectdetection\magang2025\clarinet_detection_logs\clarinet_detection_log.csv
2025-02-21 11:55:48,809 - __main__ - INFO - Data berhasil dicatat di D:\DATA\FOR_DL\objectdetection\magang2025\clarinet_detection_logs\clarinet_detection_log.csv
2025-02-21 11:55:48,842 - __main__ - INFO - Data berhasil dicatat di D:\DATA\FOR_DL\objectdetection\magang2025\clarinet_detection_logs\clarinet_detection_log.csv
2025-02-21 11:55:48,878 - __main__ - INFO - Data berhasil dicatat di D:\DATA\FOR_DL\objectdetection\magang2025\clarinet_detection_logs\clarinet_detection_log.csv
2025-02-21 11:55:48,910 - __main__ - INFO - Data berhasil dicatat di D:\DATA\FOR_DL\objectdetection\magang2025\clarinet_detection_logs\clarinet_detection_log.csv
2025-02-21 11:55:48,933 - __main__ - INFO - Data berhasil dicatat di D:\DATA\FOR_DL\objectdetection\magang2025\clarinet_detection_logs\clarinet_detection_log.csv
2025-02-21 11:55:48,964 - __main__ - INFO - Data berhasil dicatat di D:\DATA\FOR_DL\objectdetection\magang2025\clarinet_detection_logs\clarinet_detection_log.csv
2025-02-21 11:55:49,000 - __main__ - INFO - Data berhasil dicatat di D:\DATA\FOR_DL\objectdetection\magang2025\clarinet_detection_logs\clarinet_detection_log.csv
2025-02-21 11:55:49,028 - __main__ - INFO - Data berhasil dicatat di D:\DATA\FOR_DL\objectdetection\magang2025\clarinet_detection_logs\clarinet_detection_log.csv
2025-02-21 11:55:49,065 - __main__ - INFO - Data berhasil dicatat di D:\DATA\FOR_DL\objectdetection\magang2025\clarinet_detection_logs\clarinet_detection_log.csv
2025-02-21 11:55:49,093 - __main__ - INFO - Data berhasil dicatat di D:\DATA\FOR_DL\objectdetection\magang2025\clarinet_detection_logs\clarinet_detection_log.csv
2025-02-21 11:55:49,131 - __main__ - INFO - Data berhasil dicatat di D:\DATA\FOR_DL\objectdetection\magang2025\clarinet_detection_logs\clarinet_detection_log.csv
2025-02-21 11:55:49,183 - __main__ - INFO - Data berhasil dicatat di D:\DATA\FOR_DL\objectdetection\magang2025\clarinet_detection_logs\clarinet_detection_log.csv
2025-02-21 11:55:49,212 - __main__ - INFO - Data berhasil dicatat di D:\DATA\FOR_DL\objectdetection\magang2025\clarinet_detection_logs\clarinet_detection_log.csv
2025-02-21 11:55:49,241 - __main__ - INFO - Data berhasil dicatat di D:\DATA\FOR_DL\objectdetection\magang2025\clarinet_detection_logs\clarinet_detection_log.csv
2025-02-21 11:55:49,273 - __main__ - INFO - Data berhasil dicatat di D:\DATA\FOR_DL\objectdetection\magang2025\clarinet_detection_logs\clarinet_detection_log.csv
2025-02-21 11:55:49,306 - __main__ - INFO - Data berhasil dicatat di D:\DATA\FOR_DL\objectdetection\magang2025\clarinet_detection_logs\clarinet_detection_log.csv
2025-02-21 11:55:49,336 - __main__ - INFO - Data berhasil dicatat di D:\DATA\FOR_DL\objectdetection\magang2025\clarinet_detection_logs\clarinet_detection_log.csv
2025-02-21 11:55:49,364 - __main__ - INFO - Data berhasil dicatat di D:\DATA\FOR_DL\objectdetection\magang2025\clarinet_detection_logs\clarinet_detection_log.csv
2025-02-21 11:55:49,399 - __main__ - INFO - Data berhasil dicatat di D:\DATA\FOR_DL\objectdetection\magang2025\clarinet_detection_logs\clarinet_detection_log.csv
2025-02-21 11:55:49,429 - __main__ - INFO - Data berhasil dicatat di D:\DATA\FOR_DL\objectdetection\magang2025\clarinet_detection_logs\clarinet_detection_log.csv
2025-02-21 11:55:49,462 - __main__ - INFO - Data berhasil dicatat di D:\DATA\FOR_DL\objectdetection\magang2025\clarinet_detection_logs\clarinet_detection_log.csv
2025-02-21 11:55:49,496 - __main__ - INFO - Data berhasil dicatat di D:\DATA\FOR_DL\objectdetection\magang2025\clarinet_detection_logs\clarinet_detection_log.csv
2025-02-21 11:55:49,525 - __main__ - INFO - Data berhasil dicatat di D:\DATA\FOR_DL\objectdetection\magang2025\clarinet_detection_logs\clarinet_detection_log.csv
2025-02-21 11:55:49,572 - __main__ - INFO - Data berhasil dicatat di D:\DATA\FOR_DL\objectdetection\magang2025\clarinet_detection_logs\clarinet_detection_log.csv
2025-02-21 11:55:49,602 - __main__ - INFO - Data berhasil dicatat di D:\DATA\FOR_DL\objectdetection\magang2025\clarinet_detection_logs\clarinet_detection_log.csv
2025-02-21 11:55:49,635 - __main__ - INFO - Data berhasil dicatat di D:\DATA\FOR_DL\objectdetection\magang2025\clarinet_detection_logs\clarinet_detection_log.csv
2025-02-21 11:55:49,699 - __main__ - INFO - Data berhasil dicatat di D:\DATA\FOR_DL\objectdetection\magang2025\clarinet_detection_logs\clarinet_detection_log.csv
2025-02-21 11:55:49,733 - __main__ - INFO - Data berhasil dicatat di D:\DATA\FOR_DL\objectdetection\magang2025\clarinet_detection_logs\clarinet_detection_log.csv
2025-02-21 11:55:49,763 - __main__ - INFO - Data berhasil dicatat di D:\DATA\FOR_DL\objectdetection\magang2025\clarinet_detection_logs\clarinet_detection_log.csv
2025-02-21 11:55:49,796 - __main__ - INFO - Data berhasil dicatat di D:\DATA\FOR_DL\objectdetection\magang2025\clarinet_detection_logs\clarinet_detection_log.csv
2025-02-21 11:55:49,827 - __main__ - INFO - Data berhasil dicatat di D:\DATA\FOR_DL\objectdetection\magang2025\clarinet_detection_logs\clarinet_detection_log.csv
2025-02-21 11:55:49,865 - __main__ - INFO - Data berhasil dicatat di D:\DATA\FOR_DL\objectdetection\magang2025\clarinet_detection_logs\clarinet_detection_log.csv
2025-02-21 11:55:49,892 - __main__ - INFO - Data berhasil dicatat di D:\DATA\FOR_DL\objectdetection\magang2025\clarinet_detection_logs\clarinet_detection_log.csv
2025-02-21 11:55:49,926 - __main__ - INFO - Data berhasil dicatat di D:\DATA\FOR_DL\objectdetection\magang2025\clarinet_detection_logs\clarinet_detection_log.csv
2025-02-21 11:55:49,978 - __main__ - INFO - Data berhasil dicatat di D:\DATA\FOR_DL\objectdetection\magang2025\clarinet_detection_logs\clarinet_detection_log.csv
2025-02-21 11:55:50,010 - __main__ - INFO - Data berhasil dicatat di D:\DATA\FOR_DL\objectdetection\magang2025\clarinet_detection_logs\clarinet_detection_log.csv
2025-02-21 11:55:50,042 - __main__ - INFO - Data berhasil dicatat di D:\DATA\FOR_DL\objectdetection\magang2025\clarinet_detection_logs\clarinet_detection_log.csv
2025-02-21 11:55:50,104 - __main__ - INFO - Data berhasil dicatat di D:\DATA\FOR_DL\objectdetection\magang2025\clarinet_detection_logs\clarinet_detection_log.csv
2025-02-21 11:55:50,132 - __main__ - INFO - Data berhasil dicatat di D:\DATA\FOR_DL\objectdetection\magang2025\clarinet_detection_logs\clarinet_detection_log.csv
2025-02-21 11:55:50,166 - __main__ - INFO - Data berhasil dicatat di D:\DATA\FOR_DL\objectdetection\magang2025\clarinet_detection_logs\clarinet_detection_log.csv
2025-02-21 11:55:50,199 - __main__ - INFO - Data berhasil dicatat di D:\DATA\FOR_DL\objectdetection\magang2025\clarinet_detection_logs\clarinet_detection_log.csv
2025-02-21 11:55:50,229 - __main__ - INFO - Data berhasil dicatat di D:\DATA\FOR_DL\objectdetection\magang2025\clarinet_detection_logs\clarinet_detection_log.csv
2025-02-21 11:55:50,263 - __main__ - INFO - Data berhasil dicatat di D:\DATA\FOR_DL\objectdetection\magang2025\clarinet_detection_logs\clarinet_detection_log.csv
2025-02-21 11:55:50,291 - __main__ - INFO - Data berhasil dicatat di D:\DATA\FOR_DL\objectdetection\magang2025\clarinet_detection_logs\clarinet_detection_log.csv
2025-02-21 11:55:50,328 - __main__ - INFO - Data berhasil dicatat di D:\DATA\FOR_DL\objectdetection\magang2025\clarinet_detection_logs\clarinet_detection_log.csv
2025-02-21 11:55:50,380 - __main__ - INFO - Data berhasil dicatat di D:\DATA\FOR_DL\objectdetection\magang2025\clarinet_detection_logs\clarinet_detection_log.csv
2025-02-21 11:55:50,404 - __main__ - INFO - Data berhasil dicatat di D:\DATA\FOR_DL\objectdetection\magang2025\clarinet_detection_logs\clarinet_detection_log.csv
2025-02-21 11:55:50,442 - __main__ - INFO - Data berhasil dicatat di D:\DATA\FOR_DL\objectdetection\magang2025\clarinet_detection_logs\clarinet_detection_log.csv
2025-02-21 11:55:50,477 - __main__ - INFO - Data berhasil dicatat di D:\DATA\FOR_DL\objectdetection\magang2025\clarinet_detection_logs\clarinet_detection_log.csv
2025-02-21 11:55:50,510 - __main__ - INFO - Data berhasil dicatat di D:\DATA\FOR_DL\objectdetection\magang2025\clarinet_detection_logs\clarinet_detection_log.csv
2025-02-21 11:55:50,535 - __main__ - INFO - Data berhasil dicatat di D:\DATA\FOR_DL\objectdetection\magang2025\clarinet_detection_logs\clarinet_detection_log.csv
2025-02-21 11:55:50,561 - __main__ - INFO - Data berhasil dicatat di D:\DATA\FOR_DL\objectdetection\magang2025\clarinet_detection_logs\clarinet_detection_log.csv
2025-02-21 11:55:50,598 - __main__ - INFO - Data berhasil dicatat di D:\DATA\FOR_DL\objectdetection\magang2025\clarinet_detection_logs\clarinet_detection_log.csv
2025-02-21 11:55:50,627 - __main__ - INFO - Data berhasil dicatat di D:\DATA\FOR_DL\objectdetection\magang2025\clarinet_detection_logs\clarinet_detection_log.csv
2025-02-21 11:55:50,695 - __main__ - INFO - Data berhasil dicatat di D:\DATA\FOR_DL\objectdetection\magang2025\clarinet_detection_logs\clarinet_detection_log.csv
2025-02-21 11:55:50,730 - __main__ - INFO - Data berhasil dicatat di D:\DATA\FOR_DL\objectdetection\magang2025\clarinet_detection_logs\clarinet_detection_log.csv
2025-02-21 11:55:50,777 - __main__ - INFO - Data berhasil dicatat di D:\DATA\FOR_DL\objectdetection\magang2025\clarinet_detection_logs\clarinet_detection_log.csv
2025-02-21 11:55:50,809 - __main__ - INFO - Data berhasil dicatat di D:\DATA\FOR_DL\objectdetection\magang2025\clarinet_detection_logs\clarinet_detection_log.csv
2025-02-21 11:55:50,842 - __main__ - INFO - Data berhasil dicatat di D:\DATA\FOR_DL\objectdetection\magang2025\clarinet_detection_logs\clarinet_detection_log.csv
2025-02-21 11:55:50,876 - __main__ - INFO - Data berhasil dicatat di D:\DATA\FOR_DL\objectdetection\magang2025\clarinet_detection_logs\clarinet_detection_log.csv
2025-02-21 11:55:50,910 - __main__ - INFO - Data berhasil dicatat di D:\DATA\FOR_DL\objectdetection\magang2025\clarinet_detection_logs\clarinet_detection_log.csv
2025-02-21 11:55:50,936 - __main__ - INFO - Data berhasil dicatat di D:\DATA\FOR_DL\objectdetection\magang2025\clarinet_detection_logs\clarinet_detection_log.csv
2025-02-21 11:55:50,966 - __main__ - INFO - Data berhasil dicatat di D:\DATA\FOR_DL\objectdetection\magang2025\clarinet_detection_logs\clarinet_detection_log.csv
2025-02-21 11:55:50,999 - __main__ - INFO - Data berhasil dicatat di D:\DATA\FOR_DL\objectdetection\magang2025\clarinet_detection_logs\clarinet_detection_log.csv
2025-02-21 11:55:51,029 - __main__ - INFO - Data berhasil dicatat di D:\DATA\FOR_DL\objectdetection\magang2025\clarinet_detection_logs\clarinet_detection_log.csv
2025-02-21 11:55:51,063 - __main__ - INFO - Data berhasil dicatat di D:\DATA\FOR_DL\objectdetection\magang2025\clarinet_detection_logs\clarinet_detection_log.csv
2025-02-21 11:55:51,094 - __main__ - INFO - Data berhasil dicatat di D:\DATA\FOR_DL\objectdetection\magang2025\clarinet_detection_logs\clarinet_detection_log.csv
2025-02-21 11:55:51,125 - __main__ - INFO - Data berhasil dicatat di D:\DATA\FOR_DL\objectdetection\magang2025\clarinet_detection_logs\clarinet_detection_log.csv
2025-02-21 11:55:51,178 - __main__ - INFO - Data berhasil dicatat di D:\DATA\FOR_DL\objectdetection\magang2025\clarinet_detection_logs\clarinet_detection_log.csv
2025-02-21 11:55:51,206 - __main__ - INFO - Data berhasil dicatat di D:\DATA\FOR_DL\objectdetection\magang2025\clarinet_detection_logs\clarinet_detection_log.csv
2025-02-21 11:55:51,239 - __main__ - INFO - Data berhasil dicatat di D:\DATA\FOR_DL\objectdetection\magang2025\clarinet_detection_logs\clarinet_detection_log.csv
2025-02-21 11:55:51,266 - __main__ - INFO - Data berhasil dicatat di D:\DATA\FOR_DL\objectdetection\magang2025\clarinet_detection_logs\clarinet_detection_log.csv
2025-02-21 11:55:51,304 - __main__ - INFO - Data berhasil dicatat di D:\DATA\FOR_DL\objectdetection\magang2025\clarinet_detection_logs\clarinet_detection_log.csv
2025-02-21 11:55:51,331 - __main__ - INFO - Data berhasil dicatat di D:\DATA\FOR_DL\objectdetection\magang2025\clarinet_detection_logs\clarinet_detection_log.csv
2025-02-21 11:55:51,344 - __main__ - INFO - Data dan foto berhasil disimpan.
2025-02-21 11:55:51,362 - __main__ - INFO - Data berhasil dicatat di D:\DATA\FOR_DL\objectdetection\magang2025\clarinet_detection_logs\clarinet_detection_log.csv
2025-02-21 11:55:51,396 - __main__ - INFO - Data berhasil dicatat di D:\DATA\FOR_DL\objectdetection\magang2025\clarinet_detection_logs\clarinet_detection_log.csv
2025-02-21 11:55:51,425 - __main__ - INFO - Data berhasil dicatat di D:\DATA\FOR_DL\objectdetection\magang2025\clarinet_detection_logs\clarinet_detection_log.csv
2025-02-21 11:55:51,461 - __main__ - INFO - Data berhasil dicatat di D:\DATA\FOR_DL\objectdetection\magang2025\clarinet_detection_logs\clarinet_detection_log.csv
2025-02-21 11:55:51,492 - __main__ - INFO - Data berhasil dicatat di D:\DATA\FOR_DL\objectdetection\magang2025\clarinet_detection_logs\clarinet_detection_log.csv
2025-02-21 11:55:51,525 - __main__ - INFO - Data berhasil dicatat di D:\DATA\FOR_DL\objectdetection\magang2025\clarinet_detection_logs\clarinet_detection_log.csv
2025-02-21 11:55:51,578 - __main__ - INFO - Data berhasil dicatat di D:\DATA\FOR_DL\objectdetection\magang2025\clarinet_detection_logs\clarinet_detection_log.csv
2025-02-21 11:55:51,605 - __main__ - INFO - Data berhasil dicatat di D:\DATA\FOR_DL\objectdetection\magang2025\clarinet_detection_logs\clarinet_detection_log.csv
2025-02-21 11:55:51,642 - __main__ - INFO - Data berhasil dicatat di D:\DATA\FOR_DL\objectdetection\magang2025\clarinet_detection_logs\clarinet_detection_log.csv
2025-02-21 11:55:51,673 - __main__ - INFO - Data berhasil dicatat di D:\DATA\FOR_DL\objectdetection\magang2025\clarinet_detection_logs\clarinet_detection_log.csv
2025-02-21 11:55:51,702 - __main__ - INFO - Data berhasil dicatat di D:\DATA\FOR_DL\objectdetection\magang2025\clarinet_detection_logs\clarinet_detection_log.csv
2025-02-21 11:55:51,730 - __main__ - INFO - Data berhasil dicatat di D:\DATA\FOR_DL\objectdetection\magang2025\clarinet_detection_logs\clarinet_detection_log.csv
2025-02-21 11:55:51,760 - __main__ - INFO - Data berhasil dicatat di D:\DATA\FOR_DL\objectdetection\magang2025\clarinet_detection_logs\clarinet_detection_log.csv
2025-02-21 11:55:51,794 - __main__ - INFO - Data berhasil dicatat di D:\DATA\FOR_DL\objectdetection\magang2025\clarinet_detection_logs\clarinet_detection_log.csv
2025-02-21 11:55:51,858 - __main__ - INFO - Data berhasil dicatat di D:\DATA\FOR_DL\objectdetection\magang2025\clarinet_detection_logs\clarinet_detection_log.csv
2025-02-21 11:55:51,891 - __main__ - INFO - Data berhasil dicatat di D:\DATA\FOR_DL\objectdetection\magang2025\clarinet_detection_logs\clarinet_detection_log.csv
2025-02-21 11:55:51,976 - __main__ - INFO - Data berhasil dicatat di D:\DATA\FOR_DL\objectdetection\magang2025\clarinet_detection_logs\clarinet_detection_log.csv
2025-02-21 11:55:52,004 - __main__ - INFO - Data berhasil dicatat di D:\DATA\FOR_DL\objectdetection\magang2025\clarinet_detection_logs\clarinet_detection_log.csv
2025-02-21 11:55:52,074 - __main__ - INFO - Data berhasil dicatat di D:\DATA\FOR_DL\objectdetection\magang2025\clarinet_detection_logs\clarinet_detection_log.csv
2025-02-21 11:55:52,106 - __main__ - INFO - Data berhasil dicatat di D:\DATA\FOR_DL\objectdetection\magang2025\clarinet_detection_logs\clarinet_detection_log.csv
2025-02-21 11:55:52,132 - __main__ - INFO - Data berhasil dicatat di D:\DATA\FOR_DL\objectdetection\magang2025\clarinet_detection_logs\clarinet_detection_log.csv
2025-02-21 11:55:52,160 - __main__ - INFO - Data berhasil dicatat di D:\DATA\FOR_DL\objectdetection\magang2025\clarinet_detection_logs\clarinet_detection_log.csv
2025-02-21 11:55:52,194 - __main__ - INFO - Data berhasil dicatat di D:\DATA\FOR_DL\objectdetection\magang2025\clarinet_detection_logs\clarinet_detection_log.csv
2025-02-21 11:55:52,224 - __main__ - INFO - Data berhasil dicatat di D:\DATA\FOR_DL\objectdetection\magang2025\clarinet_detection_logs\clarinet_detection_log.csv
2025-02-21 11:55:52,259 - __main__ - INFO - Data berhasil dicatat di D:\DATA\FOR_DL\objectdetection\magang2025\clarinet_detection_logs\clarinet_detection_log.csv
2025-02-21 11:55:52,293 - __main__ - INFO - Data berhasil dicatat di D:\DATA\FOR_DL\objectdetection\magang2025\clarinet_detection_logs\clarinet_detection_log.csv
2025-02-21 11:55:52,321 - __main__ - INFO - Data berhasil dicatat di D:\DATA\FOR_DL\objectdetection\magang2025\clarinet_detection_logs\clarinet_detection_log.csv
2025-02-21 11:55:52,370 - __main__ - INFO - Data berhasil dicatat di D:\DATA\FOR_DL\objectdetection\magang2025\clarinet_detection_logs\clarinet_detection_log.csv
2025-02-21 11:55:52,401 - __main__ - INFO - Data berhasil dicatat di D:\DATA\FOR_DL\objectdetection\magang2025\clarinet_detection_logs\clarinet_detection_log.csv
2025-02-21 11:55:52,435 - __main__ - INFO - Data berhasil dicatat di D:\DATA\FOR_DL\objectdetection\magang2025\clarinet_detection_logs\clarinet_detection_log.csv
2025-02-21 11:55:52,465 - __main__ - INFO - Data berhasil dicatat di D:\DATA\FOR_DL\objectdetection\magang2025\clarinet_detection_logs\clarinet_detection_log.csv
2025-02-21 11:55:52,499 - __main__ - INFO - Data berhasil dicatat di D:\DATA\FOR_DL\objectdetection\magang2025\clarinet_detection_logs\clarinet_detection_log.csv
2025-02-21 11:55:52,532 - __main__ - INFO - Data berhasil dicatat di D:\DATA\FOR_DL\objectdetection\magang2025\clarinet_detection_logs\clarinet_detection_log.csv
2025-02-21 11:55:52,595 - __main__ - INFO - Data berhasil dicatat di D:\DATA\FOR_DL\objectdetection\magang2025\clarinet_detection_logs\clarinet_detection_log.csv
2025-02-21 11:55:52,628 - __main__ - INFO - Data berhasil dicatat di D:\DATA\FOR_DL\objectdetection\magang2025\clarinet_detection_logs\clarinet_detection_log.csv
2025-02-21 11:55:52,658 - __main__ - INFO - Data berhasil dicatat di D:\DATA\FOR_DL\objectdetection\magang2025\clarinet_detection_logs\clarinet_detection_log.csv
2025-02-21 11:55:52,690 - __main__ - INFO - Data berhasil dicatat di D:\DATA\FOR_DL\objectdetection\magang2025\clarinet_detection_logs\clarinet_detection_log.csv
2025-02-21 11:55:52,725 - __main__ - INFO - Data berhasil dicatat di D:\DATA\FOR_DL\objectdetection\magang2025\clarinet_detection_logs\clarinet_detection_log.csv
2025-02-21 11:55:52,776 - __main__ - INFO - Data berhasil dicatat di D:\DATA\FOR_DL\objectdetection\magang2025\clarinet_detection_logs\clarinet_detection_log.csv
2025-02-21 11:55:52,806 - __main__ - INFO - Data berhasil dicatat di D:\DATA\FOR_DL\objectdetection\magang2025\clarinet_detection_logs\clarinet_detection_log.csv
2025-02-21 11:55:52,841 - __main__ - INFO - Data berhasil dicatat di D:\DATA\FOR_DL\objectdetection\magang2025\clarinet_detection_logs\clarinet_detection_log.csv
2025-02-21 11:55:52,874 - __main__ - INFO - Data berhasil dicatat di D:\DATA\FOR_DL\objectdetection\magang2025\clarinet_detection_logs\clarinet_detection_log.csv
2025-02-21 11:55:52,906 - __main__ - INFO - Data berhasil dicatat di D:\DATA\FOR_DL\objectdetection\magang2025\clarinet_detection_logs\clarinet_detection_log.csv
2025-02-21 11:55:52,961 - __main__ - INFO - Data berhasil dicatat di D:\DATA\FOR_DL\objectdetection\magang2025\clarinet_detection_logs\clarinet_detection_log.csv
2025-02-21 11:55:53,025 - __main__ - INFO - Data berhasil dicatat di D:\DATA\FOR_DL\objectdetection\magang2025\clarinet_detection_logs\clarinet_detection_log.csv
2025-02-21 11:55:53,060 - __main__ - INFO - Data berhasil dicatat di D:\DATA\FOR_DL\objectdetection\magang2025\clarinet_detection_logs\clarinet_detection_log.csv
2025-02-21 11:55:53,091 - __main__ - INFO - Data berhasil dicatat di D:\DATA\FOR_DL\objectdetection\magang2025\clarinet_detection_logs\clarinet_detection_log.csv
2025-02-21 11:55:53,128 - __main__ - INFO - Data berhasil dicatat di D:\DATA\FOR_DL\objectdetection\magang2025\clarinet_detection_logs\clarinet_detection_log.csv
2025-02-21 11:55:53,178 - __main__ - INFO - Data berhasil dicatat di D:\DATA\FOR_DL\objectdetection\magang2025\clarinet_detection_logs\clarinet_detection_log.csv
2025-02-21 11:55:53,204 - __main__ - INFO - Data berhasil dicatat di D:\DATA\FOR_DL\objectdetection\magang2025\clarinet_detection_logs\clarinet_detection_log.csv
2025-02-21 11:55:53,243 - __main__ - INFO - Data berhasil dicatat di D:\DATA\FOR_DL\objectdetection\magang2025\clarinet_detection_logs\clarinet_detection_log.csv
2025-02-21 11:55:53,273 - __main__ - INFO - Data berhasil dicatat di D:\DATA\FOR_DL\objectdetection\magang2025\clarinet_detection_logs\clarinet_detection_log.csv
2025-02-21 11:55:53,302 - __main__ - INFO - Data berhasil dicatat di D:\DATA\FOR_DL\objectdetection\magang2025\clarinet_detection_logs\clarinet_detection_log.csv
2025-02-21 11:55:53,330 - __main__ - INFO - Data berhasil dicatat di D:\DATA\FOR_DL\objectdetection\magang2025\clarinet_detection_logs\clarinet_detection_log.csv
2025-02-21 11:55:53,394 - __main__ - INFO - Data berhasil dicatat di D:\DATA\FOR_DL\objectdetection\magang2025\clarinet_detection_logs\clarinet_detection_log.csv
2025-02-21 11:55:53,424 - __main__ - INFO - Data berhasil dicatat di D:\DATA\FOR_DL\objectdetection\magang2025\clarinet_detection_logs\clarinet_detection_log.csv
2025-02-21 11:55:53,457 - __main__ - INFO - Data berhasil dicatat di D:\DATA\FOR_DL\objectdetection\magang2025\clarinet_detection_logs\clarinet_detection_log.csv
2025-02-21 11:55:53,490 - __main__ - INFO - Data berhasil dicatat di D:\DATA\FOR_DL\objectdetection\magang2025\clarinet_detection_logs\clarinet_detection_log.csv
2025-02-21 11:55:53,524 - __main__ - INFO - Data berhasil dicatat di D:\DATA\FOR_DL\objectdetection\magang2025\clarinet_detection_logs\clarinet_detection_log.csv
2025-02-21 11:55:53,605 - __main__ - INFO - Data berhasil dicatat di D:\DATA\FOR_DL\objectdetection\magang2025\clarinet_detection_logs\clarinet_detection_log.csv
2025-02-21 11:55:53,673 - __main__ - INFO - Data berhasil dicatat di D:\DATA\FOR_DL\objectdetection\magang2025\clarinet_detection_logs\clarinet_detection_log.csv
2025-02-21 11:55:53,731 - __main__ - INFO - Data berhasil dicatat di D:\DATA\FOR_DL\objectdetection\magang2025\clarinet_detection_logs\clarinet_detection_log.csv
2025-02-21 11:55:53,760 - __main__ - INFO - Data berhasil dicatat di D:\DATA\FOR_DL\objectdetection\magang2025\clarinet_detection_logs\clarinet_detection_log.csv
2025-02-21 11:55:53,794 - __main__ - INFO - Data berhasil dicatat di D:\DATA\FOR_DL\objectdetection\magang2025\clarinet_detection_logs\clarinet_detection_log.csv
2025-02-21 11:55:53,860 - __main__ - INFO - Data berhasil dicatat di D:\DATA\FOR_DL\objectdetection\magang2025\clarinet_detection_logs\clarinet_detection_log.csv
2025-02-21 11:55:53,891 - __main__ - INFO - Data berhasil dicatat di D:\DATA\FOR_DL\objectdetection\magang2025\clarinet_detection_logs\clarinet_detection_log.csv
2025-02-21 11:55:53,975 - __main__ - INFO - Data berhasil dicatat di D:\DATA\FOR_DL\objectdetection\magang2025\clarinet_detection_logs\clarinet_detection_log.csv
2025-02-21 11:55:54,004 - __main__ - INFO - Data berhasil dicatat di D:\DATA\FOR_DL\objectdetection\magang2025\clarinet_detection_logs\clarinet_detection_log.csv
2025-02-21 11:55:54,041 - __main__ - INFO - Data berhasil dicatat di D:\DATA\FOR_DL\objectdetection\magang2025\clarinet_detection_logs\clarinet_detection_log.csv
2025-02-21 11:55:54,075 - __main__ - INFO - Data berhasil dicatat di D:\DATA\FOR_DL\objectdetection\magang2025\clarinet_detection_logs\clarinet_detection_log.csv
2025-02-21 11:55:54,105 - __main__ - INFO - Data berhasil dicatat di D:\DATA\FOR_DL\objectdetection\magang2025\clarinet_detection_logs\clarinet_detection_log.csv
2025-02-21 11:55:54,131 - __main__ - INFO - Data berhasil dicatat di D:\DATA\FOR_DL\objectdetection\magang2025\clarinet_detection_logs\clarinet_detection_log.csv
2025-02-21 11:55:54,161 - __main__ - INFO - Data berhasil dicatat di D:\DATA\FOR_DL\objectdetection\magang2025\clarinet_detection_logs\clarinet_detection_log.csv
2025-02-21 11:55:54,195 - __main__ - INFO - Data berhasil dicatat di D:\DATA\FOR_DL\objectdetection\magang2025\clarinet_detection_logs\clarinet_detection_log.csv
2025-02-21 11:55:54,225 - __main__ - INFO - Data berhasil dicatat di D:\DATA\FOR_DL\objectdetection\magang2025\clarinet_detection_logs\clarinet_detection_log.csv
2025-02-21 11:55:54,259 - __main__ - INFO - Data berhasil dicatat di D:\DATA\FOR_DL\objectdetection\magang2025\clarinet_detection_logs\clarinet_detection_log.csv
2025-02-21 11:55:54,293 - __main__ - INFO - Data berhasil dicatat di D:\DATA\FOR_DL\objectdetection\magang2025\clarinet_detection_logs\clarinet_detection_log.csv
2025-02-21 11:55:54,325 - __main__ - INFO - Data berhasil dicatat di D:\DATA\FOR_DL\objectdetection\magang2025\clarinet_detection_logs\clarinet_detection_log.csv
2025-02-21 11:55:54,377 - __main__ - INFO - Data berhasil dicatat di D:\DATA\FOR_DL\objectdetection\magang2025\clarinet_detection_logs\clarinet_detection_log.csv
2025-02-21 11:55:54,404 - __main__ - INFO - Data berhasil dicatat di D:\DATA\FOR_DL\objectdetection\magang2025\clarinet_detection_logs\clarinet_detection_log.csv
2025-02-21 11:55:54,472 - __main__ - INFO - Data berhasil dicatat di D:\DATA\FOR_DL\objectdetection\magang2025\clarinet_detection_logs\clarinet_detection_log.csv
2025-02-21 11:55:54,504 - __main__ - INFO - Data berhasil dicatat di D:\DATA\FOR_DL\objectdetection\magang2025\clarinet_detection_logs\clarinet_detection_log.csv
2025-02-21 11:55:54,531 - __main__ - INFO - Data berhasil dicatat di D:\DATA\FOR_DL\objectdetection\magang2025\clarinet_detection_logs\clarinet_detection_log.csv
2025-02-21 11:55:54,561 - __main__ - INFO - Data berhasil dicatat di D:\DATA\FOR_DL\objectdetection\magang2025\clarinet_detection_logs\clarinet_detection_log.csv
2025-02-21 11:55:54,594 - __main__ - INFO - Data berhasil dicatat di D:\DATA\FOR_DL\objectdetection\magang2025\clarinet_detection_logs\clarinet_detection_log.csv
2025-02-21 11:55:54,625 - __main__ - INFO - Data berhasil dicatat di D:\DATA\FOR_DL\objectdetection\magang2025\clarinet_detection_logs\clarinet_detection_log.csv
2025-02-21 11:55:54,658 - __main__ - INFO - Data berhasil dicatat di D:\DATA\FOR_DL\objectdetection\magang2025\clarinet_detection_logs\clarinet_detection_log.csv
2025-02-21 11:55:54,726 - __main__ - INFO - Data berhasil dicatat di D:\DATA\FOR_DL\objectdetection\magang2025\clarinet_detection_logs\clarinet_detection_log.csv
2025-02-21 11:55:54,776 - __main__ - INFO - Data berhasil dicatat di D:\DATA\FOR_DL\objectdetection\magang2025\clarinet_detection_logs\clarinet_detection_log.csv
2025-02-21 11:55:54,806 - __main__ - INFO - Data berhasil dicatat di D:\DATA\FOR_DL\objectdetection\magang2025\clarinet_detection_logs\clarinet_detection_log.csv
2025-02-21 11:55:54,843 - __main__ - INFO - Data berhasil dicatat di D:\DATA\FOR_DL\objectdetection\magang2025\clarinet_detection_logs\clarinet_detection_log.csv
2025-02-21 11:55:54,873 - __main__ - INFO - Data berhasil dicatat di D:\DATA\FOR_DL\objectdetection\magang2025\clarinet_detection_logs\clarinet_detection_log.csv
2025-02-21 11:55:54,902 - __main__ - INFO - Data berhasil dicatat di D:\DATA\FOR_DL\objectdetection\magang2025\clarinet_detection_logs\clarinet_detection_log.csv
2025-02-21 11:55:54,931 - __main__ - INFO - Data berhasil dicatat di D:\DATA\FOR_DL\objectdetection\magang2025\clarinet_detection_logs\clarinet_detection_log.csv
2025-02-21 11:55:54,960 - __main__ - INFO - Data berhasil dicatat di D:\DATA\FOR_DL\objectdetection\magang2025\clarinet_detection_logs\clarinet_detection_log.csv
2025-02-21 11:55:54,996 - __main__ - INFO - Data berhasil dicatat di D:\DATA\FOR_DL\objectdetection\magang2025\clarinet_detection_logs\clarinet_detection_log.csv
2025-02-21 11:55:55,025 - __main__ - INFO - Data berhasil dicatat di D:\DATA\FOR_DL\objectdetection\magang2025\clarinet_detection_logs\clarinet_detection_log.csv
2025-02-21 11:55:55,059 - __main__ - INFO - Data berhasil dicatat di D:\DATA\FOR_DL\objectdetection\magang2025\clarinet_detection_logs\clarinet_detection_log.csv
2025-02-21 11:55:55,090 - __main__ - INFO - Data berhasil dicatat di D:\DATA\FOR_DL\objectdetection\magang2025\clarinet_detection_logs\clarinet_detection_log.csv
2025-02-21 11:55:55,124 - __main__ - INFO - Data berhasil dicatat di D:\DATA\FOR_DL\objectdetection\magang2025\clarinet_detection_logs\clarinet_detection_log.csv
2025-02-21 11:55:55,176 - __main__ - INFO - Data berhasil dicatat di D:\DATA\FOR_DL\objectdetection\magang2025\clarinet_detection_logs\clarinet_detection_log.csv
2025-02-21 11:55:55,211 - __main__ - INFO - Data berhasil dicatat di D:\DATA\FOR_DL\objectdetection\magang2025\clarinet_detection_logs\clarinet_detection_log.csv
2025-02-21 11:55:55,241 - __main__ - INFO - Data berhasil dicatat di D:\DATA\FOR_DL\objectdetection\magang2025\clarinet_detection_logs\clarinet_detection_log.csv
2025-02-21 11:55:55,273 - __main__ - INFO - Data berhasil dicatat di D:\DATA\FOR_DL\objectdetection\magang2025\clarinet_detection_logs\clarinet_detection_log.csv
2025-02-21 11:55:55,303 - __main__ - INFO - Data berhasil dicatat di D:\DATA\FOR_DL\objectdetection\magang2025\clarinet_detection_logs\clarinet_detection_log.csv
2025-02-21 11:55:55,331 - __main__ - INFO - Data berhasil dicatat di D:\DATA\FOR_DL\objectdetection\magang2025\clarinet_detection_logs\clarinet_detection_log.csv
2025-02-21 11:55:55,360 - __main__ - INFO - Data berhasil dicatat di D:\DATA\FOR_DL\objectdetection\magang2025\clarinet_detection_logs\clarinet_detection_log.csv
2025-02-21 11:55:55,394 - __main__ - INFO - Data berhasil dicatat di D:\DATA\FOR_DL\objectdetection\magang2025\clarinet_detection_logs\clarinet_detection_log.csv
2025-02-21 11:55:55,424 - __main__ - INFO - Data berhasil dicatat di D:\DATA\FOR_DL\objectdetection\magang2025\clarinet_detection_logs\clarinet_detection_log.csv
2025-02-21 11:55:55,459 - __main__ - INFO - Data berhasil dicatat di D:\DATA\FOR_DL\objectdetection\magang2025\clarinet_detection_logs\clarinet_detection_log.csv
2025-02-21 11:55:55,490 - __main__ - INFO - Data berhasil dicatat di D:\DATA\FOR_DL\objectdetection\magang2025\clarinet_detection_logs\clarinet_detection_log.csv
2025-02-21 11:55:55,524 - __main__ - INFO - Data berhasil dicatat di D:\DATA\FOR_DL\objectdetection\magang2025\clarinet_detection_logs\clarinet_detection_log.csv
2025-02-21 11:55:55,576 - __main__ - INFO - Data berhasil dicatat di D:\DATA\FOR_DL\objectdetection\magang2025\clarinet_detection_logs\clarinet_detection_log.csv
2025-02-21 11:55:55,605 - __main__ - INFO - Data berhasil dicatat di D:\DATA\FOR_DL\objectdetection\magang2025\clarinet_detection_logs\clarinet_detection_log.csv
2025-02-21 11:55:55,642 - __main__ - INFO - Data berhasil dicatat di D:\DATA\FOR_DL\objectdetection\magang2025\clarinet_detection_logs\clarinet_detection_log.csv
2025-02-21 11:55:55,673 - __main__ - INFO - Data berhasil dicatat di D:\DATA\FOR_DL\objectdetection\magang2025\clarinet_detection_logs\clarinet_detection_log.csv
2025-02-21 11:55:55,703 - __main__ - INFO - Data berhasil dicatat di D:\DATA\FOR_DL\objectdetection\magang2025\clarinet_detection_logs\clarinet_detection_log.csv
2025-02-21 11:55:55,732 - __main__ - INFO - Data berhasil dicatat di D:\DATA\FOR_DL\objectdetection\magang2025\clarinet_detection_logs\clarinet_detection_log.csv
2025-02-21 11:55:55,760 - __main__ - INFO - Data berhasil dicatat di D:\DATA\FOR_DL\objectdetection\magang2025\clarinet_detection_logs\clarinet_detection_log.csv
2025-02-21 11:55:55,796 - __main__ - INFO - Data berhasil dicatat di D:\DATA\FOR_DL\objectdetection\magang2025\clarinet_detection_logs\clarinet_detection_log.csv
2025-02-21 11:55:55,825 - __main__ - INFO - Data berhasil dicatat di D:\DATA\FOR_DL\objectdetection\magang2025\clarinet_detection_logs\clarinet_detection_log.csv
2025-02-21 11:55:55,858 - __main__ - INFO - Data berhasil dicatat di D:\DATA\FOR_DL\objectdetection\magang2025\clarinet_detection_logs\clarinet_detection_log.csv
2025-02-21 11:55:55,891 - __main__ - INFO - Data berhasil dicatat di D:\DATA\FOR_DL\objectdetection\magang2025\clarinet_detection_logs\clarinet_detection_log.csv
2025-02-21 11:55:55,924 - __main__ - INFO - Data berhasil dicatat di D:\DATA\FOR_DL\objectdetection\magang2025\clarinet_detection_logs\clarinet_detection_log.csv
2025-02-21 11:55:55,978 - __main__ - INFO - Data berhasil dicatat di D:\DATA\FOR_DL\objectdetection\magang2025\clarinet_detection_logs\clarinet_detection_log.csv
2025-02-21 11:55:56,005 - __main__ - INFO - Data berhasil dicatat di D:\DATA\FOR_DL\objectdetection\magang2025\clarinet_detection_logs\clarinet_detection_log.csv
2025-02-21 11:55:56,043 - __main__ - INFO - Data berhasil dicatat di D:\DATA\FOR_DL\objectdetection\magang2025\clarinet_detection_logs\clarinet_detection_log.csv
2025-02-21 11:55:56,074 - __main__ - INFO - Data berhasil dicatat di D:\DATA\FOR_DL\objectdetection\magang2025\clarinet_detection_logs\clarinet_detection_log.csv
2025-02-21 11:55:56,102 - __main__ - INFO - Data berhasil dicatat di D:\DATA\FOR_DL\objectdetection\magang2025\clarinet_detection_logs\clarinet_detection_log.csv
2025-02-21 11:55:56,134 - __main__ - INFO - Data berhasil dicatat di D:\DATA\FOR_DL\objectdetection\magang2025\clarinet_detection_logs\clarinet_detection_log.csv
2025-02-21 11:55:56,162 - __main__ - INFO - Data berhasil dicatat di D:\DATA\FOR_DL\objectdetection\magang2025\clarinet_detection_logs\clarinet_detection_log.csv
2025-02-21 11:55:56,196 - __main__ - INFO - Data berhasil dicatat di D:\DATA\FOR_DL\objectdetection\magang2025\clarinet_detection_logs\clarinet_detection_log.csv
2025-02-21 11:55:56,225 - __main__ - INFO - Data berhasil dicatat di D:\DATA\FOR_DL\objectdetection\magang2025\clarinet_detection_logs\clarinet_detection_log.csv
2025-02-21 11:55:56,258 - __main__ - INFO - Data berhasil dicatat di D:\DATA\FOR_DL\objectdetection\magang2025\clarinet_detection_logs\clarinet_detection_log.csv
2025-02-21 11:55:56,290 - __main__ - INFO - Data berhasil dicatat di D:\DATA\FOR_DL\objectdetection\magang2025\clarinet_detection_logs\clarinet_detection_log.csv
2025-02-21 11:55:56,323 - __main__ - INFO - Data berhasil dicatat di D:\DATA\FOR_DL\objectdetection\magang2025\clarinet_detection_logs\clarinet_detection_log.csv
2025-02-21 11:55:56,371 - __main__ - INFO - Data berhasil dicatat di D:\DATA\FOR_DL\objectdetection\magang2025\clarinet_detection_logs\clarinet_detection_log.csv
2025-02-21 11:55:56,402 - __main__ - INFO - Data berhasil dicatat di D:\DATA\FOR_DL\objectdetection\magang2025\clarinet_detection_logs\clarinet_detection_log.csv
2025-02-21 11:55:56,436 - __main__ - INFO - Data berhasil dicatat di D:\DATA\FOR_DL\objectdetection\magang2025\clarinet_detection_logs\clarinet_detection_log.csv
2025-02-21 11:55:56,467 - __main__ - INFO - Data berhasil dicatat di D:\DATA\FOR_DL\objectdetection\magang2025\clarinet_detection_logs\clarinet_detection_log.csv
2025-02-21 11:55:56,499 - __main__ - INFO - Data berhasil dicatat di D:\DATA\FOR_DL\objectdetection\magang2025\clarinet_detection_logs\clarinet_detection_log.csv
2025-02-21 11:55:56,533 - __main__ - INFO - Data berhasil dicatat di D:\DATA\FOR_DL\objectdetection\magang2025\clarinet_detection_logs\clarinet_detection_log.csv
2025-02-21 11:55:56,562 - __main__ - INFO - Data berhasil dicatat di D:\DATA\FOR_DL\objectdetection\magang2025\clarinet_detection_logs\clarinet_detection_log.csv
2025-02-21 11:55:56,595 - __main__ - INFO - Data berhasil dicatat di D:\DATA\FOR_DL\objectdetection\magang2025\clarinet_detection_logs\clarinet_detection_log.csv
2025-02-21 11:55:56,625 - __main__ - INFO - Data berhasil dicatat di D:\DATA\FOR_DL\objectdetection\magang2025\clarinet_detection_logs\clarinet_detection_log.csv
2025-02-21 11:55:56,660 - __main__ - INFO - Data berhasil dicatat di D:\DATA\FOR_DL\objectdetection\magang2025\clarinet_detection_logs\clarinet_detection_log.csv
2025-02-21 11:55:56,692 - __main__ - INFO - Data berhasil dicatat di D:\DATA\FOR_DL\objectdetection\magang2025\clarinet_detection_logs\clarinet_detection_log.csv
2025-02-21 11:55:56,725 - __main__ - INFO - Data berhasil dicatat di D:\DATA\FOR_DL\objectdetection\magang2025\clarinet_detection_logs\clarinet_detection_log.csv
2025-02-21 11:55:56,778 - __main__ - INFO - Data berhasil dicatat di D:\DATA\FOR_DL\objectdetection\magang2025\clarinet_detection_logs\clarinet_detection_log.csv
2025-02-21 11:55:56,806 - __main__ - INFO - Data berhasil dicatat di D:\DATA\FOR_DL\objectdetection\magang2025\clarinet_detection_logs\clarinet_detection_log.csv
2025-02-21 11:55:56,841 - __main__ - INFO - Data berhasil dicatat di D:\DATA\FOR_DL\objectdetection\magang2025\clarinet_detection_logs\clarinet_detection_log.csv
2025-02-21 11:55:56,874 - __main__ - INFO - Data berhasil dicatat di D:\DATA\FOR_DL\objectdetection\magang2025\clarinet_detection_logs\clarinet_detection_log.csv
2025-02-21 11:55:56,902 - __main__ - INFO - Data berhasil dicatat di D:\DATA\FOR_DL\objectdetection\magang2025\clarinet_detection_logs\clarinet_detection_log.csv
2025-02-21 11:55:56,932 - __main__ - INFO - Data berhasil dicatat di D:\DATA\FOR_DL\objectdetection\magang2025\clarinet_detection_logs\clarinet_detection_log.csv
2025-02-21 11:55:56,960 - __main__ - INFO - Data berhasil dicatat di D:\DATA\FOR_DL\objectdetection\magang2025\clarinet_detection_logs\clarinet_detection_log.csv
2025-02-21 11:55:56,995 - __main__ - INFO - Data berhasil dicatat di D:\DATA\FOR_DL\objectdetection\magang2025\clarinet_detection_logs\clarinet_detection_log.csv
2025-02-21 11:55:57,026 - __main__ - INFO - Data berhasil dicatat di D:\DATA\FOR_DL\objectdetection\magang2025\clarinet_detection_logs\clarinet_detection_log.csv
2025-02-21 11:55:57,060 - __main__ - INFO - Data berhasil dicatat di D:\DATA\FOR_DL\objectdetection\magang2025\clarinet_detection_logs\clarinet_detection_log.csv
2025-02-21 11:55:57,092 - __main__ - INFO - Data berhasil dicatat di D:\DATA\FOR_DL\objectdetection\magang2025\clarinet_detection_logs\clarinet_detection_log.csv
2025-02-21 11:55:57,124 - __main__ - INFO - Data berhasil dicatat di D:\DATA\FOR_DL\objectdetection\magang2025\clarinet_detection_logs\clarinet_detection_log.csv
2025-02-21 11:55:57,176 - __main__ - INFO - Data berhasil dicatat di D:\DATA\FOR_DL\objectdetection\magang2025\clarinet_detection_logs\clarinet_detection_log.csv
2025-02-21 11:55:57,204 - __main__ - INFO - Data berhasil dicatat di D:\DATA\FOR_DL\objectdetection\magang2025\clarinet_detection_logs\clarinet_detection_log.csv
2025-02-21 11:55:57,243 - __main__ - INFO - Data berhasil dicatat di D:\DATA\FOR_DL\objectdetection\magang2025\clarinet_detection_logs\clarinet_detection_log.csv
2025-02-21 11:55:57,275 - __main__ - INFO - Data berhasil dicatat di D:\DATA\FOR_DL\objectdetection\magang2025\clarinet_detection_logs\clarinet_detection_log.csv
2025-02-21 11:55:57,303 - __main__ - INFO - Data berhasil dicatat di D:\DATA\FOR_DL\objectdetection\magang2025\clarinet_detection_logs\clarinet_detection_log.csv
2025-02-21 11:55:57,332 - __main__ - INFO - Data berhasil dicatat di D:\DATA\FOR_DL\objectdetection\magang2025\clarinet_detection_logs\clarinet_detection_log.csv
2025-02-21 11:55:57,361 - __main__ - INFO - Data berhasil dicatat di D:\DATA\FOR_DL\objectdetection\magang2025\clarinet_detection_logs\clarinet_detection_log.csv
2025-02-21 11:55:57,396 - __main__ - INFO - Data berhasil dicatat di D:\DATA\FOR_DL\objectdetection\magang2025\clarinet_detection_logs\clarinet_detection_log.csv
2025-02-21 11:55:57,425 - __main__ - INFO - Data berhasil dicatat di D:\DATA\FOR_DL\objectdetection\magang2025\clarinet_detection_logs\clarinet_detection_log.csv
2025-02-21 11:55:57,459 - __main__ - INFO - Data berhasil dicatat di D:\DATA\FOR_DL\objectdetection\magang2025\clarinet_detection_logs\clarinet_detection_log.csv
2025-02-21 11:55:57,501 - __main__ - INFO - Data berhasil dicatat di D:\DATA\FOR_DL\objectdetection\magang2025\clarinet_detection_logs\clarinet_detection_log.csv
2025-02-21 11:55:57,526 - __main__ - INFO - Data berhasil dicatat di D:\DATA\FOR_DL\objectdetection\magang2025\clarinet_detection_logs\clarinet_detection_log.csv
2025-02-21 11:55:57,577 - __main__ - INFO - Data berhasil dicatat di D:\DATA\FOR_DL\objectdetection\magang2025\clarinet_detection_logs\clarinet_detection_log.csv
2025-02-21 11:55:57,608 - __main__ - INFO - Data berhasil dicatat di D:\DATA\FOR_DL\objectdetection\magang2025\clarinet_detection_logs\clarinet_detection_log.csv
2025-02-21 11:55:57,645 - __main__ - INFO - Data berhasil dicatat di D:\DATA\FOR_DL\objectdetection\magang2025\clarinet_detection_logs\clarinet_detection_log.csv
2025-02-21 11:55:57,677 - __main__ - INFO - Data berhasil dicatat di D:\DATA\FOR_DL\objectdetection\magang2025\clarinet_detection_logs\clarinet_detection_log.csv
2025-02-21 11:55:57,703 - __main__ - INFO - Data berhasil dicatat di D:\DATA\FOR_DL\objectdetection\magang2025\clarinet_detection_logs\clarinet_detection_log.csv
2025-02-21 11:55:57,731 - __main__ - INFO - Data berhasil dicatat di D:\DATA\FOR_DL\objectdetection\magang2025\clarinet_detection_logs\clarinet_detection_log.csv
2025-02-21 11:55:57,760 - __main__ - INFO - Data berhasil dicatat di D:\DATA\FOR_DL\objectdetection\magang2025\clarinet_detection_logs\clarinet_detection_log.csv
2025-02-21 11:55:57,824 - __main__ - INFO - Data berhasil dicatat di D:\DATA\FOR_DL\objectdetection\magang2025\clarinet_detection_logs\clarinet_detection_log.csv
2025-02-21 11:55:57,859 - __main__ - INFO - Data berhasil dicatat di D:\DATA\FOR_DL\objectdetection\magang2025\clarinet_detection_logs\clarinet_detection_log.csv
2025-02-21 11:55:57,893 - __main__ - INFO - Data berhasil dicatat di D:\DATA\FOR_DL\objectdetection\magang2025\clarinet_detection_logs\clarinet_detection_log.csv
2025-02-21 11:55:57,925 - __main__ - INFO - Data berhasil dicatat di D:\DATA\FOR_DL\objectdetection\magang2025\clarinet_detection_logs\clarinet_detection_log.csv
2025-02-21 11:55:57,975 - __main__ - INFO - Data berhasil dicatat di D:\DATA\FOR_DL\objectdetection\magang2025\clarinet_detection_logs\clarinet_detection_log.csv
2025-02-21 11:55:58,006 - __main__ - INFO - Data berhasil dicatat di D:\DATA\FOR_DL\objectdetection\magang2025\clarinet_detection_logs\clarinet_detection_log.csv
2025-02-21 11:55:58,043 - __main__ - INFO - Data berhasil dicatat di D:\DATA\FOR_DL\objectdetection\magang2025\clarinet_detection_logs\clarinet_detection_log.csv
2025-02-21 11:55:58,073 - __main__ - INFO - Data berhasil dicatat di D:\DATA\FOR_DL\objectdetection\magang2025\clarinet_detection_logs\clarinet_detection_log.csv
2025-02-21 11:55:58,103 - __main__ - INFO - Data berhasil dicatat di D:\DATA\FOR_DL\objectdetection\magang2025\clarinet_detection_logs\clarinet_detection_log.csv
2025-02-21 11:55:58,131 - __main__ - INFO - Data berhasil dicatat di D:\DATA\FOR_DL\objectdetection\magang2025\clarinet_detection_logs\clarinet_detection_log.csv
2025-02-21 11:55:58,160 - __main__ - INFO - Data berhasil dicatat di D:\DATA\FOR_DL\objectdetection\magang2025\clarinet_detection_logs\clarinet_detection_log.csv
2025-02-21 11:55:58,194 - __main__ - INFO - Data berhasil dicatat di D:\DATA\FOR_DL\objectdetection\magang2025\clarinet_detection_logs\clarinet_detection_log.csv
2025-02-21 11:55:58,224 - __main__ - INFO - Data berhasil dicatat di D:\DATA\FOR_DL\objectdetection\magang2025\clarinet_detection_logs\clarinet_detection_log.csv
2025-02-21 11:55:58,258 - __main__ - INFO - Data berhasil dicatat di D:\DATA\FOR_DL\objectdetection\magang2025\clarinet_detection_logs\clarinet_detection_log.csv
2025-02-21 11:55:58,291 - __main__ - INFO - Data berhasil dicatat di D:\DATA\FOR_DL\objectdetection\magang2025\clarinet_detection_logs\clarinet_detection_log.csv
2025-02-21 11:55:58,325 - __main__ - INFO - Data berhasil dicatat di D:\DATA\FOR_DL\objectdetection\magang2025\clarinet_detection_logs\clarinet_detection_log.csv
2025-02-21 11:55:58,378 - __main__ - INFO - Data berhasil dicatat di D:\DATA\FOR_DL\objectdetection\magang2025\clarinet_detection_logs\clarinet_detection_log.csv
2025-02-21 11:55:58,405 - __main__ - INFO - Data berhasil dicatat di D:\DATA\FOR_DL\objectdetection\magang2025\clarinet_detection_logs\clarinet_detection_log.csv
2025-02-21 11:55:58,441 - __main__ - INFO - Data berhasil dicatat di D:\DATA\FOR_DL\objectdetection\magang2025\clarinet_detection_logs\clarinet_detection_log.csv
2025-02-21 11:55:58,474 - __main__ - INFO - Data berhasil dicatat di D:\DATA\FOR_DL\objectdetection\magang2025\clarinet_detection_logs\clarinet_detection_log.csv
2025-02-21 11:55:58,505 - __main__ - INFO - Data berhasil dicatat di D:\DATA\FOR_DL\objectdetection\magang2025\clarinet_detection_logs\clarinet_detection_log.csv
2025-02-21 11:55:58,531 - __main__ - INFO - Data berhasil dicatat di D:\DATA\FOR_DL\objectdetection\magang2025\clarinet_detection_logs\clarinet_detection_log.csv
2025-02-21 11:55:58,562 - __main__ - INFO - Data berhasil dicatat di D:\DATA\FOR_DL\objectdetection\magang2025\clarinet_detection_logs\clarinet_detection_log.csv
2025-02-21 11:55:58,594 - __main__ - INFO - Data berhasil dicatat di D:\DATA\FOR_DL\objectdetection\magang2025\clarinet_detection_logs\clarinet_detection_log.csv
2025-02-21 11:55:58,626 - __main__ - INFO - Data berhasil dicatat di D:\DATA\FOR_DL\objectdetection\magang2025\clarinet_detection_logs\clarinet_detection_log.csv
2025-02-21 11:55:58,658 - __main__ - INFO - Data berhasil dicatat di D:\DATA\FOR_DL\objectdetection\magang2025\clarinet_detection_logs\clarinet_detection_log.csv
2025-02-21 11:55:58,691 - __main__ - INFO - Data berhasil dicatat di D:\DATA\FOR_DL\objectdetection\magang2025\clarinet_detection_logs\clarinet_detection_log.csv
2025-02-21 11:55:58,725 - __main__ - INFO - Data berhasil dicatat di D:\DATA\FOR_DL\objectdetection\magang2025\clarinet_detection_logs\clarinet_detection_log.csv
2025-02-21 11:55:58,776 - __main__ - INFO - Data berhasil dicatat di D:\DATA\FOR_DL\objectdetection\magang2025\clarinet_detection_logs\clarinet_detection_log.csv
2025-02-21 11:55:58,805 - __main__ - INFO - Data berhasil dicatat di D:\DATA\FOR_DL\objectdetection\magang2025\clarinet_detection_logs\clarinet_detection_log.csv
2025-02-21 11:55:58,843 - __main__ - INFO - Data berhasil dicatat di D:\DATA\FOR_DL\objectdetection\magang2025\clarinet_detection_logs\clarinet_detection_log.csv
2025-02-21 11:55:58,873 - __main__ - INFO - Data berhasil dicatat di D:\DATA\FOR_DL\objectdetection\magang2025\clarinet_detection_logs\clarinet_detection_log.csv
2025-02-21 11:55:58,903 - __main__ - INFO - Data berhasil dicatat di D:\DATA\FOR_DL\objectdetection\magang2025\clarinet_detection_logs\clarinet_detection_log.csv
2025-02-21 11:56:01,025 - __main__ - INFO - Data berhasil dicatat di D:\DATA\FOR_DL\objectdetection\magang2025\clarinet_detection_logs\clarinet_detection_log.csv
2025-02-21 11:56:01,060 - __main__ - INFO - Data berhasil dicatat di D:\DATA\FOR_DL\objectdetection\magang2025\clarinet_detection_logs\clarinet_detection_log.csv
2025-02-21 11:56:01,092 - __main__ - INFO - Data berhasil dicatat di D:\DATA\FOR_DL\objectdetection\magang2025\clarinet_detection_logs\clarinet_detection_log.csv
2025-02-21 11:56:01,120 - __main__ - INFO - Data berhasil dicatat di D:\DATA\FOR_DL\objectdetection\magang2025\clarinet_detection_logs\clarinet_detection_log.csv
2025-02-21 11:56:01,170 - __main__ - INFO - Data berhasil dicatat di D:\DATA\FOR_DL\objectdetection\magang2025\clarinet_detection_logs\clarinet_detection_log.csv
2025-02-21 11:56:01,201 - __main__ - INFO - Data berhasil dicatat di D:\DATA\FOR_DL\objectdetection\magang2025\clarinet_detection_logs\clarinet_detection_log.csv
2025-02-21 11:56:01,235 - __main__ - INFO - Data berhasil dicatat di D:\DATA\FOR_DL\objectdetection\magang2025\clarinet_detection_logs\clarinet_detection_log.csv
2025-02-21 11:56:01,268 - __main__ - INFO - Data berhasil dicatat di D:\DATA\FOR_DL\objectdetection\magang2025\clarinet_detection_logs\clarinet_detection_log.csv
2025-02-21 11:56:01,301 - __main__ - INFO - Data berhasil dicatat di D:\DATA\FOR_DL\objectdetection\magang2025\clarinet_detection_logs\clarinet_detection_log.csv
2025-02-21 11:56:01,333 - __main__ - INFO - Data berhasil dicatat di D:\DATA\FOR_DL\objectdetection\magang2025\clarinet_detection_logs\clarinet_detection_log.csv
2025-02-21 11:56:01,360 - __main__ - INFO - Data berhasil dicatat di D:\DATA\FOR_DL\objectdetection\magang2025\clarinet_detection_logs\clarinet_detection_log.csv
2025-02-21 11:56:01,397 - __main__ - INFO - Data berhasil dicatat di D:\DATA\FOR_DL\objectdetection\magang2025\clarinet_detection_logs\clarinet_detection_log.csv
2025-02-21 11:56:01,425 - __main__ - INFO - Data berhasil dicatat di D:\DATA\FOR_DL\objectdetection\magang2025\clarinet_detection_logs\clarinet_detection_log.csv
2025-02-21 11:56:01,461 - __main__ - INFO - Data berhasil dicatat di D:\DATA\FOR_DL\objectdetection\magang2025\clarinet_detection_logs\clarinet_detection_log.csv
2025-02-21 11:56:01,492 - __main__ - INFO - Data berhasil dicatat di D:\DATA\FOR_DL\objectdetection\magang2025\clarinet_detection_logs\clarinet_detection_log.csv
2025-02-21 11:56:01,520 - __main__ - INFO - Data berhasil dicatat di D:\DATA\FOR_DL\objectdetection\magang2025\clarinet_detection_logs\clarinet_detection_log.csv
2025-02-21 11:56:01,572 - __main__ - INFO - Data berhasil dicatat di D:\DATA\FOR_DL\objectdetection\magang2025\clarinet_detection_logs\clarinet_detection_log.csv
2025-02-21 11:56:01,601 - __main__ - INFO - Data berhasil dicatat di D:\DATA\FOR_DL\objectdetection\magang2025\clarinet_detection_logs\clarinet_detection_log.csv
2025-02-21 11:56:01,637 - __main__ - INFO - Data berhasil dicatat di D:\DATA\FOR_DL\objectdetection\magang2025\clarinet_detection_logs\clarinet_detection_log.csv
2025-02-21 11:56:01,668 - __main__ - INFO - Data berhasil dicatat di D:\DATA\FOR_DL\objectdetection\magang2025\clarinet_detection_logs\clarinet_detection_log.csv
2025-02-21 11:56:01,703 - __main__ - INFO - Data berhasil dicatat di D:\DATA\FOR_DL\objectdetection\magang2025\clarinet_detection_logs\clarinet_detection_log.csv
2025-02-21 11:56:01,740 - __main__ - INFO - Data berhasil dicatat di D:\DATA\FOR_DL\objectdetection\magang2025\clarinet_detection_logs\clarinet_detection_log.csv
